10:17:40.465  INFO  manager.ApplicationManager - All tests star in Chrome Browser
10:17:42.168  INFO  manager.ApplicationManager - Current Url -->https://telranedu.web.app/home
10:17:42.191  INFO  tests.TestBase - The name of starts method is --->addContactSuccessAllFields
10:17:42.192  INFO  manager.ListenerWD - Before find elements --> By.xpath: //button[text()='Sign Out']
10:17:47.238  INFO  manager.ListenerWD - After find elements --> By.xpath: //button[text()='Sign Out']
10:17:47.240  INFO  manager.ListenerWD - List size is --> 0
10:17:47.242  INFO  manager.ListenerWD - Before find element --> By.cssSelector: a[href='/login']
10:17:47.265  INFO  manager.ListenerWD - After find element --> By.cssSelector: a[href='/login']
10:17:47.310  INFO  manager.ListenerWD - Before find element --> By.name: email
10:17:47.331  INFO  manager.ListenerWD - After find element --> By.name: email
10:17:47.430  INFO  manager.ListenerWD - Before find element --> By.name: password
10:17:47.443  INFO  manager.ListenerWD - After find element --> By.name: password
10:17:47.508  INFO  manager.ListenerWD - Before find element --> By.cssSelector: [name='login']
10:17:47.523  INFO  manager.ListenerWD - After find element --> By.cssSelector: [name='login']
10:17:47.563  INFO  tests.TestBase - Tests start with data : Contact(name=Marina1005, lastName=Shamos, email=marina1005@gmail.com, address=Canberra, phone=77777771005, description=Friend)
10:17:47.563  INFO  manager.ListenerWD - Before find element --> By.cssSelector: a[href='/add']
10:17:48.522  INFO  manager.ListenerWD - After find element --> By.cssSelector: a[href='/add']
10:17:48.547  INFO  manager.ListenerWD - Before find element --> By.cssSelector: input[placeholder='Name']
10:17:48.560  INFO  manager.ListenerWD - After find element --> By.cssSelector: input[placeholder='Name']
10:17:48.630  INFO  manager.ListenerWD - Before find element --> By.cssSelector: input[placeholder='Last Name']
10:17:48.641  INFO  manager.ListenerWD - After find element --> By.cssSelector: input[placeholder='Last Name']
10:17:48.702  INFO  manager.ListenerWD - Before find element --> By.cssSelector: input[placeholder='Phone']
10:17:48.714  INFO  manager.ListenerWD - After find element --> By.cssSelector: input[placeholder='Phone']
10:17:48.785  INFO  manager.ListenerWD - Before find element --> By.cssSelector: input[placeholder='email']
10:17:48.799  INFO  manager.ListenerWD - After find element --> By.cssSelector: input[placeholder='email']
10:17:48.879  INFO  manager.ListenerWD - Before find element --> By.cssSelector: input[placeholder='Address']
10:17:48.897  INFO  manager.ListenerWD - After find element --> By.cssSelector: input[placeholder='Address']
10:17:48.961  INFO  manager.ListenerWD - Before find element --> By.cssSelector: input[placeholder='description']
10:17:48.971  INFO  manager.ListenerWD - After find element --> By.cssSelector: input[placeholder='description']
10:17:49.034  INFO  manager.ListenerWD - Before find element --> By.xpath: //b[text()='Save']
10:17:49.045  INFO  manager.ListenerWD - After find element --> By.xpath: //b[text()='Save']
10:17:49.066  INFO  manager.ListenerWD - Before find elements --> By.cssSelector: h2
10:17:49.739  INFO  manager.ListenerWD - After find elements --> By.cssSelector: h2
10:17:49.739  INFO  manager.ListenerWD - List size is --> 28
10:17:49.980  INFO  manager.ListenerWD - Before find elements --> By.cssSelector: h3
10:17:50.099  INFO  manager.ListenerWD - After find elements --> By.cssSelector: h3
10:17:50.099  INFO  manager.ListenerWD - List size is --> 28
10:17:50.340  INFO  manager.ListenerWD - Before find elements --> By.cssSelector: .contact-item_card__2SOIM
10:17:50.409  INFO  manager.ListenerWD - After find elements --> By.cssSelector: .contact-item_card__2SOIM
10:17:50.409  INFO  manager.ListenerWD - List size is --> 28
10:17:50.445  INFO  manager.ListenerWD - Before find element --> By.cssSelector: .contact-item-detailed_card__50dTS
10:17:50.458  INFO  manager.ListenerWD - After find element --> By.cssSelector: .contact-item-detailed_card__50dTS
10:17:50.494  INFO  manager.ListenerWD - Before find element --> By.cssSelector: .contact-item-detailed_card__50dTS
10:17:50.502  INFO  manager.ListenerWD - After find element --> By.cssSelector: .contact-item-detailed_card__50dTS
10:17:50.531  INFO  manager.ListenerWD - Before find element --> By.cssSelector: .contact-item-detailed_card__50dTS
10:17:50.541  INFO  manager.ListenerWD - After find element --> By.cssSelector: .contact-item-detailed_card__50dTS
10:17:50.569  INFO  manager.ListenerWD - Before find element --> By.cssSelector: .contact-item-detailed_card__50dTS
10:17:50.578  INFO  manager.ListenerWD - After find element --> By.cssSelector: .contact-item-detailed_card__50dTS
10:17:50.608  INFO  manager.ListenerWD - Before find element --> By.cssSelector: .contact-item-detailed_card__50dTS
10:17:50.616  INFO  manager.ListenerWD - After find element --> By.cssSelector: .contact-item-detailed_card__50dTS
10:17:50.646  INFO  manager.ListenerWD - Before find element --> By.cssSelector: .contact-item-detailed_card__50dTS
10:17:50.654  INFO  manager.ListenerWD - After find element --> By.cssSelector: .contact-item-detailed_card__50dTS
10:17:50.681  INFO  manager.ListenerWD - Before find element --> By.cssSelector: .contact-item-detailed_card__50dTS
10:17:50.692  INFO  manager.ListenerWD - After find element --> By.cssSelector: .contact-item-detailed_card__50dTS
10:17:50.734  INFO  manager.ListenerWD - Before find element --> By.cssSelector: .contact-item-detailed_card__50dTS
10:17:50.747  INFO  manager.ListenerWD - After find element --> By.cssSelector: .contact-item-detailed_card__50dTS
10:17:50.787  INFO  manager.ListenerWD - Before find element --> By.cssSelector: .contact-item-detailed_card__50dTS
10:17:50.798  INFO  manager.ListenerWD - After find element --> By.cssSelector: .contact-item-detailed_card__50dTS
10:17:50.837  INFO  manager.ListenerWD - Before find element --> By.cssSelector: .contact-item-detailed_card__50dTS
10:17:50.847  INFO  manager.ListenerWD - After find element --> By.cssSelector: .contact-item-detailed_card__50dTS
10:17:50.875  INFO  manager.ListenerWD - Before find element --> By.cssSelector: .contact-item-detailed_card__50dTS
10:17:50.882  INFO  manager.ListenerWD - After find element --> By.cssSelector: .contact-item-detailed_card__50dTS
10:17:50.912  INFO  manager.ListenerWD - Before find element --> By.cssSelector: .contact-item-detailed_card__50dTS
10:17:50.919  INFO  manager.ListenerWD - After find element --> By.cssSelector: .contact-item-detailed_card__50dTS
10:17:50.957  INFO  manager.ListenerWD - Before find element --> By.cssSelector: .contact-item-detailed_card__50dTS
10:17:50.965  INFO  manager.ListenerWD - After find element --> By.cssSelector: .contact-item-detailed_card__50dTS
10:17:50.992  INFO  manager.ListenerWD - Before find element --> By.cssSelector: .contact-item-detailed_card__50dTS
10:17:50.999  INFO  manager.ListenerWD - After find element --> By.cssSelector: .contact-item-detailed_card__50dTS
10:17:51.029  INFO  manager.ListenerWD - Before find element --> By.cssSelector: .contact-item-detailed_card__50dTS
10:17:51.037  INFO  manager.ListenerWD - After find element --> By.cssSelector: .contact-item-detailed_card__50dTS
10:17:51.065  INFO  manager.ListenerWD - Before find element --> By.cssSelector: .contact-item-detailed_card__50dTS
10:17:51.073  INFO  manager.ListenerWD - After find element --> By.cssSelector: .contact-item-detailed_card__50dTS
10:17:51.099  INFO  manager.ListenerWD - Before find element --> By.cssSelector: .contact-item-detailed_card__50dTS
10:17:51.108  INFO  manager.ListenerWD - After find element --> By.cssSelector: .contact-item-detailed_card__50dTS
10:17:51.138  INFO  manager.ListenerWD - Before find element --> By.cssSelector: .contact-item-detailed_card__50dTS
10:17:51.146  INFO  manager.ListenerWD - After find element --> By.cssSelector: .contact-item-detailed_card__50dTS
10:17:51.175  INFO  manager.ListenerWD - Before find element --> By.cssSelector: .contact-item-detailed_card__50dTS
10:17:51.181  INFO  manager.ListenerWD - After find element --> By.cssSelector: .contact-item-detailed_card__50dTS
10:17:51.214  INFO  manager.ListenerWD - Before find element --> By.cssSelector: .contact-item-detailed_card__50dTS
10:17:51.225  INFO  manager.ListenerWD - After find element --> By.cssSelector: .contact-item-detailed_card__50dTS
10:17:51.257  INFO  manager.ListenerWD - Before find element --> By.cssSelector: .contact-item-detailed_card__50dTS
10:17:51.264  INFO  manager.ListenerWD - After find element --> By.cssSelector: .contact-item-detailed_card__50dTS
10:17:51.296  INFO  manager.ListenerWD - Before find element --> By.cssSelector: .contact-item-detailed_card__50dTS
10:17:51.311  INFO  manager.ListenerWD - After find element --> By.cssSelector: .contact-item-detailed_card__50dTS
10:17:51.345  INFO  manager.ListenerWD - Before find element --> By.cssSelector: .contact-item-detailed_card__50dTS
10:17:51.354  INFO  manager.ListenerWD - After find element --> By.cssSelector: .contact-item-detailed_card__50dTS
10:17:51.381  INFO  manager.ListenerWD - Before find element --> By.cssSelector: .contact-item-detailed_card__50dTS
10:17:51.389  INFO  manager.ListenerWD - After find element --> By.cssSelector: .contact-item-detailed_card__50dTS
10:17:51.421  INFO  manager.ListenerWD - Before find element --> By.cssSelector: .contact-item-detailed_card__50dTS
10:17:51.428  INFO  manager.ListenerWD - After find element --> By.cssSelector: .contact-item-detailed_card__50dTS
10:17:51.457  INFO  manager.ListenerWD - Before find element --> By.cssSelector: .contact-item-detailed_card__50dTS
10:17:51.464  INFO  manager.ListenerWD - After find element --> By.cssSelector: .contact-item-detailed_card__50dTS
10:17:51.502  INFO  manager.ListenerWD - Before find element --> By.cssSelector: .contact-item-detailed_card__50dTS
10:17:51.511  INFO  manager.ListenerWD - After find element --> By.cssSelector: .contact-item-detailed_card__50dTS
10:17:51.545  INFO  manager.ListenerWD - Before find element --> By.cssSelector: .contact-item-detailed_card__50dTS
10:17:51.555  INFO  manager.ListenerWD - After find element --> By.cssSelector: .contact-item-detailed_card__50dTS
10:17:51.561  INFO  tests.TestBase - Checked, if a contact was created by name,phone number and email
10:17:51.563  INFO  tests.TestBase - The name of starts method is --->addContactSuccessRequiredFields
10:17:51.563  INFO  manager.ListenerWD - Before find elements --> By.xpath: //button[text()='Sign Out']
10:17:51.571  INFO  manager.ListenerWD - After find elements --> By.xpath: //button[text()='Sign Out']
10:17:51.572  INFO  manager.ListenerWD - List size is --> 1
10:17:51.573  INFO  tests.TestBase - Tests start with data : Contact(name=Leo1476, lastName=Shamos, email=leo1476@gmail.ru, address=NY, phone=575757571476, description=null)
10:17:51.573  INFO  manager.ListenerWD - Before find element --> By.cssSelector: a[href='/add']
10:17:51.580  INFO  manager.ListenerWD - After find element --> By.cssSelector: a[href='/add']
10:17:51.598  INFO  manager.ListenerWD - Before find element --> By.cssSelector: input[placeholder='Name']
10:17:51.608  INFO  manager.ListenerWD - After find element --> By.cssSelector: input[placeholder='Name']
10:17:51.675  INFO  manager.ListenerWD - Before find element --> By.cssSelector: input[placeholder='Last Name']
10:17:51.682  INFO  manager.ListenerWD - After find element --> By.cssSelector: input[placeholder='Last Name']
10:17:51.745  INFO  manager.ListenerWD - Before find element --> By.cssSelector: input[placeholder='Phone']
10:17:51.753  INFO  manager.ListenerWD - After find element --> By.cssSelector: input[placeholder='Phone']
10:17:51.817  INFO  manager.ListenerWD - Before find element --> By.cssSelector: input[placeholder='email']
10:17:51.824  INFO  manager.ListenerWD - After find element --> By.cssSelector: input[placeholder='email']
10:17:51.888  INFO  manager.ListenerWD - Before find element --> By.cssSelector: input[placeholder='Address']
10:17:51.896  INFO  manager.ListenerWD - After find element --> By.cssSelector: input[placeholder='Address']
10:17:51.957  INFO  manager.ListenerWD - Before find element --> By.cssSelector: input[placeholder='description']
10:17:51.965  INFO  manager.ListenerWD - After find element --> By.cssSelector: input[placeholder='description']
10:17:52.018  INFO  manager.ListenerWD - Before find element --> By.xpath: //b[text()='Save']
10:17:52.029  INFO  manager.ListenerWD - After find element --> By.xpath: //b[text()='Save']
10:17:52.053  INFO  manager.ListenerWD - Before find elements --> By.cssSelector: h2
10:17:52.569  INFO  manager.ListenerWD - After find elements --> By.cssSelector: h2
10:17:52.569  INFO  manager.ListenerWD - List size is --> 29
10:17:52.836  INFO  manager.ListenerWD - Before find elements --> By.cssSelector: h3
10:17:52.903  INFO  manager.ListenerWD - After find elements --> By.cssSelector: h3
10:17:52.904  INFO  manager.ListenerWD - List size is --> 29
10:17:53.158  INFO  manager.ListenerWD - Before find elements --> By.cssSelector: .contact-item_card__2SOIM
10:17:53.218  INFO  manager.ListenerWD - After find elements --> By.cssSelector: .contact-item_card__2SOIM
10:17:53.218  INFO  manager.ListenerWD - List size is --> 29
10:17:53.245  INFO  manager.ListenerWD - Before find element --> By.cssSelector: .contact-item-detailed_card__50dTS
10:17:53.251  INFO  manager.ListenerWD - After find element --> By.cssSelector: .contact-item-detailed_card__50dTS
10:17:53.283  INFO  manager.ListenerWD - Before find element --> By.cssSelector: .contact-item-detailed_card__50dTS
10:17:53.291  INFO  manager.ListenerWD - After find element --> By.cssSelector: .contact-item-detailed_card__50dTS
10:17:53.320  INFO  manager.ListenerWD - Before find element --> By.cssSelector: .contact-item-detailed_card__50dTS
10:17:53.327  INFO  manager.ListenerWD - After find element --> By.cssSelector: .contact-item-detailed_card__50dTS
10:17:53.357  INFO  manager.ListenerWD - Before find element --> By.cssSelector: .contact-item-detailed_card__50dTS
10:17:53.363  INFO  manager.ListenerWD - After find element --> By.cssSelector: .contact-item-detailed_card__50dTS
10:17:53.395  INFO  manager.ListenerWD - Before find element --> By.cssSelector: .contact-item-detailed_card__50dTS
10:17:53.407  INFO  manager.ListenerWD - After find element --> By.cssSelector: .contact-item-detailed_card__50dTS
10:17:53.449  INFO  manager.ListenerWD - Before find element --> By.cssSelector: .contact-item-detailed_card__50dTS
10:17:53.462  INFO  manager.ListenerWD - After find element --> By.cssSelector: .contact-item-detailed_card__50dTS
10:17:53.513  INFO  manager.ListenerWD - Before find element --> By.cssSelector: .contact-item-detailed_card__50dTS
10:17:53.524  INFO  manager.ListenerWD - After find element --> By.cssSelector: .contact-item-detailed_card__50dTS
10:17:53.558  INFO  manager.ListenerWD - Before find element --> By.cssSelector: .contact-item-detailed_card__50dTS
10:17:53.567  INFO  manager.ListenerWD - After find element --> By.cssSelector: .contact-item-detailed_card__50dTS
10:17:53.599  INFO  manager.ListenerWD - Before find element --> By.cssSelector: .contact-item-detailed_card__50dTS
10:17:53.609  INFO  manager.ListenerWD - After find element --> By.cssSelector: .contact-item-detailed_card__50dTS
10:17:53.641  INFO  manager.ListenerWD - Before find element --> By.cssSelector: .contact-item-detailed_card__50dTS
10:17:53.648  INFO  manager.ListenerWD - After find element --> By.cssSelector: .contact-item-detailed_card__50dTS
10:17:53.682  INFO  manager.ListenerWD - Before find element --> By.cssSelector: .contact-item-detailed_card__50dTS
10:17:53.690  INFO  manager.ListenerWD - After find element --> By.cssSelector: .contact-item-detailed_card__50dTS
10:17:53.722  INFO  manager.ListenerWD - Before find element --> By.cssSelector: .contact-item-detailed_card__50dTS
10:17:53.731  INFO  manager.ListenerWD - After find element --> By.cssSelector: .contact-item-detailed_card__50dTS
10:17:53.759  INFO  manager.ListenerWD - Before find element --> By.cssSelector: .contact-item-detailed_card__50dTS
10:17:53.766  INFO  manager.ListenerWD - After find element --> By.cssSelector: .contact-item-detailed_card__50dTS
10:17:53.793  INFO  manager.ListenerWD - Before find element --> By.cssSelector: .contact-item-detailed_card__50dTS
10:17:53.799  INFO  manager.ListenerWD - After find element --> By.cssSelector: .contact-item-detailed_card__50dTS
10:17:53.831  INFO  manager.ListenerWD - Before find element --> By.cssSelector: .contact-item-detailed_card__50dTS
10:17:53.843  INFO  manager.ListenerWD - After find element --> By.cssSelector: .contact-item-detailed_card__50dTS
10:17:53.871  INFO  manager.ListenerWD - Before find element --> By.cssSelector: .contact-item-detailed_card__50dTS
10:17:53.879  INFO  manager.ListenerWD - After find element --> By.cssSelector: .contact-item-detailed_card__50dTS
10:17:53.909  INFO  manager.ListenerWD - Before find element --> By.cssSelector: .contact-item-detailed_card__50dTS
10:17:53.920  INFO  manager.ListenerWD - After find element --> By.cssSelector: .contact-item-detailed_card__50dTS
10:17:53.951  INFO  manager.ListenerWD - Before find element --> By.cssSelector: .contact-item-detailed_card__50dTS
10:17:53.963  INFO  manager.ListenerWD - After find element --> By.cssSelector: .contact-item-detailed_card__50dTS
10:17:54.006  INFO  manager.ListenerWD - Before find element --> By.cssSelector: .contact-item-detailed_card__50dTS
10:17:54.019  INFO  manager.ListenerWD - After find element --> By.cssSelector: .contact-item-detailed_card__50dTS
10:17:54.064  INFO  manager.ListenerWD - Before find element --> By.cssSelector: .contact-item-detailed_card__50dTS
10:17:54.076  INFO  manager.ListenerWD - After find element --> By.cssSelector: .contact-item-detailed_card__50dTS
10:17:54.124  INFO  manager.ListenerWD - Before find element --> By.cssSelector: .contact-item-detailed_card__50dTS
10:17:54.133  INFO  manager.ListenerWD - After find element --> By.cssSelector: .contact-item-detailed_card__50dTS
10:17:54.172  INFO  manager.ListenerWD - Before find element --> By.cssSelector: .contact-item-detailed_card__50dTS
10:17:54.180  INFO  manager.ListenerWD - After find element --> By.cssSelector: .contact-item-detailed_card__50dTS
10:17:54.215  INFO  manager.ListenerWD - Before find element --> By.cssSelector: .contact-item-detailed_card__50dTS
10:17:54.225  INFO  manager.ListenerWD - After find element --> By.cssSelector: .contact-item-detailed_card__50dTS
10:17:54.258  INFO  manager.ListenerWD - Before find element --> By.cssSelector: .contact-item-detailed_card__50dTS
10:17:54.264  INFO  manager.ListenerWD - After find element --> By.cssSelector: .contact-item-detailed_card__50dTS
10:17:54.296  INFO  manager.ListenerWD - Before find element --> By.cssSelector: .contact-item-detailed_card__50dTS
10:17:54.307  INFO  manager.ListenerWD - After find element --> By.cssSelector: .contact-item-detailed_card__50dTS
10:17:54.341  INFO  manager.ListenerWD - Before find element --> By.cssSelector: .contact-item-detailed_card__50dTS
10:17:54.351  INFO  manager.ListenerWD - After find element --> By.cssSelector: .contact-item-detailed_card__50dTS
10:17:54.389  INFO  manager.ListenerWD - Before find element --> By.cssSelector: .contact-item-detailed_card__50dTS
10:17:54.399  INFO  manager.ListenerWD - After find element --> By.cssSelector: .contact-item-detailed_card__50dTS
10:17:54.439  INFO  manager.ListenerWD - Before find element --> By.cssSelector: .contact-item-detailed_card__50dTS
10:17:54.448  INFO  manager.ListenerWD - After find element --> By.cssSelector: .contact-item-detailed_card__50dTS
10:17:54.488  INFO  manager.ListenerWD - Before find element --> By.cssSelector: .contact-item-detailed_card__50dTS
10:17:54.497  INFO  manager.ListenerWD - After find element --> By.cssSelector: .contact-item-detailed_card__50dTS
10:17:54.505  INFO  tests.TestBase - Checked, if a contact was created by name,phone number and email
10:17:54.505  INFO  tests.TestBase - The name of starts method is --->addNewContactWrongAddress
10:17:54.506  INFO  manager.ListenerWD - Before find elements --> By.xpath: //button[text()='Sign Out']
10:17:54.513  INFO  manager.ListenerWD - After find elements --> By.xpath: //button[text()='Sign Out']
10:17:54.513  INFO  manager.ListenerWD - List size is --> 1
10:17:54.513  INFO  manager.ListenerWD - Before find element --> By.cssSelector: a[href='/add']
10:17:54.523  INFO  manager.ListenerWD - After find element --> By.cssSelector: a[href='/add']
10:17:54.540  INFO  manager.ListenerWD - Before find element --> By.cssSelector: input[placeholder='Name']
10:17:54.549  INFO  manager.ListenerWD - After find element --> By.cssSelector: input[placeholder='Name']
10:17:54.625  INFO  manager.ListenerWD - Before find element --> By.cssSelector: input[placeholder='Last Name']
10:17:54.635  INFO  manager.ListenerWD - After find element --> By.cssSelector: input[placeholder='Last Name']
10:17:54.702  INFO  manager.ListenerWD - Before find element --> By.cssSelector: input[placeholder='Phone']
10:17:54.708  INFO  manager.ListenerWD - After find element --> By.cssSelector: input[placeholder='Phone']
10:17:54.773  INFO  manager.ListenerWD - Before find element --> By.cssSelector: input[placeholder='email']
10:17:54.780  INFO  manager.ListenerWD - After find element --> By.cssSelector: input[placeholder='email']
10:17:54.843  INFO  manager.ListenerWD - Before find element --> By.cssSelector: input[placeholder='Address']
10:17:54.850  INFO  manager.ListenerWD - After find element --> By.cssSelector: input[placeholder='Address']
10:17:54.909  INFO  manager.ListenerWD - Before find element --> By.cssSelector: input[placeholder='description']
10:17:54.915  INFO  manager.ListenerWD - After find element --> By.cssSelector: input[placeholder='description']
10:17:54.978  INFO  manager.ListenerWD - Before find element --> By.xpath: //b[text()='Save']
10:17:54.985  INFO  manager.ListenerWD - After find element --> By.xpath: //b[text()='Save']
10:17:55.007  INFO  manager.ListenerWD - Before find elements --> By.cssSelector: a.active[href='/add']
10:17:55.016  INFO  manager.ListenerWD - After find elements --> By.cssSelector: a.active[href='/add']
10:17:55.016  INFO  manager.ListenerWD - List size is --> 1
10:17:55.016  INFO  tests.TestBase - The name of starts method is --->addNewContactWrongEmail
10:17:55.017  INFO  manager.ListenerWD - Before find elements --> By.xpath: //button[text()='Sign Out']
10:17:55.025  INFO  manager.ListenerWD - After find elements --> By.xpath: //button[text()='Sign Out']
10:17:55.025  INFO  manager.ListenerWD - List size is --> 1
10:17:55.026  INFO  manager.ListenerWD - Before find element --> By.cssSelector: a[href='/add']
10:17:55.032  INFO  manager.ListenerWD - After find element --> By.cssSelector: a[href='/add']
10:17:55.050  INFO  manager.ListenerWD - Before find element --> By.cssSelector: input[placeholder='Name']
10:17:55.057  INFO  manager.ListenerWD - After find element --> By.cssSelector: input[placeholder='Name']
10:17:55.127  INFO  manager.ListenerWD - Before find element --> By.cssSelector: input[placeholder='Last Name']
10:17:55.134  INFO  manager.ListenerWD - After find element --> By.cssSelector: input[placeholder='Last Name']
10:17:55.194  INFO  manager.ListenerWD - Before find element --> By.cssSelector: input[placeholder='Phone']
10:17:55.203  INFO  manager.ListenerWD - After find element --> By.cssSelector: input[placeholder='Phone']
10:17:55.264  INFO  manager.ListenerWD - Before find element --> By.cssSelector: input[placeholder='email']
10:17:55.271  INFO  manager.ListenerWD - After find element --> By.cssSelector: input[placeholder='email']
10:17:55.326  INFO  manager.ListenerWD - Before find element --> By.cssSelector: input[placeholder='Address']
10:17:55.334  INFO  manager.ListenerWD - After find element --> By.cssSelector: input[placeholder='Address']
10:17:55.383  INFO  manager.ListenerWD - Before find element --> By.cssSelector: input[placeholder='description']
10:17:55.390  INFO  manager.ListenerWD - After find element --> By.cssSelector: input[placeholder='description']
10:17:55.444  INFO  manager.ListenerWD - Before find element --> By.xpath: //b[text()='Save']
10:17:55.451  INFO  manager.ListenerWD - After find element --> By.xpath: //b[text()='Save']
10:17:55.465  INFO  manager.ListenerWD - Before find elements --> By.cssSelector: a.active[href='/add']
10:17:55.472  INFO  manager.ListenerWD - After find elements --> By.cssSelector: a.active[href='/add']
10:17:55.472  INFO  manager.ListenerWD - List size is --> 1
10:17:55.491  INFO  manager.ListenerWD - We have a 'problem'
10:17:55.491  INFO  manager.ListenerWD - **********************
10:17:55.491  INFO  manager.ListenerWD - Method method-->alert
10:17:55.491  INFO  manager.ListenerWD - **********************
10:17:55.492  INFO  manager.ListenerWD - InvocationTargetException getTargetException() org.openqa.selenium.NoAlertPresentException: no such alert
  (Session info: chrome=109.0.5414.120)
Build info: version: '4.7.1', revision: 'c6795baf1a3'
System info: os.name: 'Windows 10', os.arch: 'amd64', os.version: '10.0', java.version: '11.0.17'
Driver info: org.openqa.selenium.chrome.ChromeDriver
Command: [67c5f0d4963f3563e7dd30444610526a, getAlertText {}]
Capabilities {acceptInsecureCerts: false, browserName: chrome, browserVersion: 109.0.5414.120, chrome: {chromedriverVersion: 108.0.5359.71 (1e0e3868ee06..., userDataDir: C:\Users\Marina\AppData\Loc...}, goog:chromeOptions: {debuggerAddress: localhost:50497}, networkConnectionEnabled: false, pageLoadStrategy: normal, platformName: WINDOWS, proxy: Proxy(), se:cdp: ws://localhost:50497/devtoo..., se:cdpVersion: 109.0.5414.120, setWindowRect: true, strictFileInteractability: false, timeouts: {implicit: 0, pageLoad: 300000, script: 30000}, unhandledPromptBehavior: dismiss and notify, webauthn:extension:credBlob: true, webauthn:extension:largeBlob: true, webauthn:virtualAuthenticators: true}
Session ID: 67c5f0d4963f3563e7dd30444610526a
10:17:55.492  INFO  manager.ListenerWD - **********************
10:17:55.492  INFO  manager.ListenerWD - Object targetorg.openqa.selenium.remote.RemoteWebDriver$RemoteTargetLocator@145e958f
10:17:55.492  INFO  manager.ListenerWD - **********************
10:17:56.004  INFO  tests.TestBase - The name of starts method is --->addNewContactWrongLastName
10:17:56.004  INFO  manager.ListenerWD - Before find elements --> By.xpath: //button[text()='Sign Out']
10:17:56.011  INFO  manager.ListenerWD - After find elements --> By.xpath: //button[text()='Sign Out']
10:17:56.011  INFO  manager.ListenerWD - List size is --> 1
10:17:56.011  INFO  manager.ListenerWD - Before find element --> By.cssSelector: a[href='/add']
10:17:56.017  INFO  manager.ListenerWD - After find element --> By.cssSelector: a[href='/add']
10:17:56.035  INFO  manager.ListenerWD - Before find element --> By.cssSelector: input[placeholder='Name']
10:17:56.044  INFO  manager.ListenerWD - After find element --> By.cssSelector: input[placeholder='Name']
10:17:56.097  INFO  manager.ListenerWD - Before find element --> By.cssSelector: input[placeholder='Last Name']
10:17:56.106  INFO  manager.ListenerWD - After find element --> By.cssSelector: input[placeholder='Last Name']
10:17:56.157  INFO  manager.ListenerWD - Before find element --> By.cssSelector: input[placeholder='Phone']
10:17:56.165  INFO  manager.ListenerWD - After find element --> By.cssSelector: input[placeholder='Phone']
10:17:56.221  INFO  manager.ListenerWD - Before find element --> By.cssSelector: input[placeholder='email']
10:17:56.227  INFO  manager.ListenerWD - After find element --> By.cssSelector: input[placeholder='email']
10:17:56.279  INFO  manager.ListenerWD - Before find element --> By.cssSelector: input[placeholder='Address']
10:17:56.288  INFO  manager.ListenerWD - After find element --> By.cssSelector: input[placeholder='Address']
10:17:56.340  INFO  manager.ListenerWD - Before find element --> By.cssSelector: input[placeholder='description']
10:17:56.346  INFO  manager.ListenerWD - After find element --> By.cssSelector: input[placeholder='description']
10:17:56.399  INFO  manager.ListenerWD - Before find element --> By.xpath: //b[text()='Save']
10:17:56.407  INFO  manager.ListenerWD - After find element --> By.xpath: //b[text()='Save']
10:17:56.421  INFO  manager.ListenerWD - Before find elements --> By.cssSelector: a.active[href='/add']
10:17:56.427  INFO  manager.ListenerWD - After find elements --> By.cssSelector: a.active[href='/add']
10:17:56.428  INFO  manager.ListenerWD - List size is --> 1
10:17:56.428  INFO  tests.TestBase - Status code 400, message not received: last name must not be empty => Bug report
10:17:56.428  INFO  tests.TestBase - The name of starts method is --->addNewContactWrongName
10:17:56.428  INFO  manager.ListenerWD - Before find elements --> By.xpath: //button[text()='Sign Out']
10:17:56.434  INFO  manager.ListenerWD - After find elements --> By.xpath: //button[text()='Sign Out']
10:17:56.434  INFO  manager.ListenerWD - List size is --> 1
10:17:56.435  INFO  tests.TestBase - Tests start with data : Contact(name=null, lastName=Shamos, email=marina@gmail.com, address=Canberra, phone=777777711111, description=wrong name)
10:17:56.435  INFO  manager.ListenerWD - Before find element --> By.cssSelector: a[href='/add']
10:17:56.443  INFO  manager.ListenerWD - After find element --> By.cssSelector: a[href='/add']
10:17:56.457  INFO  manager.ListenerWD - Before find element --> By.cssSelector: input[placeholder='Name']
10:17:56.463  INFO  manager.ListenerWD - After find element --> By.cssSelector: input[placeholder='Name']
10:17:56.502  INFO  manager.ListenerWD - Before find element --> By.cssSelector: input[placeholder='Last Name']
10:17:56.509  INFO  manager.ListenerWD - After find element --> By.cssSelector: input[placeholder='Last Name']
10:17:56.555  INFO  manager.ListenerWD - Before find element --> By.cssSelector: input[placeholder='Phone']
10:17:56.561  INFO  manager.ListenerWD - After find element --> By.cssSelector: input[placeholder='Phone']
10:17:56.611  INFO  manager.ListenerWD - Before find element --> By.cssSelector: input[placeholder='email']
10:17:56.617  INFO  manager.ListenerWD - After find element --> By.cssSelector: input[placeholder='email']
10:17:56.671  INFO  manager.ListenerWD - Before find element --> By.cssSelector: input[placeholder='Address']
10:17:56.678  INFO  manager.ListenerWD - After find element --> By.cssSelector: input[placeholder='Address']
10:17:56.728  INFO  manager.ListenerWD - Before find element --> By.cssSelector: input[placeholder='description']
10:17:56.734  INFO  manager.ListenerWD - After find element --> By.cssSelector: input[placeholder='description']
10:18:06.791  INFO  manager.ListenerWD - Before find element --> By.xpath: //b[text()='Save']
10:18:06.812  INFO  manager.ListenerWD - After find element --> By.xpath: //b[text()='Save']
10:18:06.830  INFO  manager.ListenerWD - Before find elements --> By.cssSelector: a.active[href='/add']
10:18:06.839  INFO  manager.ListenerWD - After find elements --> By.cssSelector: a.active[href='/add']
10:18:06.839  INFO  manager.ListenerWD - List size is --> 1
10:18:06.839  INFO  tests.TestBase - Status code 400, message not received: mane must not be empty => Bug report
10:18:06.840  INFO  tests.TestBase - The name of starts method is --->addNewContactWrongPhone
10:18:06.840  INFO  manager.ListenerWD - Before find elements --> By.xpath: //button[text()='Sign Out']
10:18:06.846  INFO  manager.ListenerWD - After find elements --> By.xpath: //button[text()='Sign Out']
10:18:06.847  INFO  manager.ListenerWD - List size is --> 1
10:18:06.847  INFO  manager.ListenerWD - Before find element --> By.cssSelector: a[href='/add']
10:18:06.854  INFO  manager.ListenerWD - After find element --> By.cssSelector: a[href='/add']
10:18:06.872  INFO  manager.ListenerWD - Before find element --> By.cssSelector: input[placeholder='Name']
10:18:06.879  INFO  manager.ListenerWD - After find element --> By.cssSelector: input[placeholder='Name']
10:18:06.940  INFO  manager.ListenerWD - Before find element --> By.cssSelector: input[placeholder='Last Name']
10:18:06.948  INFO  manager.ListenerWD - After find element --> By.cssSelector: input[placeholder='Last Name']
10:18:07.014  INFO  manager.ListenerWD - Before find element --> By.cssSelector: input[placeholder='Phone']
10:18:07.022  INFO  manager.ListenerWD - After find element --> By.cssSelector: input[placeholder='Phone']
10:18:07.078  INFO  manager.ListenerWD - Before find element --> By.cssSelector: input[placeholder='email']
10:18:07.088  INFO  manager.ListenerWD - After find element --> By.cssSelector: input[placeholder='email']
10:18:07.145  INFO  manager.ListenerWD - Before find element --> By.cssSelector: input[placeholder='Address']
10:18:07.152  INFO  manager.ListenerWD - After find element --> By.cssSelector: input[placeholder='Address']
10:18:07.199  INFO  manager.ListenerWD - Before find element --> By.cssSelector: input[placeholder='description']
10:18:07.206  INFO  manager.ListenerWD - After find element --> By.cssSelector: input[placeholder='description']
10:18:07.257  INFO  manager.ListenerWD - Before find element --> By.xpath: //b[text()='Save']
10:18:07.263  INFO  manager.ListenerWD - After find element --> By.xpath: //b[text()='Save']
10:18:07.277  INFO  manager.ListenerWD - Before find elements --> By.cssSelector: a.active[href='/add']
10:18:07.282  INFO  manager.ListenerWD - After find elements --> By.cssSelector: a.active[href='/add']
10:18:07.282  INFO  manager.ListenerWD - List size is --> 1
10:18:07.287  INFO  manager.ListenerWD - We have a 'problem'
10:18:07.287  INFO  manager.ListenerWD - **********************
10:18:07.287  INFO  manager.ListenerWD - Method method-->alert
10:18:07.287  INFO  manager.ListenerWD - **********************
10:18:07.287  INFO  manager.ListenerWD - InvocationTargetException getTargetException() org.openqa.selenium.NoAlertPresentException: no such alert
  (Session info: chrome=109.0.5414.120)
Build info: version: '4.7.1', revision: 'c6795baf1a3'
System info: os.name: 'Windows 10', os.arch: 'amd64', os.version: '10.0', java.version: '11.0.17'
Driver info: org.openqa.selenium.chrome.ChromeDriver
Command: [67c5f0d4963f3563e7dd30444610526a, getAlertText {}]
Capabilities {acceptInsecureCerts: false, browserName: chrome, browserVersion: 109.0.5414.120, chrome: {chromedriverVersion: 108.0.5359.71 (1e0e3868ee06..., userDataDir: C:\Users\Marina\AppData\Loc...}, goog:chromeOptions: {debuggerAddress: localhost:50497}, networkConnectionEnabled: false, pageLoadStrategy: normal, platformName: WINDOWS, proxy: Proxy(), se:cdp: ws://localhost:50497/devtoo..., se:cdpVersion: 109.0.5414.120, setWindowRect: true, strictFileInteractability: false, timeouts: {implicit: 0, pageLoad: 300000, script: 30000}, unhandledPromptBehavior: dismiss and notify, webauthn:extension:credBlob: true, webauthn:extension:largeBlob: true, webauthn:virtualAuthenticators: true}
Session ID: 67c5f0d4963f3563e7dd30444610526a
10:18:07.287  INFO  manager.ListenerWD - **********************
10:18:07.287  INFO  manager.ListenerWD - Object targetorg.openqa.selenium.remote.RemoteWebDriver$RemoteTargetLocator@3ca278bc
10:18:07.287  INFO  manager.ListenerWD - **********************
10:18:07.811  INFO  tests.TestBase - The name of starts method is --->registrationSuccess
10:18:07.812  INFO  manager.ListenerWD - Before find elements --> By.xpath: //button[text()='Sign Out']
10:18:07.840  INFO  manager.ListenerWD - After find elements --> By.xpath: //button[text()='Sign Out']
10:18:07.840  INFO  manager.ListenerWD - List size is --> 1
10:18:07.840  INFO  manager.ListenerWD - Before find element --> By.xpath: //button[text()='Sign Out']
10:18:07.849  INFO  manager.ListenerWD - After find element --> By.xpath: //button[text()='Sign Out']
10:18:07.873  INFO  tests.TestBase - I need logout
10:18:07.873  INFO  tests.TestBase - Registration with valid data: 'random email: dsa@gmail.com & password: Qq12345$'
10:18:07.874  INFO  manager.ListenerWD - Before find element --> By.cssSelector: a[href='/login']
10:18:07.883  INFO  manager.ListenerWD - After find element --> By.cssSelector: a[href='/login']
10:18:07.907  INFO  manager.ListenerWD - Before find element --> By.name: email
10:18:07.915  INFO  manager.ListenerWD - After find element --> By.name: email
10:18:07.991  INFO  manager.ListenerWD - Before find element --> By.name: password
10:18:08.000  INFO  manager.ListenerWD - After find element --> By.name: password
10:18:08.073  INFO  manager.ListenerWD - Before find element --> By.cssSelector: [name='registration']
10:18:08.081  INFO  manager.ListenerWD - After find element --> By.cssSelector: [name='registration']
10:18:08.101  INFO  manager.ListenerWD - Before find elements --> By.xpath: //button[text()='Sign Out']
10:18:08.598  INFO  manager.ListenerWD - After find elements --> By.xpath: //button[text()='Sign Out']
10:18:08.598  INFO  manager.ListenerWD - List size is --> 1
10:18:08.598  INFO  tests.TestBase - registration success
10:18:08.599  INFO  tests.TestBase - The name of starts method is --->registrationUserAlreadyExists
10:18:08.599  INFO  manager.ListenerWD - Before find elements --> By.xpath: //button[text()='Sign Out']
10:18:08.606  INFO  manager.ListenerWD - After find elements --> By.xpath: //button[text()='Sign Out']
10:18:08.606  INFO  manager.ListenerWD - List size is --> 1
10:18:08.606  INFO  manager.ListenerWD - Before find element --> By.xpath: //button[text()='Sign Out']
10:18:08.613  INFO  manager.ListenerWD - After find element --> By.xpath: //button[text()='Sign Out']
10:18:08.634  INFO  tests.TestBase - I need logout
10:18:08.635  INFO  tests.TestBase - Registration with valid data of registered user: 'email: dsa@gmail.com & password: 'Qq12345$'
10:18:08.635  INFO  manager.ListenerWD - Before find element --> By.cssSelector: a[href='/login']
10:18:08.646  INFO  manager.ListenerWD - After find element --> By.cssSelector: a[href='/login']
10:18:08.665  INFO  manager.ListenerWD - Before find element --> By.name: email
10:18:08.673  INFO  manager.ListenerWD - After find element --> By.name: email
10:18:08.744  INFO  manager.ListenerWD - Before find element --> By.name: password
10:18:08.753  INFO  manager.ListenerWD - After find element --> By.name: password
10:18:08.822  INFO  manager.ListenerWD - Before find element --> By.cssSelector: [name='registration']
10:18:08.829  INFO  manager.ListenerWD - After find element --> By.cssSelector: [name='registration']
10:18:08.856  INFO  manager.ListenerWD - We have a 'problem'
10:18:08.856  INFO  manager.ListenerWD - **********************
10:18:08.856  INFO  manager.ListenerWD - Method method-->alert
10:18:08.856  INFO  manager.ListenerWD - **********************
10:18:08.856  INFO  manager.ListenerWD - InvocationTargetException getTargetException() org.openqa.selenium.NoAlertPresentException: no such alert
  (Session info: chrome=109.0.5414.120)
Build info: version: '4.7.1', revision: 'c6795baf1a3'
System info: os.name: 'Windows 10', os.arch: 'amd64', os.version: '10.0', java.version: '11.0.17'
Driver info: org.openqa.selenium.chrome.ChromeDriver
Command: [67c5f0d4963f3563e7dd30444610526a, getAlertText {}]
Capabilities {acceptInsecureCerts: false, browserName: chrome, browserVersion: 109.0.5414.120, chrome: {chromedriverVersion: 108.0.5359.71 (1e0e3868ee06..., userDataDir: C:\Users\Marina\AppData\Loc...}, goog:chromeOptions: {debuggerAddress: localhost:50497}, networkConnectionEnabled: false, pageLoadStrategy: normal, platformName: WINDOWS, proxy: Proxy(), se:cdp: ws://localhost:50497/devtoo..., se:cdpVersion: 109.0.5414.120, setWindowRect: true, strictFileInteractability: false, timeouts: {implicit: 0, pageLoad: 300000, script: 30000}, unhandledPromptBehavior: dismiss and notify, webauthn:extension:credBlob: true, webauthn:extension:largeBlob: true, webauthn:virtualAuthenticators: true}
Session ID: 67c5f0d4963f3563e7dd30444610526a
10:18:08.856  INFO  manager.ListenerWD - **********************
10:18:08.856  INFO  manager.ListenerWD - Object targetorg.openqa.selenium.remote.RemoteWebDriver$RemoteTargetLocator@5ad40184
10:18:08.856  INFO  manager.ListenerWD - **********************
10:18:09.375  INFO  tests.TestBase - Error message is: 'User already exist'
10:18:09.376  INFO  tests.TestBase - The name of starts method is --->registrationWrongEmail
10:18:09.377  INFO  manager.ListenerWD - Before find elements --> By.xpath: //button[text()='Sign Out']
10:18:14.411  INFO  manager.ListenerWD - After find elements --> By.xpath: //button[text()='Sign Out']
10:18:14.411  INFO  manager.ListenerWD - List size is --> 0
10:18:14.411  INFO  tests.TestBase - Registration with 'invalid email: dsagmail.com & valid password: Qq12345$'
10:18:14.412  INFO  manager.ListenerWD - Before find element --> By.cssSelector: a[href='/login']
10:18:14.417  INFO  manager.ListenerWD - After find element --> By.cssSelector: a[href='/login']
10:18:14.436  INFO  manager.ListenerWD - Before find element --> By.name: email
10:18:14.445  INFO  manager.ListenerWD - After find element --> By.name: email
10:18:14.509  INFO  manager.ListenerWD - Before find element --> By.name: password
10:18:14.517  INFO  manager.ListenerWD - After find element --> By.name: password
10:18:14.577  INFO  manager.ListenerWD - Before find element --> By.cssSelector: [name='registration']
10:18:14.583  INFO  manager.ListenerWD - After find element --> By.cssSelector: [name='registration']
10:18:14.609  INFO  manager.ListenerWD - We have a 'problem'
10:18:14.609  INFO  manager.ListenerWD - **********************
10:18:14.609  INFO  manager.ListenerWD - Method method-->alert
10:18:14.609  INFO  manager.ListenerWD - **********************
10:18:14.609  INFO  manager.ListenerWD - InvocationTargetException getTargetException() org.openqa.selenium.NoAlertPresentException: no such alert
  (Session info: chrome=109.0.5414.120)
Build info: version: '4.7.1', revision: 'c6795baf1a3'
System info: os.name: 'Windows 10', os.arch: 'amd64', os.version: '10.0', java.version: '11.0.17'
Driver info: org.openqa.selenium.chrome.ChromeDriver
Command: [67c5f0d4963f3563e7dd30444610526a, getAlertText {}]
Capabilities {acceptInsecureCerts: false, browserName: chrome, browserVersion: 109.0.5414.120, chrome: {chromedriverVersion: 108.0.5359.71 (1e0e3868ee06..., userDataDir: C:\Users\Marina\AppData\Loc...}, goog:chromeOptions: {debuggerAddress: localhost:50497}, networkConnectionEnabled: false, pageLoadStrategy: normal, platformName: WINDOWS, proxy: Proxy(), se:cdp: ws://localhost:50497/devtoo..., se:cdpVersion: 109.0.5414.120, setWindowRect: true, strictFileInteractability: false, timeouts: {implicit: 0, pageLoad: 300000, script: 30000}, unhandledPromptBehavior: dismiss and notify, webauthn:extension:credBlob: true, webauthn:extension:largeBlob: true, webauthn:virtualAuthenticators: true}
Session ID: 67c5f0d4963f3563e7dd30444610526a
10:18:14.609  INFO  manager.ListenerWD - **********************
10:18:14.609  INFO  manager.ListenerWD - Object targetorg.openqa.selenium.remote.RemoteWebDriver$RemoteTargetLocator@46188a89
10:18:14.609  INFO  manager.ListenerWD - **********************
10:18:15.128  INFO  tests.TestBase - Error message is: 'Wrong email or password format'
10:18:15.129  INFO  tests.TestBase - The name of starts method is --->registrationWrongPassword
10:18:15.130  INFO  manager.ListenerWD - Before find elements --> By.xpath: //button[text()='Sign Out']
10:18:20.144  INFO  manager.ListenerWD - After find elements --> By.xpath: //button[text()='Sign Out']
10:18:20.144  INFO  manager.ListenerWD - List size is --> 0
10:18:20.145  INFO  tests.TestBase - Registration with 'valid: email: dsa@gmail.com & invalid password: Qq123'
10:18:20.145  INFO  manager.ListenerWD - Before find element --> By.cssSelector: a[href='/login']
10:18:20.152  INFO  manager.ListenerWD - After find element --> By.cssSelector: a[href='/login']
10:18:20.168  INFO  manager.ListenerWD - Before find element --> By.name: email
10:18:20.175  INFO  manager.ListenerWD - After find element --> By.name: email
10:18:20.240  INFO  manager.ListenerWD - Before find element --> By.name: password
10:18:20.246  INFO  manager.ListenerWD - After find element --> By.name: password
10:18:20.305  INFO  manager.ListenerWD - Before find element --> By.cssSelector: [name='registration']
10:18:20.316  INFO  manager.ListenerWD - After find element --> By.cssSelector: [name='registration']
10:18:20.341  INFO  manager.ListenerWD - We have a 'problem'
10:18:20.341  INFO  manager.ListenerWD - **********************
10:18:20.341  INFO  manager.ListenerWD - Method method-->alert
10:18:20.341  INFO  manager.ListenerWD - **********************
10:18:20.342  INFO  manager.ListenerWD - InvocationTargetException getTargetException() org.openqa.selenium.NoAlertPresentException: no such alert
  (Session info: chrome=109.0.5414.120)
Build info: version: '4.7.1', revision: 'c6795baf1a3'
System info: os.name: 'Windows 10', os.arch: 'amd64', os.version: '10.0', java.version: '11.0.17'
Driver info: org.openqa.selenium.chrome.ChromeDriver
Command: [67c5f0d4963f3563e7dd30444610526a, getAlertText {}]
Capabilities {acceptInsecureCerts: false, browserName: chrome, browserVersion: 109.0.5414.120, chrome: {chromedriverVersion: 108.0.5359.71 (1e0e3868ee06..., userDataDir: C:\Users\Marina\AppData\Loc...}, goog:chromeOptions: {debuggerAddress: localhost:50497}, networkConnectionEnabled: false, pageLoadStrategy: normal, platformName: WINDOWS, proxy: Proxy(), se:cdp: ws://localhost:50497/devtoo..., se:cdpVersion: 109.0.5414.120, setWindowRect: true, strictFileInteractability: false, timeouts: {implicit: 0, pageLoad: 300000, script: 30000}, unhandledPromptBehavior: dismiss and notify, webauthn:extension:credBlob: true, webauthn:extension:largeBlob: true, webauthn:virtualAuthenticators: true}
Session ID: 67c5f0d4963f3563e7dd30444610526a
10:18:20.342  INFO  manager.ListenerWD - **********************
10:18:20.342  INFO  manager.ListenerWD - Object targetorg.openqa.selenium.remote.RemoteWebDriver$RemoteTargetLocator@6d7e2795
10:18:20.342  INFO  manager.ListenerWD - **********************
10:18:20.862  INFO  tests.TestBase - Error message is: 'Wrong email or password format'
