22:10:38.447  INFO  manager.ApplicationManager - All tests star in Chrome Browser
22:10:40.060  INFO  manager.ApplicationManager - Current Url -->https://telranedu.web.app/home
22:10:40.064  INFO  manager.ListenerTNG - onStart---Gradle test
22:10:40.079  INFO  tests.TestBase - The name of starts method is --->loginUnregisterUser
22:10:40.081  INFO  manager.ListenerWD - Before find elements --> By.xpath: //button[text()='Sign Out']
22:10:45.098  INFO  manager.ListenerWD - After find elements --> By.xpath: //button[text()='Sign Out']
22:10:45.101  INFO  manager.ListenerWD - List size is --> 0
22:10:45.102  INFO  manager.ListenerTNG - onTestStart---loginUnregisterUser
22:10:45.102  INFO  tests.TestBase - Login with valid data of unregistered user: 'email: mimi@gmail.com & invalid password: 'Tt12345$'
22:10:45.105  INFO  manager.ListenerWD - Before find element --> By.cssSelector: a[href='/login']
22:10:45.130  INFO  manager.ListenerWD - After find element --> By.cssSelector: a[href='/login']
22:10:45.151  INFO  manager.ListenerWD - Before find element --> By.cssSelector: a[href='/login']
22:10:45.169  INFO  manager.ListenerWD - After find element --> By.cssSelector: a[href='/login']
22:10:45.218  INFO  manager.ListenerWD - Before find element --> By.name: email
22:10:45.246  INFO  manager.ListenerWD - After find element --> By.name: email
22:10:45.367  INFO  manager.ListenerWD - Before find element --> By.name: password
22:10:45.379  INFO  manager.ListenerWD - After find element --> By.name: password
22:10:45.445  INFO  manager.ListenerWD - Before find element --> By.cssSelector: [name='login']
22:10:45.457  INFO  manager.ListenerWD - After find element --> By.cssSelector: [name='login']
22:10:45.480  INFO  manager.ListenerWD - Before find elements --> By.xpath: //button[text()='Sign Out']
22:10:46.592  INFO  manager.ListenerWD - After find elements --> By.xpath: //button[text()='Sign Out']
22:10:46.592  INFO  manager.ListenerWD - List size is --> 0
22:10:46.619  INFO  tests.TestBase - Error message is: 'Wrong email or password'
22:10:46.623  INFO  manager.ListenerTNG - onFinish---Gradle test
