21:24:36.624  INFO  manager.ApplicationManager - All tests star in Chrome Browser
21:24:38.229  INFO  manager.ApplicationManager - Current Url -->https://telranedu.web.app/home
21:24:38.233  INFO  manager.ListenerTNG - onStart---Gradle test
21:24:38.254  INFO  tests.TestBase - The name of starts method is --->loginUnregisterUser
21:24:38.256  INFO  manager.ListenerWD - Before find elements --> By.xpath: //button[text()='Sign Out']
21:24:43.324  INFO  manager.ListenerWD - After find elements --> By.xpath: //button[text()='Sign Out']
21:24:43.327  INFO  manager.ListenerWD - List size is --> 0
21:24:43.328  INFO  manager.ListenerTNG - onTestStart---loginUnregisterUser
21:24:43.328  INFO  tests.TestBase - Login with valid data of unregistered user: 'email: mimi@gmail.com & invalid password: 'Tt12345$'
21:24:43.332  INFO  manager.ListenerWD - Before find element --> By.cssSelector: a[href='/login']
21:24:43.355  INFO  manager.ListenerWD - After find element --> By.cssSelector: a[href='/login']
21:24:43.378  INFO  manager.ListenerWD - Before find element --> By.cssSelector: a[href='/login']
21:24:43.393  INFO  manager.ListenerWD - After find element --> By.cssSelector: a[href='/login']
21:24:43.433  INFO  manager.ListenerWD - Before find element --> By.name: email
21:24:43.452  INFO  manager.ListenerWD - After find element --> By.name: email
21:24:43.538  INFO  manager.ListenerWD - Before find element --> By.name: password
21:24:43.550  INFO  manager.ListenerWD - After find element --> By.name: password
21:24:43.615  INFO  manager.ListenerWD - Before find element --> By.cssSelector: [name='login']
21:24:43.628  INFO  manager.ListenerWD - After find element --> By.cssSelector: [name='login']
21:24:43.650  INFO  manager.ListenerWD - Before find elements --> By.xpath: //button[text()='Sign Out']
21:24:44.765  INFO  manager.ListenerWD - After find elements --> By.xpath: //button[text()='Sign Out']
21:24:44.765  INFO  manager.ListenerWD - List size is --> 0
21:24:44.786  INFO  tests.TestBase - Error message is: 'Wrong email or password'
21:24:44.788  INFO  manager.ListenerTNG - onFinish---Gradle test
