21:21:10.636  INFO  manager.ApplicationManager - All tests star in Chrome Browser
21:21:12.391  INFO  manager.ApplicationManager - Current Url -->https://telranedu.web.app/home
21:21:12.396  INFO  manager.ListenerTNG - onStart---Gradle test
21:21:12.412  INFO  tests.TestBase - The name of starts method is --->loginSuccessNew
21:21:12.413  INFO  manager.ListenerWD - Before find elements --> By.xpath: //button[text()='Sign Out']
21:21:17.466  INFO  manager.ListenerWD - After find elements --> By.xpath: //button[text()='Sign Out']
21:21:17.469  INFO  manager.ListenerWD - List size is --> 0
21:21:17.470  INFO  manager.ListenerTNG - onTestStart---loginSuccessNew
21:21:17.472  INFO  manager.ListenerWD - Before find element --> By.cssSelector: a[href='/login']
21:21:17.498  INFO  manager.ListenerWD - After find element --> By.cssSelector: a[href='/login']
21:21:17.546  INFO  manager.ListenerWD - Before find element --> By.name: email
21:21:17.569  INFO  manager.ListenerWD - After find element --> By.name: email
21:21:17.680  INFO  manager.ListenerWD - Before find element --> By.name: password
21:21:17.695  INFO  manager.ListenerWD - After find element --> By.name: password
21:21:17.770  INFO  manager.ListenerWD - Before find element --> By.cssSelector: [name='login']
21:21:17.783  INFO  manager.ListenerWD - After find element --> By.cssSelector: [name='login']
21:21:17.813  INFO  manager.ListenerWD - Before find elements --> By.xpath: //button[text()='Sign Out']
21:21:18.935  INFO  manager.ListenerWD - After find elements --> By.xpath: //button[text()='Sign Out']
21:21:18.935  INFO  manager.ListenerWD - List size is --> 0
21:21:18.938  INFO  manager.ListenerTNG - onTestFailure---loginSuccessNew
21:21:18.938  INFO  tests.TestBase - The name of starts method is --->loginSuccessNew
21:21:18.938  INFO  manager.ListenerWD - Before find elements --> By.xpath: //button[text()='Sign Out']
21:21:18.948  INFO  manager.ListenerWD - We have a 'problem'
21:21:18.948  INFO  manager.ListenerWD - **********************
21:21:18.949  INFO  manager.ListenerWD - Method method-->findElements
21:21:18.949  INFO  manager.ListenerWD - **********************
21:21:18.951  INFO  manager.ListenerWD - InvocationTargetException getTargetException() org.openqa.selenium.UnhandledAlertException: unexpected alert open: {Alert text : Wrong email or password}
  (Session info: chrome=109.0.5414.120): Wrong email or password
Build info: version: '4.7.1', revision: 'c6795baf1a3'
System info: os.name: 'Windows 10', os.arch: 'amd64', os.version: '10.0', java.version: '11.0.17'
Driver info: org.openqa.selenium.chrome.ChromeDriver
Command: [9a461ad4c69cc72937bf14e5895b758c, findElements {using=xpath, value=//button[text()='Sign Out']}]
Capabilities {acceptInsecureCerts: false, browserName: chrome, browserVersion: 109.0.5414.120, chrome: {chromedriverVersion: 108.0.5359.71 (1e0e3868ee06..., userDataDir: C:\Users\Marina\AppData\Loc...}, goog:chromeOptions: {debuggerAddress: localhost:62860}, networkConnectionEnabled: false, pageLoadStrategy: normal, platformName: WINDOWS, proxy: Proxy(), se:cdp: ws://localhost:62860/devtoo..., se:cdpVersion: 109.0.5414.120, setWindowRect: true, strictFileInteractability: false, timeouts: {implicit: 0, pageLoad: 300000, script: 30000}, unhandledPromptBehavior: dismiss and notify, webauthn:extension:credBlob: true, webauthn:extension:largeBlob: true, webauthn:virtualAuthenticators: true}
Session ID: 9a461ad4c69cc72937bf14e5895b758c
21:21:18.952  INFO  manager.ListenerWD - **********************
21:21:18.952  INFO  manager.ListenerWD - Object targetChromeDriver: chrome on WINDOWS (9a461ad4c69cc72937bf14e5895b758c)
21:21:18.952  INFO  manager.ListenerWD - **********************
21:21:18.954  INFO  manager.ListenerWD - Screen with error is --->src/test/screenshots/screen-270.png
21:21:19.229  INFO  manager.ListenerTNG - onTestStart---loginSuccessNew
21:21:19.229  INFO  manager.ListenerTNG - onTestSkipped---loginSuccessNew
21:21:19.232  INFO  manager.ListenerTNG - onFinish---Gradle test
