23:49:06.721  INFO  manager.ApplicationManager - All tests star in Chrome Browser
23:49:08.500  INFO  manager.ApplicationManager - Current Url -->https://telranedu.web.app/home
23:49:08.524  INFO  tests.TestBase - The name of starts method is --->addContactSuccessAllFields
23:49:08.526  INFO  manager.ListenerWD - Before find elements --> By.xpath: //button[text()='Sign Out']
23:49:13.571  INFO  manager.ListenerWD - After find elements --> By.xpath: //button[text()='Sign Out']
23:49:13.573  INFO  manager.ListenerWD - List size is --> 0
23:49:13.576  INFO  manager.ListenerWD - Before find element --> By.cssSelector: a[href='/login']
23:49:13.593  INFO  manager.ListenerWD - After find element --> By.cssSelector: a[href='/login']
23:49:13.618  INFO  manager.ListenerWD - Before find element --> By.cssSelector: a[href='/login']
23:49:13.634  INFO  manager.ListenerWD - After find element --> By.cssSelector: a[href='/login']
23:49:13.672  INFO  manager.ListenerWD - Before find element --> By.name: email
23:49:13.691  INFO  manager.ListenerWD - After find element --> By.name: email
23:49:13.776  INFO  manager.ListenerWD - Before find element --> By.name: password
23:49:13.789  INFO  manager.ListenerWD - After find element --> By.name: password
23:49:13.857  INFO  manager.ListenerWD - Before find element --> By.cssSelector: [name='login']
23:49:13.870  INFO  manager.ListenerWD - After find element --> By.cssSelector: [name='login']
23:49:13.909  INFO  tests.TestBase - Tests start with data : Contact(name=Marina1093, lastName=Shamos, email=marina1093@gmail.com, address=Canberra, phone=77777771093, description=Friend)
23:49:13.909  INFO  manager.ListenerWD - Before find element --> By.cssSelector: a[href='/add']
23:49:14.865  INFO  manager.ListenerWD - After find element --> By.cssSelector: a[href='/add']
23:49:14.893  INFO  manager.ListenerWD - Before find element --> By.cssSelector: input[placeholder='Name']
23:49:14.909  INFO  manager.ListenerWD - After find element --> By.cssSelector: input[placeholder='Name']
23:49:14.984  INFO  manager.ListenerWD - Before find element --> By.cssSelector: input[placeholder='Last Name']
23:49:14.996  INFO  manager.ListenerWD - After find element --> By.cssSelector: input[placeholder='Last Name']
23:49:15.064  INFO  manager.ListenerWD - Before find element --> By.cssSelector: input[placeholder='Phone']
23:49:15.078  INFO  manager.ListenerWD - After find element --> By.cssSelector: input[placeholder='Phone']
23:49:15.146  INFO  manager.ListenerWD - Before find element --> By.cssSelector: input[placeholder='email']
23:49:15.163  INFO  manager.ListenerWD - After find element --> By.cssSelector: input[placeholder='email']
23:49:15.242  INFO  manager.ListenerWD - Before find element --> By.cssSelector: input[placeholder='Address']
23:49:15.255  INFO  manager.ListenerWD - After find element --> By.cssSelector: input[placeholder='Address']
23:49:15.321  INFO  manager.ListenerWD - Before find element --> By.cssSelector: input[placeholder='description']
23:49:15.333  INFO  manager.ListenerWD - After find element --> By.cssSelector: input[placeholder='description']
23:49:15.400  INFO  manager.ListenerWD - Before find element --> By.xpath: //b[text()='Save']
23:49:15.413  INFO  manager.ListenerWD - After find element --> By.xpath: //b[text()='Save']
23:49:15.435  INFO  manager.ListenerWD - Before find elements --> By.cssSelector: h2
23:49:16.123  INFO  manager.ListenerWD - After find elements --> By.cssSelector: h2
23:49:16.124  INFO  manager.ListenerWD - List size is --> 34
23:49:16.423  INFO  manager.ListenerWD - Before find elements --> By.cssSelector: h3
23:49:16.536  INFO  manager.ListenerWD - After find elements --> By.cssSelector: h3
23:49:16.536  INFO  manager.ListenerWD - List size is --> 34
23:49:16.846  INFO  manager.ListenerWD - Before find elements --> By.cssSelector: .contact-item_card__2SOIM
23:49:16.962  INFO  manager.ListenerWD - After find elements --> By.cssSelector: .contact-item_card__2SOIM
23:49:16.962  INFO  manager.ListenerWD - List size is --> 34
23:49:17.000  INFO  manager.ListenerWD - Before find element --> By.cssSelector: .contact-item-detailed_card__50dTS
23:49:17.018  INFO  manager.ListenerWD - After find element --> By.cssSelector: .contact-item-detailed_card__50dTS
23:49:17.053  INFO  manager.ListenerWD - Before find element --> By.cssSelector: .contact-item-detailed_card__50dTS
23:49:17.061  INFO  manager.ListenerWD - After find element --> By.cssSelector: .contact-item-detailed_card__50dTS
23:49:17.091  INFO  manager.ListenerWD - Before find element --> By.cssSelector: .contact-item-detailed_card__50dTS
23:49:17.098  INFO  manager.ListenerWD - After find element --> By.cssSelector: .contact-item-detailed_card__50dTS
23:49:17.136  INFO  manager.ListenerWD - Before find element --> By.cssSelector: .contact-item-detailed_card__50dTS
23:49:17.144  INFO  manager.ListenerWD - After find element --> By.cssSelector: .contact-item-detailed_card__50dTS
23:49:17.171  INFO  manager.ListenerWD - Before find element --> By.cssSelector: .contact-item-detailed_card__50dTS
23:49:17.178  INFO  manager.ListenerWD - After find element --> By.cssSelector: .contact-item-detailed_card__50dTS
23:49:17.206  INFO  manager.ListenerWD - Before find element --> By.cssSelector: .contact-item-detailed_card__50dTS
23:49:17.215  INFO  manager.ListenerWD - After find element --> By.cssSelector: .contact-item-detailed_card__50dTS
23:49:17.243  INFO  manager.ListenerWD - Before find element --> By.cssSelector: .contact-item-detailed_card__50dTS
23:49:17.251  INFO  manager.ListenerWD - After find element --> By.cssSelector: .contact-item-detailed_card__50dTS
23:49:17.284  INFO  manager.ListenerWD - Before find element --> By.cssSelector: .contact-item-detailed_card__50dTS
23:49:17.292  INFO  manager.ListenerWD - After find element --> By.cssSelector: .contact-item-detailed_card__50dTS
23:49:17.324  INFO  manager.ListenerWD - Before find element --> By.cssSelector: .contact-item-detailed_card__50dTS
23:49:17.331  INFO  manager.ListenerWD - After find element --> By.cssSelector: .contact-item-detailed_card__50dTS
23:49:17.364  INFO  manager.ListenerWD - Before find element --> By.cssSelector: .contact-item-detailed_card__50dTS
23:49:17.373  INFO  manager.ListenerWD - After find element --> By.cssSelector: .contact-item-detailed_card__50dTS
23:49:17.407  INFO  manager.ListenerWD - Before find element --> By.cssSelector: .contact-item-detailed_card__50dTS
23:49:17.415  INFO  manager.ListenerWD - After find element --> By.cssSelector: .contact-item-detailed_card__50dTS
23:49:17.445  INFO  manager.ListenerWD - Before find element --> By.cssSelector: .contact-item-detailed_card__50dTS
23:49:17.454  INFO  manager.ListenerWD - After find element --> By.cssSelector: .contact-item-detailed_card__50dTS
23:49:17.485  INFO  manager.ListenerWD - Before find element --> By.cssSelector: .contact-item-detailed_card__50dTS
23:49:17.493  INFO  manager.ListenerWD - After find element --> By.cssSelector: .contact-item-detailed_card__50dTS
23:49:17.523  INFO  manager.ListenerWD - Before find element --> By.cssSelector: .contact-item-detailed_card__50dTS
23:49:17.530  INFO  manager.ListenerWD - After find element --> By.cssSelector: .contact-item-detailed_card__50dTS
23:49:17.571  INFO  manager.ListenerWD - Before find element --> By.cssSelector: .contact-item-detailed_card__50dTS
23:49:17.579  INFO  manager.ListenerWD - After find element --> By.cssSelector: .contact-item-detailed_card__50dTS
23:49:17.607  INFO  manager.ListenerWD - Before find element --> By.cssSelector: .contact-item-detailed_card__50dTS
23:49:17.615  INFO  manager.ListenerWD - After find element --> By.cssSelector: .contact-item-detailed_card__50dTS
23:49:17.644  INFO  manager.ListenerWD - Before find element --> By.cssSelector: .contact-item-detailed_card__50dTS
23:49:17.652  INFO  manager.ListenerWD - After find element --> By.cssSelector: .contact-item-detailed_card__50dTS
23:49:17.680  INFO  manager.ListenerWD - Before find element --> By.cssSelector: .contact-item-detailed_card__50dTS
23:49:17.689  INFO  manager.ListenerWD - After find element --> By.cssSelector: .contact-item-detailed_card__50dTS
23:49:17.717  INFO  manager.ListenerWD - Before find element --> By.cssSelector: .contact-item-detailed_card__50dTS
23:49:17.726  INFO  manager.ListenerWD - After find element --> By.cssSelector: .contact-item-detailed_card__50dTS
23:49:17.756  INFO  manager.ListenerWD - Before find element --> By.cssSelector: .contact-item-detailed_card__50dTS
23:49:17.763  INFO  manager.ListenerWD - After find element --> By.cssSelector: .contact-item-detailed_card__50dTS
23:49:17.793  INFO  manager.ListenerWD - Before find element --> By.cssSelector: .contact-item-detailed_card__50dTS
23:49:17.801  INFO  manager.ListenerWD - After find element --> By.cssSelector: .contact-item-detailed_card__50dTS
23:49:17.830  INFO  manager.ListenerWD - Before find element --> By.cssSelector: .contact-item-detailed_card__50dTS
23:49:17.839  INFO  manager.ListenerWD - After find element --> By.cssSelector: .contact-item-detailed_card__50dTS
23:49:17.865  INFO  manager.ListenerWD - Before find element --> By.cssSelector: .contact-item-detailed_card__50dTS
23:49:17.874  INFO  manager.ListenerWD - After find element --> By.cssSelector: .contact-item-detailed_card__50dTS
23:49:17.905  INFO  manager.ListenerWD - Before find element --> By.cssSelector: .contact-item-detailed_card__50dTS
23:49:17.912  INFO  manager.ListenerWD - After find element --> By.cssSelector: .contact-item-detailed_card__50dTS
23:49:17.947  INFO  manager.ListenerWD - Before find element --> By.cssSelector: .contact-item-detailed_card__50dTS
23:49:17.955  INFO  manager.ListenerWD - After find element --> By.cssSelector: .contact-item-detailed_card__50dTS
23:49:17.983  INFO  manager.ListenerWD - Before find element --> By.cssSelector: .contact-item-detailed_card__50dTS
23:49:17.992  INFO  manager.ListenerWD - After find element --> By.cssSelector: .contact-item-detailed_card__50dTS
23:49:18.024  INFO  manager.ListenerWD - Before find element --> By.cssSelector: .contact-item-detailed_card__50dTS
23:49:18.036  INFO  manager.ListenerWD - After find element --> By.cssSelector: .contact-item-detailed_card__50dTS
23:49:18.077  INFO  manager.ListenerWD - Before find element --> By.cssSelector: .contact-item-detailed_card__50dTS
23:49:18.089  INFO  manager.ListenerWD - After find element --> By.cssSelector: .contact-item-detailed_card__50dTS
23:49:18.121  INFO  manager.ListenerWD - Before find element --> By.cssSelector: .contact-item-detailed_card__50dTS
23:49:18.130  INFO  manager.ListenerWD - After find element --> By.cssSelector: .contact-item-detailed_card__50dTS
23:49:18.162  INFO  manager.ListenerWD - Before find element --> By.cssSelector: .contact-item-detailed_card__50dTS
23:49:18.172  INFO  manager.ListenerWD - After find element --> By.cssSelector: .contact-item-detailed_card__50dTS
23:49:18.200  INFO  manager.ListenerWD - Before find element --> By.cssSelector: .contact-item-detailed_card__50dTS
23:49:18.208  INFO  manager.ListenerWD - After find element --> By.cssSelector: .contact-item-detailed_card__50dTS
23:49:18.240  INFO  manager.ListenerWD - Before find element --> By.cssSelector: .contact-item-detailed_card__50dTS
23:49:18.246  INFO  manager.ListenerWD - After find element --> By.cssSelector: .contact-item-detailed_card__50dTS
23:49:18.275  INFO  manager.ListenerWD - Before find element --> By.cssSelector: .contact-item-detailed_card__50dTS
23:49:18.284  INFO  manager.ListenerWD - After find element --> By.cssSelector: .contact-item-detailed_card__50dTS
23:49:18.311  INFO  manager.ListenerWD - Before find element --> By.cssSelector: .contact-item-detailed_card__50dTS
23:49:18.320  INFO  manager.ListenerWD - After find element --> By.cssSelector: .contact-item-detailed_card__50dTS
23:49:18.326  INFO  tests.TestBase - Checked, if a contact was created by name,phone number and email
23:49:18.328  INFO  tests.TestBase - The name of starts method is --->addContactSuccessRequiredFields
23:49:18.329  INFO  manager.ListenerWD - Before find elements --> By.xpath: //button[text()='Sign Out']
23:49:18.338  INFO  manager.ListenerWD - After find elements --> By.xpath: //button[text()='Sign Out']
23:49:18.338  INFO  manager.ListenerWD - List size is --> 1
23:49:18.340  INFO  tests.TestBase - Tests start with data : Contact(name=Leo1672, lastName=Shamos, email=leo1672@gmail.ru, address=NY, phone=575757571672, description=null)
23:49:18.340  INFO  manager.ListenerWD - Before find element --> By.cssSelector: a[href='/add']
23:49:18.350  INFO  manager.ListenerWD - After find element --> By.cssSelector: a[href='/add']
23:49:18.369  INFO  manager.ListenerWD - Before find element --> By.cssSelector: input[placeholder='Name']
23:49:18.378  INFO  manager.ListenerWD - After find element --> By.cssSelector: input[placeholder='Name']
23:49:18.467  INFO  manager.ListenerWD - Before find element --> By.cssSelector: input[placeholder='Last Name']
23:49:18.476  INFO  manager.ListenerWD - After find element --> By.cssSelector: input[placeholder='Last Name']
23:49:18.545  INFO  manager.ListenerWD - Before find element --> By.cssSelector: input[placeholder='Phone']
23:49:18.555  INFO  manager.ListenerWD - After find element --> By.cssSelector: input[placeholder='Phone']
23:49:18.614  INFO  manager.ListenerWD - Before find element --> By.cssSelector: input[placeholder='email']
23:49:18.622  INFO  manager.ListenerWD - After find element --> By.cssSelector: input[placeholder='email']
23:49:18.686  INFO  manager.ListenerWD - Before find element --> By.cssSelector: input[placeholder='Address']
23:49:18.693  INFO  manager.ListenerWD - After find element --> By.cssSelector: input[placeholder='Address']
23:49:18.753  INFO  manager.ListenerWD - Before find element --> By.cssSelector: input[placeholder='description']
23:49:18.761  INFO  manager.ListenerWD - After find element --> By.cssSelector: input[placeholder='description']
23:49:18.807  INFO  manager.ListenerWD - Before find element --> By.xpath: //b[text()='Save']
23:49:18.814  INFO  manager.ListenerWD - After find element --> By.xpath: //b[text()='Save']
23:49:18.835  INFO  manager.ListenerWD - Before find elements --> By.cssSelector: h2
23:49:19.332  INFO  manager.ListenerWD - After find elements --> By.cssSelector: h2
23:49:19.333  INFO  manager.ListenerWD - List size is --> 35
23:49:19.671  INFO  manager.ListenerWD - Before find elements --> By.cssSelector: h3
23:49:19.752  INFO  manager.ListenerWD - After find elements --> By.cssSelector: h3
23:49:19.752  INFO  manager.ListenerWD - List size is --> 35
23:49:20.098  INFO  manager.ListenerWD - Before find elements --> By.cssSelector: .contact-item_card__2SOIM
23:49:20.163  INFO  manager.ListenerWD - After find elements --> By.cssSelector: .contact-item_card__2SOIM
23:49:20.163  INFO  manager.ListenerWD - List size is --> 35
23:49:20.192  INFO  manager.ListenerWD - Before find element --> By.cssSelector: .contact-item-detailed_card__50dTS
23:49:20.201  INFO  manager.ListenerWD - After find element --> By.cssSelector: .contact-item-detailed_card__50dTS
23:49:20.234  INFO  manager.ListenerWD - Before find element --> By.cssSelector: .contact-item-detailed_card__50dTS
23:49:20.243  INFO  manager.ListenerWD - After find element --> By.cssSelector: .contact-item-detailed_card__50dTS
23:49:20.270  INFO  manager.ListenerWD - Before find element --> By.cssSelector: .contact-item-detailed_card__50dTS
23:49:20.277  INFO  manager.ListenerWD - After find element --> By.cssSelector: .contact-item-detailed_card__50dTS
23:49:20.312  INFO  manager.ListenerWD - Before find element --> By.cssSelector: .contact-item-detailed_card__50dTS
23:49:20.320  INFO  manager.ListenerWD - After find element --> By.cssSelector: .contact-item-detailed_card__50dTS
23:49:20.346  INFO  manager.ListenerWD - Before find element --> By.cssSelector: .contact-item-detailed_card__50dTS
23:49:20.354  INFO  manager.ListenerWD - After find element --> By.cssSelector: .contact-item-detailed_card__50dTS
23:49:20.383  INFO  manager.ListenerWD - Before find element --> By.cssSelector: .contact-item-detailed_card__50dTS
23:49:20.391  INFO  manager.ListenerWD - After find element --> By.cssSelector: .contact-item-detailed_card__50dTS
23:49:20.424  INFO  manager.ListenerWD - Before find element --> By.cssSelector: .contact-item-detailed_card__50dTS
23:49:20.431  INFO  manager.ListenerWD - After find element --> By.cssSelector: .contact-item-detailed_card__50dTS
23:49:20.460  INFO  manager.ListenerWD - Before find element --> By.cssSelector: .contact-item-detailed_card__50dTS
23:49:20.469  INFO  manager.ListenerWD - After find element --> By.cssSelector: .contact-item-detailed_card__50dTS
23:49:20.497  INFO  manager.ListenerWD - Before find element --> By.cssSelector: .contact-item-detailed_card__50dTS
23:49:20.507  INFO  manager.ListenerWD - After find element --> By.cssSelector: .contact-item-detailed_card__50dTS
23:49:20.541  INFO  manager.ListenerWD - Before find element --> By.cssSelector: .contact-item-detailed_card__50dTS
23:49:20.549  INFO  manager.ListenerWD - After find element --> By.cssSelector: .contact-item-detailed_card__50dTS
23:49:20.585  INFO  manager.ListenerWD - Before find element --> By.cssSelector: .contact-item-detailed_card__50dTS
23:49:20.596  INFO  manager.ListenerWD - After find element --> By.cssSelector: .contact-item-detailed_card__50dTS
23:49:20.634  INFO  manager.ListenerWD - Before find element --> By.cssSelector: .contact-item-detailed_card__50dTS
23:49:20.644  INFO  manager.ListenerWD - After find element --> By.cssSelector: .contact-item-detailed_card__50dTS
23:49:20.674  INFO  manager.ListenerWD - Before find element --> By.cssSelector: .contact-item-detailed_card__50dTS
23:49:20.680  INFO  manager.ListenerWD - After find element --> By.cssSelector: .contact-item-detailed_card__50dTS
23:49:20.712  INFO  manager.ListenerWD - Before find element --> By.cssSelector: .contact-item-detailed_card__50dTS
23:49:20.722  INFO  manager.ListenerWD - After find element --> By.cssSelector: .contact-item-detailed_card__50dTS
23:49:20.754  INFO  manager.ListenerWD - Before find element --> By.cssSelector: .contact-item-detailed_card__50dTS
23:49:20.761  INFO  manager.ListenerWD - After find element --> By.cssSelector: .contact-item-detailed_card__50dTS
23:49:20.792  INFO  manager.ListenerWD - Before find element --> By.cssSelector: .contact-item-detailed_card__50dTS
23:49:20.801  INFO  manager.ListenerWD - After find element --> By.cssSelector: .contact-item-detailed_card__50dTS
23:49:20.834  INFO  manager.ListenerWD - Before find element --> By.cssSelector: .contact-item-detailed_card__50dTS
23:49:20.842  INFO  manager.ListenerWD - After find element --> By.cssSelector: .contact-item-detailed_card__50dTS
23:49:20.872  INFO  manager.ListenerWD - Before find element --> By.cssSelector: .contact-item-detailed_card__50dTS
23:49:20.879  INFO  manager.ListenerWD - After find element --> By.cssSelector: .contact-item-detailed_card__50dTS
23:49:20.910  INFO  manager.ListenerWD - Before find element --> By.cssSelector: .contact-item-detailed_card__50dTS
23:49:20.918  INFO  manager.ListenerWD - After find element --> By.cssSelector: .contact-item-detailed_card__50dTS
23:49:20.948  INFO  manager.ListenerWD - Before find element --> By.cssSelector: .contact-item-detailed_card__50dTS
23:49:20.957  INFO  manager.ListenerWD - After find element --> By.cssSelector: .contact-item-detailed_card__50dTS
23:49:20.988  INFO  manager.ListenerWD - Before find element --> By.cssSelector: .contact-item-detailed_card__50dTS
23:49:20.995  INFO  manager.ListenerWD - After find element --> By.cssSelector: .contact-item-detailed_card__50dTS
23:49:21.026  INFO  manager.ListenerWD - Before find element --> By.cssSelector: .contact-item-detailed_card__50dTS
23:49:21.034  INFO  manager.ListenerWD - After find element --> By.cssSelector: .contact-item-detailed_card__50dTS
23:49:21.064  INFO  manager.ListenerWD - Before find element --> By.cssSelector: .contact-item-detailed_card__50dTS
23:49:21.073  INFO  manager.ListenerWD - After find element --> By.cssSelector: .contact-item-detailed_card__50dTS
23:49:21.106  INFO  manager.ListenerWD - Before find element --> By.cssSelector: .contact-item-detailed_card__50dTS
23:49:21.112  INFO  manager.ListenerWD - After find element --> By.cssSelector: .contact-item-detailed_card__50dTS
23:49:21.146  INFO  manager.ListenerWD - Before find element --> By.cssSelector: .contact-item-detailed_card__50dTS
23:49:21.156  INFO  manager.ListenerWD - After find element --> By.cssSelector: .contact-item-detailed_card__50dTS
23:49:21.190  INFO  manager.ListenerWD - Before find element --> By.cssSelector: .contact-item-detailed_card__50dTS
23:49:21.200  INFO  manager.ListenerWD - After find element --> By.cssSelector: .contact-item-detailed_card__50dTS
23:49:21.242  INFO  manager.ListenerWD - Before find element --> By.cssSelector: .contact-item-detailed_card__50dTS
23:49:21.253  INFO  manager.ListenerWD - After find element --> By.cssSelector: .contact-item-detailed_card__50dTS
23:49:21.293  INFO  manager.ListenerWD - Before find element --> By.cssSelector: .contact-item-detailed_card__50dTS
23:49:21.301  INFO  manager.ListenerWD - After find element --> By.cssSelector: .contact-item-detailed_card__50dTS
23:49:21.332  INFO  manager.ListenerWD - Before find element --> By.cssSelector: .contact-item-detailed_card__50dTS
23:49:21.342  INFO  manager.ListenerWD - After find element --> By.cssSelector: .contact-item-detailed_card__50dTS
23:49:21.379  INFO  manager.ListenerWD - Before find element --> By.cssSelector: .contact-item-detailed_card__50dTS
23:49:21.389  INFO  manager.ListenerWD - After find element --> By.cssSelector: .contact-item-detailed_card__50dTS
23:49:21.425  INFO  manager.ListenerWD - Before find element --> By.cssSelector: .contact-item-detailed_card__50dTS
23:49:21.434  INFO  manager.ListenerWD - After find element --> By.cssSelector: .contact-item-detailed_card__50dTS
23:49:21.467  INFO  manager.ListenerWD - Before find element --> By.cssSelector: .contact-item-detailed_card__50dTS
23:49:21.475  INFO  manager.ListenerWD - After find element --> By.cssSelector: .contact-item-detailed_card__50dTS
23:49:21.505  INFO  manager.ListenerWD - Before find element --> By.cssSelector: .contact-item-detailed_card__50dTS
23:49:21.512  INFO  manager.ListenerWD - After find element --> By.cssSelector: .contact-item-detailed_card__50dTS
23:49:21.544  INFO  manager.ListenerWD - Before find element --> By.cssSelector: .contact-item-detailed_card__50dTS
23:49:21.552  INFO  manager.ListenerWD - After find element --> By.cssSelector: .contact-item-detailed_card__50dTS
23:49:21.582  INFO  manager.ListenerWD - Before find element --> By.cssSelector: .contact-item-detailed_card__50dTS
23:49:21.591  INFO  manager.ListenerWD - After find element --> By.cssSelector: .contact-item-detailed_card__50dTS
23:49:21.597  INFO  tests.TestBase - Checked, if a contact was created by name,phone number and email
23:49:21.597  INFO  tests.TestBase - The name of starts method is --->addNewContactWrongAddress
23:49:21.598  INFO  manager.ListenerWD - Before find elements --> By.xpath: //button[text()='Sign Out']
23:49:21.606  INFO  manager.ListenerWD - After find elements --> By.xpath: //button[text()='Sign Out']
23:49:21.606  INFO  manager.ListenerWD - List size is --> 1
23:49:21.607  INFO  manager.ListenerWD - Before find element --> By.cssSelector: a[href='/add']
23:49:21.614  INFO  manager.ListenerWD - After find element --> By.cssSelector: a[href='/add']
23:49:21.629  INFO  manager.ListenerWD - Before find element --> By.cssSelector: input[placeholder='Name']
23:49:21.641  INFO  manager.ListenerWD - After find element --> By.cssSelector: input[placeholder='Name']
23:49:21.711  INFO  manager.ListenerWD - Before find element --> By.cssSelector: input[placeholder='Last Name']
23:49:21.719  INFO  manager.ListenerWD - After find element --> By.cssSelector: input[placeholder='Last Name']
23:49:21.789  INFO  manager.ListenerWD - Before find element --> By.cssSelector: input[placeholder='Phone']
23:49:21.804  INFO  manager.ListenerWD - After find element --> By.cssSelector: input[placeholder='Phone']
23:49:21.870  INFO  manager.ListenerWD - Before find element --> By.cssSelector: input[placeholder='email']
23:49:21.876  INFO  manager.ListenerWD - After find element --> By.cssSelector: input[placeholder='email']
23:49:21.942  INFO  manager.ListenerWD - Before find element --> By.cssSelector: input[placeholder='Address']
23:49:21.948  INFO  manager.ListenerWD - After find element --> By.cssSelector: input[placeholder='Address']
23:49:22.006  INFO  manager.ListenerWD - Before find element --> By.cssSelector: input[placeholder='description']
23:49:22.013  INFO  manager.ListenerWD - After find element --> By.cssSelector: input[placeholder='description']
23:49:22.075  INFO  manager.ListenerWD - Before find element --> By.xpath: //b[text()='Save']
23:49:22.082  INFO  manager.ListenerWD - After find element --> By.xpath: //b[text()='Save']
23:49:22.103  INFO  manager.ListenerWD - Before find elements --> By.cssSelector: a.active[href='/add']
23:49:22.112  INFO  manager.ListenerWD - After find elements --> By.cssSelector: a.active[href='/add']
23:49:22.112  INFO  manager.ListenerWD - List size is --> 1
23:49:22.113  INFO  tests.TestBase - The name of starts method is --->addNewContactWrongEmail
23:49:22.113  INFO  manager.ListenerWD - Before find elements --> By.xpath: //button[text()='Sign Out']
23:49:22.122  INFO  manager.ListenerWD - After find elements --> By.xpath: //button[text()='Sign Out']
23:49:22.122  INFO  manager.ListenerWD - List size is --> 1
23:49:22.122  INFO  manager.ListenerWD - Before find element --> By.cssSelector: a[href='/add']
23:49:22.129  INFO  manager.ListenerWD - After find element --> By.cssSelector: a[href='/add']
23:49:22.146  INFO  manager.ListenerWD - Before find element --> By.cssSelector: input[placeholder='Name']
23:49:22.153  INFO  manager.ListenerWD - After find element --> By.cssSelector: input[placeholder='Name']
23:49:22.210  INFO  manager.ListenerWD - Before find element --> By.cssSelector: input[placeholder='Last Name']
23:49:22.218  INFO  manager.ListenerWD - After find element --> By.cssSelector: input[placeholder='Last Name']
23:49:22.275  INFO  manager.ListenerWD - Before find element --> By.cssSelector: input[placeholder='Phone']
23:49:22.282  INFO  manager.ListenerWD - After find element --> By.cssSelector: input[placeholder='Phone']
23:49:22.341  INFO  manager.ListenerWD - Before find element --> By.cssSelector: input[placeholder='email']
23:49:22.347  INFO  manager.ListenerWD - After find element --> By.cssSelector: input[placeholder='email']
23:49:22.398  INFO  manager.ListenerWD - Before find element --> By.cssSelector: input[placeholder='Address']
23:49:22.405  INFO  manager.ListenerWD - After find element --> By.cssSelector: input[placeholder='Address']
23:49:22.452  INFO  manager.ListenerWD - Before find element --> By.cssSelector: input[placeholder='description']
23:49:22.460  INFO  manager.ListenerWD - After find element --> By.cssSelector: input[placeholder='description']
23:49:22.511  INFO  manager.ListenerWD - Before find element --> By.xpath: //b[text()='Save']
23:49:22.519  INFO  manager.ListenerWD - After find element --> By.xpath: //b[text()='Save']
23:49:22.531  INFO  manager.ListenerWD - Before find elements --> By.cssSelector: a.active[href='/add']
23:49:22.538  INFO  manager.ListenerWD - After find elements --> By.cssSelector: a.active[href='/add']
23:49:22.539  INFO  manager.ListenerWD - List size is --> 1
23:49:22.548  INFO  manager.ListenerWD - We have a 'problem'
23:49:22.548  INFO  manager.ListenerWD - **********************
23:49:22.548  INFO  manager.ListenerWD - Method method-->alert
23:49:22.548  INFO  manager.ListenerWD - **********************
23:49:22.549  INFO  manager.ListenerWD - InvocationTargetException getTargetException() org.openqa.selenium.NoAlertPresentException: no such alert
  (Session info: chrome=109.0.5414.120)
Build info: version: '4.7.1', revision: 'c6795baf1a3'
System info: os.name: 'Windows 10', os.arch: 'amd64', os.version: '10.0', java.version: '11.0.17'
Driver info: org.openqa.selenium.chrome.ChromeDriver
Command: [21ca64e4b66c2e4ca7f03b57ab3973a1, getAlertText {}]
Capabilities {acceptInsecureCerts: false, browserName: chrome, browserVersion: 109.0.5414.120, chrome: {chromedriverVersion: 108.0.5359.71 (1e0e3868ee06..., userDataDir: C:\Users\Marina\AppData\Loc...}, goog:chromeOptions: {debuggerAddress: localhost:58297}, networkConnectionEnabled: false, pageLoadStrategy: normal, platformName: WINDOWS, proxy: Proxy(), se:cdp: ws://localhost:58297/devtoo..., se:cdpVersion: 109.0.5414.120, setWindowRect: true, strictFileInteractability: false, timeouts: {implicit: 0, pageLoad: 300000, script: 30000}, unhandledPromptBehavior: dismiss and notify, webauthn:extension:credBlob: true, webauthn:extension:largeBlob: true, webauthn:virtualAuthenticators: true}
Session ID: 21ca64e4b66c2e4ca7f03b57ab3973a1
23:49:22.549  INFO  manager.ListenerWD - **********************
23:49:22.549  INFO  manager.ListenerWD - Object targetorg.openqa.selenium.remote.RemoteWebDriver$RemoteTargetLocator@5db9f51f
23:49:22.549  INFO  manager.ListenerWD - **********************
23:49:23.082  INFO  tests.TestBase - The name of starts method is --->addNewContactWrongLastName
23:49:23.083  INFO  manager.ListenerWD - Before find elements --> By.xpath: //button[text()='Sign Out']
23:49:23.094  INFO  manager.ListenerWD - After find elements --> By.xpath: //button[text()='Sign Out']
23:49:23.094  INFO  manager.ListenerWD - List size is --> 1
23:49:23.095  INFO  manager.ListenerWD - Before find element --> By.cssSelector: a[href='/add']
23:49:23.104  INFO  manager.ListenerWD - After find element --> By.cssSelector: a[href='/add']
23:49:23.124  INFO  manager.ListenerWD - Before find element --> By.cssSelector: input[placeholder='Name']
23:49:23.132  INFO  manager.ListenerWD - After find element --> By.cssSelector: input[placeholder='Name']
23:49:23.202  INFO  manager.ListenerWD - Before find element --> By.cssSelector: input[placeholder='Last Name']
23:49:23.209  INFO  manager.ListenerWD - After find element --> By.cssSelector: input[placeholder='Last Name']
23:49:23.264  INFO  manager.ListenerWD - Before find element --> By.cssSelector: input[placeholder='Phone']
23:49:23.273  INFO  manager.ListenerWD - After find element --> By.cssSelector: input[placeholder='Phone']
23:49:23.332  INFO  manager.ListenerWD - Before find element --> By.cssSelector: input[placeholder='email']
23:49:23.340  INFO  manager.ListenerWD - After find element --> By.cssSelector: input[placeholder='email']
23:49:23.398  INFO  manager.ListenerWD - Before find element --> By.cssSelector: input[placeholder='Address']
23:49:23.405  INFO  manager.ListenerWD - After find element --> By.cssSelector: input[placeholder='Address']
23:49:23.454  INFO  manager.ListenerWD - Before find element --> By.cssSelector: input[placeholder='description']
23:49:23.460  INFO  manager.ListenerWD - After find element --> By.cssSelector: input[placeholder='description']
23:49:23.511  INFO  manager.ListenerWD - Before find element --> By.xpath: //b[text()='Save']
23:49:23.519  INFO  manager.ListenerWD - After find element --> By.xpath: //b[text()='Save']
23:49:23.531  INFO  manager.ListenerWD - Before find elements --> By.cssSelector: a.active[href='/add']
23:49:23.538  INFO  manager.ListenerWD - After find elements --> By.cssSelector: a.active[href='/add']
23:49:23.538  INFO  manager.ListenerWD - List size is --> 1
23:49:23.538  INFO  tests.TestBase - Status code 400, message not received: last name must not be empty => Bug report
23:49:23.538  INFO  tests.TestBase - The name of starts method is --->addNewContactWrongName
23:49:23.539  INFO  manager.ListenerWD - Before find elements --> By.xpath: //button[text()='Sign Out']
23:49:23.545  INFO  manager.ListenerWD - After find elements --> By.xpath: //button[text()='Sign Out']
23:49:23.545  INFO  manager.ListenerWD - List size is --> 1
23:49:23.545  INFO  tests.TestBase - Tests start with data : Contact(name=null, lastName=Shamos, email=marina@gmail.com, address=Canberra, phone=777777711111, description=wrong name)
23:49:23.545  INFO  manager.ListenerWD - Before find element --> By.cssSelector: a[href='/add']
23:49:23.552  INFO  manager.ListenerWD - After find element --> By.cssSelector: a[href='/add']
23:49:23.565  INFO  manager.ListenerWD - Before find element --> By.cssSelector: input[placeholder='Name']
23:49:23.573  INFO  manager.ListenerWD - After find element --> By.cssSelector: input[placeholder='Name']
23:49:23.613  INFO  manager.ListenerWD - Before find element --> By.cssSelector: input[placeholder='Last Name']
23:49:23.620  INFO  manager.ListenerWD - After find element --> By.cssSelector: input[placeholder='Last Name']
23:49:23.670  INFO  manager.ListenerWD - Before find element --> By.cssSelector: input[placeholder='Phone']
23:49:23.676  INFO  manager.ListenerWD - After find element --> By.cssSelector: input[placeholder='Phone']
23:49:23.729  INFO  manager.ListenerWD - Before find element --> By.cssSelector: input[placeholder='email']
23:49:23.737  INFO  manager.ListenerWD - After find element --> By.cssSelector: input[placeholder='email']
23:49:23.794  INFO  manager.ListenerWD - Before find element --> By.cssSelector: input[placeholder='Address']
23:49:23.803  INFO  manager.ListenerWD - After find element --> By.cssSelector: input[placeholder='Address']
23:49:23.862  INFO  manager.ListenerWD - Before find element --> By.cssSelector: input[placeholder='description']
23:49:23.870  INFO  manager.ListenerWD - After find element --> By.cssSelector: input[placeholder='description']
23:49:33.926  INFO  manager.ListenerWD - Before find element --> By.xpath: //b[text()='Save']
23:49:33.943  INFO  manager.ListenerWD - After find element --> By.xpath: //b[text()='Save']
23:49:33.965  INFO  manager.ListenerWD - Before find elements --> By.cssSelector: a.active[href='/add']
23:49:33.975  INFO  manager.ListenerWD - After find elements --> By.cssSelector: a.active[href='/add']
23:49:33.975  INFO  manager.ListenerWD - List size is --> 1
23:49:33.975  INFO  tests.TestBase - Status code 400, message not received: mane must not be empty => Bug report
23:49:33.976  INFO  tests.TestBase - The name of starts method is --->addNewContactWrongPhone
23:49:33.976  INFO  manager.ListenerWD - Before find elements --> By.xpath: //button[text()='Sign Out']
23:49:33.985  INFO  manager.ListenerWD - After find elements --> By.xpath: //button[text()='Sign Out']
23:49:33.985  INFO  manager.ListenerWD - List size is --> 1
23:49:33.985  INFO  manager.ListenerWD - Before find element --> By.cssSelector: a[href='/add']
23:49:33.993  INFO  manager.ListenerWD - After find element --> By.cssSelector: a[href='/add']
23:49:34.013  INFO  manager.ListenerWD - Before find element --> By.cssSelector: input[placeholder='Name']
23:49:34.020  INFO  manager.ListenerWD - After find element --> By.cssSelector: input[placeholder='Name']
23:49:34.073  INFO  manager.ListenerWD - Before find element --> By.cssSelector: input[placeholder='Last Name']
23:49:34.080  INFO  manager.ListenerWD - After find element --> By.cssSelector: input[placeholder='Last Name']
23:49:34.130  INFO  manager.ListenerWD - Before find element --> By.cssSelector: input[placeholder='Phone']
23:49:34.138  INFO  manager.ListenerWD - After find element --> By.cssSelector: input[placeholder='Phone']
23:49:34.185  INFO  manager.ListenerWD - Before find element --> By.cssSelector: input[placeholder='email']
23:49:34.191  INFO  manager.ListenerWD - After find element --> By.cssSelector: input[placeholder='email']
23:49:34.254  INFO  manager.ListenerWD - Before find element --> By.cssSelector: input[placeholder='Address']
23:49:34.261  INFO  manager.ListenerWD - After find element --> By.cssSelector: input[placeholder='Address']
23:49:34.308  INFO  manager.ListenerWD - Before find element --> By.cssSelector: input[placeholder='description']
23:49:34.314  INFO  manager.ListenerWD - After find element --> By.cssSelector: input[placeholder='description']
23:49:34.365  INFO  manager.ListenerWD - Before find element --> By.xpath: //b[text()='Save']
23:49:34.371  INFO  manager.ListenerWD - After find element --> By.xpath: //b[text()='Save']
23:49:34.383  INFO  manager.ListenerWD - Before find elements --> By.cssSelector: a.active[href='/add']
23:49:34.389  INFO  manager.ListenerWD - After find elements --> By.cssSelector: a.active[href='/add']
23:49:34.389  INFO  manager.ListenerWD - List size is --> 1
23:49:34.393  INFO  manager.ListenerWD - We have a 'problem'
23:49:34.393  INFO  manager.ListenerWD - **********************
23:49:34.393  INFO  manager.ListenerWD - Method method-->alert
23:49:34.393  INFO  manager.ListenerWD - **********************
23:49:34.393  INFO  manager.ListenerWD - InvocationTargetException getTargetException() org.openqa.selenium.NoAlertPresentException: no such alert
  (Session info: chrome=109.0.5414.120)
Build info: version: '4.7.1', revision: 'c6795baf1a3'
System info: os.name: 'Windows 10', os.arch: 'amd64', os.version: '10.0', java.version: '11.0.17'
Driver info: org.openqa.selenium.chrome.ChromeDriver
Command: [21ca64e4b66c2e4ca7f03b57ab3973a1, getAlertText {}]
Capabilities {acceptInsecureCerts: false, browserName: chrome, browserVersion: 109.0.5414.120, chrome: {chromedriverVersion: 108.0.5359.71 (1e0e3868ee06..., userDataDir: C:\Users\Marina\AppData\Loc...}, goog:chromeOptions: {debuggerAddress: localhost:58297}, networkConnectionEnabled: false, pageLoadStrategy: normal, platformName: WINDOWS, proxy: Proxy(), se:cdp: ws://localhost:58297/devtoo..., se:cdpVersion: 109.0.5414.120, setWindowRect: true, strictFileInteractability: false, timeouts: {implicit: 0, pageLoad: 300000, script: 30000}, unhandledPromptBehavior: dismiss and notify, webauthn:extension:credBlob: true, webauthn:extension:largeBlob: true, webauthn:virtualAuthenticators: true}
Session ID: 21ca64e4b66c2e4ca7f03b57ab3973a1
23:49:34.393  INFO  manager.ListenerWD - **********************
23:49:34.393  INFO  manager.ListenerWD - Object targetorg.openqa.selenium.remote.RemoteWebDriver$RemoteTargetLocator@7227926b
23:49:34.393  INFO  manager.ListenerWD - **********************
23:49:34.918  INFO  tests.TestBase - The name of starts method is --->registrationSuccess
23:49:34.918  INFO  manager.ListenerWD - Before find elements --> By.xpath: //button[text()='Sign Out']
23:49:34.928  INFO  manager.ListenerWD - After find elements --> By.xpath: //button[text()='Sign Out']
23:49:34.928  INFO  manager.ListenerWD - List size is --> 1
23:49:34.928  INFO  manager.ListenerWD - Before find element --> By.xpath: //button[text()='Sign Out']
23:49:34.941  INFO  manager.ListenerWD - After find element --> By.xpath: //button[text()='Sign Out']
23:49:34.969  INFO  tests.TestBase - I need logout
23:49:34.970  INFO  tests.TestBase - Registration with valid data: 'random email: dsa@gmail.com & password: Qq12345$'
23:49:34.970  INFO  manager.ListenerWD - Before find element --> By.cssSelector: a[href='/login']
23:49:34.980  INFO  manager.ListenerWD - After find element --> By.cssSelector: a[href='/login']
23:49:34.990  INFO  manager.ListenerWD - Before find element --> By.cssSelector: a[href='/login']
23:49:34.998  INFO  manager.ListenerWD - After find element --> By.cssSelector: a[href='/login']
23:49:35.020  INFO  manager.ListenerWD - Before find element --> By.name: email
23:49:35.029  INFO  manager.ListenerWD - After find element --> By.name: email
23:49:35.106  INFO  manager.ListenerWD - Before find element --> By.name: password
23:49:35.114  INFO  manager.ListenerWD - After find element --> By.name: password
23:49:35.178  INFO  manager.ListenerWD - Before find element --> By.cssSelector: [name='registration']
23:49:35.187  INFO  manager.ListenerWD - After find element --> By.cssSelector: [name='registration']
23:49:35.205  INFO  manager.ListenerWD - Before find elements --> By.xpath: //button[text()='Sign Out']
23:49:35.712  INFO  manager.ListenerWD - After find elements --> By.xpath: //button[text()='Sign Out']
23:49:35.712  INFO  manager.ListenerWD - List size is --> 1
23:49:35.712  INFO  tests.TestBase - registration success
23:49:35.713  INFO  tests.TestBase - The name of starts method is --->registrationUserAlreadyExists
23:49:35.714  INFO  manager.ListenerWD - Before find elements --> By.xpath: //button[text()='Sign Out']
23:49:35.721  INFO  manager.ListenerWD - After find elements --> By.xpath: //button[text()='Sign Out']
23:49:35.721  INFO  manager.ListenerWD - List size is --> 1
23:49:35.721  INFO  manager.ListenerWD - Before find element --> By.xpath: //button[text()='Sign Out']
23:49:35.727  INFO  manager.ListenerWD - After find element --> By.xpath: //button[text()='Sign Out']
23:49:35.748  INFO  tests.TestBase - I need logout
23:49:35.750  INFO  tests.TestBase - Registration with valid data of registered user: 'email: dsa@gmail.com & password: 'Qq12345$'
23:49:35.750  INFO  manager.ListenerWD - Before find element --> By.cssSelector: a[href='/login']
23:49:35.758  INFO  manager.ListenerWD - After find element --> By.cssSelector: a[href='/login']
23:49:35.769  INFO  manager.ListenerWD - Before find element --> By.cssSelector: a[href='/login']
23:49:35.775  INFO  manager.ListenerWD - After find element --> By.cssSelector: a[href='/login']
23:49:35.795  INFO  manager.ListenerWD - Before find element --> By.name: email
23:49:35.803  INFO  manager.ListenerWD - After find element --> By.name: email
23:49:35.867  INFO  manager.ListenerWD - Before find element --> By.name: password
23:49:35.873  INFO  manager.ListenerWD - After find element --> By.name: password
23:49:35.940  INFO  manager.ListenerWD - Before find element --> By.cssSelector: [name='registration']
23:49:35.946  INFO  manager.ListenerWD - After find element --> By.cssSelector: [name='registration']
23:49:35.969  INFO  manager.ListenerWD - We have a 'problem'
23:49:35.969  INFO  manager.ListenerWD - **********************
23:49:35.969  INFO  manager.ListenerWD - Method method-->alert
23:49:35.969  INFO  manager.ListenerWD - **********************
23:49:35.969  INFO  manager.ListenerWD - InvocationTargetException getTargetException() org.openqa.selenium.NoAlertPresentException: no such alert
  (Session info: chrome=109.0.5414.120)
Build info: version: '4.7.1', revision: 'c6795baf1a3'
System info: os.name: 'Windows 10', os.arch: 'amd64', os.version: '10.0', java.version: '11.0.17'
Driver info: org.openqa.selenium.chrome.ChromeDriver
Command: [21ca64e4b66c2e4ca7f03b57ab3973a1, getAlertText {}]
Capabilities {acceptInsecureCerts: false, browserName: chrome, browserVersion: 109.0.5414.120, chrome: {chromedriverVersion: 108.0.5359.71 (1e0e3868ee06..., userDataDir: C:\Users\Marina\AppData\Loc...}, goog:chromeOptions: {debuggerAddress: localhost:58297}, networkConnectionEnabled: false, pageLoadStrategy: normal, platformName: WINDOWS, proxy: Proxy(), se:cdp: ws://localhost:58297/devtoo..., se:cdpVersion: 109.0.5414.120, setWindowRect: true, strictFileInteractability: false, timeouts: {implicit: 0, pageLoad: 300000, script: 30000}, unhandledPromptBehavior: dismiss and notify, webauthn:extension:credBlob: true, webauthn:extension:largeBlob: true, webauthn:virtualAuthenticators: true}
Session ID: 21ca64e4b66c2e4ca7f03b57ab3973a1
23:49:35.969  INFO  manager.ListenerWD - **********************
23:49:35.969  INFO  manager.ListenerWD - Object targetorg.openqa.selenium.remote.RemoteWebDriver$RemoteTargetLocator@14993306
23:49:35.969  INFO  manager.ListenerWD - **********************
23:49:36.498  INFO  tests.TestBase - Error message is: 'User already exist'
23:49:36.500  INFO  tests.TestBase - The name of starts method is --->registrationWrongEmail
23:49:36.501  INFO  manager.ListenerWD - Before find elements --> By.xpath: //button[text()='Sign Out']
23:49:41.524  INFO  manager.ListenerWD - After find elements --> By.xpath: //button[text()='Sign Out']
23:49:41.524  INFO  manager.ListenerWD - List size is --> 0
23:49:41.525  INFO  tests.TestBase - Registration with 'invalid email: dsagmail.com & valid password: Qq12345$'
23:49:41.525  INFO  manager.ListenerWD - Before find element --> By.cssSelector: a[href='/login']
23:49:41.532  INFO  manager.ListenerWD - After find element --> By.cssSelector: a[href='/login']
23:49:41.540  INFO  manager.ListenerWD - Before find element --> By.cssSelector: a[href='/login']
23:49:41.546  INFO  manager.ListenerWD - After find element --> By.cssSelector: a[href='/login']
23:49:41.562  INFO  manager.ListenerWD - Before find element --> By.name: email
23:49:41.569  INFO  manager.ListenerWD - After find element --> By.name: email
23:49:41.631  INFO  manager.ListenerWD - Before find element --> By.name: password
23:49:41.638  INFO  manager.ListenerWD - After find element --> By.name: password
23:49:41.696  INFO  manager.ListenerWD - Before find element --> By.cssSelector: [name='registration']
23:49:41.703  INFO  manager.ListenerWD - After find element --> By.cssSelector: [name='registration']
23:49:41.727  INFO  manager.ListenerWD - We have a 'problem'
23:49:41.727  INFO  manager.ListenerWD - **********************
23:49:41.727  INFO  manager.ListenerWD - Method method-->alert
23:49:41.727  INFO  manager.ListenerWD - **********************
23:49:41.727  INFO  manager.ListenerWD - InvocationTargetException getTargetException() org.openqa.selenium.NoAlertPresentException: no such alert
  (Session info: chrome=109.0.5414.120)
Build info: version: '4.7.1', revision: 'c6795baf1a3'
System info: os.name: 'Windows 10', os.arch: 'amd64', os.version: '10.0', java.version: '11.0.17'
Driver info: org.openqa.selenium.chrome.ChromeDriver
Command: [21ca64e4b66c2e4ca7f03b57ab3973a1, getAlertText {}]
Capabilities {acceptInsecureCerts: false, browserName: chrome, browserVersion: 109.0.5414.120, chrome: {chromedriverVersion: 108.0.5359.71 (1e0e3868ee06..., userDataDir: C:\Users\Marina\AppData\Loc...}, goog:chromeOptions: {debuggerAddress: localhost:58297}, networkConnectionEnabled: false, pageLoadStrategy: normal, platformName: WINDOWS, proxy: Proxy(), se:cdp: ws://localhost:58297/devtoo..., se:cdpVersion: 109.0.5414.120, setWindowRect: true, strictFileInteractability: false, timeouts: {implicit: 0, pageLoad: 300000, script: 30000}, unhandledPromptBehavior: dismiss and notify, webauthn:extension:credBlob: true, webauthn:extension:largeBlob: true, webauthn:virtualAuthenticators: true}
Session ID: 21ca64e4b66c2e4ca7f03b57ab3973a1
23:49:41.727  INFO  manager.ListenerWD - **********************
23:49:41.727  INFO  manager.ListenerWD - Object targetorg.openqa.selenium.remote.RemoteWebDriver$RemoteTargetLocator@4888425d
23:49:41.727  INFO  manager.ListenerWD - **********************
23:49:42.242  INFO  tests.TestBase - Error message is: 'Wrong email or password format'
23:49:42.243  INFO  tests.TestBase - The name of starts method is --->registrationWrongPassword
23:49:42.243  INFO  manager.ListenerWD - Before find elements --> By.xpath: //button[text()='Sign Out']
23:49:47.276  INFO  manager.ListenerWD - After find elements --> By.xpath: //button[text()='Sign Out']
23:49:47.276  INFO  manager.ListenerWD - List size is --> 0
23:49:47.276  INFO  tests.TestBase - Registration with 'valid: email: dsa@gmail.com & invalid password: Qq123'
23:49:47.276  INFO  manager.ListenerWD - Before find element --> By.cssSelector: a[href='/login']
23:49:47.287  INFO  manager.ListenerWD - After find element --> By.cssSelector: a[href='/login']
23:49:47.295  INFO  manager.ListenerWD - Before find element --> By.cssSelector: a[href='/login']
23:49:47.302  INFO  manager.ListenerWD - After find element --> By.cssSelector: a[href='/login']
23:49:47.318  INFO  manager.ListenerWD - Before find element --> By.name: email
23:49:47.326  INFO  manager.ListenerWD - After find element --> By.name: email
23:49:47.389  INFO  manager.ListenerWD - Before find element --> By.name: password
23:49:47.396  INFO  manager.ListenerWD - After find element --> By.name: password
23:49:47.453  INFO  manager.ListenerWD - Before find element --> By.cssSelector: [name='registration']
23:49:47.461  INFO  manager.ListenerWD - After find element --> By.cssSelector: [name='registration']
23:49:47.485  INFO  manager.ListenerWD - We have a 'problem'
23:49:47.485  INFO  manager.ListenerWD - **********************
23:49:47.485  INFO  manager.ListenerWD - Method method-->alert
23:49:47.485  INFO  manager.ListenerWD - **********************
23:49:47.485  INFO  manager.ListenerWD - InvocationTargetException getTargetException() org.openqa.selenium.NoAlertPresentException: no such alert
  (Session info: chrome=109.0.5414.120)
Build info: version: '4.7.1', revision: 'c6795baf1a3'
System info: os.name: 'Windows 10', os.arch: 'amd64', os.version: '10.0', java.version: '11.0.17'
Driver info: org.openqa.selenium.chrome.ChromeDriver
Command: [21ca64e4b66c2e4ca7f03b57ab3973a1, getAlertText {}]
Capabilities {acceptInsecureCerts: false, browserName: chrome, browserVersion: 109.0.5414.120, chrome: {chromedriverVersion: 108.0.5359.71 (1e0e3868ee06..., userDataDir: C:\Users\Marina\AppData\Loc...}, goog:chromeOptions: {debuggerAddress: localhost:58297}, networkConnectionEnabled: false, pageLoadStrategy: normal, platformName: WINDOWS, proxy: Proxy(), se:cdp: ws://localhost:58297/devtoo..., se:cdpVersion: 109.0.5414.120, setWindowRect: true, strictFileInteractability: false, timeouts: {implicit: 0, pageLoad: 300000, script: 30000}, unhandledPromptBehavior: dismiss and notify, webauthn:extension:credBlob: true, webauthn:extension:largeBlob: true, webauthn:virtualAuthenticators: true}
Session ID: 21ca64e4b66c2e4ca7f03b57ab3973a1
23:49:47.485  INFO  manager.ListenerWD - **********************
23:49:47.485  INFO  manager.ListenerWD - Object targetorg.openqa.selenium.remote.RemoteWebDriver$RemoteTargetLocator@b671dda
23:49:47.485  INFO  manager.ListenerWD - **********************
23:49:48.012  INFO  tests.TestBase - Error message is: 'Wrong email or password format'
