21:57:51.770  INFO  manager.ApplicationManager - All tests star in Chrome Browser
21:57:53.425  INFO  manager.ApplicationManager - Current Url -->https://telranedu.web.app/home
21:57:53.431  INFO  manager.ListenerTNG - onStart---Gradle test
21:57:53.447  INFO  tests.TestBase - The name of starts method is --->addContactSuccessAllFields
21:57:53.448  INFO  manager.ListenerWD - Before find elements --> By.xpath: //button[text()='Sign Out']
21:57:58.498  INFO  manager.ListenerWD - After find elements --> By.xpath: //button[text()='Sign Out']
21:57:58.499  INFO  manager.ListenerWD - List size is --> 0
21:57:58.501  INFO  manager.ListenerWD - Before find element --> By.cssSelector: a[href='/login']
21:57:58.526  INFO  manager.ListenerWD - After find element --> By.cssSelector: a[href='/login']
21:57:58.572  INFO  manager.ListenerWD - Before find element --> By.name: email
21:57:58.594  INFO  manager.ListenerWD - After find element --> By.name: email
21:57:58.684  INFO  manager.ListenerWD - Before find element --> By.name: password
21:57:58.699  INFO  manager.ListenerWD - After find element --> By.name: password
21:57:58.764  INFO  manager.ListenerWD - Before find element --> By.cssSelector: [name='login']
21:57:58.779  INFO  manager.ListenerWD - After find element --> By.cssSelector: [name='login']
21:57:58.805  INFO  manager.ListenerTNG - onTestStart---addContactSuccessAllFields
21:57:58.823  INFO  tests.TestBase - Tests start with data : Contact(name=Marina1019, lastName=Shamos, email=marina1019@gmail.com, address=Canberra, phone=77777771019, description=Friend)
21:57:58.823  INFO  manager.ListenerWD - Before find element --> By.cssSelector: a[href='/add']
21:57:59.830  INFO  manager.ListenerWD - After find element --> By.cssSelector: a[href='/add']
21:57:59.856  INFO  manager.ListenerWD - Before find element --> By.cssSelector: input[placeholder='Name']
21:57:59.870  INFO  manager.ListenerWD - After find element --> By.cssSelector: input[placeholder='Name']
21:57:59.938  INFO  manager.ListenerWD - Before find element --> By.cssSelector: input[placeholder='Last Name']
21:57:59.951  INFO  manager.ListenerWD - After find element --> By.cssSelector: input[placeholder='Last Name']
21:58:00.016  INFO  manager.ListenerWD - Before find element --> By.cssSelector: input[placeholder='Phone']
21:58:00.030  INFO  manager.ListenerWD - After find element --> By.cssSelector: input[placeholder='Phone']
21:58:00.095  INFO  manager.ListenerWD - Before find element --> By.cssSelector: input[placeholder='email']
21:58:00.109  INFO  manager.ListenerWD - After find element --> By.cssSelector: input[placeholder='email']
21:58:00.175  INFO  manager.ListenerWD - Before find element --> By.cssSelector: input[placeholder='Address']
21:58:00.190  INFO  manager.ListenerWD - After find element --> By.cssSelector: input[placeholder='Address']
21:58:00.260  INFO  manager.ListenerWD - Before find element --> By.cssSelector: input[placeholder='description']
21:58:00.271  INFO  manager.ListenerWD - After find element --> By.cssSelector: input[placeholder='description']
21:58:00.334  INFO  manager.ListenerWD - Before find element --> By.xpath: //b[text()='Save']
21:58:00.348  INFO  manager.ListenerWD - After find element --> By.xpath: //b[text()='Save']
21:58:00.367  INFO  manager.ListenerWD - Before find elements --> By.cssSelector: h2
21:58:01.005  INFO  manager.ListenerWD - After find elements --> By.cssSelector: h2
21:58:01.006  INFO  manager.ListenerWD - List size is --> 22
21:58:01.187  INFO  manager.ListenerWD - Before find elements --> By.cssSelector: h3
21:58:01.275  INFO  manager.ListenerWD - After find elements --> By.cssSelector: h3
21:58:01.275  INFO  manager.ListenerWD - List size is --> 22
21:58:01.466  INFO  manager.ListenerWD - Before find elements --> By.cssSelector: .contact-item_card__2SOIM
21:58:01.547  INFO  manager.ListenerWD - After find elements --> By.cssSelector: .contact-item_card__2SOIM
21:58:01.547  INFO  manager.ListenerWD - List size is --> 22
21:58:01.577  INFO  manager.ListenerWD - Before find element --> By.cssSelector: .contact-item-detailed_card__50dTS
21:58:01.592  INFO  manager.ListenerWD - After find element --> By.cssSelector: .contact-item-detailed_card__50dTS
21:58:01.624  INFO  manager.ListenerWD - Before find element --> By.cssSelector: .contact-item-detailed_card__50dTS
21:58:01.633  INFO  manager.ListenerWD - After find element --> By.cssSelector: .contact-item-detailed_card__50dTS
21:58:01.664  INFO  manager.ListenerWD - Before find element --> By.cssSelector: .contact-item-detailed_card__50dTS
21:58:01.672  INFO  manager.ListenerWD - After find element --> By.cssSelector: .contact-item-detailed_card__50dTS
21:58:01.701  INFO  manager.ListenerWD - Before find element --> By.cssSelector: .contact-item-detailed_card__50dTS
21:58:01.712  INFO  manager.ListenerWD - After find element --> By.cssSelector: .contact-item-detailed_card__50dTS
21:58:01.739  INFO  manager.ListenerWD - Before find element --> By.cssSelector: .contact-item-detailed_card__50dTS
21:58:01.750  INFO  manager.ListenerWD - After find element --> By.cssSelector: .contact-item-detailed_card__50dTS
21:58:01.780  INFO  manager.ListenerWD - Before find element --> By.cssSelector: .contact-item-detailed_card__50dTS
21:58:01.787  INFO  manager.ListenerWD - After find element --> By.cssSelector: .contact-item-detailed_card__50dTS
21:58:01.817  INFO  manager.ListenerWD - Before find element --> By.cssSelector: .contact-item-detailed_card__50dTS
21:58:01.829  INFO  manager.ListenerWD - After find element --> By.cssSelector: .contact-item-detailed_card__50dTS
21:58:01.863  INFO  manager.ListenerWD - Before find element --> By.cssSelector: .contact-item-detailed_card__50dTS
21:58:01.872  INFO  manager.ListenerWD - After find element --> By.cssSelector: .contact-item-detailed_card__50dTS
21:58:01.910  INFO  manager.ListenerWD - Before find element --> By.cssSelector: .contact-item-detailed_card__50dTS
21:58:01.918  INFO  manager.ListenerWD - After find element --> By.cssSelector: .contact-item-detailed_card__50dTS
21:58:01.951  INFO  manager.ListenerWD - Before find element --> By.cssSelector: .contact-item-detailed_card__50dTS
21:58:01.959  INFO  manager.ListenerWD - After find element --> By.cssSelector: .contact-item-detailed_card__50dTS
21:58:01.989  INFO  manager.ListenerWD - Before find element --> By.cssSelector: .contact-item-detailed_card__50dTS
21:58:01.997  INFO  manager.ListenerWD - After find element --> By.cssSelector: .contact-item-detailed_card__50dTS
21:58:02.026  INFO  manager.ListenerWD - Before find element --> By.cssSelector: .contact-item-detailed_card__50dTS
21:58:02.034  INFO  manager.ListenerWD - After find element --> By.cssSelector: .contact-item-detailed_card__50dTS
21:58:02.063  INFO  manager.ListenerWD - Before find element --> By.cssSelector: .contact-item-detailed_card__50dTS
21:58:02.070  INFO  manager.ListenerWD - After find element --> By.cssSelector: .contact-item-detailed_card__50dTS
21:58:02.097  INFO  manager.ListenerWD - Before find element --> By.cssSelector: .contact-item-detailed_card__50dTS
21:58:02.104  INFO  manager.ListenerWD - After find element --> By.cssSelector: .contact-item-detailed_card__50dTS
21:58:02.131  INFO  manager.ListenerWD - Before find element --> By.cssSelector: .contact-item-detailed_card__50dTS
21:58:02.138  INFO  manager.ListenerWD - After find element --> By.cssSelector: .contact-item-detailed_card__50dTS
21:58:02.167  INFO  manager.ListenerWD - Before find element --> By.cssSelector: .contact-item-detailed_card__50dTS
21:58:02.177  INFO  manager.ListenerWD - After find element --> By.cssSelector: .contact-item-detailed_card__50dTS
21:58:02.204  INFO  manager.ListenerWD - Before find element --> By.cssSelector: .contact-item-detailed_card__50dTS
21:58:02.214  INFO  manager.ListenerWD - After find element --> By.cssSelector: .contact-item-detailed_card__50dTS
21:58:02.241  INFO  manager.ListenerWD - Before find element --> By.cssSelector: .contact-item-detailed_card__50dTS
21:58:02.250  INFO  manager.ListenerWD - After find element --> By.cssSelector: .contact-item-detailed_card__50dTS
21:58:02.281  INFO  manager.ListenerWD - Before find element --> By.cssSelector: .contact-item-detailed_card__50dTS
21:58:02.291  INFO  manager.ListenerWD - After find element --> By.cssSelector: .contact-item-detailed_card__50dTS
21:58:02.320  INFO  manager.ListenerWD - Before find element --> By.cssSelector: .contact-item-detailed_card__50dTS
21:58:02.328  INFO  manager.ListenerWD - After find element --> By.cssSelector: .contact-item-detailed_card__50dTS
21:58:02.358  INFO  manager.ListenerWD - Before find element --> By.cssSelector: .contact-item-detailed_card__50dTS
21:58:02.366  INFO  manager.ListenerWD - After find element --> By.cssSelector: .contact-item-detailed_card__50dTS
21:58:02.394  INFO  manager.ListenerWD - Before find element --> By.cssSelector: .contact-item-detailed_card__50dTS
21:58:02.400  INFO  manager.ListenerWD - After find element --> By.cssSelector: .contact-item-detailed_card__50dTS
21:58:02.405  INFO  tests.TestBase - Checked, if a contact was created by name,phone number and email
21:58:02.408  INFO  tests.TestBase - The name of starts method is --->addContactSuccessRequiredFields
21:58:02.408  INFO  manager.ListenerWD - Before find elements --> By.xpath: //button[text()='Sign Out']
21:58:02.416  INFO  manager.ListenerWD - After find elements --> By.xpath: //button[text()='Sign Out']
21:58:02.416  INFO  manager.ListenerWD - List size is --> 1
21:58:02.416  INFO  manager.ListenerTNG - onTestStart---addContactSuccessRequiredFields
21:58:02.417  INFO  tests.TestBase - Tests start with data : Contact(name=Leo1540, lastName=Shamos, email=leo1540@gmail.ru, address=NY, phone=575757571540, description=null)
21:58:02.417  INFO  manager.ListenerWD - Before find element --> By.cssSelector: a[href='/add']
21:58:02.425  INFO  manager.ListenerWD - After find element --> By.cssSelector: a[href='/add']
21:58:02.445  INFO  manager.ListenerWD - Before find element --> By.cssSelector: input[placeholder='Name']
21:58:02.457  INFO  manager.ListenerWD - After find element --> By.cssSelector: input[placeholder='Name']
21:58:02.522  INFO  manager.ListenerWD - Before find element --> By.cssSelector: input[placeholder='Last Name']
21:58:02.534  INFO  manager.ListenerWD - After find element --> By.cssSelector: input[placeholder='Last Name']
21:58:02.598  INFO  manager.ListenerWD - Before find element --> By.cssSelector: input[placeholder='Phone']
21:58:02.605  INFO  manager.ListenerWD - After find element --> By.cssSelector: input[placeholder='Phone']
21:58:02.670  INFO  manager.ListenerWD - Before find element --> By.cssSelector: input[placeholder='email']
21:58:02.677  INFO  manager.ListenerWD - After find element --> By.cssSelector: input[placeholder='email']
21:58:02.744  INFO  manager.ListenerWD - Before find element --> By.cssSelector: input[placeholder='Address']
21:58:02.752  INFO  manager.ListenerWD - After find element --> By.cssSelector: input[placeholder='Address']
21:58:02.810  INFO  manager.ListenerWD - Before find element --> By.cssSelector: input[placeholder='description']
21:58:02.817  INFO  manager.ListenerWD - After find element --> By.cssSelector: input[placeholder='description']
21:58:02.865  INFO  manager.ListenerWD - Before find element --> By.xpath: //b[text()='Save']
21:58:02.871  INFO  manager.ListenerWD - After find element --> By.xpath: //b[text()='Save']
21:58:02.892  INFO  manager.ListenerWD - Before find elements --> By.cssSelector: h2
21:58:03.440  INFO  manager.ListenerWD - After find elements --> By.cssSelector: h2
21:58:03.440  INFO  manager.ListenerWD - List size is --> 23
21:58:03.642  INFO  manager.ListenerWD - Before find elements --> By.cssSelector: h3
21:58:03.693  INFO  manager.ListenerWD - After find elements --> By.cssSelector: h3
21:58:03.693  INFO  manager.ListenerWD - List size is --> 23
21:58:03.912  INFO  manager.ListenerWD - Before find elements --> By.cssSelector: .contact-item_card__2SOIM
21:58:04.001  INFO  manager.ListenerWD - After find elements --> By.cssSelector: .contact-item_card__2SOIM
21:58:04.001  INFO  manager.ListenerWD - List size is --> 23
21:58:04.028  INFO  manager.ListenerWD - Before find element --> By.cssSelector: .contact-item-detailed_card__50dTS
21:58:04.037  INFO  manager.ListenerWD - After find element --> By.cssSelector: .contact-item-detailed_card__50dTS
21:58:04.069  INFO  manager.ListenerWD - Before find element --> By.cssSelector: .contact-item-detailed_card__50dTS
21:58:04.079  INFO  manager.ListenerWD - After find element --> By.cssSelector: .contact-item-detailed_card__50dTS
21:58:04.108  INFO  manager.ListenerWD - Before find element --> By.cssSelector: .contact-item-detailed_card__50dTS
21:58:04.117  INFO  manager.ListenerWD - After find element --> By.cssSelector: .contact-item-detailed_card__50dTS
21:58:04.159  INFO  manager.ListenerWD - Before find element --> By.cssSelector: .contact-item-detailed_card__50dTS
21:58:04.170  INFO  manager.ListenerWD - After find element --> By.cssSelector: .contact-item-detailed_card__50dTS
21:58:04.215  INFO  manager.ListenerWD - Before find element --> By.cssSelector: .contact-item-detailed_card__50dTS
21:58:04.226  INFO  manager.ListenerWD - After find element --> By.cssSelector: .contact-item-detailed_card__50dTS
21:58:04.269  INFO  manager.ListenerWD - Before find element --> By.cssSelector: .contact-item-detailed_card__50dTS
21:58:04.281  INFO  manager.ListenerWD - After find element --> By.cssSelector: .contact-item-detailed_card__50dTS
21:58:04.320  INFO  manager.ListenerWD - Before find element --> By.cssSelector: .contact-item-detailed_card__50dTS
21:58:04.332  INFO  manager.ListenerWD - After find element --> By.cssSelector: .contact-item-detailed_card__50dTS
21:58:04.368  INFO  manager.ListenerWD - Before find element --> By.cssSelector: .contact-item-detailed_card__50dTS
21:58:04.378  INFO  manager.ListenerWD - After find element --> By.cssSelector: .contact-item-detailed_card__50dTS
21:58:04.409  INFO  manager.ListenerWD - Before find element --> By.cssSelector: .contact-item-detailed_card__50dTS
21:58:04.416  INFO  manager.ListenerWD - After find element --> By.cssSelector: .contact-item-detailed_card__50dTS
21:58:04.445  INFO  manager.ListenerWD - Before find element --> By.cssSelector: .contact-item-detailed_card__50dTS
21:58:04.453  INFO  manager.ListenerWD - After find element --> By.cssSelector: .contact-item-detailed_card__50dTS
21:58:04.486  INFO  manager.ListenerWD - Before find element --> By.cssSelector: .contact-item-detailed_card__50dTS
21:58:04.495  INFO  manager.ListenerWD - After find element --> By.cssSelector: .contact-item-detailed_card__50dTS
21:58:04.520  INFO  manager.ListenerWD - Before find element --> By.cssSelector: .contact-item-detailed_card__50dTS
21:58:04.529  INFO  manager.ListenerWD - After find element --> By.cssSelector: .contact-item-detailed_card__50dTS
21:58:04.559  INFO  manager.ListenerWD - Before find element --> By.cssSelector: .contact-item-detailed_card__50dTS
21:58:04.565  INFO  manager.ListenerWD - After find element --> By.cssSelector: .contact-item-detailed_card__50dTS
21:58:04.597  INFO  manager.ListenerWD - Before find element --> By.cssSelector: .contact-item-detailed_card__50dTS
21:58:04.604  INFO  manager.ListenerWD - After find element --> By.cssSelector: .contact-item-detailed_card__50dTS
21:58:04.634  INFO  manager.ListenerWD - Before find element --> By.cssSelector: .contact-item-detailed_card__50dTS
21:58:04.642  INFO  manager.ListenerWD - After find element --> By.cssSelector: .contact-item-detailed_card__50dTS
21:58:04.672  INFO  manager.ListenerWD - Before find element --> By.cssSelector: .contact-item-detailed_card__50dTS
21:58:04.681  INFO  manager.ListenerWD - After find element --> By.cssSelector: .contact-item-detailed_card__50dTS
21:58:04.710  INFO  manager.ListenerWD - Before find element --> By.cssSelector: .contact-item-detailed_card__50dTS
21:58:04.717  INFO  manager.ListenerWD - After find element --> By.cssSelector: .contact-item-detailed_card__50dTS
21:58:04.747  INFO  manager.ListenerWD - Before find element --> By.cssSelector: .contact-item-detailed_card__50dTS
21:58:04.753  INFO  manager.ListenerWD - After find element --> By.cssSelector: .contact-item-detailed_card__50dTS
21:58:04.781  INFO  manager.ListenerWD - Before find element --> By.cssSelector: .contact-item-detailed_card__50dTS
21:58:04.790  INFO  manager.ListenerWD - After find element --> By.cssSelector: .contact-item-detailed_card__50dTS
21:58:04.817  INFO  manager.ListenerWD - Before find element --> By.cssSelector: .contact-item-detailed_card__50dTS
21:58:04.826  INFO  manager.ListenerWD - After find element --> By.cssSelector: .contact-item-detailed_card__50dTS
21:58:04.866  INFO  manager.ListenerWD - Before find element --> By.cssSelector: .contact-item-detailed_card__50dTS
21:58:04.875  INFO  manager.ListenerWD - After find element --> By.cssSelector: .contact-item-detailed_card__50dTS
21:58:04.910  INFO  manager.ListenerWD - Before find element --> By.cssSelector: .contact-item-detailed_card__50dTS
21:58:04.918  INFO  manager.ListenerWD - After find element --> By.cssSelector: .contact-item-detailed_card__50dTS
21:58:04.950  INFO  manager.ListenerWD - Before find element --> By.cssSelector: .contact-item-detailed_card__50dTS
21:58:04.961  INFO  manager.ListenerWD - After find element --> By.cssSelector: .contact-item-detailed_card__50dTS
21:58:04.968  INFO  tests.TestBase - Checked, if a contact was created by name,phone number and email
21:58:04.969  INFO  tests.TestBase - The name of starts method is --->addNewContactWrongAddress
21:58:04.969  INFO  manager.ListenerWD - Before find elements --> By.xpath: //button[text()='Sign Out']
21:58:04.979  INFO  manager.ListenerWD - After find elements --> By.xpath: //button[text()='Sign Out']
21:58:04.979  INFO  manager.ListenerWD - List size is --> 1
21:58:04.979  INFO  manager.ListenerTNG - onTestStart---addNewContactWrongAddress
21:58:04.979  INFO  manager.ListenerWD - Before find element --> By.cssSelector: a[href='/add']
21:58:04.989  INFO  manager.ListenerWD - After find element --> By.cssSelector: a[href='/add']
21:58:05.012  INFO  manager.ListenerWD - Before find element --> By.cssSelector: input[placeholder='Name']
21:58:05.023  INFO  manager.ListenerWD - After find element --> By.cssSelector: input[placeholder='Name']
21:58:05.099  INFO  manager.ListenerWD - Before find element --> By.cssSelector: input[placeholder='Last Name']
21:58:05.108  INFO  manager.ListenerWD - After find element --> By.cssSelector: input[placeholder='Last Name']
21:58:05.168  INFO  manager.ListenerWD - Before find element --> By.cssSelector: input[placeholder='Phone']
21:58:05.176  INFO  manager.ListenerWD - After find element --> By.cssSelector: input[placeholder='Phone']
21:58:05.237  INFO  manager.ListenerWD - Before find element --> By.cssSelector: input[placeholder='email']
21:58:05.245  INFO  manager.ListenerWD - After find element --> By.cssSelector: input[placeholder='email']
21:58:05.309  INFO  manager.ListenerWD - Before find element --> By.cssSelector: input[placeholder='Address']
21:58:05.316  INFO  manager.ListenerWD - After find element --> By.cssSelector: input[placeholder='Address']
21:58:05.389  INFO  manager.ListenerWD - Before find element --> By.cssSelector: input[placeholder='description']
21:58:05.399  INFO  manager.ListenerWD - After find element --> By.cssSelector: input[placeholder='description']
21:58:05.498  INFO  manager.ListenerWD - Before find element --> By.xpath: //b[text()='Save']
21:58:05.509  INFO  manager.ListenerWD - After find element --> By.xpath: //b[text()='Save']
21:58:05.538  INFO  manager.ListenerWD - Before find elements --> By.cssSelector: a.active[href='/add']
21:58:05.552  INFO  manager.ListenerWD - After find elements --> By.cssSelector: a.active[href='/add']
21:58:05.553  INFO  manager.ListenerWD - List size is --> 1
21:58:05.553  INFO  tests.TestBase - The name of starts method is --->addNewContactWrongEmail
21:58:05.553  INFO  manager.ListenerWD - Before find elements --> By.xpath: //button[text()='Sign Out']
21:58:05.562  INFO  manager.ListenerWD - After find elements --> By.xpath: //button[text()='Sign Out']
21:58:05.563  INFO  manager.ListenerWD - List size is --> 1
21:58:05.563  INFO  manager.ListenerTNG - onTestStart---addNewContactWrongEmail
21:58:05.563  INFO  manager.ListenerWD - Before find element --> By.cssSelector: a[href='/add']
21:58:05.572  INFO  manager.ListenerWD - After find element --> By.cssSelector: a[href='/add']
21:58:05.594  INFO  manager.ListenerWD - Before find element --> By.cssSelector: input[placeholder='Name']
21:58:05.601  INFO  manager.ListenerWD - After find element --> By.cssSelector: input[placeholder='Name']
21:58:05.675  INFO  manager.ListenerWD - Before find element --> By.cssSelector: input[placeholder='Last Name']
21:58:05.685  INFO  manager.ListenerWD - After find element --> By.cssSelector: input[placeholder='Last Name']
21:58:05.749  INFO  manager.ListenerWD - Before find element --> By.cssSelector: input[placeholder='Phone']
21:58:05.756  INFO  manager.ListenerWD - After find element --> By.cssSelector: input[placeholder='Phone']
21:58:05.814  INFO  manager.ListenerWD - Before find element --> By.cssSelector: input[placeholder='email']
21:58:05.820  INFO  manager.ListenerWD - After find element --> By.cssSelector: input[placeholder='email']
21:58:05.879  INFO  manager.ListenerWD - Before find element --> By.cssSelector: input[placeholder='Address']
21:58:05.886  INFO  manager.ListenerWD - After find element --> By.cssSelector: input[placeholder='Address']
21:58:05.935  INFO  manager.ListenerWD - Before find element --> By.cssSelector: input[placeholder='description']
21:58:05.943  INFO  manager.ListenerWD - After find element --> By.cssSelector: input[placeholder='description']
21:58:05.998  INFO  manager.ListenerWD - Before find element --> By.xpath: //b[text()='Save']
21:58:06.005  INFO  manager.ListenerWD - After find element --> By.xpath: //b[text()='Save']
21:58:06.018  INFO  manager.ListenerWD - Before find elements --> By.cssSelector: a.active[href='/add']
21:58:06.027  INFO  manager.ListenerWD - After find elements --> By.cssSelector: a.active[href='/add']
21:58:06.027  INFO  manager.ListenerWD - List size is --> 1
21:58:06.039  INFO  manager.ListenerWD - We have a 'problem'
21:58:06.039  INFO  manager.ListenerWD - **********************
21:58:06.039  INFO  manager.ListenerWD - Method method-->alert
21:58:06.039  INFO  manager.ListenerWD - **********************
21:58:06.040  INFO  manager.ListenerWD - InvocationTargetException getTargetException() org.openqa.selenium.NoAlertPresentException: no such alert
  (Session info: chrome=109.0.5414.120)
Build info: version: '4.7.1', revision: 'c6795baf1a3'
System info: os.name: 'Windows 10', os.arch: 'amd64', os.version: '10.0', java.version: '11.0.17'
Driver info: org.openqa.selenium.chrome.ChromeDriver
Command: [7089702437cf6314c84f71f15d1ccd16, getAlertText {}]
Capabilities {acceptInsecureCerts: false, browserName: chrome, browserVersion: 109.0.5414.120, chrome: {chromedriverVersion: 108.0.5359.71 (1e0e3868ee06..., userDataDir: C:\Users\Marina\AppData\Loc...}, goog:chromeOptions: {debuggerAddress: localhost:56908}, networkConnectionEnabled: false, pageLoadStrategy: normal, platformName: WINDOWS, proxy: Proxy(), se:cdp: ws://localhost:56908/devtoo..., se:cdpVersion: 109.0.5414.120, setWindowRect: true, strictFileInteractability: false, timeouts: {implicit: 0, pageLoad: 300000, script: 30000}, unhandledPromptBehavior: dismiss and notify, webauthn:extension:credBlob: true, webauthn:extension:largeBlob: true, webauthn:virtualAuthenticators: true}
Session ID: 7089702437cf6314c84f71f15d1ccd16
21:58:06.041  INFO  manager.ListenerWD - **********************
21:58:06.041  INFO  manager.ListenerWD - Object targetorg.openqa.selenium.remote.RemoteWebDriver$RemoteTargetLocator@2a6fb62f
21:58:06.041  INFO  manager.ListenerWD - **********************
21:58:06.566  INFO  tests.TestBase - The name of starts method is --->addNewContactWrongLastName
21:58:06.567  INFO  manager.ListenerWD - Before find elements --> By.xpath: //button[text()='Sign Out']
21:58:06.577  INFO  manager.ListenerWD - After find elements --> By.xpath: //button[text()='Sign Out']
21:58:06.577  INFO  manager.ListenerWD - List size is --> 1
21:58:06.579  INFO  manager.ListenerTNG - onTestStart---addNewContactWrongLastName
21:58:06.579  INFO  manager.ListenerWD - Before find element --> By.cssSelector: a[href='/add']
21:58:06.587  INFO  manager.ListenerWD - After find element --> By.cssSelector: a[href='/add']
21:58:06.613  INFO  manager.ListenerWD - Before find element --> By.cssSelector: input[placeholder='Name']
21:58:06.625  INFO  manager.ListenerWD - After find element --> By.cssSelector: input[placeholder='Name']
21:58:06.700  INFO  manager.ListenerWD - Before find element --> By.cssSelector: input[placeholder='Last Name']
21:58:06.709  INFO  manager.ListenerWD - After find element --> By.cssSelector: input[placeholder='Last Name']
21:58:06.763  INFO  manager.ListenerWD - Before find element --> By.cssSelector: input[placeholder='Phone']
21:58:06.771  INFO  manager.ListenerWD - After find element --> By.cssSelector: input[placeholder='Phone']
21:58:06.824  INFO  manager.ListenerWD - Before find element --> By.cssSelector: input[placeholder='email']
21:58:06.832  INFO  manager.ListenerWD - After find element --> By.cssSelector: input[placeholder='email']
21:58:06.884  INFO  manager.ListenerWD - Before find element --> By.cssSelector: input[placeholder='Address']
21:58:06.892  INFO  manager.ListenerWD - After find element --> By.cssSelector: input[placeholder='Address']
21:58:06.946  INFO  manager.ListenerWD - Before find element --> By.cssSelector: input[placeholder='description']
21:58:06.953  INFO  manager.ListenerWD - After find element --> By.cssSelector: input[placeholder='description']
21:58:07.021  INFO  manager.ListenerWD - Before find element --> By.xpath: //b[text()='Save']
21:58:07.029  INFO  manager.ListenerWD - After find element --> By.xpath: //b[text()='Save']
21:58:07.043  INFO  manager.ListenerWD - Before find elements --> By.cssSelector: a.active[href='/add']
21:58:07.049  INFO  manager.ListenerWD - After find elements --> By.cssSelector: a.active[href='/add']
21:58:07.049  INFO  manager.ListenerWD - List size is --> 1
21:58:07.049  INFO  tests.TestBase - Status code 400, message not received: last name must not be empty => Bug report
21:58:07.049  INFO  tests.TestBase - The name of starts method is --->addNewContactWrongName
21:58:07.050  INFO  manager.ListenerWD - Before find elements --> By.xpath: //button[text()='Sign Out']
21:58:07.056  INFO  manager.ListenerWD - After find elements --> By.xpath: //button[text()='Sign Out']
21:58:07.057  INFO  manager.ListenerWD - List size is --> 1
21:58:07.057  INFO  manager.ListenerTNG - onTestStart---addNewContactWrongName
21:58:07.058  INFO  tests.TestBase - Tests start with data : Contact(name=null, lastName=Shamos, email=marina@gmail.com, address=Canberra, phone=777777711111, description=wrong name)
21:58:07.058  INFO  manager.ListenerWD - Before find element --> By.cssSelector: a[href='/add']
21:58:07.065  INFO  manager.ListenerWD - After find element --> By.cssSelector: a[href='/add']
21:58:07.079  INFO  manager.ListenerWD - Before find element --> By.cssSelector: input[placeholder='Name']
21:58:07.086  INFO  manager.ListenerWD - After find element --> By.cssSelector: input[placeholder='Name']
21:58:07.125  INFO  manager.ListenerWD - Before find element --> By.cssSelector: input[placeholder='Last Name']
21:58:07.131  INFO  manager.ListenerWD - After find element --> By.cssSelector: input[placeholder='Last Name']
21:58:07.184  INFO  manager.ListenerWD - Before find element --> By.cssSelector: input[placeholder='Phone']
21:58:07.190  INFO  manager.ListenerWD - After find element --> By.cssSelector: input[placeholder='Phone']
21:58:07.246  INFO  manager.ListenerWD - Before find element --> By.cssSelector: input[placeholder='email']
21:58:07.252  INFO  manager.ListenerWD - After find element --> By.cssSelector: input[placeholder='email']
21:58:07.308  INFO  manager.ListenerWD - Before find element --> By.cssSelector: input[placeholder='Address']
21:58:07.314  INFO  manager.ListenerWD - After find element --> By.cssSelector: input[placeholder='Address']
21:58:07.371  INFO  manager.ListenerWD - Before find element --> By.cssSelector: input[placeholder='description']
21:58:07.379  INFO  manager.ListenerWD - After find element --> By.cssSelector: input[placeholder='description']
21:58:17.443  INFO  manager.ListenerWD - Before find element --> By.xpath: //b[text()='Save']
21:58:17.455  INFO  manager.ListenerWD - After find element --> By.xpath: //b[text()='Save']
21:58:17.470  INFO  manager.ListenerWD - Before find elements --> By.cssSelector: a.active[href='/add']
21:58:17.478  INFO  manager.ListenerWD - After find elements --> By.cssSelector: a.active[href='/add']
21:58:17.478  INFO  manager.ListenerWD - List size is --> 1
21:58:17.478  INFO  tests.TestBase - Status code 400, message not received: mane must not be empty => Bug report
21:58:17.479  INFO  tests.TestBase - The name of starts method is --->addNewContactWrongPhone
21:58:17.479  INFO  manager.ListenerWD - Before find elements --> By.xpath: //button[text()='Sign Out']
21:58:17.485  INFO  manager.ListenerWD - After find elements --> By.xpath: //button[text()='Sign Out']
21:58:17.485  INFO  manager.ListenerWD - List size is --> 1
21:58:17.486  INFO  manager.ListenerTNG - onTestStart---addNewContactWrongPhone
21:58:17.486  INFO  manager.ListenerWD - Before find element --> By.cssSelector: a[href='/add']
21:58:17.492  INFO  manager.ListenerWD - After find element --> By.cssSelector: a[href='/add']
21:58:17.509  INFO  manager.ListenerWD - Before find element --> By.cssSelector: input[placeholder='Name']
21:58:17.516  INFO  manager.ListenerWD - After find element --> By.cssSelector: input[placeholder='Name']
21:58:17.568  INFO  manager.ListenerWD - Before find element --> By.cssSelector: input[placeholder='Last Name']
21:58:17.575  INFO  manager.ListenerWD - After find element --> By.cssSelector: input[placeholder='Last Name']
21:58:17.629  INFO  manager.ListenerWD - Before find element --> By.cssSelector: input[placeholder='Phone']
21:58:17.635  INFO  manager.ListenerWD - After find element --> By.cssSelector: input[placeholder='Phone']
21:58:17.682  INFO  manager.ListenerWD - Before find element --> By.cssSelector: input[placeholder='email']
21:58:17.688  INFO  manager.ListenerWD - After find element --> By.cssSelector: input[placeholder='email']
21:58:17.747  INFO  manager.ListenerWD - Before find element --> By.cssSelector: input[placeholder='Address']
21:58:17.753  INFO  manager.ListenerWD - After find element --> By.cssSelector: input[placeholder='Address']
21:58:17.810  INFO  manager.ListenerWD - Before find element --> By.cssSelector: input[placeholder='description']
21:58:17.816  INFO  manager.ListenerWD - After find element --> By.cssSelector: input[placeholder='description']
21:58:17.881  INFO  manager.ListenerWD - Before find element --> By.xpath: //b[text()='Save']
21:58:17.887  INFO  manager.ListenerWD - After find element --> By.xpath: //b[text()='Save']
21:58:17.900  INFO  manager.ListenerWD - Before find elements --> By.cssSelector: a.active[href='/add']
21:58:17.911  INFO  manager.ListenerWD - After find elements --> By.cssSelector: a.active[href='/add']
21:58:17.911  INFO  manager.ListenerWD - List size is --> 1
21:58:17.914  INFO  manager.ListenerWD - We have a 'problem'
21:58:17.915  INFO  manager.ListenerWD - **********************
21:58:17.915  INFO  manager.ListenerWD - Method method-->alert
21:58:17.915  INFO  manager.ListenerWD - **********************
21:58:17.915  INFO  manager.ListenerWD - InvocationTargetException getTargetException() org.openqa.selenium.NoAlertPresentException: no such alert
  (Session info: chrome=109.0.5414.120)
Build info: version: '4.7.1', revision: 'c6795baf1a3'
System info: os.name: 'Windows 10', os.arch: 'amd64', os.version: '10.0', java.version: '11.0.17'
Driver info: org.openqa.selenium.chrome.ChromeDriver
Command: [7089702437cf6314c84f71f15d1ccd16, getAlertText {}]
Capabilities {acceptInsecureCerts: false, browserName: chrome, browserVersion: 109.0.5414.120, chrome: {chromedriverVersion: 108.0.5359.71 (1e0e3868ee06..., userDataDir: C:\Users\Marina\AppData\Loc...}, goog:chromeOptions: {debuggerAddress: localhost:56908}, networkConnectionEnabled: false, pageLoadStrategy: normal, platformName: WINDOWS, proxy: Proxy(), se:cdp: ws://localhost:56908/devtoo..., se:cdpVersion: 109.0.5414.120, setWindowRect: true, strictFileInteractability: false, timeouts: {implicit: 0, pageLoad: 300000, script: 30000}, unhandledPromptBehavior: dismiss and notify, webauthn:extension:credBlob: true, webauthn:extension:largeBlob: true, webauthn:virtualAuthenticators: true}
Session ID: 7089702437cf6314c84f71f15d1ccd16
21:58:17.915  INFO  manager.ListenerWD - **********************
21:58:17.915  INFO  manager.ListenerWD - Object targetorg.openqa.selenium.remote.RemoteWebDriver$RemoteTargetLocator@3568ea59
21:58:17.915  INFO  manager.ListenerWD - **********************
21:58:18.442  INFO  tests.TestBase - The name of starts method is --->loginSuccess
21:58:18.445  INFO  manager.ListenerTNG - onTestStart---loginSuccess
21:58:18.446  INFO  manager.ListenerTNG - onTestSkipped---loginSuccess
21:58:18.447  INFO  manager.ListenerTNG - onTestStart---loginSuccess
21:58:18.447  INFO  manager.ListenerTNG - onTestSkipped---loginSuccess
21:58:18.447  INFO  manager.ListenerTNG - onTestStart---loginSuccess
21:58:18.447  INFO  manager.ListenerTNG - onTestSkipped---loginSuccess
21:58:18.448  INFO  manager.ListenerTNG - onTestStart---loginSuccess2
21:58:18.449  INFO  manager.ListenerTNG - onTestSkipped---loginSuccess2
21:58:18.449  INFO  manager.ListenerTNG - onTestStart---loginSuccess2
21:58:18.449  INFO  manager.ListenerTNG - onTestSkipped---loginSuccess2
21:58:18.449  INFO  manager.ListenerTNG - onTestStart---loginSuccess2
21:58:18.449  INFO  manager.ListenerTNG - onTestSkipped---loginSuccess2
21:58:18.450  INFO  manager.ListenerTNG - onTestStart---loginSuccessModel
21:58:18.454  INFO  manager.ListenerTNG - onTestSkipped---loginSuccessModel
21:58:18.455  INFO  manager.ListenerTNG - onTestStart---loginSuccessModel
21:58:18.455  INFO  manager.ListenerTNG - onTestSkipped---loginSuccessModel
21:58:18.456  INFO  manager.ListenerTNG - onTestStart---loginSuccessModel
21:58:18.457  INFO  manager.ListenerTNG - onTestSkipped---loginSuccessModel
21:58:18.459  INFO  manager.ListenerTNG - onTestStart---loginSuccessModelFromFile
21:58:18.460  INFO  manager.ListenerTNG - onTestSkipped---loginSuccessModelFromFile
21:58:18.461  INFO  manager.ListenerTNG - onTestStart---loginSuccessModelFromFile
21:58:18.461  INFO  manager.ListenerTNG - onTestSkipped---loginSuccessModelFromFile
21:58:18.461  INFO  manager.ListenerTNG - onTestStart---loginSuccessModelFromFile
21:58:18.461  INFO  manager.ListenerTNG - onTestSkipped---loginSuccessModelFromFile
21:58:18.462  INFO  manager.ListenerTNG - onTestStart---loginSuccessNew
21:58:18.462  INFO  manager.ListenerTNG - onTestSkipped---loginSuccessNew
21:58:18.462  INFO  manager.ListenerTNG - onTestStart---loginSuccessNew
21:58:18.462  INFO  manager.ListenerTNG - onTestSkipped---loginSuccessNew
21:58:18.463  INFO  manager.ListenerTNG - onTestStart---loginUnregisterUser
21:58:18.463  INFO  manager.ListenerTNG - onTestSkipped---loginUnregisterUser
21:58:18.463  INFO  manager.ListenerTNG - onTestStart---loginWrongEmail
21:58:18.464  INFO  manager.ListenerTNG - onTestSkipped---loginWrongEmail
21:58:18.464  INFO  manager.ListenerTNG - onTestStart---loginWrongPassword
21:58:18.464  INFO  manager.ListenerTNG - onTestSkipped---loginWrongPassword
21:58:18.464  INFO  tests.TestBase - The name of starts method is --->registrationSuccess
21:58:18.465  INFO  manager.ListenerTNG - onTestStart---registrationSuccess
21:58:18.465  INFO  manager.ListenerTNG - onTestSkipped---registrationSuccess
21:58:18.466  INFO  manager.ListenerTNG - onTestStart---registrationUserAlreadyExists
21:58:18.466  INFO  manager.ListenerTNG - onTestSkipped---registrationUserAlreadyExists
21:58:18.467  INFO  manager.ListenerTNG - onTestStart---registrationWrongEmail
21:58:18.467  INFO  manager.ListenerTNG - onTestSkipped---registrationWrongEmail
21:58:18.468  INFO  manager.ListenerTNG - onTestStart---registrationWrongPassword
21:58:18.468  INFO  manager.ListenerTNG - onTestSkipped---registrationWrongPassword
21:58:18.469  INFO  manager.ListenerTNG - onFinish---Gradle test
