21:23:32.304  INFO  manager.ApplicationManager - All tests star in Chrome Browser
21:23:34.012  INFO  manager.ApplicationManager - Current Url -->https://telranedu.web.app/home
21:23:34.017  INFO  manager.ListenerTNG - onStart---Gradle test
21:23:34.042  INFO  tests.TestBase - The name of starts method is --->loginWrongEmail
21:23:34.044  INFO  manager.ListenerWD - Before find elements --> By.xpath: //button[text()='Sign Out']
21:23:39.069  INFO  manager.ListenerWD - After find elements --> By.xpath: //button[text()='Sign Out']
21:23:39.071  INFO  manager.ListenerWD - List size is --> 0
21:23:39.072  INFO  manager.ListenerTNG - onTestStart---loginWrongEmail
21:23:39.073  INFO  tests.TestBase - Login with invalid email: 'dsagmail.com' & valid password: Qq12345$
21:23:39.076  INFO  manager.ListenerWD - Before find element --> By.cssSelector: a[href='/login']
21:23:39.102  INFO  manager.ListenerWD - After find element --> By.cssSelector: a[href='/login']
21:23:39.124  INFO  manager.ListenerWD - Before find element --> By.cssSelector: a[href='/login']
21:23:39.141  INFO  manager.ListenerWD - After find element --> By.cssSelector: a[href='/login']
21:23:39.187  INFO  manager.ListenerWD - Before find element --> By.name: email
21:23:39.206  INFO  manager.ListenerWD - After find element --> By.name: email
21:23:39.290  INFO  manager.ListenerWD - Before find element --> By.name: password
21:23:39.305  INFO  manager.ListenerWD - After find element --> By.name: password
21:23:39.371  INFO  manager.ListenerWD - Before find element --> By.cssSelector: [name='login']
21:23:39.385  INFO  manager.ListenerWD - After find element --> By.cssSelector: [name='login']
21:23:39.409  INFO  manager.ListenerWD - Before find elements --> By.xpath: //button[text()='Sign Out']
21:23:40.493  INFO  manager.ListenerWD - After find elements --> By.xpath: //button[text()='Sign Out']
21:23:40.494  INFO  manager.ListenerWD - List size is --> 0
21:23:40.525  INFO  tests.TestBase - Error message is: 'Wrong email or password'
21:23:40.528  INFO  manager.ListenerTNG - onFinish---Gradle test
