18:13:22.747  INFO  manager.ApplicationManager - All tests star in Chrome Browser
18:13:24.385  INFO  manager.ApplicationManager - Current Url -->https://telranedu.web.app/home
18:13:24.409  INFO  tests.TestBase - The name of starts method is --->addContactSuccessAllFields
18:13:24.410  INFO  manager.ListenerWD - Before find elements --> By.xpath: //button[text()='Sign Out']
18:13:29.469  INFO  manager.ListenerWD - After find elements --> By.xpath: //button[text()='Sign Out']
18:13:29.471  INFO  manager.ListenerWD - List size is --> 0
18:13:29.474  INFO  manager.ListenerWD - Before find element --> By.cssSelector: a[href='/login']
18:13:29.497  INFO  manager.ListenerWD - After find element --> By.cssSelector: a[href='/login']
18:13:29.520  INFO  manager.ListenerWD - Before find element --> By.cssSelector: a[href='/login']
18:13:29.532  INFO  manager.ListenerWD - After find element --> By.cssSelector: a[href='/login']
18:13:29.570  INFO  manager.ListenerWD - Before find element --> By.name: email
18:13:29.590  INFO  manager.ListenerWD - After find element --> By.name: email
18:13:29.671  INFO  manager.ListenerWD - Before find element --> By.name: password
18:13:29.684  INFO  manager.ListenerWD - After find element --> By.name: password
18:13:29.747  INFO  manager.ListenerWD - Before find element --> By.cssSelector: [name='login']
18:13:29.759  INFO  manager.ListenerWD - After find element --> By.cssSelector: [name='login']
18:13:29.802  INFO  tests.TestBase - Tests start with data : Contact(name=Marina1026, lastName=Shamos, email=marina1026@gmail.com, address=Canberra, phone=77777771026, description=Friend)
18:13:29.802  INFO  manager.ListenerWD - Before find element --> By.cssSelector: a[href='/add']
18:13:30.754  INFO  manager.ListenerWD - After find element --> By.cssSelector: a[href='/add']
18:13:30.779  INFO  manager.ListenerWD - Before find element --> By.cssSelector: input[placeholder='Name']
18:13:30.792  INFO  manager.ListenerWD - After find element --> By.cssSelector: input[placeholder='Name']
18:13:30.862  INFO  manager.ListenerWD - Before find element --> By.cssSelector: input[placeholder='Last Name']
18:13:30.873  INFO  manager.ListenerWD - After find element --> By.cssSelector: input[placeholder='Last Name']
18:13:30.938  INFO  manager.ListenerWD - Before find element --> By.cssSelector: input[placeholder='Phone']
18:13:30.949  INFO  manager.ListenerWD - After find element --> By.cssSelector: input[placeholder='Phone']
18:13:31.009  INFO  manager.ListenerWD - Before find element --> By.cssSelector: input[placeholder='email']
18:13:31.020  INFO  manager.ListenerWD - After find element --> By.cssSelector: input[placeholder='email']
18:13:31.088  INFO  manager.ListenerWD - Before find element --> By.cssSelector: input[placeholder='Address']
18:13:31.098  INFO  manager.ListenerWD - After find element --> By.cssSelector: input[placeholder='Address']
18:13:31.158  INFO  manager.ListenerWD - Before find element --> By.cssSelector: input[placeholder='description']
18:13:31.169  INFO  manager.ListenerWD - After find element --> By.cssSelector: input[placeholder='description']
18:13:31.233  INFO  manager.ListenerWD - Before find element --> By.xpath: //b[text()='Save']
18:13:31.244  INFO  manager.ListenerWD - After find element --> By.xpath: //b[text()='Save']
18:13:31.264  INFO  manager.ListenerWD - Before find elements --> By.cssSelector: h2
18:13:32.040  INFO  manager.ListenerWD - After find elements --> By.cssSelector: h2
18:13:32.040  INFO  manager.ListenerWD - List size is --> 48
18:13:32.443  INFO  manager.ListenerWD - Before find elements --> By.cssSelector: h3
18:13:32.597  INFO  manager.ListenerWD - After find elements --> By.cssSelector: h3
18:13:32.598  INFO  manager.ListenerWD - List size is --> 48
18:13:33.025  INFO  manager.ListenerWD - Before find elements --> By.cssSelector: .contact-item_card__2SOIM
18:13:33.162  INFO  manager.ListenerWD - After find elements --> By.cssSelector: .contact-item_card__2SOIM
18:13:33.163  INFO  manager.ListenerWD - List size is --> 48
18:13:33.192  INFO  manager.ListenerWD - Before find element --> By.cssSelector: .contact-item-detailed_card__50dTS
18:13:33.206  INFO  manager.ListenerWD - After find element --> By.cssSelector: .contact-item-detailed_card__50dTS
18:13:33.245  INFO  manager.ListenerWD - Before find element --> By.cssSelector: .contact-item-detailed_card__50dTS
18:13:33.254  INFO  manager.ListenerWD - After find element --> By.cssSelector: .contact-item-detailed_card__50dTS
18:13:33.284  INFO  manager.ListenerWD - Before find element --> By.cssSelector: .contact-item-detailed_card__50dTS
18:13:33.293  INFO  manager.ListenerWD - After find element --> By.cssSelector: .contact-item-detailed_card__50dTS
18:13:33.322  INFO  manager.ListenerWD - Before find element --> By.cssSelector: .contact-item-detailed_card__50dTS
18:13:33.331  INFO  manager.ListenerWD - After find element --> By.cssSelector: .contact-item-detailed_card__50dTS
18:13:33.360  INFO  manager.ListenerWD - Before find element --> By.cssSelector: .contact-item-detailed_card__50dTS
18:13:33.369  INFO  manager.ListenerWD - After find element --> By.cssSelector: .contact-item-detailed_card__50dTS
18:13:33.400  INFO  manager.ListenerWD - Before find element --> By.cssSelector: .contact-item-detailed_card__50dTS
18:13:33.409  INFO  manager.ListenerWD - After find element --> By.cssSelector: .contact-item-detailed_card__50dTS
18:13:33.438  INFO  manager.ListenerWD - Before find element --> By.cssSelector: .contact-item-detailed_card__50dTS
18:13:33.449  INFO  manager.ListenerWD - After find element --> By.cssSelector: .contact-item-detailed_card__50dTS
18:13:33.491  INFO  manager.ListenerWD - Before find element --> By.cssSelector: .contact-item-detailed_card__50dTS
18:13:33.502  INFO  manager.ListenerWD - After find element --> By.cssSelector: .contact-item-detailed_card__50dTS
18:13:33.532  INFO  manager.ListenerWD - Before find element --> By.cssSelector: .contact-item-detailed_card__50dTS
18:13:33.539  INFO  manager.ListenerWD - After find element --> By.cssSelector: .contact-item-detailed_card__50dTS
18:13:33.570  INFO  manager.ListenerWD - Before find element --> By.cssSelector: .contact-item-detailed_card__50dTS
18:13:33.578  INFO  manager.ListenerWD - After find element --> By.cssSelector: .contact-item-detailed_card__50dTS
18:13:33.610  INFO  manager.ListenerWD - Before find element --> By.cssSelector: .contact-item-detailed_card__50dTS
18:13:33.619  INFO  manager.ListenerWD - After find element --> By.cssSelector: .contact-item-detailed_card__50dTS
18:13:33.654  INFO  manager.ListenerWD - Before find element --> By.cssSelector: .contact-item-detailed_card__50dTS
18:13:33.662  INFO  manager.ListenerWD - After find element --> By.cssSelector: .contact-item-detailed_card__50dTS
18:13:33.692  INFO  manager.ListenerWD - Before find element --> By.cssSelector: .contact-item-detailed_card__50dTS
18:13:33.711  INFO  manager.ListenerWD - After find element --> By.cssSelector: .contact-item-detailed_card__50dTS
18:13:33.740  INFO  manager.ListenerWD - Before find element --> By.cssSelector: .contact-item-detailed_card__50dTS
18:13:33.747  INFO  manager.ListenerWD - After find element --> By.cssSelector: .contact-item-detailed_card__50dTS
18:13:33.777  INFO  manager.ListenerWD - Before find element --> By.cssSelector: .contact-item-detailed_card__50dTS
18:13:33.785  INFO  manager.ListenerWD - After find element --> By.cssSelector: .contact-item-detailed_card__50dTS
18:13:33.812  INFO  manager.ListenerWD - Before find element --> By.cssSelector: .contact-item-detailed_card__50dTS
18:13:33.823  INFO  manager.ListenerWD - After find element --> By.cssSelector: .contact-item-detailed_card__50dTS
18:13:33.850  INFO  manager.ListenerWD - Before find element --> By.cssSelector: .contact-item-detailed_card__50dTS
18:13:33.857  INFO  manager.ListenerWD - After find element --> By.cssSelector: .contact-item-detailed_card__50dTS
18:13:33.886  INFO  manager.ListenerWD - Before find element --> By.cssSelector: .contact-item-detailed_card__50dTS
18:13:33.893  INFO  manager.ListenerWD - After find element --> By.cssSelector: .contact-item-detailed_card__50dTS
18:13:33.920  INFO  manager.ListenerWD - Before find element --> By.cssSelector: .contact-item-detailed_card__50dTS
18:13:33.926  INFO  manager.ListenerWD - After find element --> By.cssSelector: .contact-item-detailed_card__50dTS
18:13:33.957  INFO  manager.ListenerWD - Before find element --> By.cssSelector: .contact-item-detailed_card__50dTS
18:13:33.964  INFO  manager.ListenerWD - After find element --> By.cssSelector: .contact-item-detailed_card__50dTS
18:13:34.004  INFO  manager.ListenerWD - Before find element --> By.cssSelector: .contact-item-detailed_card__50dTS
18:13:34.013  INFO  manager.ListenerWD - After find element --> By.cssSelector: .contact-item-detailed_card__50dTS
18:13:34.053  INFO  manager.ListenerWD - Before find element --> By.cssSelector: .contact-item-detailed_card__50dTS
18:13:34.063  INFO  manager.ListenerWD - After find element --> By.cssSelector: .contact-item-detailed_card__50dTS
18:13:34.103  INFO  manager.ListenerWD - Before find element --> By.cssSelector: .contact-item-detailed_card__50dTS
18:13:34.113  INFO  manager.ListenerWD - After find element --> By.cssSelector: .contact-item-detailed_card__50dTS
18:13:34.154  INFO  manager.ListenerWD - Before find element --> By.cssSelector: .contact-item-detailed_card__50dTS
18:13:34.161  INFO  manager.ListenerWD - After find element --> By.cssSelector: .contact-item-detailed_card__50dTS
18:13:34.202  INFO  manager.ListenerWD - Before find element --> By.cssSelector: .contact-item-detailed_card__50dTS
18:13:34.212  INFO  manager.ListenerWD - After find element --> By.cssSelector: .contact-item-detailed_card__50dTS
18:13:34.254  INFO  manager.ListenerWD - Before find element --> By.cssSelector: .contact-item-detailed_card__50dTS
18:13:34.263  INFO  manager.ListenerWD - After find element --> By.cssSelector: .contact-item-detailed_card__50dTS
18:13:34.291  INFO  manager.ListenerWD - Before find element --> By.cssSelector: .contact-item-detailed_card__50dTS
18:13:34.298  INFO  manager.ListenerWD - After find element --> By.cssSelector: .contact-item-detailed_card__50dTS
18:13:34.325  INFO  manager.ListenerWD - Before find element --> By.cssSelector: .contact-item-detailed_card__50dTS
18:13:34.334  INFO  manager.ListenerWD - After find element --> By.cssSelector: .contact-item-detailed_card__50dTS
18:13:34.360  INFO  manager.ListenerWD - Before find element --> By.cssSelector: .contact-item-detailed_card__50dTS
18:13:34.367  INFO  manager.ListenerWD - After find element --> By.cssSelector: .contact-item-detailed_card__50dTS
18:13:34.393  INFO  manager.ListenerWD - Before find element --> By.cssSelector: .contact-item-detailed_card__50dTS
18:13:34.401  INFO  manager.ListenerWD - After find element --> By.cssSelector: .contact-item-detailed_card__50dTS
18:13:34.426  INFO  manager.ListenerWD - Before find element --> By.cssSelector: .contact-item-detailed_card__50dTS
18:13:34.434  INFO  manager.ListenerWD - After find element --> By.cssSelector: .contact-item-detailed_card__50dTS
18:13:34.459  INFO  manager.ListenerWD - Before find element --> By.cssSelector: .contact-item-detailed_card__50dTS
18:13:34.467  INFO  manager.ListenerWD - After find element --> By.cssSelector: .contact-item-detailed_card__50dTS
18:13:34.492  INFO  manager.ListenerWD - Before find element --> By.cssSelector: .contact-item-detailed_card__50dTS
18:13:34.500  INFO  manager.ListenerWD - After find element --> By.cssSelector: .contact-item-detailed_card__50dTS
18:13:34.525  INFO  manager.ListenerWD - Before find element --> By.cssSelector: .contact-item-detailed_card__50dTS
18:13:34.535  INFO  manager.ListenerWD - After find element --> By.cssSelector: .contact-item-detailed_card__50dTS
18:13:34.562  INFO  manager.ListenerWD - Before find element --> By.cssSelector: .contact-item-detailed_card__50dTS
18:13:34.569  INFO  manager.ListenerWD - After find element --> By.cssSelector: .contact-item-detailed_card__50dTS
18:13:34.595  INFO  manager.ListenerWD - Before find element --> By.cssSelector: .contact-item-detailed_card__50dTS
18:13:34.602  INFO  manager.ListenerWD - After find element --> By.cssSelector: .contact-item-detailed_card__50dTS
18:13:34.628  INFO  manager.ListenerWD - Before find element --> By.cssSelector: .contact-item-detailed_card__50dTS
18:13:34.635  INFO  manager.ListenerWD - After find element --> By.cssSelector: .contact-item-detailed_card__50dTS
18:13:34.661  INFO  manager.ListenerWD - Before find element --> By.cssSelector: .contact-item-detailed_card__50dTS
18:13:34.669  INFO  manager.ListenerWD - After find element --> By.cssSelector: .contact-item-detailed_card__50dTS
18:13:34.695  INFO  manager.ListenerWD - Before find element --> By.cssSelector: .contact-item-detailed_card__50dTS
18:13:34.704  INFO  manager.ListenerWD - After find element --> By.cssSelector: .contact-item-detailed_card__50dTS
18:13:34.731  INFO  manager.ListenerWD - Before find element --> By.cssSelector: .contact-item-detailed_card__50dTS
18:13:34.738  INFO  manager.ListenerWD - After find element --> By.cssSelector: .contact-item-detailed_card__50dTS
18:13:34.765  INFO  manager.ListenerWD - Before find element --> By.cssSelector: .contact-item-detailed_card__50dTS
18:13:34.773  INFO  manager.ListenerWD - After find element --> By.cssSelector: .contact-item-detailed_card__50dTS
18:13:34.803  INFO  manager.ListenerWD - Before find element --> By.cssSelector: .contact-item-detailed_card__50dTS
18:13:34.812  INFO  manager.ListenerWD - After find element --> By.cssSelector: .contact-item-detailed_card__50dTS
18:13:34.850  INFO  manager.ListenerWD - Before find element --> By.cssSelector: .contact-item-detailed_card__50dTS
18:13:34.860  INFO  manager.ListenerWD - After find element --> By.cssSelector: .contact-item-detailed_card__50dTS
18:13:34.891  INFO  manager.ListenerWD - Before find element --> By.cssSelector: .contact-item-detailed_card__50dTS
18:13:34.898  INFO  manager.ListenerWD - After find element --> By.cssSelector: .contact-item-detailed_card__50dTS
18:13:34.926  INFO  manager.ListenerWD - Before find element --> By.cssSelector: .contact-item-detailed_card__50dTS
18:13:34.934  INFO  manager.ListenerWD - After find element --> By.cssSelector: .contact-item-detailed_card__50dTS
18:13:34.963  INFO  manager.ListenerWD - Before find element --> By.cssSelector: .contact-item-detailed_card__50dTS
18:13:34.971  INFO  manager.ListenerWD - After find element --> By.cssSelector: .contact-item-detailed_card__50dTS
18:13:35.000  INFO  manager.ListenerWD - Before find element --> By.cssSelector: .contact-item-detailed_card__50dTS
18:13:35.007  INFO  manager.ListenerWD - After find element --> By.cssSelector: .contact-item-detailed_card__50dTS
18:13:35.039  INFO  manager.ListenerWD - Before find element --> By.cssSelector: .contact-item-detailed_card__50dTS
18:13:35.046  INFO  manager.ListenerWD - After find element --> By.cssSelector: .contact-item-detailed_card__50dTS
18:13:35.052  INFO  tests.TestBase - Checked, if a contact was created by name,phone number and email
18:13:35.055  INFO  tests.TestBase - The name of starts method is --->registrationSuccess
18:13:35.055  INFO  manager.ListenerWD - Before find elements --> By.xpath: //button[text()='Sign Out']
18:13:35.062  INFO  manager.ListenerWD - After find elements --> By.xpath: //button[text()='Sign Out']
18:13:35.063  INFO  manager.ListenerWD - List size is --> 1
18:13:35.063  INFO  manager.ListenerWD - Before find element --> By.xpath: //button[text()='Sign Out']
18:13:35.073  INFO  manager.ListenerWD - After find element --> By.xpath: //button[text()='Sign Out']
18:13:35.095  INFO  tests.TestBase - I need logout
18:13:35.095  INFO  tests.TestBase - Registration with valid data: 'random email: dsa@gmail.com & password: Qq12345$'
18:13:35.095  INFO  manager.ListenerWD - Before find element --> By.cssSelector: a[href='/login']
18:13:35.105  INFO  manager.ListenerWD - After find element --> By.cssSelector: a[href='/login']
18:13:35.115  INFO  manager.ListenerWD - Before find element --> By.cssSelector: a[href='/login']
18:13:35.122  INFO  manager.ListenerWD - After find element --> By.cssSelector: a[href='/login']
18:13:35.143  INFO  manager.ListenerWD - Before find element --> By.name: email
18:13:35.150  INFO  manager.ListenerWD - After find element --> By.name: email
18:13:35.221  INFO  manager.ListenerWD - Before find element --> By.name: password
18:13:35.227  INFO  manager.ListenerWD - After find element --> By.name: password
18:13:35.294  INFO  manager.ListenerWD - Before find element --> By.cssSelector: [name='registration']
18:13:35.303  INFO  manager.ListenerWD - After find element --> By.cssSelector: [name='registration']
18:13:35.323  INFO  manager.ListenerWD - Before find elements --> By.xpath: //button[text()='Sign Out']
18:13:35.827  INFO  manager.ListenerWD - After find elements --> By.xpath: //button[text()='Sign Out']
18:13:35.827  INFO  manager.ListenerWD - List size is --> 1
18:13:35.827  INFO  tests.TestBase - registration success
