22:12:33.216  INFO  manager.ApplicationManager - All tests star in Chrome Browser
22:12:34.824  INFO  manager.ApplicationManager - Current Url -->https://telranedu.web.app/home
22:12:34.846  INFO  tests.TestBase - The name of starts method is --->registrationSuccess
22:12:34.848  INFO  manager.ListenerWD - Before find elements --> By.xpath: //button[text()='Sign Out']
22:12:39.885  INFO  manager.ListenerWD - After find elements --> By.xpath: //button[text()='Sign Out']
22:12:39.887  INFO  manager.ListenerWD - List size is --> 0
22:12:39.889  INFO  tests.TestBase - Registration with valid data: 'random email: dsa@gmail.com & password: Qq12345$'
22:12:39.893  INFO  manager.ListenerWD - Before find element --> By.cssSelector: a[href='/login']
22:12:39.917  INFO  manager.ListenerWD - After find element --> By.cssSelector: a[href='/login']
22:12:39.939  INFO  manager.ListenerWD - Before find element --> By.cssSelector: a[href='/login']
22:12:39.956  INFO  manager.ListenerWD - After find element --> By.cssSelector: a[href='/login']
22:12:39.998  INFO  manager.ListenerWD - Before find element --> By.name: email
22:12:40.017  INFO  manager.ListenerWD - After find element --> By.name: email
22:12:40.104  INFO  manager.ListenerWD - Before find element --> By.name: password
22:12:40.116  INFO  manager.ListenerWD - After find element --> By.name: password
22:12:40.179  INFO  manager.ListenerWD - Before find element --> By.cssSelector: [name='registration']
22:12:40.192  INFO  manager.ListenerWD - After find element --> By.cssSelector: [name='registration']
22:12:40.212  INFO  manager.ListenerWD - Before find elements --> By.xpath: //button[text()='Sign Out']
22:12:41.283  INFO  manager.ListenerWD - After find elements --> By.xpath: //button[text()='Sign Out']
22:12:41.284  INFO  manager.ListenerWD - List size is --> 1
22:12:41.286  INFO  tests.TestBase - registration success
22:12:41.291  INFO  tests.TestBase - The name of starts method is --->registrationUserAlreadyExists
22:12:41.292  INFO  manager.ListenerWD - Before find elements --> By.xpath: //button[text()='Sign Out']
22:12:41.306  INFO  manager.ListenerWD - After find elements --> By.xpath: //button[text()='Sign Out']
22:12:41.306  INFO  manager.ListenerWD - List size is --> 1
22:12:41.306  INFO  manager.ListenerWD - Before find element --> By.xpath: //button[text()='Sign Out']
22:12:41.320  INFO  manager.ListenerWD - After find element --> By.xpath: //button[text()='Sign Out']
22:12:41.346  INFO  tests.TestBase - I need logout
22:12:41.347  INFO  tests.TestBase - Registration with valid data of registered user: 'email: dsa@gmail.com & password: 'Qq12345$'
22:12:41.347  INFO  manager.ListenerWD - Before find element --> By.cssSelector: a[href='/login']
22:12:41.359  INFO  manager.ListenerWD - After find element --> By.cssSelector: a[href='/login']
22:12:41.371  INFO  manager.ListenerWD - Before find element --> By.cssSelector: a[href='/login']
22:12:41.382  INFO  manager.ListenerWD - After find element --> By.cssSelector: a[href='/login']
22:12:41.408  INFO  manager.ListenerWD - Before find element --> By.name: email
22:12:41.417  INFO  manager.ListenerWD - After find element --> By.name: email
22:12:41.486  INFO  manager.ListenerWD - Before find element --> By.name: password
22:12:41.495  INFO  manager.ListenerWD - After find element --> By.name: password
22:12:41.572  INFO  manager.ListenerWD - Before find element --> By.cssSelector: [name='registration']
22:12:41.586  INFO  manager.ListenerWD - After find element --> By.cssSelector: [name='registration']
22:12:41.620  INFO  manager.ListenerWD - We have a 'problem'
22:12:41.620  INFO  manager.ListenerWD - **********************
22:12:41.620  INFO  manager.ListenerWD - Method method-->alert
22:12:41.620  INFO  manager.ListenerWD - **********************
22:12:41.621  INFO  manager.ListenerWD - InvocationTargetException getTargetException() org.openqa.selenium.NoAlertPresentException: no such alert
  (Session info: chrome=109.0.5414.120)
Build info: version: '4.7.1', revision: 'c6795baf1a3'
System info: os.name: 'Windows 10', os.arch: 'amd64', os.version: '10.0', java.version: '11.0.17'
Driver info: org.openqa.selenium.chrome.ChromeDriver
Command: [7ef9088eefbbeb3429520415078181de, getAlertText {}]
Capabilities {acceptInsecureCerts: false, browserName: chrome, browserVersion: 109.0.5414.120, chrome: {chromedriverVersion: 108.0.5359.71 (1e0e3868ee06..., userDataDir: C:\Users\Marina\AppData\Loc...}, goog:chromeOptions: {debuggerAddress: localhost:57245}, networkConnectionEnabled: false, pageLoadStrategy: normal, platformName: WINDOWS, proxy: Proxy(), se:cdp: ws://localhost:57245/devtoo..., se:cdpVersion: 109.0.5414.120, setWindowRect: true, strictFileInteractability: false, timeouts: {implicit: 0, pageLoad: 300000, script: 30000}, unhandledPromptBehavior: dismiss and notify, webauthn:extension:credBlob: true, webauthn:extension:largeBlob: true, webauthn:virtualAuthenticators: true}
Session ID: 7ef9088eefbbeb3429520415078181de
22:12:41.621  INFO  manager.ListenerWD - **********************
22:12:41.622  INFO  manager.ListenerWD - Object targetorg.openqa.selenium.remote.RemoteWebDriver$RemoteTargetLocator@6dee8ae6
22:12:41.622  INFO  manager.ListenerWD - **********************
22:12:42.152  INFO  tests.TestBase - Error message is: 'User already exist'
22:12:42.153  INFO  tests.TestBase - The name of starts method is --->registrationWrongEmail
22:12:42.153  INFO  manager.ListenerWD - Before find elements --> By.xpath: //button[text()='Sign Out']
22:12:47.202  INFO  manager.ListenerWD - After find elements --> By.xpath: //button[text()='Sign Out']
22:12:47.202  INFO  manager.ListenerWD - List size is --> 0
22:12:47.203  INFO  tests.TestBase - Registration with 'invalid email: dsagmail.com & valid password: Qq12345$'
22:12:47.203  INFO  manager.ListenerWD - Before find element --> By.cssSelector: a[href='/login']
22:12:47.212  INFO  manager.ListenerWD - After find element --> By.cssSelector: a[href='/login']
22:12:47.224  INFO  manager.ListenerWD - Before find element --> By.cssSelector: a[href='/login']
22:12:47.233  INFO  manager.ListenerWD - After find element --> By.cssSelector: a[href='/login']
22:12:47.250  INFO  manager.ListenerWD - Before find element --> By.name: email
22:12:47.259  INFO  manager.ListenerWD - After find element --> By.name: email
22:12:47.344  INFO  manager.ListenerWD - Before find element --> By.name: password
22:12:47.355  INFO  manager.ListenerWD - After find element --> By.name: password
22:12:47.426  INFO  manager.ListenerWD - Before find element --> By.cssSelector: [name='registration']
22:12:47.435  INFO  manager.ListenerWD - After find element --> By.cssSelector: [name='registration']
22:12:47.461  INFO  manager.ListenerWD - We have a 'problem'
22:12:47.461  INFO  manager.ListenerWD - **********************
22:12:47.461  INFO  manager.ListenerWD - Method method-->alert
22:12:47.461  INFO  manager.ListenerWD - **********************
22:12:47.461  INFO  manager.ListenerWD - InvocationTargetException getTargetException() org.openqa.selenium.NoAlertPresentException: no such alert
  (Session info: chrome=109.0.5414.120)
Build info: version: '4.7.1', revision: 'c6795baf1a3'
System info: os.name: 'Windows 10', os.arch: 'amd64', os.version: '10.0', java.version: '11.0.17'
Driver info: org.openqa.selenium.chrome.ChromeDriver
Command: [7ef9088eefbbeb3429520415078181de, getAlertText {}]
Capabilities {acceptInsecureCerts: false, browserName: chrome, browserVersion: 109.0.5414.120, chrome: {chromedriverVersion: 108.0.5359.71 (1e0e3868ee06..., userDataDir: C:\Users\Marina\AppData\Loc...}, goog:chromeOptions: {debuggerAddress: localhost:57245}, networkConnectionEnabled: false, pageLoadStrategy: normal, platformName: WINDOWS, proxy: Proxy(), se:cdp: ws://localhost:57245/devtoo..., se:cdpVersion: 109.0.5414.120, setWindowRect: true, strictFileInteractability: false, timeouts: {implicit: 0, pageLoad: 300000, script: 30000}, unhandledPromptBehavior: dismiss and notify, webauthn:extension:credBlob: true, webauthn:extension:largeBlob: true, webauthn:virtualAuthenticators: true}
Session ID: 7ef9088eefbbeb3429520415078181de
22:12:47.461  INFO  manager.ListenerWD - **********************
22:12:47.461  INFO  manager.ListenerWD - Object targetorg.openqa.selenium.remote.RemoteWebDriver$RemoteTargetLocator@39dec536
22:12:47.461  INFO  manager.ListenerWD - **********************
22:12:47.986  INFO  tests.TestBase - Error message is: 'Wrong email or password format'
22:12:47.988  INFO  tests.TestBase - The name of starts method is --->registrationWrongPassword
22:12:47.988  INFO  manager.ListenerWD - Before find elements --> By.xpath: //button[text()='Sign Out']
22:12:53.045  INFO  manager.ListenerWD - After find elements --> By.xpath: //button[text()='Sign Out']
22:12:53.045  INFO  manager.ListenerWD - List size is --> 0
22:12:53.046  INFO  tests.TestBase - Registration with 'valid: email: dsa@gmail.com & invalid password: Qq123'
22:12:53.046  INFO  manager.ListenerWD - Before find element --> By.cssSelector: a[href='/login']
22:12:53.059  INFO  manager.ListenerWD - After find element --> By.cssSelector: a[href='/login']
22:12:53.070  INFO  manager.ListenerWD - Before find element --> By.cssSelector: a[href='/login']
22:12:53.082  INFO  manager.ListenerWD - After find element --> By.cssSelector: a[href='/login']
22:12:53.101  INFO  manager.ListenerWD - Before find element --> By.name: email
22:12:53.114  INFO  manager.ListenerWD - After find element --> By.name: email
22:12:53.194  INFO  manager.ListenerWD - Before find element --> By.name: password
22:12:53.202  INFO  manager.ListenerWD - After find element --> By.name: password
22:12:53.263  INFO  manager.ListenerWD - Before find element --> By.cssSelector: [name='registration']
22:12:53.273  INFO  manager.ListenerWD - After find element --> By.cssSelector: [name='registration']
22:12:53.299  INFO  manager.ListenerWD - We have a 'problem'
22:12:53.299  INFO  manager.ListenerWD - **********************
22:12:53.299  INFO  manager.ListenerWD - Method method-->alert
22:12:53.299  INFO  manager.ListenerWD - **********************
22:12:53.299  INFO  manager.ListenerWD - InvocationTargetException getTargetException() org.openqa.selenium.NoAlertPresentException: no such alert
  (Session info: chrome=109.0.5414.120)
Build info: version: '4.7.1', revision: 'c6795baf1a3'
System info: os.name: 'Windows 10', os.arch: 'amd64', os.version: '10.0', java.version: '11.0.17'
Driver info: org.openqa.selenium.chrome.ChromeDriver
Command: [7ef9088eefbbeb3429520415078181de, getAlertText {}]
Capabilities {acceptInsecureCerts: false, browserName: chrome, browserVersion: 109.0.5414.120, chrome: {chromedriverVersion: 108.0.5359.71 (1e0e3868ee06..., userDataDir: C:\Users\Marina\AppData\Loc...}, goog:chromeOptions: {debuggerAddress: localhost:57245}, networkConnectionEnabled: false, pageLoadStrategy: normal, platformName: WINDOWS, proxy: Proxy(), se:cdp: ws://localhost:57245/devtoo..., se:cdpVersion: 109.0.5414.120, setWindowRect: true, strictFileInteractability: false, timeouts: {implicit: 0, pageLoad: 300000, script: 30000}, unhandledPromptBehavior: dismiss and notify, webauthn:extension:credBlob: true, webauthn:extension:largeBlob: true, webauthn:virtualAuthenticators: true}
Session ID: 7ef9088eefbbeb3429520415078181de
22:12:53.299  INFO  manager.ListenerWD - **********************
22:12:53.299  INFO  manager.ListenerWD - Object targetorg.openqa.selenium.remote.RemoteWebDriver$RemoteTargetLocator@411cd156
22:12:53.299  INFO  manager.ListenerWD - **********************
22:12:53.824  INFO  tests.TestBase - Error message is: 'Wrong email or password format'
