20:27:33.683  INFO  manager.ApplicationManager - All tests star in Chrome Browser
20:27:35.630  INFO  manager.ApplicationManager - Current Url -->https://telranedu.web.app/home
20:27:35.635  INFO  manager.ListenerTNG - onStart---Gradle test
20:27:35.652  INFO  tests.TestBase - The name of starts method is --->loginSuccess
20:27:35.653  INFO  manager.ListenerWD - Before find elements --> By.xpath: //button[text()='Sign Out']
20:27:40.689  INFO  manager.ListenerWD - After find elements --> By.xpath: //button[text()='Sign Out']
20:27:40.690  INFO  manager.ListenerWD - List size is --> 0
20:27:40.691  INFO  manager.ListenerTNG - onTestStart---loginSuccess
20:27:40.691  INFO  tests.TestBase - Login with valid data: email: dsa@gmail.com & password: Qq12345$
20:27:40.713  INFO  manager.ListenerWD - Before find element --> By.cssSelector: a[href='/login']
20:27:40.733  INFO  manager.ListenerWD - After find element --> By.cssSelector: a[href='/login']
20:27:40.778  INFO  manager.ListenerWD - Before find element --> By.name: email
20:27:40.801  INFO  manager.ListenerWD - After find element --> By.name: email
20:27:40.896  INFO  manager.ListenerWD - Before find element --> By.name: password
20:27:40.910  INFO  manager.ListenerWD - After find element --> By.name: password
20:27:40.977  INFO  manager.ListenerWD - Before find element --> By.cssSelector: [name='login']
20:27:40.991  INFO  manager.ListenerWD - After find element --> By.cssSelector: [name='login']
20:27:41.014  INFO  manager.ListenerWD - Before find elements --> By.xpath: //button[text()='Sign Out']
20:27:41.972  INFO  manager.ListenerWD - After find elements --> By.xpath: //button[text()='Sign Out']
20:27:41.972  INFO  manager.ListenerWD - List size is --> 1
20:27:41.973  INFO  tests.TestBase - Tests success
20:27:41.974  INFO  manager.ListenerTNG - onTestSuccess---loginSuccess
20:27:41.977  INFO  manager.ListenerTNG - onFinish---Gradle test
