21:31:45.466  INFO  manager.ApplicationManager - All tests star in Chrome Browser
21:31:47.244  INFO  manager.ApplicationManager - Current Url -->https://telranedu.web.app/home
21:31:47.251  INFO  manager.ListenerTNG - onStart---Gradle test
21:31:47.271  INFO  tests.TestBase - The name of starts method is --->loginSuccessModelFromFile
21:31:47.273  INFO  manager.ListenerWD - Before find elements --> By.xpath: //button[text()='Sign Out']
21:31:52.296  INFO  manager.ListenerWD - After find elements --> By.xpath: //button[text()='Sign Out']
21:31:52.299  INFO  manager.ListenerWD - List size is --> 0
21:31:52.300  INFO  manager.ListenerTNG - onTestStart---loginSuccessModelFromFile
21:31:52.306  INFO  tests.TestBase - Tests start with usr model---User(email=dsa@gmail.com, password=Qq12345$)
21:31:52.307  INFO  manager.ListenerWD - Before find element --> By.cssSelector: a[href='/login']
21:31:52.331  INFO  manager.ListenerWD - After find element --> By.cssSelector: a[href='/login']
21:31:52.385  INFO  manager.ListenerWD - Before find element --> By.name: email
21:31:52.405  INFO  manager.ListenerWD - After find element --> By.name: email
21:31:52.496  INFO  manager.ListenerWD - Before find element --> By.name: password
21:31:52.510  INFO  manager.ListenerWD - After find element --> By.name: password
21:31:52.571  INFO  manager.ListenerWD - Before find element --> By.cssSelector: [name='login']
21:31:52.583  INFO  manager.ListenerWD - After find element --> By.cssSelector: [name='login']
21:31:52.606  INFO  manager.ListenerWD - Before find elements --> By.xpath: //button[text()='Sign Out']
21:31:53.606  INFO  manager.ListenerWD - After find elements --> By.xpath: //button[text()='Sign Out']
21:31:53.606  INFO  manager.ListenerWD - List size is --> 1
21:31:53.610  INFO  tests.TestBase - The name of starts method is --->loginSuccessModelFromFile
21:31:53.610  INFO  manager.ListenerWD - Before find elements --> By.xpath: //button[text()='Sign Out']
21:31:53.623  INFO  manager.ListenerWD - After find elements --> By.xpath: //button[text()='Sign Out']
21:31:53.623  INFO  manager.ListenerWD - List size is --> 1
21:31:53.623  INFO  manager.ListenerWD - Before find element --> By.xpath: //button[text()='Sign Out']
21:31:53.637  INFO  manager.ListenerWD - After find element --> By.xpath: //button[text()='Sign Out']
21:31:53.661  INFO  tests.TestBase - I need logout
21:31:53.662  INFO  manager.ListenerTNG - onTestStart---loginSuccessModelFromFile
21:31:53.662  INFO  tests.TestBase - Tests start with usr model---User(email=mjmj@gmail.com, password=Qq123456$)
21:31:53.662  INFO  manager.ListenerWD - Before find element --> By.cssSelector: a[href='/login']
21:31:53.672  INFO  manager.ListenerWD - After find element --> By.cssSelector: a[href='/login']
21:31:53.693  INFO  manager.ListenerWD - Before find element --> By.name: email
21:31:53.702  INFO  manager.ListenerWD - After find element --> By.name: email
21:31:53.774  INFO  manager.ListenerWD - Before find element --> By.name: password
21:31:53.783  INFO  manager.ListenerWD - After find element --> By.name: password
21:31:53.859  INFO  manager.ListenerWD - Before find element --> By.cssSelector: [name='login']
21:31:53.868  INFO  manager.ListenerWD - After find element --> By.cssSelector: [name='login']
21:31:53.887  INFO  manager.ListenerWD - Before find elements --> By.xpath: //button[text()='Sign Out']
21:31:54.212  INFO  manager.ListenerWD - After find elements --> By.xpath: //button[text()='Sign Out']
21:31:54.213  INFO  manager.ListenerWD - List size is --> 1
21:31:54.213  INFO  tests.TestBase - The name of starts method is --->loginSuccessModelFromFile
21:31:54.214  INFO  manager.ListenerWD - Before find elements --> By.xpath: //button[text()='Sign Out']
21:31:54.228  INFO  manager.ListenerWD - After find elements --> By.xpath: //button[text()='Sign Out']
21:31:54.229  INFO  manager.ListenerWD - List size is --> 1
21:31:54.229  INFO  manager.ListenerWD - Before find element --> By.xpath: //button[text()='Sign Out']
21:31:54.240  INFO  manager.ListenerWD - After find element --> By.xpath: //button[text()='Sign Out']
21:31:54.262  INFO  tests.TestBase - I need logout
21:31:54.263  INFO  manager.ListenerTNG - onTestStart---loginSuccessModelFromFile
21:31:54.263  INFO  tests.TestBase - Tests start with usr model---User(email=alex@gmail.com, password=Qq12345$)
21:31:54.263  INFO  manager.ListenerWD - Before find element --> By.cssSelector: a[href='/login']
21:31:54.271  INFO  manager.ListenerWD - After find element --> By.cssSelector: a[href='/login']
21:31:54.294  INFO  manager.ListenerWD - Before find element --> By.name: email
21:31:54.302  INFO  manager.ListenerWD - After find element --> By.name: email
21:31:54.371  INFO  manager.ListenerWD - Before find element --> By.name: password
21:31:54.380  INFO  manager.ListenerWD - After find element --> By.name: password
21:31:54.448  INFO  manager.ListenerWD - Before find element --> By.cssSelector: [name='login']
21:31:54.457  INFO  manager.ListenerWD - After find element --> By.cssSelector: [name='login']
21:31:54.476  INFO  manager.ListenerWD - Before find elements --> By.xpath: //button[text()='Sign Out']
21:31:54.801  INFO  manager.ListenerWD - After find elements --> By.xpath: //button[text()='Sign Out']
21:31:54.802  INFO  manager.ListenerWD - List size is --> 1
21:31:54.803  INFO  manager.ListenerTNG - onFinish---Gradle test
