18:41:52.770  INFO  manager.ApplicationManager - All tests star in Chrome Browser
18:41:54.507  INFO  manager.ApplicationManager - Current Url -->https://telranedu.web.app/home
18:41:54.510  INFO  manager.ListenerTNG - onStart---Nopackage
18:41:54.531  INFO  tests.TestBase - The name of starts method is --->addContactSuccessAllFields
18:41:54.533  INFO  manager.ListenerWD - Before find elements --> By.xpath: //button[text()='Sign Out']
18:41:59.613  INFO  manager.ListenerWD - After find elements --> By.xpath: //button[text()='Sign Out']
18:41:59.615  INFO  manager.ListenerWD - List size is --> 0
18:41:59.618  INFO  manager.ListenerWD - Before find element --> By.cssSelector: a[href='/login']
18:41:59.644  INFO  manager.ListenerWD - After find element --> By.cssSelector: a[href='/login']
18:41:59.669  INFO  manager.ListenerWD - Before find element --> By.cssSelector: a[href='/login']
18:41:59.690  INFO  manager.ListenerWD - After find element --> By.cssSelector: a[href='/login']
18:41:59.728  INFO  manager.ListenerWD - Before find element --> By.name: email
18:41:59.748  INFO  manager.ListenerWD - After find element --> By.name: email
18:41:59.832  INFO  manager.ListenerWD - Before find element --> By.name: password
18:41:59.845  INFO  manager.ListenerWD - After find element --> By.name: password
18:41:59.912  INFO  manager.ListenerWD - Before find element --> By.cssSelector: [name='login']
18:41:59.924  INFO  manager.ListenerWD - After find element --> By.cssSelector: [name='login']
18:41:59.947  INFO  manager.ListenerTNG - onTestStart---addContactSuccessAllFields
18:41:59.966  INFO  tests.TestBase - Tests start with data : Contact(name=Marina1040, lastName=Shamos, email=marina1040@gmail.com, address=Canberra, phone=77777771040, description=Friend)
18:41:59.967  INFO  manager.ListenerWD - Before find element --> By.cssSelector: a[href='/add']
18:42:00.913  INFO  manager.ListenerWD - After find element --> By.cssSelector: a[href='/add']
18:42:00.942  INFO  manager.ListenerWD - Before find element --> By.cssSelector: input[placeholder='Name']
18:42:00.958  INFO  manager.ListenerWD - After find element --> By.cssSelector: input[placeholder='Name']
18:42:01.032  INFO  manager.ListenerWD - Before find element --> By.cssSelector: input[placeholder='Last Name']
18:42:01.047  INFO  manager.ListenerWD - After find element --> By.cssSelector: input[placeholder='Last Name']
18:42:01.116  INFO  manager.ListenerWD - Before find element --> By.cssSelector: input[placeholder='Phone']
18:42:01.128  INFO  manager.ListenerWD - After find element --> By.cssSelector: input[placeholder='Phone']
18:42:01.190  INFO  manager.ListenerWD - Before find element --> By.cssSelector: input[placeholder='email']
18:42:01.204  INFO  manager.ListenerWD - After find element --> By.cssSelector: input[placeholder='email']
18:42:01.273  INFO  manager.ListenerWD - Before find element --> By.cssSelector: input[placeholder='Address']
18:42:01.284  INFO  manager.ListenerWD - After find element --> By.cssSelector: input[placeholder='Address']
18:42:01.347  INFO  manager.ListenerWD - Before find element --> By.cssSelector: input[placeholder='description']
18:42:01.357  INFO  manager.ListenerWD - After find element --> By.cssSelector: input[placeholder='description']
18:42:01.418  INFO  manager.ListenerWD - Before find element --> By.xpath: //b[text()='Save']
18:42:01.428  INFO  manager.ListenerWD - After find element --> By.xpath: //b[text()='Save']
18:42:01.449  INFO  manager.ListenerWD - Before find elements --> By.cssSelector: h2
18:42:02.280  INFO  manager.ListenerWD - After find elements --> By.cssSelector: h2
18:42:02.280  INFO  manager.ListenerWD - List size is --> 51
18:42:02.700  INFO  manager.ListenerWD - Before find elements --> By.cssSelector: h3
18:42:02.872  INFO  manager.ListenerWD - After find elements --> By.cssSelector: h3
18:42:02.872  INFO  manager.ListenerWD - List size is --> 51
18:42:03.334  INFO  manager.ListenerWD - Before find elements --> By.cssSelector: .contact-item_card__2SOIM
18:42:03.460  INFO  manager.ListenerWD - After find elements --> By.cssSelector: .contact-item_card__2SOIM
18:42:03.460  INFO  manager.ListenerWD - List size is --> 51
18:42:03.493  INFO  manager.ListenerWD - Before find element --> By.cssSelector: .contact-item-detailed_card__50dTS
18:42:03.507  INFO  manager.ListenerWD - After find element --> By.cssSelector: .contact-item-detailed_card__50dTS
18:42:03.537  INFO  manager.ListenerWD - Before find element --> By.cssSelector: .contact-item-detailed_card__50dTS
18:42:03.545  INFO  manager.ListenerWD - After find element --> By.cssSelector: .contact-item-detailed_card__50dTS
18:42:03.573  INFO  manager.ListenerWD - Before find element --> By.cssSelector: .contact-item-detailed_card__50dTS
18:42:03.582  INFO  manager.ListenerWD - After find element --> By.cssSelector: .contact-item-detailed_card__50dTS
18:42:03.615  INFO  manager.ListenerWD - Before find element --> By.cssSelector: .contact-item-detailed_card__50dTS
18:42:03.621  INFO  manager.ListenerWD - After find element --> By.cssSelector: .contact-item-detailed_card__50dTS
18:42:03.663  INFO  manager.ListenerWD - Before find element --> By.cssSelector: .contact-item-detailed_card__50dTS
18:42:03.671  INFO  manager.ListenerWD - After find element --> By.cssSelector: .contact-item-detailed_card__50dTS
18:42:03.708  INFO  manager.ListenerWD - Before find element --> By.cssSelector: .contact-item-detailed_card__50dTS
18:42:03.720  INFO  manager.ListenerWD - After find element --> By.cssSelector: .contact-item-detailed_card__50dTS
18:42:03.756  INFO  manager.ListenerWD - Before find element --> By.cssSelector: .contact-item-detailed_card__50dTS
18:42:03.767  INFO  manager.ListenerWD - After find element --> By.cssSelector: .contact-item-detailed_card__50dTS
18:42:03.802  INFO  manager.ListenerWD - Before find element --> By.cssSelector: .contact-item-detailed_card__50dTS
18:42:03.813  INFO  manager.ListenerWD - After find element --> By.cssSelector: .contact-item-detailed_card__50dTS
18:42:03.854  INFO  manager.ListenerWD - Before find element --> By.cssSelector: .contact-item-detailed_card__50dTS
18:42:03.866  INFO  manager.ListenerWD - After find element --> By.cssSelector: .contact-item-detailed_card__50dTS
18:42:03.899  INFO  manager.ListenerWD - Before find element --> By.cssSelector: .contact-item-detailed_card__50dTS
18:42:03.907  INFO  manager.ListenerWD - After find element --> By.cssSelector: .contact-item-detailed_card__50dTS
18:42:03.941  INFO  manager.ListenerWD - Before find element --> By.cssSelector: .contact-item-detailed_card__50dTS
18:42:03.949  INFO  manager.ListenerWD - After find element --> By.cssSelector: .contact-item-detailed_card__50dTS
18:42:03.986  INFO  manager.ListenerWD - Before find element --> By.cssSelector: .contact-item-detailed_card__50dTS
18:42:03.998  INFO  manager.ListenerWD - After find element --> By.cssSelector: .contact-item-detailed_card__50dTS
18:42:04.038  INFO  manager.ListenerWD - Before find element --> By.cssSelector: .contact-item-detailed_card__50dTS
18:42:04.049  INFO  manager.ListenerWD - After find element --> By.cssSelector: .contact-item-detailed_card__50dTS
18:42:04.091  INFO  manager.ListenerWD - Before find element --> By.cssSelector: .contact-item-detailed_card__50dTS
18:42:04.103  INFO  manager.ListenerWD - After find element --> By.cssSelector: .contact-item-detailed_card__50dTS
18:42:04.141  INFO  manager.ListenerWD - Before find element --> By.cssSelector: .contact-item-detailed_card__50dTS
18:42:04.152  INFO  manager.ListenerWD - After find element --> By.cssSelector: .contact-item-detailed_card__50dTS
18:42:04.193  INFO  manager.ListenerWD - Before find element --> By.cssSelector: .contact-item-detailed_card__50dTS
18:42:04.202  INFO  manager.ListenerWD - After find element --> By.cssSelector: .contact-item-detailed_card__50dTS
18:42:04.234  INFO  manager.ListenerWD - Before find element --> By.cssSelector: .contact-item-detailed_card__50dTS
18:42:04.243  INFO  manager.ListenerWD - After find element --> By.cssSelector: .contact-item-detailed_card__50dTS
18:42:04.272  INFO  manager.ListenerWD - Before find element --> By.cssSelector: .contact-item-detailed_card__50dTS
18:42:04.281  INFO  manager.ListenerWD - After find element --> By.cssSelector: .contact-item-detailed_card__50dTS
18:42:04.307  INFO  manager.ListenerWD - Before find element --> By.cssSelector: .contact-item-detailed_card__50dTS
18:42:04.315  INFO  manager.ListenerWD - After find element --> By.cssSelector: .contact-item-detailed_card__50dTS
18:42:04.343  INFO  manager.ListenerWD - Before find element --> By.cssSelector: .contact-item-detailed_card__50dTS
18:42:04.351  INFO  manager.ListenerWD - After find element --> By.cssSelector: .contact-item-detailed_card__50dTS
18:42:04.380  INFO  manager.ListenerWD - Before find element --> By.cssSelector: .contact-item-detailed_card__50dTS
18:42:04.386  INFO  manager.ListenerWD - After find element --> By.cssSelector: .contact-item-detailed_card__50dTS
18:42:04.414  INFO  manager.ListenerWD - Before find element --> By.cssSelector: .contact-item-detailed_card__50dTS
18:42:04.424  INFO  manager.ListenerWD - After find element --> By.cssSelector: .contact-item-detailed_card__50dTS
18:42:04.454  INFO  manager.ListenerWD - Before find element --> By.cssSelector: .contact-item-detailed_card__50dTS
18:42:04.461  INFO  manager.ListenerWD - After find element --> By.cssSelector: .contact-item-detailed_card__50dTS
18:42:04.487  INFO  manager.ListenerWD - Before find element --> By.cssSelector: .contact-item-detailed_card__50dTS
18:42:04.494  INFO  manager.ListenerWD - After find element --> By.cssSelector: .contact-item-detailed_card__50dTS
18:42:04.522  INFO  manager.ListenerWD - Before find element --> By.cssSelector: .contact-item-detailed_card__50dTS
18:42:04.530  INFO  manager.ListenerWD - After find element --> By.cssSelector: .contact-item-detailed_card__50dTS
18:42:04.557  INFO  manager.ListenerWD - Before find element --> By.cssSelector: .contact-item-detailed_card__50dTS
18:42:04.565  INFO  manager.ListenerWD - After find element --> By.cssSelector: .contact-item-detailed_card__50dTS
18:42:04.594  INFO  manager.ListenerWD - Before find element --> By.cssSelector: .contact-item-detailed_card__50dTS
18:42:04.603  INFO  manager.ListenerWD - After find element --> By.cssSelector: .contact-item-detailed_card__50dTS
18:42:04.630  INFO  manager.ListenerWD - Before find element --> By.cssSelector: .contact-item-detailed_card__50dTS
18:42:04.637  INFO  manager.ListenerWD - After find element --> By.cssSelector: .contact-item-detailed_card__50dTS
18:42:04.664  INFO  manager.ListenerWD - Before find element --> By.cssSelector: .contact-item-detailed_card__50dTS
18:42:04.671  INFO  manager.ListenerWD - After find element --> By.cssSelector: .contact-item-detailed_card__50dTS
18:42:04.699  INFO  manager.ListenerWD - Before find element --> By.cssSelector: .contact-item-detailed_card__50dTS
18:42:04.705  INFO  manager.ListenerWD - After find element --> By.cssSelector: .contact-item-detailed_card__50dTS
18:42:04.737  INFO  manager.ListenerWD - Before find element --> By.cssSelector: .contact-item-detailed_card__50dTS
18:42:04.745  INFO  manager.ListenerWD - After find element --> By.cssSelector: .contact-item-detailed_card__50dTS
18:42:04.770  INFO  manager.ListenerWD - Before find element --> By.cssSelector: .contact-item-detailed_card__50dTS
18:42:04.780  INFO  manager.ListenerWD - After find element --> By.cssSelector: .contact-item-detailed_card__50dTS
18:42:04.812  INFO  manager.ListenerWD - Before find element --> By.cssSelector: .contact-item-detailed_card__50dTS
18:42:04.821  INFO  manager.ListenerWD - After find element --> By.cssSelector: .contact-item-detailed_card__50dTS
18:42:04.850  INFO  manager.ListenerWD - Before find element --> By.cssSelector: .contact-item-detailed_card__50dTS
18:42:04.857  INFO  manager.ListenerWD - After find element --> By.cssSelector: .contact-item-detailed_card__50dTS
18:42:04.884  INFO  manager.ListenerWD - Before find element --> By.cssSelector: .contact-item-detailed_card__50dTS
18:42:04.891  INFO  manager.ListenerWD - After find element --> By.cssSelector: .contact-item-detailed_card__50dTS
18:42:04.917  INFO  manager.ListenerWD - Before find element --> By.cssSelector: .contact-item-detailed_card__50dTS
18:42:04.924  INFO  manager.ListenerWD - After find element --> By.cssSelector: .contact-item-detailed_card__50dTS
18:42:04.954  INFO  manager.ListenerWD - Before find element --> By.cssSelector: .contact-item-detailed_card__50dTS
18:42:04.974  INFO  manager.ListenerWD - After find element --> By.cssSelector: .contact-item-detailed_card__50dTS
18:42:05.007  INFO  manager.ListenerWD - Before find element --> By.cssSelector: .contact-item-detailed_card__50dTS
18:42:05.016  INFO  manager.ListenerWD - After find element --> By.cssSelector: .contact-item-detailed_card__50dTS
18:42:05.043  INFO  manager.ListenerWD - Before find element --> By.cssSelector: .contact-item-detailed_card__50dTS
18:42:05.051  INFO  manager.ListenerWD - After find element --> By.cssSelector: .contact-item-detailed_card__50dTS
18:42:05.079  INFO  manager.ListenerWD - Before find element --> By.cssSelector: .contact-item-detailed_card__50dTS
18:42:05.087  INFO  manager.ListenerWD - After find element --> By.cssSelector: .contact-item-detailed_card__50dTS
18:42:05.116  INFO  manager.ListenerWD - Before find element --> By.cssSelector: .contact-item-detailed_card__50dTS
18:42:05.123  INFO  manager.ListenerWD - After find element --> By.cssSelector: .contact-item-detailed_card__50dTS
18:42:05.149  INFO  manager.ListenerWD - Before find element --> By.cssSelector: .contact-item-detailed_card__50dTS
18:42:05.156  INFO  manager.ListenerWD - After find element --> By.cssSelector: .contact-item-detailed_card__50dTS
18:42:05.184  INFO  manager.ListenerWD - Before find element --> By.cssSelector: .contact-item-detailed_card__50dTS
18:42:05.191  INFO  manager.ListenerWD - After find element --> By.cssSelector: .contact-item-detailed_card__50dTS
18:42:05.232  INFO  manager.ListenerWD - Before find element --> By.cssSelector: .contact-item-detailed_card__50dTS
18:42:05.241  INFO  manager.ListenerWD - After find element --> By.cssSelector: .contact-item-detailed_card__50dTS
18:42:05.269  INFO  manager.ListenerWD - Before find element --> By.cssSelector: .contact-item-detailed_card__50dTS
18:42:05.277  INFO  manager.ListenerWD - After find element --> By.cssSelector: .contact-item-detailed_card__50dTS
18:42:05.303  INFO  manager.ListenerWD - Before find element --> By.cssSelector: .contact-item-detailed_card__50dTS
18:42:05.309  INFO  manager.ListenerWD - After find element --> By.cssSelector: .contact-item-detailed_card__50dTS
18:42:05.336  INFO  manager.ListenerWD - Before find element --> By.cssSelector: .contact-item-detailed_card__50dTS
18:42:05.343  INFO  manager.ListenerWD - After find element --> By.cssSelector: .contact-item-detailed_card__50dTS
18:42:05.368  INFO  manager.ListenerWD - Before find element --> By.cssSelector: .contact-item-detailed_card__50dTS
18:42:05.375  INFO  manager.ListenerWD - After find element --> By.cssSelector: .contact-item-detailed_card__50dTS
18:42:05.403  INFO  manager.ListenerWD - Before find element --> By.cssSelector: .contact-item-detailed_card__50dTS
18:42:05.411  INFO  manager.ListenerWD - After find element --> By.cssSelector: .contact-item-detailed_card__50dTS
18:42:05.439  INFO  manager.ListenerWD - Before find element --> By.cssSelector: .contact-item-detailed_card__50dTS
18:42:05.448  INFO  manager.ListenerWD - After find element --> By.cssSelector: .contact-item-detailed_card__50dTS
18:42:05.475  INFO  manager.ListenerWD - Before find element --> By.cssSelector: .contact-item-detailed_card__50dTS
18:42:05.483  INFO  manager.ListenerWD - After find element --> By.cssSelector: .contact-item-detailed_card__50dTS
18:42:05.488  INFO  tests.TestBase - Checked, if a contact was created by name,phone number and email
18:42:05.491  INFO  tests.TestBase - The name of starts method is --->registrationSuccess
18:42:05.492  INFO  manager.ListenerWD - Before find elements --> By.xpath: //button[text()='Sign Out']
18:42:05.501  INFO  manager.ListenerWD - After find elements --> By.xpath: //button[text()='Sign Out']
18:42:05.503  INFO  manager.ListenerWD - List size is --> 1
18:42:05.503  INFO  manager.ListenerWD - Before find element --> By.xpath: //button[text()='Sign Out']
18:42:05.511  INFO  manager.ListenerWD - After find element --> By.xpath: //button[text()='Sign Out']
18:42:05.532  INFO  tests.TestBase - I need logout
18:42:05.532  INFO  manager.ListenerTNG - onTestStart---registrationSuccess
18:42:05.532  INFO  tests.TestBase - Registration with valid data: 'random email: dsa@gmail.com & password: Qq12345$'
18:42:05.532  INFO  manager.ListenerWD - Before find element --> By.cssSelector: a[href='/login']
18:42:05.539  INFO  manager.ListenerWD - After find element --> By.cssSelector: a[href='/login']
18:42:05.554  INFO  manager.ListenerWD - Before find element --> By.cssSelector: a[href='/login']
18:42:05.562  INFO  manager.ListenerWD - After find element --> By.cssSelector: a[href='/login']
18:42:05.583  INFO  manager.ListenerWD - Before find element --> By.name: email
18:42:05.591  INFO  manager.ListenerWD - After find element --> By.name: email
18:42:05.659  INFO  manager.ListenerWD - Before find element --> By.name: password
18:42:05.667  INFO  manager.ListenerWD - After find element --> By.name: password
18:42:05.733  INFO  manager.ListenerWD - Before find element --> By.cssSelector: [name='registration']
18:42:05.742  INFO  manager.ListenerWD - After find element --> By.cssSelector: [name='registration']
18:42:05.762  INFO  manager.ListenerWD - Before find elements --> By.xpath: //button[text()='Sign Out']
18:42:06.278  INFO  manager.ListenerWD - After find elements --> By.xpath: //button[text()='Sign Out']
18:42:06.278  INFO  manager.ListenerWD - List size is --> 1
18:42:06.278  INFO  tests.TestBase - registration success
18:42:06.280  INFO  tests.TestBase - The name of starts method is --->loginWrongEmail
18:42:06.280  INFO  manager.ListenerWD - Before find elements --> By.xpath: //button[text()='Sign Out']
18:42:06.288  INFO  manager.ListenerWD - After find elements --> By.xpath: //button[text()='Sign Out']
18:42:06.289  INFO  manager.ListenerWD - List size is --> 1
18:42:06.289  INFO  manager.ListenerWD - Before find element --> By.xpath: //button[text()='Sign Out']
18:42:06.296  INFO  manager.ListenerWD - After find element --> By.xpath: //button[text()='Sign Out']
18:42:06.323  INFO  tests.TestBase - I need logout
18:42:06.324  INFO  manager.ListenerTNG - onTestStart---loginWrongEmail
18:42:06.325  INFO  tests.TestBase - Login with invalid email: 'dsagmail.com' & valid password: Qq12345$
18:42:06.325  INFO  manager.ListenerWD - Before find element --> By.cssSelector: a[href='/login']
18:42:06.335  INFO  manager.ListenerWD - After find element --> By.cssSelector: a[href='/login']
18:42:06.346  INFO  manager.ListenerWD - Before find element --> By.cssSelector: a[href='/login']
18:42:06.354  INFO  manager.ListenerWD - After find element --> By.cssSelector: a[href='/login']
18:42:06.375  INFO  manager.ListenerWD - Before find element --> By.name: email
18:42:06.384  INFO  manager.ListenerWD - After find element --> By.name: email
18:42:06.464  INFO  manager.ListenerWD - Before find element --> By.name: password
18:42:06.474  INFO  manager.ListenerWD - After find element --> By.name: password
18:42:06.550  INFO  manager.ListenerWD - Before find element --> By.cssSelector: [name='login']
18:42:06.558  INFO  manager.ListenerWD - After find element --> By.cssSelector: [name='login']
18:42:06.582  INFO  manager.ListenerWD - Before find elements --> By.xpath: //button[text()='Sign Out']
18:42:07.019  INFO  manager.ListenerWD - After find elements --> By.xpath: //button[text()='Sign Out']
18:42:07.019  INFO  manager.ListenerWD - List size is --> 0
18:42:07.035  INFO  tests.TestBase - Error message is: 'Wrong email or password'
18:42:07.036  INFO  manager.ListenerTNG - onFinish---Nopackage
