18:50:22.825  INFO  manager.ApplicationManager - All tests star in Chrome Browser
18:50:24.623  INFO  manager.ApplicationManager - Current Url -->https://telranedu.web.app/home
18:50:24.647  INFO  tests.TestBase - The name of starts method is --->addContactSuccessAllFields
18:50:24.649  INFO  manager.ListenerWD - Before find elements --> By.xpath: //button[text()='Sign Out']
18:50:29.710  INFO  manager.ListenerWD - After find elements --> By.xpath: //button[text()='Sign Out']
18:50:29.713  INFO  manager.ListenerWD - List size is --> 0
18:50:29.717  INFO  manager.ListenerWD - Before find element --> By.cssSelector: a[href='/login']
18:50:29.741  INFO  manager.ListenerWD - After find element --> By.cssSelector: a[href='/login']
18:50:29.764  INFO  manager.ListenerWD - Before find element --> By.cssSelector: a[href='/login']
18:50:29.780  INFO  manager.ListenerWD - After find element --> By.cssSelector: a[href='/login']
18:50:29.821  INFO  manager.ListenerWD - Before find element --> By.name: email
18:50:29.842  INFO  manager.ListenerWD - After find element --> By.name: email
18:50:29.929  INFO  manager.ListenerWD - Before find element --> By.name: password
18:50:29.942  INFO  manager.ListenerWD - After find element --> By.name: password
18:50:30.006  INFO  manager.ListenerWD - Before find element --> By.cssSelector: [name='login']
18:50:30.019  INFO  manager.ListenerWD - After find element --> By.cssSelector: [name='login']
18:50:30.059  INFO  tests.TestBase - Tests start with data : Contact(name=Marina1045, lastName=Shamos, email=marina1045@gmail.com, address=Canberra, phone=77777771045, description=Friend)
18:50:30.060  INFO  manager.ListenerWD - Before find element --> By.cssSelector: a[href='/add']
18:50:31.020  INFO  manager.ListenerWD - After find element --> By.cssSelector: a[href='/add']
18:50:31.045  INFO  manager.ListenerWD - Before find element --> By.cssSelector: input[placeholder='Name']
18:50:31.060  INFO  manager.ListenerWD - After find element --> By.cssSelector: input[placeholder='Name']
18:50:31.130  INFO  manager.ListenerWD - Before find element --> By.cssSelector: input[placeholder='Last Name']
18:50:31.141  INFO  manager.ListenerWD - After find element --> By.cssSelector: input[placeholder='Last Name']
18:50:31.208  INFO  manager.ListenerWD - Before find element --> By.cssSelector: input[placeholder='Phone']
18:50:31.221  INFO  manager.ListenerWD - After find element --> By.cssSelector: input[placeholder='Phone']
18:50:31.283  INFO  manager.ListenerWD - Before find element --> By.cssSelector: input[placeholder='email']
18:50:31.294  INFO  manager.ListenerWD - After find element --> By.cssSelector: input[placeholder='email']
18:50:31.363  INFO  manager.ListenerWD - Before find element --> By.cssSelector: input[placeholder='Address']
18:50:31.374  INFO  manager.ListenerWD - After find element --> By.cssSelector: input[placeholder='Address']
18:50:31.435  INFO  manager.ListenerWD - Before find element --> By.cssSelector: input[placeholder='description']
18:50:31.447  INFO  manager.ListenerWD - After find element --> By.cssSelector: input[placeholder='description']
18:50:31.507  INFO  manager.ListenerWD - Before find element --> By.xpath: //b[text()='Save']
18:50:31.519  INFO  manager.ListenerWD - After find element --> By.xpath: //b[text()='Save']
18:50:31.538  INFO  manager.ListenerWD - Before find elements --> By.cssSelector: h2
18:50:32.254  INFO  manager.ListenerWD - After find elements --> By.cssSelector: h2
18:50:32.254  INFO  manager.ListenerWD - List size is --> 42
18:50:32.612  INFO  manager.ListenerWD - Before find elements --> By.cssSelector: h3
18:50:32.751  INFO  manager.ListenerWD - After find elements --> By.cssSelector: h3
18:50:32.751  INFO  manager.ListenerWD - List size is --> 42
18:50:33.149  INFO  manager.ListenerWD - Before find elements --> By.cssSelector: .contact-item_card__2SOIM
18:50:33.278  INFO  manager.ListenerWD - After find elements --> By.cssSelector: .contact-item_card__2SOIM
18:50:33.278  INFO  manager.ListenerWD - List size is --> 42
18:50:33.308  INFO  manager.ListenerWD - Before find element --> By.cssSelector: .contact-item-detailed_card__50dTS
18:50:33.320  INFO  manager.ListenerWD - After find element --> By.cssSelector: .contact-item-detailed_card__50dTS
18:50:33.353  INFO  manager.ListenerWD - Before find element --> By.cssSelector: .contact-item-detailed_card__50dTS
18:50:33.361  INFO  manager.ListenerWD - After find element --> By.cssSelector: .contact-item-detailed_card__50dTS
18:50:33.400  INFO  manager.ListenerWD - Before find element --> By.cssSelector: .contact-item-detailed_card__50dTS
18:50:33.408  INFO  manager.ListenerWD - After find element --> By.cssSelector: .contact-item-detailed_card__50dTS
18:50:33.437  INFO  manager.ListenerWD - Before find element --> By.cssSelector: .contact-item-detailed_card__50dTS
18:50:33.447  INFO  manager.ListenerWD - After find element --> By.cssSelector: .contact-item-detailed_card__50dTS
18:50:33.478  INFO  manager.ListenerWD - Before find element --> By.cssSelector: .contact-item-detailed_card__50dTS
18:50:33.485  INFO  manager.ListenerWD - After find element --> By.cssSelector: .contact-item-detailed_card__50dTS
18:50:33.515  INFO  manager.ListenerWD - Before find element --> By.cssSelector: .contact-item-detailed_card__50dTS
18:50:33.523  INFO  manager.ListenerWD - After find element --> By.cssSelector: .contact-item-detailed_card__50dTS
18:50:33.552  INFO  manager.ListenerWD - Before find element --> By.cssSelector: .contact-item-detailed_card__50dTS
18:50:33.559  INFO  manager.ListenerWD - After find element --> By.cssSelector: .contact-item-detailed_card__50dTS
18:50:33.586  INFO  manager.ListenerWD - Before find element --> By.cssSelector: .contact-item-detailed_card__50dTS
18:50:33.597  INFO  manager.ListenerWD - After find element --> By.cssSelector: .contact-item-detailed_card__50dTS
18:50:33.632  INFO  manager.ListenerWD - Before find element --> By.cssSelector: .contact-item-detailed_card__50dTS
18:50:33.639  INFO  manager.ListenerWD - After find element --> By.cssSelector: .contact-item-detailed_card__50dTS
18:50:33.670  INFO  manager.ListenerWD - Before find element --> By.cssSelector: .contact-item-detailed_card__50dTS
18:50:33.678  INFO  manager.ListenerWD - After find element --> By.cssSelector: .contact-item-detailed_card__50dTS
18:50:33.717  INFO  manager.ListenerWD - Before find element --> By.cssSelector: .contact-item-detailed_card__50dTS
18:50:33.731  INFO  manager.ListenerWD - After find element --> By.cssSelector: .contact-item-detailed_card__50dTS
18:50:33.766  INFO  manager.ListenerWD - Before find element --> By.cssSelector: .contact-item-detailed_card__50dTS
18:50:33.772  INFO  manager.ListenerWD - After find element --> By.cssSelector: .contact-item-detailed_card__50dTS
18:50:33.801  INFO  manager.ListenerWD - Before find element --> By.cssSelector: .contact-item-detailed_card__50dTS
18:50:33.807  INFO  manager.ListenerWD - After find element --> By.cssSelector: .contact-item-detailed_card__50dTS
18:50:33.841  INFO  manager.ListenerWD - Before find element --> By.cssSelector: .contact-item-detailed_card__50dTS
18:50:33.852  INFO  manager.ListenerWD - After find element --> By.cssSelector: .contact-item-detailed_card__50dTS
18:50:33.881  INFO  manager.ListenerWD - Before find element --> By.cssSelector: .contact-item-detailed_card__50dTS
18:50:33.889  INFO  manager.ListenerWD - After find element --> By.cssSelector: .contact-item-detailed_card__50dTS
18:50:33.919  INFO  manager.ListenerWD - Before find element --> By.cssSelector: .contact-item-detailed_card__50dTS
18:50:33.927  INFO  manager.ListenerWD - After find element --> By.cssSelector: .contact-item-detailed_card__50dTS
18:50:33.957  INFO  manager.ListenerWD - Before find element --> By.cssSelector: .contact-item-detailed_card__50dTS
18:50:33.966  INFO  manager.ListenerWD - After find element --> By.cssSelector: .contact-item-detailed_card__50dTS
18:50:33.995  INFO  manager.ListenerWD - Before find element --> By.cssSelector: .contact-item-detailed_card__50dTS
18:50:34.002  INFO  manager.ListenerWD - After find element --> By.cssSelector: .contact-item-detailed_card__50dTS
18:50:34.031  INFO  manager.ListenerWD - Before find element --> By.cssSelector: .contact-item-detailed_card__50dTS
18:50:34.039  INFO  manager.ListenerWD - After find element --> By.cssSelector: .contact-item-detailed_card__50dTS
18:50:34.068  INFO  manager.ListenerWD - Before find element --> By.cssSelector: .contact-item-detailed_card__50dTS
18:50:34.076  INFO  manager.ListenerWD - After find element --> By.cssSelector: .contact-item-detailed_card__50dTS
18:50:34.109  INFO  manager.ListenerWD - Before find element --> By.cssSelector: .contact-item-detailed_card__50dTS
18:50:34.118  INFO  manager.ListenerWD - After find element --> By.cssSelector: .contact-item-detailed_card__50dTS
18:50:34.145  INFO  manager.ListenerWD - Before find element --> By.cssSelector: .contact-item-detailed_card__50dTS
18:50:34.153  INFO  manager.ListenerWD - After find element --> By.cssSelector: .contact-item-detailed_card__50dTS
18:50:34.181  INFO  manager.ListenerWD - Before find element --> By.cssSelector: .contact-item-detailed_card__50dTS
18:50:34.188  INFO  manager.ListenerWD - After find element --> By.cssSelector: .contact-item-detailed_card__50dTS
18:50:34.216  INFO  manager.ListenerWD - Before find element --> By.cssSelector: .contact-item-detailed_card__50dTS
18:50:34.222  INFO  manager.ListenerWD - After find element --> By.cssSelector: .contact-item-detailed_card__50dTS
18:50:34.252  INFO  manager.ListenerWD - Before find element --> By.cssSelector: .contact-item-detailed_card__50dTS
18:50:34.260  INFO  manager.ListenerWD - After find element --> By.cssSelector: .contact-item-detailed_card__50dTS
18:50:34.287  INFO  manager.ListenerWD - Before find element --> By.cssSelector: .contact-item-detailed_card__50dTS
18:50:34.296  INFO  manager.ListenerWD - After find element --> By.cssSelector: .contact-item-detailed_card__50dTS
18:50:34.322  INFO  manager.ListenerWD - Before find element --> By.cssSelector: .contact-item-detailed_card__50dTS
18:50:34.330  INFO  manager.ListenerWD - After find element --> By.cssSelector: .contact-item-detailed_card__50dTS
18:50:34.362  INFO  manager.ListenerWD - Before find element --> By.cssSelector: .contact-item-detailed_card__50dTS
18:50:34.370  INFO  manager.ListenerWD - After find element --> By.cssSelector: .contact-item-detailed_card__50dTS
18:50:34.399  INFO  manager.ListenerWD - Before find element --> By.cssSelector: .contact-item-detailed_card__50dTS
18:50:34.406  INFO  manager.ListenerWD - After find element --> By.cssSelector: .contact-item-detailed_card__50dTS
18:50:34.436  INFO  manager.ListenerWD - Before find element --> By.cssSelector: .contact-item-detailed_card__50dTS
18:50:34.445  INFO  manager.ListenerWD - After find element --> By.cssSelector: .contact-item-detailed_card__50dTS
18:50:34.473  INFO  manager.ListenerWD - Before find element --> By.cssSelector: .contact-item-detailed_card__50dTS
18:50:34.482  INFO  manager.ListenerWD - After find element --> By.cssSelector: .contact-item-detailed_card__50dTS
18:50:34.509  INFO  manager.ListenerWD - Before find element --> By.cssSelector: .contact-item-detailed_card__50dTS
18:50:34.518  INFO  manager.ListenerWD - After find element --> By.cssSelector: .contact-item-detailed_card__50dTS
18:50:34.556  INFO  manager.ListenerWD - Before find element --> By.cssSelector: .contact-item-detailed_card__50dTS
18:50:34.567  INFO  manager.ListenerWD - After find element --> By.cssSelector: .contact-item-detailed_card__50dTS
18:50:34.605  INFO  manager.ListenerWD - Before find element --> By.cssSelector: .contact-item-detailed_card__50dTS
18:50:34.616  INFO  manager.ListenerWD - After find element --> By.cssSelector: .contact-item-detailed_card__50dTS
18:50:34.650  INFO  manager.ListenerWD - Before find element --> By.cssSelector: .contact-item-detailed_card__50dTS
18:50:34.659  INFO  manager.ListenerWD - After find element --> By.cssSelector: .contact-item-detailed_card__50dTS
18:50:34.694  INFO  manager.ListenerWD - Before find element --> By.cssSelector: .contact-item-detailed_card__50dTS
18:50:34.703  INFO  manager.ListenerWD - After find element --> By.cssSelector: .contact-item-detailed_card__50dTS
18:50:34.735  INFO  manager.ListenerWD - Before find element --> By.cssSelector: .contact-item-detailed_card__50dTS
18:50:34.745  INFO  manager.ListenerWD - After find element --> By.cssSelector: .contact-item-detailed_card__50dTS
18:50:34.779  INFO  manager.ListenerWD - Before find element --> By.cssSelector: .contact-item-detailed_card__50dTS
18:50:34.787  INFO  manager.ListenerWD - After find element --> By.cssSelector: .contact-item-detailed_card__50dTS
18:50:34.815  INFO  manager.ListenerWD - Before find element --> By.cssSelector: .contact-item-detailed_card__50dTS
18:50:34.822  INFO  manager.ListenerWD - After find element --> By.cssSelector: .contact-item-detailed_card__50dTS
18:50:34.854  INFO  manager.ListenerWD - Before find element --> By.cssSelector: .contact-item-detailed_card__50dTS
18:50:34.863  INFO  manager.ListenerWD - After find element --> By.cssSelector: .contact-item-detailed_card__50dTS
18:50:34.899  INFO  manager.ListenerWD - Before find element --> By.cssSelector: .contact-item-detailed_card__50dTS
18:50:34.907  INFO  manager.ListenerWD - After find element --> By.cssSelector: .contact-item-detailed_card__50dTS
18:50:34.936  INFO  manager.ListenerWD - Before find element --> By.cssSelector: .contact-item-detailed_card__50dTS
18:50:34.947  INFO  manager.ListenerWD - After find element --> By.cssSelector: .contact-item-detailed_card__50dTS
18:50:34.956  INFO  tests.TestBase - Checked, if a contact was created by name,phone number and email
18:50:34.959  INFO  tests.TestBase - The name of starts method is --->addContactSuccessRequiredFields
18:50:34.959  INFO  manager.ListenerWD - Before find elements --> By.xpath: //button[text()='Sign Out']
18:50:34.972  INFO  manager.ListenerWD - After find elements --> By.xpath: //button[text()='Sign Out']
18:50:34.972  INFO  manager.ListenerWD - List size is --> 1
18:50:34.974  INFO  tests.TestBase - Tests start with data : Contact(name=Leo1863, lastName=Shamos, email=leo1863@gmail.ru, address=NY, phone=575757571863, description=null)
18:50:34.974  INFO  manager.ListenerWD - Before find element --> By.cssSelector: a[href='/add']
18:50:34.986  INFO  manager.ListenerWD - After find element --> By.cssSelector: a[href='/add']
18:50:35.014  INFO  manager.ListenerWD - Before find element --> By.cssSelector: input[placeholder='Name']
18:50:35.029  INFO  manager.ListenerWD - After find element --> By.cssSelector: input[placeholder='Name']
18:50:35.121  INFO  manager.ListenerWD - Before find element --> By.cssSelector: input[placeholder='Last Name']
18:50:35.132  INFO  manager.ListenerWD - After find element --> By.cssSelector: input[placeholder='Last Name']
18:50:35.217  INFO  manager.ListenerWD - Before find element --> By.cssSelector: input[placeholder='Phone']
18:50:35.224  INFO  manager.ListenerWD - After find element --> By.cssSelector: input[placeholder='Phone']
18:50:35.294  INFO  manager.ListenerWD - Before find element --> By.cssSelector: input[placeholder='email']
18:50:35.301  INFO  manager.ListenerWD - After find element --> By.cssSelector: input[placeholder='email']
18:50:35.364  INFO  manager.ListenerWD - Before find element --> By.cssSelector: input[placeholder='Address']
18:50:35.370  INFO  manager.ListenerWD - After find element --> By.cssSelector: input[placeholder='Address']
18:50:35.427  INFO  manager.ListenerWD - Before find element --> By.cssSelector: input[placeholder='description']
18:50:35.443  INFO  manager.ListenerWD - After find element --> By.cssSelector: input[placeholder='description']
18:50:35.490  INFO  manager.ListenerWD - Before find element --> By.xpath: //b[text()='Save']
18:50:35.496  INFO  manager.ListenerWD - After find element --> By.xpath: //b[text()='Save']
18:50:35.517  INFO  manager.ListenerWD - Before find elements --> By.cssSelector: h2
18:50:35.996  INFO  manager.ListenerWD - After find elements --> By.cssSelector: h2
18:50:35.996  INFO  manager.ListenerWD - List size is --> 43
18:50:36.395  INFO  manager.ListenerWD - Before find elements --> By.cssSelector: h3
18:50:36.478  INFO  manager.ListenerWD - After find elements --> By.cssSelector: h3
18:50:36.478  INFO  manager.ListenerWD - List size is --> 43
18:50:36.955  INFO  manager.ListenerWD - Before find elements --> By.cssSelector: .contact-item_card__2SOIM
18:50:37.048  INFO  manager.ListenerWD - After find elements --> By.cssSelector: .contact-item_card__2SOIM
18:50:37.048  INFO  manager.ListenerWD - List size is --> 43
18:50:37.073  INFO  manager.ListenerWD - Before find element --> By.cssSelector: .contact-item-detailed_card__50dTS
18:50:37.082  INFO  manager.ListenerWD - After find element --> By.cssSelector: .contact-item-detailed_card__50dTS
18:50:37.116  INFO  manager.ListenerWD - Before find element --> By.cssSelector: .contact-item-detailed_card__50dTS
18:50:37.131  INFO  manager.ListenerWD - After find element --> By.cssSelector: .contact-item-detailed_card__50dTS
18:50:37.160  INFO  manager.ListenerWD - Before find element --> By.cssSelector: .contact-item-detailed_card__50dTS
18:50:37.167  INFO  manager.ListenerWD - After find element --> By.cssSelector: .contact-item-detailed_card__50dTS
18:50:37.198  INFO  manager.ListenerWD - Before find element --> By.cssSelector: .contact-item-detailed_card__50dTS
18:50:37.205  INFO  manager.ListenerWD - After find element --> By.cssSelector: .contact-item-detailed_card__50dTS
18:50:37.238  INFO  manager.ListenerWD - Before find element --> By.cssSelector: .contact-item-detailed_card__50dTS
18:50:37.247  INFO  manager.ListenerWD - After find element --> By.cssSelector: .contact-item-detailed_card__50dTS
18:50:37.279  INFO  manager.ListenerWD - Before find element --> By.cssSelector: .contact-item-detailed_card__50dTS
18:50:37.287  INFO  manager.ListenerWD - After find element --> By.cssSelector: .contact-item-detailed_card__50dTS
18:50:37.316  INFO  manager.ListenerWD - Before find element --> By.cssSelector: .contact-item-detailed_card__50dTS
18:50:37.323  INFO  manager.ListenerWD - After find element --> By.cssSelector: .contact-item-detailed_card__50dTS
18:50:37.354  INFO  manager.ListenerWD - Before find element --> By.cssSelector: .contact-item-detailed_card__50dTS
18:50:37.363  INFO  manager.ListenerWD - After find element --> By.cssSelector: .contact-item-detailed_card__50dTS
18:50:37.396  INFO  manager.ListenerWD - Before find element --> By.cssSelector: .contact-item-detailed_card__50dTS
18:50:37.404  INFO  manager.ListenerWD - After find element --> By.cssSelector: .contact-item-detailed_card__50dTS
18:50:37.433  INFO  manager.ListenerWD - Before find element --> By.cssSelector: .contact-item-detailed_card__50dTS
18:50:37.439  INFO  manager.ListenerWD - After find element --> By.cssSelector: .contact-item-detailed_card__50dTS
18:50:37.471  INFO  manager.ListenerWD - Before find element --> By.cssSelector: .contact-item-detailed_card__50dTS
18:50:37.480  INFO  manager.ListenerWD - After find element --> By.cssSelector: .contact-item-detailed_card__50dTS
18:50:37.518  INFO  manager.ListenerWD - Before find element --> By.cssSelector: .contact-item-detailed_card__50dTS
18:50:37.526  INFO  manager.ListenerWD - After find element --> By.cssSelector: .contact-item-detailed_card__50dTS
18:50:37.554  INFO  manager.ListenerWD - Before find element --> By.cssSelector: .contact-item-detailed_card__50dTS
18:50:37.562  INFO  manager.ListenerWD - After find element --> By.cssSelector: .contact-item-detailed_card__50dTS
18:50:37.591  INFO  manager.ListenerWD - Before find element --> By.cssSelector: .contact-item-detailed_card__50dTS
18:50:37.601  INFO  manager.ListenerWD - After find element --> By.cssSelector: .contact-item-detailed_card__50dTS
18:50:37.631  INFO  manager.ListenerWD - Before find element --> By.cssSelector: .contact-item-detailed_card__50dTS
18:50:37.640  INFO  manager.ListenerWD - After find element --> By.cssSelector: .contact-item-detailed_card__50dTS
18:50:37.675  INFO  manager.ListenerWD - Before find element --> By.cssSelector: .contact-item-detailed_card__50dTS
18:50:37.683  INFO  manager.ListenerWD - After find element --> By.cssSelector: .contact-item-detailed_card__50dTS
18:50:37.714  INFO  manager.ListenerWD - Before find element --> By.cssSelector: .contact-item-detailed_card__50dTS
18:50:37.721  INFO  manager.ListenerWD - After find element --> By.cssSelector: .contact-item-detailed_card__50dTS
18:50:37.750  INFO  manager.ListenerWD - Before find element --> By.cssSelector: .contact-item-detailed_card__50dTS
18:50:37.757  INFO  manager.ListenerWD - After find element --> By.cssSelector: .contact-item-detailed_card__50dTS
18:50:37.789  INFO  manager.ListenerWD - Before find element --> By.cssSelector: .contact-item-detailed_card__50dTS
18:50:37.798  INFO  manager.ListenerWD - After find element --> By.cssSelector: .contact-item-detailed_card__50dTS
18:50:37.830  INFO  manager.ListenerWD - Before find element --> By.cssSelector: .contact-item-detailed_card__50dTS
18:50:37.836  INFO  manager.ListenerWD - After find element --> By.cssSelector: .contact-item-detailed_card__50dTS
18:50:37.864  INFO  manager.ListenerWD - Before find element --> By.cssSelector: .contact-item-detailed_card__50dTS
18:50:37.870  INFO  manager.ListenerWD - After find element --> By.cssSelector: .contact-item-detailed_card__50dTS
18:50:37.903  INFO  manager.ListenerWD - Before find element --> By.cssSelector: .contact-item-detailed_card__50dTS
18:50:37.911  INFO  manager.ListenerWD - After find element --> By.cssSelector: .contact-item-detailed_card__50dTS
18:50:37.939  INFO  manager.ListenerWD - Before find element --> By.cssSelector: .contact-item-detailed_card__50dTS
18:50:37.949  INFO  manager.ListenerWD - After find element --> By.cssSelector: .contact-item-detailed_card__50dTS
18:50:37.980  INFO  manager.ListenerWD - Before find element --> By.cssSelector: .contact-item-detailed_card__50dTS
18:50:37.987  INFO  manager.ListenerWD - After find element --> By.cssSelector: .contact-item-detailed_card__50dTS
18:50:38.016  INFO  manager.ListenerWD - Before find element --> By.cssSelector: .contact-item-detailed_card__50dTS
18:50:38.022  INFO  manager.ListenerWD - After find element --> By.cssSelector: .contact-item-detailed_card__50dTS
18:50:38.053  INFO  manager.ListenerWD - Before find element --> By.cssSelector: .contact-item-detailed_card__50dTS
18:50:38.059  INFO  manager.ListenerWD - After find element --> By.cssSelector: .contact-item-detailed_card__50dTS
18:50:38.089  INFO  manager.ListenerWD - Before find element --> By.cssSelector: .contact-item-detailed_card__50dTS
18:50:38.097  INFO  manager.ListenerWD - After find element --> By.cssSelector: .contact-item-detailed_card__50dTS
18:50:38.128  INFO  manager.ListenerWD - Before find element --> By.cssSelector: .contact-item-detailed_card__50dTS
18:50:38.135  INFO  manager.ListenerWD - After find element --> By.cssSelector: .contact-item-detailed_card__50dTS
18:50:38.163  INFO  manager.ListenerWD - Before find element --> By.cssSelector: .contact-item-detailed_card__50dTS
18:50:38.169  INFO  manager.ListenerWD - After find element --> By.cssSelector: .contact-item-detailed_card__50dTS
18:50:38.202  INFO  manager.ListenerWD - Before find element --> By.cssSelector: .contact-item-detailed_card__50dTS
18:50:38.208  INFO  manager.ListenerWD - After find element --> By.cssSelector: .contact-item-detailed_card__50dTS
18:50:38.238  INFO  manager.ListenerWD - Before find element --> By.cssSelector: .contact-item-detailed_card__50dTS
18:50:38.247  INFO  manager.ListenerWD - After find element --> By.cssSelector: .contact-item-detailed_card__50dTS
18:50:38.281  INFO  manager.ListenerWD - Before find element --> By.cssSelector: .contact-item-detailed_card__50dTS
18:50:38.288  INFO  manager.ListenerWD - After find element --> By.cssSelector: .contact-item-detailed_card__50dTS
18:50:38.316  INFO  manager.ListenerWD - Before find element --> By.cssSelector: .contact-item-detailed_card__50dTS
18:50:38.322  INFO  manager.ListenerWD - After find element --> By.cssSelector: .contact-item-detailed_card__50dTS
18:50:38.352  INFO  manager.ListenerWD - Before find element --> By.cssSelector: .contact-item-detailed_card__50dTS
18:50:38.359  INFO  manager.ListenerWD - After find element --> By.cssSelector: .contact-item-detailed_card__50dTS
18:50:38.392  INFO  manager.ListenerWD - Before find element --> By.cssSelector: .contact-item-detailed_card__50dTS
18:50:38.399  INFO  manager.ListenerWD - After find element --> By.cssSelector: .contact-item-detailed_card__50dTS
18:50:38.432  INFO  manager.ListenerWD - Before find element --> By.cssSelector: .contact-item-detailed_card__50dTS
18:50:38.439  INFO  manager.ListenerWD - After find element --> By.cssSelector: .contact-item-detailed_card__50dTS
18:50:38.473  INFO  manager.ListenerWD - Before find element --> By.cssSelector: .contact-item-detailed_card__50dTS
18:50:38.483  INFO  manager.ListenerWD - After find element --> By.cssSelector: .contact-item-detailed_card__50dTS
18:50:38.515  INFO  manager.ListenerWD - Before find element --> By.cssSelector: .contact-item-detailed_card__50dTS
18:50:38.522  INFO  manager.ListenerWD - After find element --> By.cssSelector: .contact-item-detailed_card__50dTS
18:50:38.550  INFO  manager.ListenerWD - Before find element --> By.cssSelector: .contact-item-detailed_card__50dTS
18:50:38.556  INFO  manager.ListenerWD - After find element --> By.cssSelector: .contact-item-detailed_card__50dTS
18:50:38.588  INFO  manager.ListenerWD - Before find element --> By.cssSelector: .contact-item-detailed_card__50dTS
18:50:38.596  INFO  manager.ListenerWD - After find element --> By.cssSelector: .contact-item-detailed_card__50dTS
18:50:38.625  INFO  manager.ListenerWD - Before find element --> By.cssSelector: .contact-item-detailed_card__50dTS
18:50:38.635  INFO  manager.ListenerWD - After find element --> By.cssSelector: .contact-item-detailed_card__50dTS
18:50:38.667  INFO  manager.ListenerWD - Before find element --> By.cssSelector: .contact-item-detailed_card__50dTS
18:50:38.673  INFO  manager.ListenerWD - After find element --> By.cssSelector: .contact-item-detailed_card__50dTS
18:50:38.701  INFO  manager.ListenerWD - Before find element --> By.cssSelector: .contact-item-detailed_card__50dTS
18:50:38.707  INFO  manager.ListenerWD - After find element --> By.cssSelector: .contact-item-detailed_card__50dTS
18:50:38.715  INFO  tests.TestBase - Checked, if a contact was created by name,phone number and email
18:50:38.716  INFO  tests.TestBase - The name of starts method is --->addNewContactWrongAddress
18:50:38.716  INFO  manager.ListenerWD - Before find elements --> By.xpath: //button[text()='Sign Out']
18:50:38.723  INFO  manager.ListenerWD - After find elements --> By.xpath: //button[text()='Sign Out']
18:50:38.723  INFO  manager.ListenerWD - List size is --> 1
18:50:38.723  INFO  manager.ListenerWD - Before find element --> By.cssSelector: a[href='/add']
18:50:38.729  INFO  manager.ListenerWD - After find element --> By.cssSelector: a[href='/add']
18:50:38.748  INFO  manager.ListenerWD - Before find element --> By.cssSelector: input[placeholder='Name']
18:50:38.760  INFO  manager.ListenerWD - After find element --> By.cssSelector: input[placeholder='Name']
18:50:38.823  INFO  manager.ListenerWD - Before find element --> By.cssSelector: input[placeholder='Last Name']
18:50:38.833  INFO  manager.ListenerWD - After find element --> By.cssSelector: input[placeholder='Last Name']
18:50:38.896  INFO  manager.ListenerWD - Before find element --> By.cssSelector: input[placeholder='Phone']
18:50:38.902  INFO  manager.ListenerWD - After find element --> By.cssSelector: input[placeholder='Phone']
18:50:38.963  INFO  manager.ListenerWD - Before find element --> By.cssSelector: input[placeholder='email']
18:50:38.969  INFO  manager.ListenerWD - After find element --> By.cssSelector: input[placeholder='email']
18:50:39.030  INFO  manager.ListenerWD - Before find element --> By.cssSelector: input[placeholder='Address']
18:50:39.036  INFO  manager.ListenerWD - After find element --> By.cssSelector: input[placeholder='Address']
18:50:39.093  INFO  manager.ListenerWD - Before find element --> By.cssSelector: input[placeholder='description']
18:50:39.099  INFO  manager.ListenerWD - After find element --> By.cssSelector: input[placeholder='description']
18:50:39.160  INFO  manager.ListenerWD - Before find element --> By.xpath: //b[text()='Save']
18:50:39.167  INFO  manager.ListenerWD - After find element --> By.xpath: //b[text()='Save']
18:50:39.187  INFO  manager.ListenerWD - Before find elements --> By.cssSelector: a.active[href='/add']
18:50:39.197  INFO  manager.ListenerWD - After find elements --> By.cssSelector: a.active[href='/add']
18:50:39.197  INFO  manager.ListenerWD - List size is --> 1
18:50:39.197  INFO  tests.TestBase - The name of starts method is --->addNewContactWrongEmail
18:50:39.197  INFO  manager.ListenerWD - Before find elements --> By.xpath: //button[text()='Sign Out']
18:50:39.204  INFO  manager.ListenerWD - After find elements --> By.xpath: //button[text()='Sign Out']
18:50:39.204  INFO  manager.ListenerWD - List size is --> 1
18:50:39.204  INFO  manager.ListenerWD - Before find element --> By.cssSelector: a[href='/add']
18:50:39.212  INFO  manager.ListenerWD - After find element --> By.cssSelector: a[href='/add']
18:50:39.231  INFO  manager.ListenerWD - Before find element --> By.cssSelector: input[placeholder='Name']
18:50:39.237  INFO  manager.ListenerWD - After find element --> By.cssSelector: input[placeholder='Name']
18:50:39.305  INFO  manager.ListenerWD - Before find element --> By.cssSelector: input[placeholder='Last Name']
18:50:39.312  INFO  manager.ListenerWD - After find element --> By.cssSelector: input[placeholder='Last Name']
18:50:39.363  INFO  manager.ListenerWD - Before find element --> By.cssSelector: input[placeholder='Phone']
18:50:39.368  INFO  manager.ListenerWD - After find element --> By.cssSelector: input[placeholder='Phone']
18:50:39.419  INFO  manager.ListenerWD - Before find element --> By.cssSelector: input[placeholder='email']
18:50:39.426  INFO  manager.ListenerWD - After find element --> By.cssSelector: input[placeholder='email']
18:50:39.475  INFO  manager.ListenerWD - Before find element --> By.cssSelector: input[placeholder='Address']
18:50:39.483  INFO  manager.ListenerWD - After find element --> By.cssSelector: input[placeholder='Address']
18:50:39.532  INFO  manager.ListenerWD - Before find element --> By.cssSelector: input[placeholder='description']
18:50:39.538  INFO  manager.ListenerWD - After find element --> By.cssSelector: input[placeholder='description']
18:50:39.593  INFO  manager.ListenerWD - Before find element --> By.xpath: //b[text()='Save']
18:50:39.599  INFO  manager.ListenerWD - After find element --> By.xpath: //b[text()='Save']
18:50:39.612  INFO  manager.ListenerWD - Before find elements --> By.cssSelector: a.active[href='/add']
18:50:39.618  INFO  manager.ListenerWD - After find elements --> By.cssSelector: a.active[href='/add']
18:50:39.618  INFO  manager.ListenerWD - List size is --> 1
18:50:39.626  INFO  manager.ListenerWD - We have a 'problem'
18:50:39.627  INFO  manager.ListenerWD - **********************
18:50:39.627  INFO  manager.ListenerWD - Method method-->alert
18:50:39.627  INFO  manager.ListenerWD - **********************
18:50:39.628  INFO  manager.ListenerWD - InvocationTargetException getTargetException() org.openqa.selenium.NoAlertPresentException: no such alert
  (Session info: chrome=109.0.5414.120)
Build info: version: '4.7.1', revision: 'c6795baf1a3'
System info: os.name: 'Windows 10', os.arch: 'amd64', os.version: '10.0', java.version: '11.0.17'
Driver info: org.openqa.selenium.chrome.ChromeDriver
Command: [c998c9f7939352e9087f3e6f23d8b576, getAlertText {}]
Capabilities {acceptInsecureCerts: false, browserName: chrome, browserVersion: 109.0.5414.120, chrome: {chromedriverVersion: 108.0.5359.71 (1e0e3868ee06..., userDataDir: C:\Users\Marina\AppData\Loc...}, goog:chromeOptions: {debuggerAddress: localhost:51681}, networkConnectionEnabled: false, pageLoadStrategy: normal, platformName: WINDOWS, proxy: Proxy(), se:cdp: ws://localhost:51681/devtoo..., se:cdpVersion: 109.0.5414.120, setWindowRect: true, strictFileInteractability: false, timeouts: {implicit: 0, pageLoad: 300000, script: 30000}, unhandledPromptBehavior: dismiss and notify, webauthn:extension:credBlob: true, webauthn:extension:largeBlob: true, webauthn:virtualAuthenticators: true}
Session ID: c998c9f7939352e9087f3e6f23d8b576
18:50:39.628  INFO  manager.ListenerWD - **********************
18:50:39.628  INFO  manager.ListenerWD - Object targetorg.openqa.selenium.remote.RemoteWebDriver$RemoteTargetLocator@26c59348
18:50:39.628  INFO  manager.ListenerWD - **********************
18:50:40.152  INFO  tests.TestBase - The name of starts method is --->addNewContactWrongLastName
18:50:40.152  INFO  manager.ListenerWD - Before find elements --> By.xpath: //button[text()='Sign Out']
18:50:40.165  INFO  manager.ListenerWD - After find elements --> By.xpath: //button[text()='Sign Out']
18:50:40.165  INFO  manager.ListenerWD - List size is --> 1
18:50:40.166  INFO  manager.ListenerWD - Before find element --> By.cssSelector: a[href='/add']
18:50:40.174  INFO  manager.ListenerWD - After find element --> By.cssSelector: a[href='/add']
18:50:40.195  INFO  manager.ListenerWD - Before find element --> By.cssSelector: input[placeholder='Name']
18:50:40.203  INFO  manager.ListenerWD - After find element --> By.cssSelector: input[placeholder='Name']
18:50:40.265  INFO  manager.ListenerWD - Before find element --> By.cssSelector: input[placeholder='Last Name']
18:50:40.271  INFO  manager.ListenerWD - After find element --> By.cssSelector: input[placeholder='Last Name']
18:50:40.324  INFO  manager.ListenerWD - Before find element --> By.cssSelector: input[placeholder='Phone']
18:50:40.333  INFO  manager.ListenerWD - After find element --> By.cssSelector: input[placeholder='Phone']
18:50:40.385  INFO  manager.ListenerWD - Before find element --> By.cssSelector: input[placeholder='email']
18:50:40.391  INFO  manager.ListenerWD - After find element --> By.cssSelector: input[placeholder='email']
18:50:40.445  INFO  manager.ListenerWD - Before find element --> By.cssSelector: input[placeholder='Address']
18:50:40.451  INFO  manager.ListenerWD - After find element --> By.cssSelector: input[placeholder='Address']
18:50:40.503  INFO  manager.ListenerWD - Before find element --> By.cssSelector: input[placeholder='description']
18:50:40.509  INFO  manager.ListenerWD - After find element --> By.cssSelector: input[placeholder='description']
18:50:40.564  INFO  manager.ListenerWD - Before find element --> By.xpath: //b[text()='Save']
18:50:40.570  INFO  manager.ListenerWD - After find element --> By.xpath: //b[text()='Save']
18:50:40.590  INFO  manager.ListenerWD - Before find elements --> By.cssSelector: a.active[href='/add']
18:50:40.598  INFO  manager.ListenerWD - After find elements --> By.cssSelector: a.active[href='/add']
18:50:40.598  INFO  manager.ListenerWD - List size is --> 1
18:50:40.598  INFO  tests.TestBase - Status code 400, message not received: last name must not be empty => Bug report
18:50:40.598  INFO  tests.TestBase - The name of starts method is --->addNewContactWrongName
18:50:40.599  INFO  manager.ListenerWD - Before find elements --> By.xpath: //button[text()='Sign Out']
18:50:40.605  INFO  manager.ListenerWD - After find elements --> By.xpath: //button[text()='Sign Out']
18:50:40.605  INFO  manager.ListenerWD - List size is --> 1
18:50:40.606  INFO  tests.TestBase - Tests start with data : Contact(name=null, lastName=Shamos, email=marina@gmail.com, address=Canberra, phone=777777711111, description=wrong name)
18:50:40.606  INFO  manager.ListenerWD - Before find element --> By.cssSelector: a[href='/add']
18:50:40.614  INFO  manager.ListenerWD - After find element --> By.cssSelector: a[href='/add']
18:50:40.634  INFO  manager.ListenerWD - Before find element --> By.cssSelector: input[placeholder='Name']
18:50:40.644  INFO  manager.ListenerWD - After find element --> By.cssSelector: input[placeholder='Name']
18:50:40.693  INFO  manager.ListenerWD - Before find element --> By.cssSelector: input[placeholder='Last Name']
18:50:40.700  INFO  manager.ListenerWD - After find element --> By.cssSelector: input[placeholder='Last Name']
18:50:40.749  INFO  manager.ListenerWD - Before find element --> By.cssSelector: input[placeholder='Phone']
18:50:40.755  INFO  manager.ListenerWD - After find element --> By.cssSelector: input[placeholder='Phone']
18:50:40.804  INFO  manager.ListenerWD - Before find element --> By.cssSelector: input[placeholder='email']
18:50:40.812  INFO  manager.ListenerWD - After find element --> By.cssSelector: input[placeholder='email']
18:50:40.864  INFO  manager.ListenerWD - Before find element --> By.cssSelector: input[placeholder='Address']
18:50:40.870  INFO  manager.ListenerWD - After find element --> By.cssSelector: input[placeholder='Address']
18:50:40.919  INFO  manager.ListenerWD - Before find element --> By.cssSelector: input[placeholder='description']
18:50:40.926  INFO  manager.ListenerWD - After find element --> By.cssSelector: input[placeholder='description']
18:50:50.977  INFO  manager.ListenerWD - Before find element --> By.xpath: //b[text()='Save']
18:50:50.996  INFO  manager.ListenerWD - After find element --> By.xpath: //b[text()='Save']
18:50:51.017  INFO  manager.ListenerWD - Before find elements --> By.cssSelector: a.active[href='/add']
18:50:51.027  INFO  manager.ListenerWD - After find elements --> By.cssSelector: a.active[href='/add']
18:50:51.027  INFO  manager.ListenerWD - List size is --> 1
18:50:51.027  INFO  tests.TestBase - Status code 400, message not received: mane must not be empty => Bug report
18:50:51.027  INFO  tests.TestBase - The name of starts method is --->addNewContactWrongPhone
18:50:51.027  INFO  manager.ListenerWD - Before find elements --> By.xpath: //button[text()='Sign Out']
18:50:51.035  INFO  manager.ListenerWD - After find elements --> By.xpath: //button[text()='Sign Out']
18:50:51.035  INFO  manager.ListenerWD - List size is --> 1
18:50:51.036  INFO  manager.ListenerWD - Before find element --> By.cssSelector: a[href='/add']
18:50:51.045  INFO  manager.ListenerWD - After find element --> By.cssSelector: a[href='/add']
18:50:51.065  INFO  manager.ListenerWD - Before find element --> By.cssSelector: input[placeholder='Name']
18:50:51.071  INFO  manager.ListenerWD - After find element --> By.cssSelector: input[placeholder='Name']
18:50:51.121  INFO  manager.ListenerWD - Before find element --> By.cssSelector: input[placeholder='Last Name']
18:50:51.128  INFO  manager.ListenerWD - After find element --> By.cssSelector: input[placeholder='Last Name']
18:50:51.176  INFO  manager.ListenerWD - Before find element --> By.cssSelector: input[placeholder='Phone']
18:50:51.182  INFO  manager.ListenerWD - After find element --> By.cssSelector: input[placeholder='Phone']
18:50:51.228  INFO  manager.ListenerWD - Before find element --> By.cssSelector: input[placeholder='email']
18:50:51.234  INFO  manager.ListenerWD - After find element --> By.cssSelector: input[placeholder='email']
18:50:51.289  INFO  manager.ListenerWD - Before find element --> By.cssSelector: input[placeholder='Address']
18:50:51.295  INFO  manager.ListenerWD - After find element --> By.cssSelector: input[placeholder='Address']
18:50:51.339  INFO  manager.ListenerWD - Before find element --> By.cssSelector: input[placeholder='description']
18:50:51.346  INFO  manager.ListenerWD - After find element --> By.cssSelector: input[placeholder='description']
18:50:51.400  INFO  manager.ListenerWD - Before find element --> By.xpath: //b[text()='Save']
18:50:51.405  INFO  manager.ListenerWD - After find element --> By.xpath: //b[text()='Save']
18:50:51.418  INFO  manager.ListenerWD - Before find elements --> By.cssSelector: a.active[href='/add']
18:50:51.423  INFO  manager.ListenerWD - After find elements --> By.cssSelector: a.active[href='/add']
18:50:51.424  INFO  manager.ListenerWD - List size is --> 1
18:50:51.428  INFO  manager.ListenerWD - We have a 'problem'
18:50:51.428  INFO  manager.ListenerWD - **********************
18:50:51.428  INFO  manager.ListenerWD - Method method-->alert
18:50:51.428  INFO  manager.ListenerWD - **********************
18:50:51.428  INFO  manager.ListenerWD - InvocationTargetException getTargetException() org.openqa.selenium.NoAlertPresentException: no such alert
  (Session info: chrome=109.0.5414.120)
Build info: version: '4.7.1', revision: 'c6795baf1a3'
System info: os.name: 'Windows 10', os.arch: 'amd64', os.version: '10.0', java.version: '11.0.17'
Driver info: org.openqa.selenium.chrome.ChromeDriver
Command: [c998c9f7939352e9087f3e6f23d8b576, getAlertText {}]
Capabilities {acceptInsecureCerts: false, browserName: chrome, browserVersion: 109.0.5414.120, chrome: {chromedriverVersion: 108.0.5359.71 (1e0e3868ee06..., userDataDir: C:\Users\Marina\AppData\Loc...}, goog:chromeOptions: {debuggerAddress: localhost:51681}, networkConnectionEnabled: false, pageLoadStrategy: normal, platformName: WINDOWS, proxy: Proxy(), se:cdp: ws://localhost:51681/devtoo..., se:cdpVersion: 109.0.5414.120, setWindowRect: true, strictFileInteractability: false, timeouts: {implicit: 0, pageLoad: 300000, script: 30000}, unhandledPromptBehavior: dismiss and notify, webauthn:extension:credBlob: true, webauthn:extension:largeBlob: true, webauthn:virtualAuthenticators: true}
Session ID: c998c9f7939352e9087f3e6f23d8b576
18:50:51.428  INFO  manager.ListenerWD - **********************
18:50:51.428  INFO  manager.ListenerWD - Object targetorg.openqa.selenium.remote.RemoteWebDriver$RemoteTargetLocator@42066f0d
18:50:51.428  INFO  manager.ListenerWD - **********************
