22:11:25.432  INFO  manager.ApplicationManager - All tests star in Chrome Browser
22:11:27.185  INFO  manager.ApplicationManager - Current Url -->https://telranedu.web.app/home
22:11:27.189  INFO  manager.ListenerTNG - onStart---Gradle test
22:11:27.204  INFO  tests.TestBase - The name of starts method is --->loginUnregisterUser
22:11:27.205  INFO  manager.ListenerWD - Before find elements --> By.xpath: //button[text()='Sign Out']
22:11:32.221  INFO  manager.ListenerWD - After find elements --> By.xpath: //button[text()='Sign Out']
22:11:32.223  INFO  manager.ListenerWD - List size is --> 0
22:11:32.224  INFO  manager.ListenerTNG - onTestStart---loginUnregisterUser
22:11:32.225  INFO  tests.TestBase - Login with valid data of unregistered user: 'email: mimi@gmail.com & invalid password: 'Tt12345$'
22:11:32.228  INFO  manager.ListenerWD - Before find element --> By.cssSelector: a[href='/login']
22:11:32.252  INFO  manager.ListenerWD - After find element --> By.cssSelector: a[href='/login']
22:11:32.274  INFO  manager.ListenerWD - Before find element --> By.cssSelector: a[href='/login']
22:11:32.292  INFO  manager.ListenerWD - After find element --> By.cssSelector: a[href='/login']
22:11:32.333  INFO  manager.ListenerWD - Before find element --> By.name: email
22:11:32.349  INFO  manager.ListenerWD - After find element --> By.name: email
22:11:32.434  INFO  manager.ListenerWD - Before find element --> By.name: password
22:11:32.447  INFO  manager.ListenerWD - After find element --> By.name: password
22:11:32.509  INFO  manager.ListenerWD - Before find element --> By.cssSelector: [name='login']
22:11:32.521  INFO  manager.ListenerWD - After find element --> By.cssSelector: [name='login']
22:11:32.542  INFO  manager.ListenerWD - Before find elements --> By.xpath: //button[text()='Sign Out']
22:11:33.669  INFO  manager.ListenerWD - After find elements --> By.xpath: //button[text()='Sign Out']
22:11:33.669  INFO  manager.ListenerWD - List size is --> 0
22:11:33.693  INFO  tests.TestBase - Error message is: 'Wrong email or password'
22:11:33.697  INFO  manager.ListenerTNG - onFinish---Gradle test
