20:19:55.774  INFO  manager.ApplicationManager - All tests star in Chrome Browser
20:19:57.813  INFO  manager.ApplicationManager - Current Url -->https://telranedu.web.app/home
20:19:57.822  INFO  manager.ListenerTNG - onStart---Gradle test
20:19:57.843  INFO  tests.TestBase - The name of starts method is --->loginSuccess
20:19:57.845  INFO  manager.ListenerWD - Before find elements --> By.xpath: //button[text()='Sign Out']
20:20:02.932  INFO  manager.ListenerWD - After find elements --> By.xpath: //button[text()='Sign Out']
20:20:02.937  INFO  manager.ListenerWD - List size is --> 0
20:20:02.940  INFO  manager.ListenerTNG - onTestStart---loginSuccess
20:20:02.941  INFO  tests.TestBase - Login with valid data: email: dsa@gmail.com & password: Qq12345$
20:20:02.942  INFO  manager.ListenerWD - Before find element --> By.cssSelector: a[href='/login']
20:20:02.971  INFO  manager.ListenerWD - After find element --> By.cssSelector: a[href='/login']
20:20:03.019  INFO  manager.ListenerWD - Before find element --> By.name: email
20:20:03.044  INFO  manager.ListenerWD - After find element --> By.name: email
20:20:03.158  INFO  manager.ListenerWD - Before find element --> By.name: password
20:20:03.174  INFO  manager.ListenerWD - After find element --> By.name: password
20:20:03.254  INFO  manager.ListenerWD - Before find element --> By.cssSelector: [name='login']
20:20:03.268  INFO  manager.ListenerWD - After find element --> By.cssSelector: [name='login']
20:20:03.300  INFO  manager.ListenerWD - Before find elements --> By.xpath: //button[text()='Sign Out']
20:20:04.686  INFO  manager.ListenerWD - After find elements --> By.xpath: //button[text()='Sign Out']
20:20:04.686  INFO  manager.ListenerWD - List size is --> 1
20:20:04.688  INFO  tests.TestBase - Tests success
20:20:04.691  INFO  manager.ListenerTNG - onFinish---Gradle test
