23:58:48.343  INFO  manager.ApplicationManager - All tests star in Chrome Browser
23:58:49.945  INFO  manager.ApplicationManager - Current Url -->https://telranedu.web.app/home
23:58:49.969  INFO  tests.TestBase - The name of starts method is --->addContactSuccessAllFields
23:58:49.970  INFO  manager.ListenerWD - Before find elements --> By.xpath: //button[text()='Sign Out']
23:58:55.003  INFO  manager.ListenerWD - After find elements --> By.xpath: //button[text()='Sign Out']
23:58:55.005  INFO  manager.ListenerWD - List size is --> 0
23:58:55.009  INFO  manager.ListenerWD - Before find element --> By.cssSelector: a[href='/login']
23:58:55.032  INFO  manager.ListenerWD - After find element --> By.cssSelector: a[href='/login']
23:58:55.051  INFO  manager.ListenerWD - Before find element --> By.cssSelector: a[href='/login']
23:58:55.064  INFO  manager.ListenerWD - After find element --> By.cssSelector: a[href='/login']
23:58:55.099  INFO  manager.ListenerWD - Before find element --> By.name: email
23:58:55.115  INFO  manager.ListenerWD - After find element --> By.name: email
23:58:55.196  INFO  manager.ListenerWD - Before find element --> By.name: password
23:58:55.211  INFO  manager.ListenerWD - After find element --> By.name: password
23:58:55.278  INFO  manager.ListenerWD - Before find element --> By.cssSelector: [name='login']
23:58:55.290  INFO  manager.ListenerWD - After find element --> By.cssSelector: [name='login']
23:58:55.328  INFO  tests.TestBase - Tests start with data : Contact(name=Marina1050, lastName=Shamos, email=marina1050@gmail.com, address=Canberra, phone=77777771050, description=Friend)
23:58:55.328  INFO  manager.ListenerWD - Before find element --> By.cssSelector: a[href='/add']
23:58:56.397  INFO  manager.ListenerWD - After find element --> By.cssSelector: a[href='/add']
23:58:56.423  INFO  manager.ListenerWD - Before find element --> By.cssSelector: input[placeholder='Name']
23:58:56.438  INFO  manager.ListenerWD - After find element --> By.cssSelector: input[placeholder='Name']
23:58:56.506  INFO  manager.ListenerWD - Before find element --> By.cssSelector: input[placeholder='Last Name']
23:58:56.520  INFO  manager.ListenerWD - After find element --> By.cssSelector: input[placeholder='Last Name']
23:58:56.586  INFO  manager.ListenerWD - Before find element --> By.cssSelector: input[placeholder='Phone']
23:58:56.597  INFO  manager.ListenerWD - After find element --> By.cssSelector: input[placeholder='Phone']
23:58:56.657  INFO  manager.ListenerWD - Before find element --> By.cssSelector: input[placeholder='email']
23:58:56.668  INFO  manager.ListenerWD - After find element --> By.cssSelector: input[placeholder='email']
23:58:56.735  INFO  manager.ListenerWD - Before find element --> By.cssSelector: input[placeholder='Address']
23:58:56.745  INFO  manager.ListenerWD - After find element --> By.cssSelector: input[placeholder='Address']
23:58:56.805  INFO  manager.ListenerWD - Before find element --> By.cssSelector: input[placeholder='description']
23:58:56.816  INFO  manager.ListenerWD - After find element --> By.cssSelector: input[placeholder='description']
23:58:56.876  INFO  manager.ListenerWD - Before find element --> By.xpath: //b[text()='Save']
23:58:56.887  INFO  manager.ListenerWD - After find element --> By.xpath: //b[text()='Save']
23:58:56.909  INFO  manager.ListenerWD - Before find elements --> By.cssSelector: h2
23:58:57.680  INFO  manager.ListenerWD - After find elements --> By.cssSelector: h2
23:58:57.680  INFO  manager.ListenerWD - List size is --> 36
23:58:57.968  INFO  manager.ListenerWD - Before find elements --> By.cssSelector: h3
23:58:58.061  INFO  manager.ListenerWD - After find elements --> By.cssSelector: h3
23:58:58.061  INFO  manager.ListenerWD - List size is --> 36
23:58:58.364  INFO  manager.ListenerWD - Before find elements --> By.cssSelector: .contact-item_card__2SOIM
23:58:58.460  INFO  manager.ListenerWD - After find elements --> By.cssSelector: .contact-item_card__2SOIM
23:58:58.460  INFO  manager.ListenerWD - List size is --> 36
23:58:58.498  INFO  manager.ListenerWD - Before find element --> By.cssSelector: .contact-item-detailed_card__50dTS
23:58:58.514  INFO  manager.ListenerWD - After find element --> By.cssSelector: .contact-item-detailed_card__50dTS
23:58:58.559  INFO  manager.ListenerWD - Before find element --> By.cssSelector: .contact-item-detailed_card__50dTS
23:58:58.574  INFO  manager.ListenerWD - After find element --> By.cssSelector: .contact-item-detailed_card__50dTS
23:58:58.614  INFO  manager.ListenerWD - Before find element --> By.cssSelector: .contact-item-detailed_card__50dTS
23:58:58.627  INFO  manager.ListenerWD - After find element --> By.cssSelector: .contact-item-detailed_card__50dTS
23:58:58.669  INFO  manager.ListenerWD - Before find element --> By.cssSelector: .contact-item-detailed_card__50dTS
23:58:58.679  INFO  manager.ListenerWD - After find element --> By.cssSelector: .contact-item-detailed_card__50dTS
23:58:58.710  INFO  manager.ListenerWD - Before find element --> By.cssSelector: .contact-item-detailed_card__50dTS
23:58:58.718  INFO  manager.ListenerWD - After find element --> By.cssSelector: .contact-item-detailed_card__50dTS
23:58:58.745  INFO  manager.ListenerWD - Before find element --> By.cssSelector: .contact-item-detailed_card__50dTS
23:58:58.753  INFO  manager.ListenerWD - After find element --> By.cssSelector: .contact-item-detailed_card__50dTS
23:58:58.781  INFO  manager.ListenerWD - Before find element --> By.cssSelector: .contact-item-detailed_card__50dTS
23:58:58.788  INFO  manager.ListenerWD - After find element --> By.cssSelector: .contact-item-detailed_card__50dTS
23:58:58.815  INFO  manager.ListenerWD - Before find element --> By.cssSelector: .contact-item-detailed_card__50dTS
23:58:58.822  INFO  manager.ListenerWD - After find element --> By.cssSelector: .contact-item-detailed_card__50dTS
23:58:58.852  INFO  manager.ListenerWD - Before find element --> By.cssSelector: .contact-item-detailed_card__50dTS
23:58:58.859  INFO  manager.ListenerWD - After find element --> By.cssSelector: .contact-item-detailed_card__50dTS
23:58:58.886  INFO  manager.ListenerWD - Before find element --> By.cssSelector: .contact-item-detailed_card__50dTS
23:58:58.894  INFO  manager.ListenerWD - After find element --> By.cssSelector: .contact-item-detailed_card__50dTS
23:58:58.924  INFO  manager.ListenerWD - Before find element --> By.cssSelector: .contact-item-detailed_card__50dTS
23:58:58.934  INFO  manager.ListenerWD - After find element --> By.cssSelector: .contact-item-detailed_card__50dTS
23:58:58.963  INFO  manager.ListenerWD - Before find element --> By.cssSelector: .contact-item-detailed_card__50dTS
23:58:58.971  INFO  manager.ListenerWD - After find element --> By.cssSelector: .contact-item-detailed_card__50dTS
23:58:58.998  INFO  manager.ListenerWD - Before find element --> By.cssSelector: .contact-item-detailed_card__50dTS
23:58:59.005  INFO  manager.ListenerWD - After find element --> By.cssSelector: .contact-item-detailed_card__50dTS
23:58:59.038  INFO  manager.ListenerWD - Before find element --> By.cssSelector: .contact-item-detailed_card__50dTS
23:58:59.046  INFO  manager.ListenerWD - After find element --> By.cssSelector: .contact-item-detailed_card__50dTS
23:58:59.073  INFO  manager.ListenerWD - Before find element --> By.cssSelector: .contact-item-detailed_card__50dTS
23:58:59.082  INFO  manager.ListenerWD - After find element --> By.cssSelector: .contact-item-detailed_card__50dTS
23:58:59.112  INFO  manager.ListenerWD - Before find element --> By.cssSelector: .contact-item-detailed_card__50dTS
23:58:59.120  INFO  manager.ListenerWD - After find element --> By.cssSelector: .contact-item-detailed_card__50dTS
23:58:59.154  INFO  manager.ListenerWD - Before find element --> By.cssSelector: .contact-item-detailed_card__50dTS
23:58:59.163  INFO  manager.ListenerWD - After find element --> By.cssSelector: .contact-item-detailed_card__50dTS
23:58:59.190  INFO  manager.ListenerWD - Before find element --> By.cssSelector: .contact-item-detailed_card__50dTS
23:58:59.198  INFO  manager.ListenerWD - After find element --> By.cssSelector: .contact-item-detailed_card__50dTS
23:58:59.227  INFO  manager.ListenerWD - Before find element --> By.cssSelector: .contact-item-detailed_card__50dTS
23:58:59.235  INFO  manager.ListenerWD - After find element --> By.cssSelector: .contact-item-detailed_card__50dTS
23:58:59.264  INFO  manager.ListenerWD - Before find element --> By.cssSelector: .contact-item-detailed_card__50dTS
23:58:59.271  INFO  manager.ListenerWD - After find element --> By.cssSelector: .contact-item-detailed_card__50dTS
23:58:59.306  INFO  manager.ListenerWD - Before find element --> By.cssSelector: .contact-item-detailed_card__50dTS
23:58:59.315  INFO  manager.ListenerWD - After find element --> By.cssSelector: .contact-item-detailed_card__50dTS
23:58:59.341  INFO  manager.ListenerWD - Before find element --> By.cssSelector: .contact-item-detailed_card__50dTS
23:58:59.349  INFO  manager.ListenerWD - After find element --> By.cssSelector: .contact-item-detailed_card__50dTS
23:58:59.378  INFO  manager.ListenerWD - Before find element --> By.cssSelector: .contact-item-detailed_card__50dTS
23:58:59.386  INFO  manager.ListenerWD - After find element --> By.cssSelector: .contact-item-detailed_card__50dTS
23:58:59.419  INFO  manager.ListenerWD - Before find element --> By.cssSelector: .contact-item-detailed_card__50dTS
23:58:59.427  INFO  manager.ListenerWD - After find element --> By.cssSelector: .contact-item-detailed_card__50dTS
23:58:59.458  INFO  manager.ListenerWD - Before find element --> By.cssSelector: .contact-item-detailed_card__50dTS
23:58:59.466  INFO  manager.ListenerWD - After find element --> By.cssSelector: .contact-item-detailed_card__50dTS
23:58:59.491  INFO  manager.ListenerWD - Before find element --> By.cssSelector: .contact-item-detailed_card__50dTS
23:58:59.500  INFO  manager.ListenerWD - After find element --> By.cssSelector: .contact-item-detailed_card__50dTS
23:58:59.531  INFO  manager.ListenerWD - Before find element --> By.cssSelector: .contact-item-detailed_card__50dTS
23:58:59.538  INFO  manager.ListenerWD - After find element --> By.cssSelector: .contact-item-detailed_card__50dTS
23:58:59.572  INFO  manager.ListenerWD - Before find element --> By.cssSelector: .contact-item-detailed_card__50dTS
23:58:59.581  INFO  manager.ListenerWD - After find element --> By.cssSelector: .contact-item-detailed_card__50dTS
23:58:59.612  INFO  manager.ListenerWD - Before find element --> By.cssSelector: .contact-item-detailed_card__50dTS
23:58:59.621  INFO  manager.ListenerWD - After find element --> By.cssSelector: .contact-item-detailed_card__50dTS
23:58:59.649  INFO  manager.ListenerWD - Before find element --> By.cssSelector: .contact-item-detailed_card__50dTS
23:58:59.656  INFO  manager.ListenerWD - After find element --> By.cssSelector: .contact-item-detailed_card__50dTS
23:58:59.683  INFO  manager.ListenerWD - Before find element --> By.cssSelector: .contact-item-detailed_card__50dTS
23:58:59.690  INFO  manager.ListenerWD - After find element --> By.cssSelector: .contact-item-detailed_card__50dTS
23:58:59.728  INFO  manager.ListenerWD - Before find element --> By.cssSelector: .contact-item-detailed_card__50dTS
23:58:59.738  INFO  manager.ListenerWD - After find element --> By.cssSelector: .contact-item-detailed_card__50dTS
23:58:59.768  INFO  manager.ListenerWD - Before find element --> By.cssSelector: .contact-item-detailed_card__50dTS
23:58:59.776  INFO  manager.ListenerWD - After find element --> By.cssSelector: .contact-item-detailed_card__50dTS
23:58:59.807  INFO  manager.ListenerWD - Before find element --> By.cssSelector: .contact-item-detailed_card__50dTS
23:58:59.816  INFO  manager.ListenerWD - After find element --> By.cssSelector: .contact-item-detailed_card__50dTS
23:58:59.849  INFO  manager.ListenerWD - Before find element --> By.cssSelector: .contact-item-detailed_card__50dTS
23:58:59.857  INFO  manager.ListenerWD - After find element --> By.cssSelector: .contact-item-detailed_card__50dTS
23:58:59.886  INFO  manager.ListenerWD - Before find element --> By.cssSelector: .contact-item-detailed_card__50dTS
23:58:59.894  INFO  manager.ListenerWD - After find element --> By.cssSelector: .contact-item-detailed_card__50dTS
23:58:59.900  INFO  tests.TestBase - Checked, if a contact was created by name,phone number and email
23:58:59.902  INFO  tests.TestBase - The name of starts method is --->addContactSuccessRequiredFields
23:58:59.902  INFO  manager.ListenerWD - Before find elements --> By.xpath: //button[text()='Sign Out']
23:58:59.910  INFO  manager.ListenerWD - After find elements --> By.xpath: //button[text()='Sign Out']
23:58:59.910  INFO  manager.ListenerWD - List size is --> 1
23:58:59.911  INFO  tests.TestBase - Tests start with data : Contact(name=Leo1042, lastName=Shamos, email=leo1042@gmail.ru, address=NY, phone=575757571042, description=null)
23:58:59.911  INFO  manager.ListenerWD - Before find element --> By.cssSelector: a[href='/add']
23:58:59.918  INFO  manager.ListenerWD - After find element --> By.cssSelector: a[href='/add']
23:58:59.937  INFO  manager.ListenerWD - Before find element --> By.cssSelector: input[placeholder='Name']
23:58:59.945  INFO  manager.ListenerWD - After find element --> By.cssSelector: input[placeholder='Name']
23:59:00.006  INFO  manager.ListenerWD - Before find element --> By.cssSelector: input[placeholder='Last Name']
23:59:00.013  INFO  manager.ListenerWD - After find element --> By.cssSelector: input[placeholder='Last Name']
23:59:00.073  INFO  manager.ListenerWD - Before find element --> By.cssSelector: input[placeholder='Phone']
23:59:00.080  INFO  manager.ListenerWD - After find element --> By.cssSelector: input[placeholder='Phone']
23:59:00.142  INFO  manager.ListenerWD - Before find element --> By.cssSelector: input[placeholder='email']
23:59:00.150  INFO  manager.ListenerWD - After find element --> By.cssSelector: input[placeholder='email']
23:59:00.208  INFO  manager.ListenerWD - Before find element --> By.cssSelector: input[placeholder='Address']
23:59:00.215  INFO  manager.ListenerWD - After find element --> By.cssSelector: input[placeholder='Address']
23:59:00.271  INFO  manager.ListenerWD - Before find element --> By.cssSelector: input[placeholder='description']
23:59:00.279  INFO  manager.ListenerWD - After find element --> By.cssSelector: input[placeholder='description']
23:59:00.323  INFO  manager.ListenerWD - Before find element --> By.xpath: //b[text()='Save']
23:59:00.330  INFO  manager.ListenerWD - After find element --> By.xpath: //b[text()='Save']
23:59:00.355  INFO  manager.ListenerWD - Before find elements --> By.cssSelector: h2
23:59:00.891  INFO  manager.ListenerWD - After find elements --> By.cssSelector: h2
23:59:00.891  INFO  manager.ListenerWD - List size is --> 37
23:59:01.245  INFO  manager.ListenerWD - Before find elements --> By.cssSelector: h3
23:59:01.320  INFO  manager.ListenerWD - After find elements --> By.cssSelector: h3
23:59:01.320  INFO  manager.ListenerWD - List size is --> 37
23:59:01.659  INFO  manager.ListenerWD - Before find elements --> By.cssSelector: .contact-item_card__2SOIM
23:59:01.726  INFO  manager.ListenerWD - After find elements --> By.cssSelector: .contact-item_card__2SOIM
23:59:01.726  INFO  manager.ListenerWD - List size is --> 37
23:59:01.750  INFO  manager.ListenerWD - Before find element --> By.cssSelector: .contact-item-detailed_card__50dTS
23:59:01.759  INFO  manager.ListenerWD - After find element --> By.cssSelector: .contact-item-detailed_card__50dTS
23:59:01.797  INFO  manager.ListenerWD - Before find element --> By.cssSelector: .contact-item-detailed_card__50dTS
23:59:01.810  INFO  manager.ListenerWD - After find element --> By.cssSelector: .contact-item-detailed_card__50dTS
23:59:01.837  INFO  manager.ListenerWD - Before find element --> By.cssSelector: .contact-item-detailed_card__50dTS
23:59:01.846  INFO  manager.ListenerWD - After find element --> By.cssSelector: .contact-item-detailed_card__50dTS
23:59:01.873  INFO  manager.ListenerWD - Before find element --> By.cssSelector: .contact-item-detailed_card__50dTS
23:59:01.881  INFO  manager.ListenerWD - After find element --> By.cssSelector: .contact-item-detailed_card__50dTS
23:59:01.906  INFO  manager.ListenerWD - Before find element --> By.cssSelector: .contact-item-detailed_card__50dTS
23:59:01.914  INFO  manager.ListenerWD - After find element --> By.cssSelector: .contact-item-detailed_card__50dTS
23:59:01.940  INFO  manager.ListenerWD - Before find element --> By.cssSelector: .contact-item-detailed_card__50dTS
23:59:01.948  INFO  manager.ListenerWD - After find element --> By.cssSelector: .contact-item-detailed_card__50dTS
23:59:01.975  INFO  manager.ListenerWD - Before find element --> By.cssSelector: .contact-item-detailed_card__50dTS
23:59:01.983  INFO  manager.ListenerWD - After find element --> By.cssSelector: .contact-item-detailed_card__50dTS
23:59:02.010  INFO  manager.ListenerWD - Before find element --> By.cssSelector: .contact-item-detailed_card__50dTS
23:59:02.019  INFO  manager.ListenerWD - After find element --> By.cssSelector: .contact-item-detailed_card__50dTS
23:59:02.048  INFO  manager.ListenerWD - Before find element --> By.cssSelector: .contact-item-detailed_card__50dTS
23:59:02.054  INFO  manager.ListenerWD - After find element --> By.cssSelector: .contact-item-detailed_card__50dTS
23:59:02.083  INFO  manager.ListenerWD - Before find element --> By.cssSelector: .contact-item-detailed_card__50dTS
23:59:02.090  INFO  manager.ListenerWD - After find element --> By.cssSelector: .contact-item-detailed_card__50dTS
23:59:02.120  INFO  manager.ListenerWD - Before find element --> By.cssSelector: .contact-item-detailed_card__50dTS
23:59:02.129  INFO  manager.ListenerWD - After find element --> By.cssSelector: .contact-item-detailed_card__50dTS
23:59:02.158  INFO  manager.ListenerWD - Before find element --> By.cssSelector: .contact-item-detailed_card__50dTS
23:59:02.168  INFO  manager.ListenerWD - After find element --> By.cssSelector: .contact-item-detailed_card__50dTS
23:59:02.197  INFO  manager.ListenerWD - Before find element --> By.cssSelector: .contact-item-detailed_card__50dTS
23:59:02.203  INFO  manager.ListenerWD - After find element --> By.cssSelector: .contact-item-detailed_card__50dTS
23:59:02.233  INFO  manager.ListenerWD - Before find element --> By.cssSelector: .contact-item-detailed_card__50dTS
23:59:02.239  INFO  manager.ListenerWD - After find element --> By.cssSelector: .contact-item-detailed_card__50dTS
23:59:02.269  INFO  manager.ListenerWD - Before find element --> By.cssSelector: .contact-item-detailed_card__50dTS
23:59:02.282  INFO  manager.ListenerWD - After find element --> By.cssSelector: .contact-item-detailed_card__50dTS
23:59:02.314  INFO  manager.ListenerWD - Before find element --> By.cssSelector: .contact-item-detailed_card__50dTS
23:59:02.322  INFO  manager.ListenerWD - After find element --> By.cssSelector: .contact-item-detailed_card__50dTS
23:59:02.354  INFO  manager.ListenerWD - Before find element --> By.cssSelector: .contact-item-detailed_card__50dTS
23:59:02.363  INFO  manager.ListenerWD - After find element --> By.cssSelector: .contact-item-detailed_card__50dTS
23:59:02.388  INFO  manager.ListenerWD - Before find element --> By.cssSelector: .contact-item-detailed_card__50dTS
23:59:02.397  INFO  manager.ListenerWD - After find element --> By.cssSelector: .contact-item-detailed_card__50dTS
23:59:02.424  INFO  manager.ListenerWD - Before find element --> By.cssSelector: .contact-item-detailed_card__50dTS
23:59:02.432  INFO  manager.ListenerWD - After find element --> By.cssSelector: .contact-item-detailed_card__50dTS
23:59:02.460  INFO  manager.ListenerWD - Before find element --> By.cssSelector: .contact-item-detailed_card__50dTS
23:59:02.468  INFO  manager.ListenerWD - After find element --> By.cssSelector: .contact-item-detailed_card__50dTS
23:59:02.496  INFO  manager.ListenerWD - Before find element --> By.cssSelector: .contact-item-detailed_card__50dTS
23:59:02.502  INFO  manager.ListenerWD - After find element --> By.cssSelector: .contact-item-detailed_card__50dTS
23:59:02.530  INFO  manager.ListenerWD - Before find element --> By.cssSelector: .contact-item-detailed_card__50dTS
23:59:02.537  INFO  manager.ListenerWD - After find element --> By.cssSelector: .contact-item-detailed_card__50dTS
23:59:02.566  INFO  manager.ListenerWD - Before find element --> By.cssSelector: .contact-item-detailed_card__50dTS
23:59:02.573  INFO  manager.ListenerWD - After find element --> By.cssSelector: .contact-item-detailed_card__50dTS
23:59:02.604  INFO  manager.ListenerWD - Before find element --> By.cssSelector: .contact-item-detailed_card__50dTS
23:59:02.614  INFO  manager.ListenerWD - After find element --> By.cssSelector: .contact-item-detailed_card__50dTS
23:59:02.646  INFO  manager.ListenerWD - Before find element --> By.cssSelector: .contact-item-detailed_card__50dTS
23:59:02.653  INFO  manager.ListenerWD - After find element --> By.cssSelector: .contact-item-detailed_card__50dTS
23:59:02.683  INFO  manager.ListenerWD - Before find element --> By.cssSelector: .contact-item-detailed_card__50dTS
23:59:02.689  INFO  manager.ListenerWD - After find element --> By.cssSelector: .contact-item-detailed_card__50dTS
23:59:02.718  INFO  manager.ListenerWD - Before find element --> By.cssSelector: .contact-item-detailed_card__50dTS
23:59:02.724  INFO  manager.ListenerWD - After find element --> By.cssSelector: .contact-item-detailed_card__50dTS
23:59:02.755  INFO  manager.ListenerWD - Before find element --> By.cssSelector: .contact-item-detailed_card__50dTS
23:59:02.764  INFO  manager.ListenerWD - After find element --> By.cssSelector: .contact-item-detailed_card__50dTS
23:59:02.795  INFO  manager.ListenerWD - Before find element --> By.cssSelector: .contact-item-detailed_card__50dTS
23:59:02.803  INFO  manager.ListenerWD - After find element --> By.cssSelector: .contact-item-detailed_card__50dTS
23:59:02.838  INFO  manager.ListenerWD - Before find element --> By.cssSelector: .contact-item-detailed_card__50dTS
23:59:02.846  INFO  manager.ListenerWD - After find element --> By.cssSelector: .contact-item-detailed_card__50dTS
23:59:02.872  INFO  manager.ListenerWD - Before find element --> By.cssSelector: .contact-item-detailed_card__50dTS
23:59:02.889  INFO  manager.ListenerWD - After find element --> By.cssSelector: .contact-item-detailed_card__50dTS
23:59:02.919  INFO  manager.ListenerWD - Before find element --> By.cssSelector: .contact-item-detailed_card__50dTS
23:59:02.927  INFO  manager.ListenerWD - After find element --> By.cssSelector: .contact-item-detailed_card__50dTS
23:59:02.957  INFO  manager.ListenerWD - Before find element --> By.cssSelector: .contact-item-detailed_card__50dTS
23:59:02.966  INFO  manager.ListenerWD - After find element --> By.cssSelector: .contact-item-detailed_card__50dTS
23:59:02.994  INFO  manager.ListenerWD - Before find element --> By.cssSelector: .contact-item-detailed_card__50dTS
23:59:03.001  INFO  manager.ListenerWD - After find element --> By.cssSelector: .contact-item-detailed_card__50dTS
23:59:03.034  INFO  manager.ListenerWD - Before find element --> By.cssSelector: .contact-item-detailed_card__50dTS
23:59:03.044  INFO  manager.ListenerWD - After find element --> By.cssSelector: .contact-item-detailed_card__50dTS
23:59:03.079  INFO  manager.ListenerWD - Before find element --> By.cssSelector: .contact-item-detailed_card__50dTS
23:59:03.088  INFO  manager.ListenerWD - After find element --> By.cssSelector: .contact-item-detailed_card__50dTS
23:59:03.116  INFO  manager.ListenerWD - Before find element --> By.cssSelector: .contact-item-detailed_card__50dTS
23:59:03.123  INFO  manager.ListenerWD - After find element --> By.cssSelector: .contact-item-detailed_card__50dTS
23:59:03.129  INFO  tests.TestBase - Checked, if a contact was created by name,phone number and email
23:59:03.130  INFO  tests.TestBase - The name of starts method is --->addNewContactWrongAddress
23:59:03.130  INFO  manager.ListenerWD - Before find elements --> By.xpath: //button[text()='Sign Out']
23:59:03.136  INFO  manager.ListenerWD - After find elements --> By.xpath: //button[text()='Sign Out']
23:59:03.136  INFO  manager.ListenerWD - List size is --> 1
23:59:03.136  INFO  manager.ListenerWD - Before find element --> By.cssSelector: a[href='/add']
23:59:03.145  INFO  manager.ListenerWD - After find element --> By.cssSelector: a[href='/add']
23:59:03.164  INFO  manager.ListenerWD - Before find element --> By.cssSelector: input[placeholder='Name']
23:59:03.172  INFO  manager.ListenerWD - After find element --> By.cssSelector: input[placeholder='Name']
23:59:03.234  INFO  manager.ListenerWD - Before find element --> By.cssSelector: input[placeholder='Last Name']
23:59:03.239  INFO  manager.ListenerWD - After find element --> By.cssSelector: input[placeholder='Last Name']
23:59:03.299  INFO  manager.ListenerWD - Before find element --> By.cssSelector: input[placeholder='Phone']
23:59:03.305  INFO  manager.ListenerWD - After find element --> By.cssSelector: input[placeholder='Phone']
23:59:03.364  INFO  manager.ListenerWD - Before find element --> By.cssSelector: input[placeholder='email']
23:59:03.370  INFO  manager.ListenerWD - After find element --> By.cssSelector: input[placeholder='email']
23:59:03.431  INFO  manager.ListenerWD - Before find element --> By.cssSelector: input[placeholder='Address']
23:59:03.437  INFO  manager.ListenerWD - After find element --> By.cssSelector: input[placeholder='Address']
23:59:03.494  INFO  manager.ListenerWD - Before find element --> By.cssSelector: input[placeholder='description']
23:59:03.500  INFO  manager.ListenerWD - After find element --> By.cssSelector: input[placeholder='description']
23:59:03.560  INFO  manager.ListenerWD - Before find element --> By.xpath: //b[text()='Save']
23:59:03.566  INFO  manager.ListenerWD - After find element --> By.xpath: //b[text()='Save']
23:59:03.586  INFO  manager.ListenerWD - Before find elements --> By.cssSelector: a.active[href='/add']
23:59:03.595  INFO  manager.ListenerWD - After find elements --> By.cssSelector: a.active[href='/add']
23:59:03.595  INFO  manager.ListenerWD - List size is --> 1
23:59:03.595  INFO  tests.TestBase - The name of starts method is --->addNewContactWrongEmail
23:59:03.596  INFO  manager.ListenerWD - Before find elements --> By.xpath: //button[text()='Sign Out']
23:59:03.602  INFO  manager.ListenerWD - After find elements --> By.xpath: //button[text()='Sign Out']
23:59:03.602  INFO  manager.ListenerWD - List size is --> 1
23:59:03.603  INFO  manager.ListenerWD - Before find element --> By.cssSelector: a[href='/add']
23:59:03.608  INFO  manager.ListenerWD - After find element --> By.cssSelector: a[href='/add']
23:59:03.629  INFO  manager.ListenerWD - Before find element --> By.cssSelector: input[placeholder='Name']
23:59:03.636  INFO  manager.ListenerWD - After find element --> By.cssSelector: input[placeholder='Name']
23:59:03.698  INFO  manager.ListenerWD - Before find element --> By.cssSelector: input[placeholder='Last Name']
23:59:03.706  INFO  manager.ListenerWD - After find element --> By.cssSelector: input[placeholder='Last Name']
23:59:03.762  INFO  manager.ListenerWD - Before find element --> By.cssSelector: input[placeholder='Phone']
23:59:03.771  INFO  manager.ListenerWD - After find element --> By.cssSelector: input[placeholder='Phone']
23:59:03.849  INFO  manager.ListenerWD - Before find element --> By.cssSelector: input[placeholder='email']
23:59:03.857  INFO  manager.ListenerWD - After find element --> By.cssSelector: input[placeholder='email']
23:59:03.917  INFO  manager.ListenerWD - Before find element --> By.cssSelector: input[placeholder='Address']
23:59:03.923  INFO  manager.ListenerWD - After find element --> By.cssSelector: input[placeholder='Address']
23:59:03.965  INFO  manager.ListenerWD - Before find element --> By.cssSelector: input[placeholder='description']
23:59:03.971  INFO  manager.ListenerWD - After find element --> By.cssSelector: input[placeholder='description']
23:59:04.019  INFO  manager.ListenerWD - Before find element --> By.xpath: //b[text()='Save']
23:59:04.026  INFO  manager.ListenerWD - After find element --> By.xpath: //b[text()='Save']
23:59:04.038  INFO  manager.ListenerWD - Before find elements --> By.cssSelector: a.active[href='/add']
23:59:04.045  INFO  manager.ListenerWD - After find elements --> By.cssSelector: a.active[href='/add']
23:59:04.045  INFO  manager.ListenerWD - List size is --> 1
23:59:04.052  INFO  manager.ListenerWD - We have a 'problem'
23:59:04.052  INFO  manager.ListenerWD - **********************
23:59:04.052  INFO  manager.ListenerWD - Method method-->alert
23:59:04.052  INFO  manager.ListenerWD - **********************
23:59:04.053  INFO  manager.ListenerWD - InvocationTargetException getTargetException() org.openqa.selenium.NoAlertPresentException: no such alert
  (Session info: chrome=109.0.5414.120)
Build info: version: '4.7.1', revision: 'c6795baf1a3'
System info: os.name: 'Windows 10', os.arch: 'amd64', os.version: '10.0', java.version: '11.0.17'
Driver info: org.openqa.selenium.chrome.ChromeDriver
Command: [69f02e651ad5ae68482bac718ceeb548, getAlertText {}]
Capabilities {acceptInsecureCerts: false, browserName: chrome, browserVersion: 109.0.5414.120, chrome: {chromedriverVersion: 108.0.5359.71 (1e0e3868ee06..., userDataDir: C:\Users\Marina\AppData\Loc...}, goog:chromeOptions: {debuggerAddress: localhost:58473}, networkConnectionEnabled: false, pageLoadStrategy: normal, platformName: WINDOWS, proxy: Proxy(), se:cdp: ws://localhost:58473/devtoo..., se:cdpVersion: 109.0.5414.120, setWindowRect: true, strictFileInteractability: false, timeouts: {implicit: 0, pageLoad: 300000, script: 30000}, unhandledPromptBehavior: dismiss and notify, webauthn:extension:credBlob: true, webauthn:extension:largeBlob: true, webauthn:virtualAuthenticators: true}
Session ID: 69f02e651ad5ae68482bac718ceeb548
23:59:04.053  INFO  manager.ListenerWD - **********************
23:59:04.053  INFO  manager.ListenerWD - Object targetorg.openqa.selenium.remote.RemoteWebDriver$RemoteTargetLocator@350f18a6
23:59:04.053  INFO  manager.ListenerWD - **********************
23:59:04.591  INFO  tests.TestBase - The name of starts method is --->addNewContactWrongLastName
23:59:04.591  INFO  manager.ListenerWD - Before find elements --> By.xpath: //button[text()='Sign Out']
23:59:04.602  INFO  manager.ListenerWD - After find elements --> By.xpath: //button[text()='Sign Out']
23:59:04.602  INFO  manager.ListenerWD - List size is --> 1
23:59:04.602  INFO  manager.ListenerWD - Before find element --> By.cssSelector: a[href='/add']
23:59:04.613  INFO  manager.ListenerWD - After find element --> By.cssSelector: a[href='/add']
23:59:04.629  INFO  manager.ListenerWD - Before find element --> By.cssSelector: input[placeholder='Name']
23:59:04.636  INFO  manager.ListenerWD - After find element --> By.cssSelector: input[placeholder='Name']
23:59:04.689  INFO  manager.ListenerWD - Before find element --> By.cssSelector: input[placeholder='Last Name']
23:59:04.696  INFO  manager.ListenerWD - After find element --> By.cssSelector: input[placeholder='Last Name']
23:59:04.744  INFO  manager.ListenerWD - Before find element --> By.cssSelector: input[placeholder='Phone']
23:59:04.750  INFO  manager.ListenerWD - After find element --> By.cssSelector: input[placeholder='Phone']
23:59:04.803  INFO  manager.ListenerWD - Before find element --> By.cssSelector: input[placeholder='email']
23:59:04.809  INFO  manager.ListenerWD - After find element --> By.cssSelector: input[placeholder='email']
23:59:04.860  INFO  manager.ListenerWD - Before find element --> By.cssSelector: input[placeholder='Address']
23:59:04.866  INFO  manager.ListenerWD - After find element --> By.cssSelector: input[placeholder='Address']
23:59:04.914  INFO  manager.ListenerWD - Before find element --> By.cssSelector: input[placeholder='description']
23:59:04.919  INFO  manager.ListenerWD - After find element --> By.cssSelector: input[placeholder='description']
23:59:04.970  INFO  manager.ListenerWD - Before find element --> By.xpath: //b[text()='Save']
23:59:04.976  INFO  manager.ListenerWD - After find element --> By.xpath: //b[text()='Save']
23:59:04.989  INFO  manager.ListenerWD - Before find elements --> By.cssSelector: a.active[href='/add']
23:59:04.996  INFO  manager.ListenerWD - After find elements --> By.cssSelector: a.active[href='/add']
23:59:04.996  INFO  manager.ListenerWD - List size is --> 1
23:59:04.996  INFO  tests.TestBase - Status code 400, message not received: last name must not be empty => Bug report
23:59:04.996  INFO  tests.TestBase - The name of starts method is --->addNewContactWrongName
23:59:04.996  INFO  manager.ListenerWD - Before find elements --> By.xpath: //button[text()='Sign Out']
23:59:05.002  INFO  manager.ListenerWD - After find elements --> By.xpath: //button[text()='Sign Out']
23:59:05.002  INFO  manager.ListenerWD - List size is --> 1
23:59:05.003  INFO  tests.TestBase - Tests start with data : Contact(name=null, lastName=Shamos, email=marina@gmail.com, address=Canberra, phone=777777711111, description=wrong name)
23:59:05.003  INFO  manager.ListenerWD - Before find element --> By.cssSelector: a[href='/add']
23:59:05.009  INFO  manager.ListenerWD - After find element --> By.cssSelector: a[href='/add']
23:59:05.024  INFO  manager.ListenerWD - Before find element --> By.cssSelector: input[placeholder='Name']
23:59:05.031  INFO  manager.ListenerWD - After find element --> By.cssSelector: input[placeholder='Name']
23:59:05.069  INFO  manager.ListenerWD - Before find element --> By.cssSelector: input[placeholder='Last Name']
23:59:05.077  INFO  manager.ListenerWD - After find element --> By.cssSelector: input[placeholder='Last Name']
23:59:05.127  INFO  manager.ListenerWD - Before find element --> By.cssSelector: input[placeholder='Phone']
23:59:05.133  INFO  manager.ListenerWD - After find element --> By.cssSelector: input[placeholder='Phone']
23:59:05.184  INFO  manager.ListenerWD - Before find element --> By.cssSelector: input[placeholder='email']
23:59:05.190  INFO  manager.ListenerWD - After find element --> By.cssSelector: input[placeholder='email']
23:59:05.238  INFO  manager.ListenerWD - Before find element --> By.cssSelector: input[placeholder='Address']
23:59:05.246  INFO  manager.ListenerWD - After find element --> By.cssSelector: input[placeholder='Address']
23:59:05.291  INFO  manager.ListenerWD - Before find element --> By.cssSelector: input[placeholder='description']
23:59:05.298  INFO  manager.ListenerWD - After find element --> By.cssSelector: input[placeholder='description']
23:59:15.345  INFO  manager.ListenerWD - Before find element --> By.xpath: //b[text()='Save']
23:59:15.369  INFO  manager.ListenerWD - After find element --> By.xpath: //b[text()='Save']
23:59:15.389  INFO  manager.ListenerWD - Before find elements --> By.cssSelector: a.active[href='/add']
23:59:15.398  INFO  manager.ListenerWD - After find elements --> By.cssSelector: a.active[href='/add']
23:59:15.398  INFO  manager.ListenerWD - List size is --> 1
23:59:15.398  INFO  tests.TestBase - Status code 400, message not received: mane must not be empty => Bug report
23:59:15.398  INFO  tests.TestBase - The name of starts method is --->addNewContactWrongPhone
23:59:15.399  INFO  manager.ListenerWD - Before find elements --> By.xpath: //button[text()='Sign Out']
23:59:15.407  INFO  manager.ListenerWD - After find elements --> By.xpath: //button[text()='Sign Out']
23:59:15.407  INFO  manager.ListenerWD - List size is --> 1
23:59:15.408  INFO  manager.ListenerWD - Before find element --> By.cssSelector: a[href='/add']
23:59:15.415  INFO  manager.ListenerWD - After find element --> By.cssSelector: a[href='/add']
23:59:15.433  INFO  manager.ListenerWD - Before find element --> By.cssSelector: input[placeholder='Name']
23:59:15.440  INFO  manager.ListenerWD - After find element --> By.cssSelector: input[placeholder='Name']
23:59:15.485  INFO  manager.ListenerWD - Before find element --> By.cssSelector: input[placeholder='Last Name']
23:59:15.490  INFO  manager.ListenerWD - After find element --> By.cssSelector: input[placeholder='Last Name']
23:59:15.535  INFO  manager.ListenerWD - Before find element --> By.cssSelector: input[placeholder='Phone']
23:59:15.540  INFO  manager.ListenerWD - After find element --> By.cssSelector: input[placeholder='Phone']
23:59:15.584  INFO  manager.ListenerWD - Before find element --> By.cssSelector: input[placeholder='email']
23:59:15.589  INFO  manager.ListenerWD - After find element --> By.cssSelector: input[placeholder='email']
23:59:15.637  INFO  manager.ListenerWD - Before find element --> By.cssSelector: input[placeholder='Address']
23:59:15.643  INFO  manager.ListenerWD - After find element --> By.cssSelector: input[placeholder='Address']
23:59:15.691  INFO  manager.ListenerWD - Before find element --> By.cssSelector: input[placeholder='description']
23:59:15.699  INFO  manager.ListenerWD - After find element --> By.cssSelector: input[placeholder='description']
23:59:15.752  INFO  manager.ListenerWD - Before find element --> By.xpath: //b[text()='Save']
23:59:15.758  INFO  manager.ListenerWD - After find element --> By.xpath: //b[text()='Save']
23:59:15.769  INFO  manager.ListenerWD - Before find elements --> By.cssSelector: a.active[href='/add']
23:59:15.775  INFO  manager.ListenerWD - After find elements --> By.cssSelector: a.active[href='/add']
23:59:15.775  INFO  manager.ListenerWD - List size is --> 1
23:59:15.778  INFO  manager.ListenerWD - We have a 'problem'
23:59:15.778  INFO  manager.ListenerWD - **********************
23:59:15.778  INFO  manager.ListenerWD - Method method-->alert
23:59:15.778  INFO  manager.ListenerWD - **********************
23:59:15.778  INFO  manager.ListenerWD - InvocationTargetException getTargetException() org.openqa.selenium.NoAlertPresentException: no such alert
  (Session info: chrome=109.0.5414.120)
Build info: version: '4.7.1', revision: 'c6795baf1a3'
System info: os.name: 'Windows 10', os.arch: 'amd64', os.version: '10.0', java.version: '11.0.17'
Driver info: org.openqa.selenium.chrome.ChromeDriver
Command: [69f02e651ad5ae68482bac718ceeb548, getAlertText {}]
Capabilities {acceptInsecureCerts: false, browserName: chrome, browserVersion: 109.0.5414.120, chrome: {chromedriverVersion: 108.0.5359.71 (1e0e3868ee06..., userDataDir: C:\Users\Marina\AppData\Loc...}, goog:chromeOptions: {debuggerAddress: localhost:58473}, networkConnectionEnabled: false, pageLoadStrategy: normal, platformName: WINDOWS, proxy: Proxy(), se:cdp: ws://localhost:58473/devtoo..., se:cdpVersion: 109.0.5414.120, setWindowRect: true, strictFileInteractability: false, timeouts: {implicit: 0, pageLoad: 300000, script: 30000}, unhandledPromptBehavior: dismiss and notify, webauthn:extension:credBlob: true, webauthn:extension:largeBlob: true, webauthn:virtualAuthenticators: true}
Session ID: 69f02e651ad5ae68482bac718ceeb548
23:59:15.778  INFO  manager.ListenerWD - **********************
23:59:15.778  INFO  manager.ListenerWD - Object targetorg.openqa.selenium.remote.RemoteWebDriver$RemoteTargetLocator@2bd4780c
23:59:15.778  INFO  manager.ListenerWD - **********************
23:59:16.316  INFO  tests.TestBase - The name of starts method is --->registrationSuccess
23:59:16.317  INFO  manager.ListenerWD - Before find elements --> By.xpath: //button[text()='Sign Out']
23:59:16.325  INFO  manager.ListenerWD - After find elements --> By.xpath: //button[text()='Sign Out']
23:59:16.325  INFO  manager.ListenerWD - List size is --> 1
23:59:16.326  INFO  manager.ListenerWD - Before find element --> By.xpath: //button[text()='Sign Out']
23:59:16.338  INFO  manager.ListenerWD - After find element --> By.xpath: //button[text()='Sign Out']
23:59:16.363  INFO  tests.TestBase - I need logout
23:59:16.364  INFO  tests.TestBase - Registration with valid data: 'random email: dsa@gmail.com & password: Qq12345$'
23:59:16.364  INFO  manager.ListenerWD - Before find element --> By.cssSelector: a[href='/login']
23:59:16.374  INFO  manager.ListenerWD - After find element --> By.cssSelector: a[href='/login']
23:59:16.383  INFO  manager.ListenerWD - Before find element --> By.cssSelector: a[href='/login']
23:59:16.389  INFO  manager.ListenerWD - After find element --> By.cssSelector: a[href='/login']
23:59:16.416  INFO  manager.ListenerWD - Before find element --> By.name: email
23:59:16.424  INFO  manager.ListenerWD - After find element --> By.name: email
23:59:16.491  INFO  manager.ListenerWD - Before find element --> By.name: password
23:59:16.500  INFO  manager.ListenerWD - After find element --> By.name: password
23:59:16.561  INFO  manager.ListenerWD - Before find element --> By.cssSelector: [name='registration']
23:59:16.569  INFO  manager.ListenerWD - After find element --> By.cssSelector: [name='registration']
23:59:16.589  INFO  manager.ListenerWD - Before find elements --> By.xpath: //button[text()='Sign Out']
23:59:17.112  INFO  manager.ListenerWD - After find elements --> By.xpath: //button[text()='Sign Out']
23:59:17.112  INFO  manager.ListenerWD - List size is --> 1
23:59:17.112  INFO  tests.TestBase - registration success
23:59:17.114  INFO  tests.TestBase - The name of starts method is --->registrationUserAlreadyExists
23:59:17.114  INFO  manager.ListenerWD - Before find elements --> By.xpath: //button[text()='Sign Out']
23:59:17.121  INFO  manager.ListenerWD - After find elements --> By.xpath: //button[text()='Sign Out']
23:59:17.121  INFO  manager.ListenerWD - List size is --> 1
23:59:17.121  INFO  manager.ListenerWD - Before find element --> By.xpath: //button[text()='Sign Out']
23:59:17.130  INFO  manager.ListenerWD - After find element --> By.xpath: //button[text()='Sign Out']
23:59:17.150  INFO  tests.TestBase - I need logout
23:59:17.151  INFO  tests.TestBase - Registration with valid data of registered user: 'email: dsa@gmail.com & password: 'Qq12345$'
23:59:17.151  INFO  manager.ListenerWD - Before find element --> By.cssSelector: a[href='/login']
23:59:17.157  INFO  manager.ListenerWD - After find element --> By.cssSelector: a[href='/login']
23:59:17.168  INFO  manager.ListenerWD - Before find element --> By.cssSelector: a[href='/login']
23:59:17.174  INFO  manager.ListenerWD - After find element --> By.cssSelector: a[href='/login']
23:59:17.195  INFO  manager.ListenerWD - Before find element --> By.name: email
23:59:17.201  INFO  manager.ListenerWD - After find element --> By.name: email
23:59:17.265  INFO  manager.ListenerWD - Before find element --> By.name: password
23:59:17.271  INFO  manager.ListenerWD - After find element --> By.name: password
23:59:17.336  INFO  manager.ListenerWD - Before find element --> By.cssSelector: [name='registration']
23:59:17.341  INFO  manager.ListenerWD - After find element --> By.cssSelector: [name='registration']
23:59:17.364  INFO  manager.ListenerWD - We have a 'problem'
23:59:17.364  INFO  manager.ListenerWD - **********************
23:59:17.364  INFO  manager.ListenerWD - Method method-->alert
23:59:17.364  INFO  manager.ListenerWD - **********************
23:59:17.364  INFO  manager.ListenerWD - InvocationTargetException getTargetException() org.openqa.selenium.NoAlertPresentException: no such alert
  (Session info: chrome=109.0.5414.120)
Build info: version: '4.7.1', revision: 'c6795baf1a3'
System info: os.name: 'Windows 10', os.arch: 'amd64', os.version: '10.0', java.version: '11.0.17'
Driver info: org.openqa.selenium.chrome.ChromeDriver
Command: [69f02e651ad5ae68482bac718ceeb548, getAlertText {}]
Capabilities {acceptInsecureCerts: false, browserName: chrome, browserVersion: 109.0.5414.120, chrome: {chromedriverVersion: 108.0.5359.71 (1e0e3868ee06..., userDataDir: C:\Users\Marina\AppData\Loc...}, goog:chromeOptions: {debuggerAddress: localhost:58473}, networkConnectionEnabled: false, pageLoadStrategy: normal, platformName: WINDOWS, proxy: Proxy(), se:cdp: ws://localhost:58473/devtoo..., se:cdpVersion: 109.0.5414.120, setWindowRect: true, strictFileInteractability: false, timeouts: {implicit: 0, pageLoad: 300000, script: 30000}, unhandledPromptBehavior: dismiss and notify, webauthn:extension:credBlob: true, webauthn:extension:largeBlob: true, webauthn:virtualAuthenticators: true}
Session ID: 69f02e651ad5ae68482bac718ceeb548
23:59:17.364  INFO  manager.ListenerWD - **********************
23:59:17.364  INFO  manager.ListenerWD - Object targetorg.openqa.selenium.remote.RemoteWebDriver$RemoteTargetLocator@627d35ff
23:59:17.364  INFO  manager.ListenerWD - **********************
23:59:17.873  INFO  tests.TestBase - Error message is: 'User already exist'
23:59:17.874  INFO  tests.TestBase - The name of starts method is --->registrationWrongEmail
23:59:17.875  INFO  manager.ListenerWD - Before find elements --> By.xpath: //button[text()='Sign Out']
23:59:22.938  INFO  manager.ListenerWD - After find elements --> By.xpath: //button[text()='Sign Out']
23:59:22.938  INFO  manager.ListenerWD - List size is --> 0
23:59:22.939  INFO  tests.TestBase - Registration with 'invalid email: dsagmail.com & valid password: Qq12345$'
23:59:22.939  INFO  manager.ListenerWD - Before find element --> By.cssSelector: a[href='/login']
23:59:22.956  INFO  manager.ListenerWD - After find element --> By.cssSelector: a[href='/login']
23:59:22.967  INFO  manager.ListenerWD - Before find element --> By.cssSelector: a[href='/login']
23:59:22.976  INFO  manager.ListenerWD - After find element --> By.cssSelector: a[href='/login']
23:59:22.995  INFO  manager.ListenerWD - Before find element --> By.name: email
23:59:23.001  INFO  manager.ListenerWD - After find element --> By.name: email
23:59:23.062  INFO  manager.ListenerWD - Before find element --> By.name: password
23:59:23.068  INFO  manager.ListenerWD - After find element --> By.name: password
23:59:23.124  INFO  manager.ListenerWD - Before find element --> By.cssSelector: [name='registration']
23:59:23.130  INFO  manager.ListenerWD - After find element --> By.cssSelector: [name='registration']
23:59:23.153  INFO  manager.ListenerWD - We have a 'problem'
23:59:23.153  INFO  manager.ListenerWD - **********************
23:59:23.153  INFO  manager.ListenerWD - Method method-->alert
23:59:23.153  INFO  manager.ListenerWD - **********************
23:59:23.153  INFO  manager.ListenerWD - InvocationTargetException getTargetException() org.openqa.selenium.NoAlertPresentException: no such alert
  (Session info: chrome=109.0.5414.120)
Build info: version: '4.7.1', revision: 'c6795baf1a3'
System info: os.name: 'Windows 10', os.arch: 'amd64', os.version: '10.0', java.version: '11.0.17'
Driver info: org.openqa.selenium.chrome.ChromeDriver
Command: [69f02e651ad5ae68482bac718ceeb548, getAlertText {}]
Capabilities {acceptInsecureCerts: false, browserName: chrome, browserVersion: 109.0.5414.120, chrome: {chromedriverVersion: 108.0.5359.71 (1e0e3868ee06..., userDataDir: C:\Users\Marina\AppData\Loc...}, goog:chromeOptions: {debuggerAddress: localhost:58473}, networkConnectionEnabled: false, pageLoadStrategy: normal, platformName: WINDOWS, proxy: Proxy(), se:cdp: ws://localhost:58473/devtoo..., se:cdpVersion: 109.0.5414.120, setWindowRect: true, strictFileInteractability: false, timeouts: {implicit: 0, pageLoad: 300000, script: 30000}, unhandledPromptBehavior: dismiss and notify, webauthn:extension:credBlob: true, webauthn:extension:largeBlob: true, webauthn:virtualAuthenticators: true}
Session ID: 69f02e651ad5ae68482bac718ceeb548
23:59:23.153  INFO  manager.ListenerWD - **********************
23:59:23.153  INFO  manager.ListenerWD - Object targetorg.openqa.selenium.remote.RemoteWebDriver$RemoteTargetLocator@6f17dd06
23:59:23.153  INFO  manager.ListenerWD - **********************
23:59:23.675  INFO  tests.TestBase - Error message is: 'Wrong email or password format'
23:59:23.676  INFO  tests.TestBase - The name of starts method is --->registrationWrongPassword
23:59:23.678  INFO  manager.ListenerWD - Before find elements --> By.xpath: //button[text()='Sign Out']
23:59:28.736  INFO  manager.ListenerWD - After find elements --> By.xpath: //button[text()='Sign Out']
23:59:28.736  INFO  manager.ListenerWD - List size is --> 0
23:59:28.737  INFO  tests.TestBase - Registration with 'valid: email: dsa@gmail.com & invalid password: Qq123'
23:59:28.738  INFO  manager.ListenerWD - Before find element --> By.cssSelector: a[href='/login']
23:59:28.748  INFO  manager.ListenerWD - After find element --> By.cssSelector: a[href='/login']
23:59:28.758  INFO  manager.ListenerWD - Before find element --> By.cssSelector: a[href='/login']
23:59:28.767  INFO  manager.ListenerWD - After find element --> By.cssSelector: a[href='/login']
23:59:28.783  INFO  manager.ListenerWD - Before find element --> By.name: email
23:59:28.789  INFO  manager.ListenerWD - After find element --> By.name: email
23:59:28.849  INFO  manager.ListenerWD - Before find element --> By.name: password
23:59:28.855  INFO  manager.ListenerWD - After find element --> By.name: password
23:59:28.914  INFO  manager.ListenerWD - Before find element --> By.cssSelector: [name='registration']
23:59:28.921  INFO  manager.ListenerWD - After find element --> By.cssSelector: [name='registration']
23:59:28.943  INFO  manager.ListenerWD - We have a 'problem'
23:59:28.943  INFO  manager.ListenerWD - **********************
23:59:28.943  INFO  manager.ListenerWD - Method method-->alert
23:59:28.943  INFO  manager.ListenerWD - **********************
23:59:28.943  INFO  manager.ListenerWD - InvocationTargetException getTargetException() org.openqa.selenium.NoAlertPresentException: no such alert
  (Session info: chrome=109.0.5414.120)
Build info: version: '4.7.1', revision: 'c6795baf1a3'
System info: os.name: 'Windows 10', os.arch: 'amd64', os.version: '10.0', java.version: '11.0.17'
Driver info: org.openqa.selenium.chrome.ChromeDriver
Command: [69f02e651ad5ae68482bac718ceeb548, getAlertText {}]
Capabilities {acceptInsecureCerts: false, browserName: chrome, browserVersion: 109.0.5414.120, chrome: {chromedriverVersion: 108.0.5359.71 (1e0e3868ee06..., userDataDir: C:\Users\Marina\AppData\Loc...}, goog:chromeOptions: {debuggerAddress: localhost:58473}, networkConnectionEnabled: false, pageLoadStrategy: normal, platformName: WINDOWS, proxy: Proxy(), se:cdp: ws://localhost:58473/devtoo..., se:cdpVersion: 109.0.5414.120, setWindowRect: true, strictFileInteractability: false, timeouts: {implicit: 0, pageLoad: 300000, script: 30000}, unhandledPromptBehavior: dismiss and notify, webauthn:extension:credBlob: true, webauthn:extension:largeBlob: true, webauthn:virtualAuthenticators: true}
Session ID: 69f02e651ad5ae68482bac718ceeb548
23:59:28.943  INFO  manager.ListenerWD - **********************
23:59:28.943  INFO  manager.ListenerWD - Object targetorg.openqa.selenium.remote.RemoteWebDriver$RemoteTargetLocator@4acc27fd
23:59:28.943  INFO  manager.ListenerWD - **********************
23:59:29.476  INFO  tests.TestBase - Error message is: 'Wrong email or password format'
