22:29:26.519  INFO  manager.ApplicationManager - All tests star in Chrome Browser
22:29:28.154  INFO  manager.ApplicationManager - Current Url -->https://telranedu.web.app/home
22:29:28.177  INFO  tests.TestBase - The name of starts method is --->registrationSuccess
22:29:28.179  INFO  manager.ListenerWD - Before find elements --> By.xpath: //button[text()='Sign Out']
22:29:33.228  INFO  manager.ListenerWD - After find elements --> By.xpath: //button[text()='Sign Out']
22:29:33.231  INFO  manager.ListenerWD - List size is --> 0
22:29:33.232  INFO  tests.TestBase - Registration with valid data: 'random email: dsa@gmail.com & password: Qq12345$'
22:29:33.236  INFO  manager.ListenerWD - Before find element --> By.cssSelector: a[href='/login']
22:29:33.258  INFO  manager.ListenerWD - After find element --> By.cssSelector: a[href='/login']
22:29:33.274  INFO  manager.ListenerWD - Before find element --> By.cssSelector: a[href='/login']
22:29:33.286  INFO  manager.ListenerWD - After find element --> By.cssSelector: a[href='/login']
22:29:33.322  INFO  manager.ListenerWD - Before find element --> By.name: email
22:29:33.340  INFO  manager.ListenerWD - After find element --> By.name: email
22:29:33.426  INFO  manager.ListenerWD - Before find element --> By.name: password
22:29:33.439  INFO  manager.ListenerWD - After find element --> By.name: password
22:29:33.503  INFO  manager.ListenerWD - Before find element --> By.cssSelector: [name='registration']
22:29:33.517  INFO  manager.ListenerWD - After find element --> By.cssSelector: [name='registration']
22:29:33.540  INFO  manager.ListenerWD - Before find elements --> By.xpath: //button[text()='Sign Out']
22:29:34.544  INFO  manager.ListenerWD - After find elements --> By.xpath: //button[text()='Sign Out']
22:29:34.545  INFO  manager.ListenerWD - List size is --> 1
22:29:34.547  INFO  tests.TestBase - registration success
22:29:34.556  INFO  tests.TestBase - The name of starts method is --->registrationUserAlreadyExists
22:29:34.557  INFO  manager.ListenerWD - Before find elements --> By.xpath: //button[text()='Sign Out']
22:29:34.572  INFO  manager.ListenerWD - After find elements --> By.xpath: //button[text()='Sign Out']
22:29:34.572  INFO  manager.ListenerWD - List size is --> 1
22:29:34.572  INFO  manager.ListenerWD - Before find element --> By.xpath: //button[text()='Sign Out']
22:29:34.586  INFO  manager.ListenerWD - After find element --> By.xpath: //button[text()='Sign Out']
22:29:34.615  INFO  tests.TestBase - I need logout
22:29:34.615  INFO  tests.TestBase - Registration with valid data of registered user: 'email: dsa@gmail.com & password: 'Qq12345$'
22:29:34.616  INFO  manager.ListenerWD - Before find element --> By.cssSelector: a[href='/login']
22:29:34.629  INFO  manager.ListenerWD - After find element --> By.cssSelector: a[href='/login']
22:29:34.643  INFO  manager.ListenerWD - Before find element --> By.cssSelector: a[href='/login']
22:29:34.658  INFO  manager.ListenerWD - After find element --> By.cssSelector: a[href='/login']
22:29:34.681  INFO  manager.ListenerWD - Before find element --> By.name: email
22:29:34.690  INFO  manager.ListenerWD - After find element --> By.name: email
22:29:34.760  INFO  manager.ListenerWD - Before find element --> By.name: password
22:29:34.773  INFO  manager.ListenerWD - After find element --> By.name: password
22:29:34.845  INFO  manager.ListenerWD - Before find element --> By.cssSelector: [name='registration']
22:29:34.856  INFO  manager.ListenerWD - After find element --> By.cssSelector: [name='registration']
22:29:34.890  INFO  manager.ListenerWD - We have a 'problem'
22:29:34.890  INFO  manager.ListenerWD - **********************
22:29:34.890  INFO  manager.ListenerWD - Method method-->alert
22:29:34.890  INFO  manager.ListenerWD - **********************
22:29:34.891  INFO  manager.ListenerWD - InvocationTargetException getTargetException() org.openqa.selenium.NoAlertPresentException: no such alert
  (Session info: chrome=109.0.5414.120)
Build info: version: '4.7.1', revision: 'c6795baf1a3'
System info: os.name: 'Windows 10', os.arch: 'amd64', os.version: '10.0', java.version: '11.0.17'
Driver info: org.openqa.selenium.chrome.ChromeDriver
Command: [42588a2f650800455816f18203caf561, getAlertText {}]
Capabilities {acceptInsecureCerts: false, browserName: chrome, browserVersion: 109.0.5414.120, chrome: {chromedriverVersion: 108.0.5359.71 (1e0e3868ee06..., userDataDir: C:\Users\Marina\AppData\Loc...}, goog:chromeOptions: {debuggerAddress: localhost:57488}, networkConnectionEnabled: false, pageLoadStrategy: normal, platformName: WINDOWS, proxy: Proxy(), se:cdp: ws://localhost:57488/devtoo..., se:cdpVersion: 109.0.5414.120, setWindowRect: true, strictFileInteractability: false, timeouts: {implicit: 0, pageLoad: 300000, script: 30000}, unhandledPromptBehavior: dismiss and notify, webauthn:extension:credBlob: true, webauthn:extension:largeBlob: true, webauthn:virtualAuthenticators: true}
Session ID: 42588a2f650800455816f18203caf561
22:29:34.891  INFO  manager.ListenerWD - **********************
22:29:34.891  INFO  manager.ListenerWD - Object targetorg.openqa.selenium.remote.RemoteWebDriver$RemoteTargetLocator@66fb45e5
22:29:34.891  INFO  manager.ListenerWD - **********************
22:29:35.420  INFO  tests.TestBase - Error message is: 'User already exist'
22:29:35.421  INFO  tests.TestBase - The name of starts method is --->registrationWrongEmail
22:29:35.421  INFO  manager.ListenerWD - Before find elements --> By.xpath: //button[text()='Sign Out']
22:29:40.456  INFO  manager.ListenerWD - After find elements --> By.xpath: //button[text()='Sign Out']
22:29:40.456  INFO  manager.ListenerWD - List size is --> 0
22:29:40.457  INFO  tests.TestBase - Registration with 'invalid email: dsagmail.com & valid password: Qq12345$'
22:29:40.457  INFO  manager.ListenerWD - Before find element --> By.cssSelector: a[href='/login']
22:29:40.465  INFO  manager.ListenerWD - After find element --> By.cssSelector: a[href='/login']
22:29:40.476  INFO  manager.ListenerWD - Before find element --> By.cssSelector: a[href='/login']
22:29:40.486  INFO  manager.ListenerWD - After find element --> By.cssSelector: a[href='/login']
22:29:40.504  INFO  manager.ListenerWD - Before find element --> By.name: email
22:29:40.514  INFO  manager.ListenerWD - After find element --> By.name: email
22:29:40.596  INFO  manager.ListenerWD - Before find element --> By.name: password
22:29:40.607  INFO  manager.ListenerWD - After find element --> By.name: password
22:29:40.677  INFO  manager.ListenerWD - Before find element --> By.cssSelector: [name='registration']
22:29:40.687  INFO  manager.ListenerWD - After find element --> By.cssSelector: [name='registration']
22:29:40.724  INFO  manager.ListenerWD - We have a 'problem'
22:29:40.724  INFO  manager.ListenerWD - **********************
22:29:40.724  INFO  manager.ListenerWD - Method method-->alert
22:29:40.724  INFO  manager.ListenerWD - **********************
22:29:40.724  INFO  manager.ListenerWD - InvocationTargetException getTargetException() org.openqa.selenium.NoAlertPresentException: no such alert
  (Session info: chrome=109.0.5414.120)
Build info: version: '4.7.1', revision: 'c6795baf1a3'
System info: os.name: 'Windows 10', os.arch: 'amd64', os.version: '10.0', java.version: '11.0.17'
Driver info: org.openqa.selenium.chrome.ChromeDriver
Command: [42588a2f650800455816f18203caf561, getAlertText {}]
Capabilities {acceptInsecureCerts: false, browserName: chrome, browserVersion: 109.0.5414.120, chrome: {chromedriverVersion: 108.0.5359.71 (1e0e3868ee06..., userDataDir: C:\Users\Marina\AppData\Loc...}, goog:chromeOptions: {debuggerAddress: localhost:57488}, networkConnectionEnabled: false, pageLoadStrategy: normal, platformName: WINDOWS, proxy: Proxy(), se:cdp: ws://localhost:57488/devtoo..., se:cdpVersion: 109.0.5414.120, setWindowRect: true, strictFileInteractability: false, timeouts: {implicit: 0, pageLoad: 300000, script: 30000}, unhandledPromptBehavior: dismiss and notify, webauthn:extension:credBlob: true, webauthn:extension:largeBlob: true, webauthn:virtualAuthenticators: true}
Session ID: 42588a2f650800455816f18203caf561
22:29:40.724  INFO  manager.ListenerWD - **********************
22:29:40.725  INFO  manager.ListenerWD - Object targetorg.openqa.selenium.remote.RemoteWebDriver$RemoteTargetLocator@684e8c9d
22:29:40.725  INFO  manager.ListenerWD - **********************
22:29:41.255  INFO  tests.TestBase - Error message is: 'Wrong email or password format'
22:29:41.257  INFO  tests.TestBase - The name of starts method is --->registrationWrongPassword
22:29:41.258  INFO  manager.ListenerWD - Before find elements --> By.xpath: //button[text()='Sign Out']
22:29:46.285  INFO  manager.ListenerWD - After find elements --> By.xpath: //button[text()='Sign Out']
22:29:46.285  INFO  manager.ListenerWD - List size is --> 0
22:29:46.286  INFO  tests.TestBase - Registration with 'valid: email: dsa@gmail.com & invalid password: Qq123'
22:29:46.286  INFO  manager.ListenerWD - Before find element --> By.cssSelector: a[href='/login']
22:29:46.297  INFO  manager.ListenerWD - After find element --> By.cssSelector: a[href='/login']
22:29:46.310  INFO  manager.ListenerWD - Before find element --> By.cssSelector: a[href='/login']
22:29:46.323  INFO  manager.ListenerWD - After find element --> By.cssSelector: a[href='/login']
22:29:46.342  INFO  manager.ListenerWD - Before find element --> By.name: email
22:29:46.353  INFO  manager.ListenerWD - After find element --> By.name: email
22:29:46.430  INFO  manager.ListenerWD - Before find element --> By.name: password
22:29:46.439  INFO  manager.ListenerWD - After find element --> By.name: password
22:29:46.504  INFO  manager.ListenerWD - Before find element --> By.cssSelector: [name='registration']
22:29:46.513  INFO  manager.ListenerWD - After find element --> By.cssSelector: [name='registration']
22:29:46.543  INFO  manager.ListenerWD - We have a 'problem'
22:29:46.544  INFO  manager.ListenerWD - **********************
22:29:46.544  INFO  manager.ListenerWD - Method method-->alert
22:29:46.544  INFO  manager.ListenerWD - **********************
22:29:46.544  INFO  manager.ListenerWD - InvocationTargetException getTargetException() org.openqa.selenium.NoAlertPresentException: no such alert
  (Session info: chrome=109.0.5414.120)
Build info: version: '4.7.1', revision: 'c6795baf1a3'
System info: os.name: 'Windows 10', os.arch: 'amd64', os.version: '10.0', java.version: '11.0.17'
Driver info: org.openqa.selenium.chrome.ChromeDriver
Command: [42588a2f650800455816f18203caf561, getAlertText {}]
Capabilities {acceptInsecureCerts: false, browserName: chrome, browserVersion: 109.0.5414.120, chrome: {chromedriverVersion: 108.0.5359.71 (1e0e3868ee06..., userDataDir: C:\Users\Marina\AppData\Loc...}, goog:chromeOptions: {debuggerAddress: localhost:57488}, networkConnectionEnabled: false, pageLoadStrategy: normal, platformName: WINDOWS, proxy: Proxy(), se:cdp: ws://localhost:57488/devtoo..., se:cdpVersion: 109.0.5414.120, setWindowRect: true, strictFileInteractability: false, timeouts: {implicit: 0, pageLoad: 300000, script: 30000}, unhandledPromptBehavior: dismiss and notify, webauthn:extension:credBlob: true, webauthn:extension:largeBlob: true, webauthn:virtualAuthenticators: true}
Session ID: 42588a2f650800455816f18203caf561
22:29:46.544  INFO  manager.ListenerWD - **********************
22:29:46.544  INFO  manager.ListenerWD - Object targetorg.openqa.selenium.remote.RemoteWebDriver$RemoteTargetLocator@4262fdeb
22:29:46.544  INFO  manager.ListenerWD - **********************
22:29:47.072  INFO  tests.TestBase - Error message is: 'Wrong email or password format'
