20:47:25.522  INFO  manager.ApplicationManager - All tests star in Chrome Browser
20:47:27.619  INFO  manager.ApplicationManager - Current Url -->https://telranedu.web.app/home
20:47:27.644  INFO  tests.TestBase - The name of starts method is --->addContactSuccessAllFields
20:47:27.645  INFO  manager.ListenerWD - Before find elements --> By.xpath: //button[text()='Sign Out']
20:47:32.714  INFO  manager.ListenerWD - After find elements --> By.xpath: //button[text()='Sign Out']
20:47:32.719  INFO  manager.ListenerWD - List size is --> 0
20:47:32.723  INFO  manager.ListenerWD - Before find element --> By.cssSelector: a[href='/login']
20:47:32.756  INFO  manager.ListenerWD - After find element --> By.cssSelector: a[href='/login']
20:47:32.799  INFO  manager.ListenerWD - Before find element --> By.name: email
20:47:32.816  INFO  manager.ListenerWD - After find element --> By.name: email
20:47:32.928  INFO  manager.ListenerWD - Before find element --> By.name: password
20:47:32.943  INFO  manager.ListenerWD - After find element --> By.name: password
20:47:33.025  INFO  manager.ListenerWD - Before find element --> By.cssSelector: [name='login']
20:47:33.038  INFO  manager.ListenerWD - After find element --> By.cssSelector: [name='login']
20:47:33.081  INFO  tests.TestBase - Tests start with data : Contact(name=Marina1079, lastName=Shamos, email=marina1079@gmail.com, address=Canberra, phone=77777771079, description=Friend)
20:47:33.082  INFO  manager.ListenerWD - Before find element --> By.cssSelector: a[href='/add']
20:47:34.190  INFO  manager.ListenerWD - After find element --> By.cssSelector: a[href='/add']
20:47:34.230  INFO  manager.ListenerWD - Before find element --> By.cssSelector: input[placeholder='Name']
20:47:34.248  INFO  manager.ListenerWD - After find element --> By.cssSelector: input[placeholder='Name']
20:47:34.342  INFO  manager.ListenerWD - Before find element --> By.cssSelector: input[placeholder='Last Name']
20:47:34.355  INFO  manager.ListenerWD - After find element --> By.cssSelector: input[placeholder='Last Name']
20:47:34.437  INFO  manager.ListenerWD - Before find element --> By.cssSelector: input[placeholder='Phone']
20:47:34.450  INFO  manager.ListenerWD - After find element --> By.cssSelector: input[placeholder='Phone']
20:47:34.533  INFO  manager.ListenerWD - Before find element --> By.cssSelector: input[placeholder='email']
20:47:34.550  INFO  manager.ListenerWD - After find element --> By.cssSelector: input[placeholder='email']
20:47:34.639  INFO  manager.ListenerWD - Before find element --> By.cssSelector: input[placeholder='Address']
20:47:34.661  INFO  manager.ListenerWD - After find element --> By.cssSelector: input[placeholder='Address']
20:47:34.745  INFO  manager.ListenerWD - Before find element --> By.cssSelector: input[placeholder='description']
20:47:34.759  INFO  manager.ListenerWD - After find element --> By.cssSelector: input[placeholder='description']
20:47:34.837  INFO  manager.ListenerWD - Before find element --> By.xpath: //b[text()='Save']
20:47:34.850  INFO  manager.ListenerWD - After find element --> By.xpath: //b[text()='Save']
20:47:34.879  INFO  manager.ListenerWD - Before find elements --> By.cssSelector: h2
20:47:35.666  INFO  manager.ListenerWD - After find elements --> By.cssSelector: h2
20:47:35.667  INFO  manager.ListenerWD - List size is --> 18
20:47:35.856  INFO  manager.ListenerWD - Before find elements --> By.cssSelector: h3
20:47:35.931  INFO  manager.ListenerWD - After find elements --> By.cssSelector: h3
20:47:35.932  INFO  manager.ListenerWD - List size is --> 18
20:47:36.149  INFO  manager.ListenerWD - Before find elements --> By.cssSelector: .contact-item_card__2SOIM
20:47:36.214  INFO  manager.ListenerWD - After find elements --> By.cssSelector: .contact-item_card__2SOIM
20:47:36.214  INFO  manager.ListenerWD - List size is --> 18
20:47:36.247  INFO  manager.ListenerWD - Before find element --> By.cssSelector: .contact-item-detailed_card__50dTS
20:47:36.263  INFO  manager.ListenerWD - After find element --> By.cssSelector: .contact-item-detailed_card__50dTS
20:47:36.298  INFO  manager.ListenerWD - Before find element --> By.cssSelector: .contact-item-detailed_card__50dTS
20:47:36.308  INFO  manager.ListenerWD - After find element --> By.cssSelector: .contact-item-detailed_card__50dTS
20:47:36.349  INFO  manager.ListenerWD - Before find element --> By.cssSelector: .contact-item-detailed_card__50dTS
20:47:36.362  INFO  manager.ListenerWD - After find element --> By.cssSelector: .contact-item-detailed_card__50dTS
20:47:36.399  INFO  manager.ListenerWD - Before find element --> By.cssSelector: .contact-item-detailed_card__50dTS
20:47:36.411  INFO  manager.ListenerWD - After find element --> By.cssSelector: .contact-item-detailed_card__50dTS
20:47:36.449  INFO  manager.ListenerWD - Before find element --> By.cssSelector: .contact-item-detailed_card__50dTS
20:47:36.463  INFO  manager.ListenerWD - After find element --> By.cssSelector: .contact-item-detailed_card__50dTS
20:47:36.503  INFO  manager.ListenerWD - Before find element --> By.cssSelector: .contact-item-detailed_card__50dTS
20:47:36.517  INFO  manager.ListenerWD - After find element --> By.cssSelector: .contact-item-detailed_card__50dTS
20:47:36.561  INFO  manager.ListenerWD - Before find element --> By.cssSelector: .contact-item-detailed_card__50dTS
20:47:36.575  INFO  manager.ListenerWD - After find element --> By.cssSelector: .contact-item-detailed_card__50dTS
20:47:36.612  INFO  manager.ListenerWD - Before find element --> By.cssSelector: .contact-item-detailed_card__50dTS
20:47:36.635  INFO  manager.ListenerWD - After find element --> By.cssSelector: .contact-item-detailed_card__50dTS
20:47:36.680  INFO  manager.ListenerWD - Before find element --> By.cssSelector: .contact-item-detailed_card__50dTS
20:47:36.694  INFO  manager.ListenerWD - After find element --> By.cssSelector: .contact-item-detailed_card__50dTS
20:47:36.740  INFO  manager.ListenerWD - Before find element --> By.cssSelector: .contact-item-detailed_card__50dTS
20:47:36.753  INFO  manager.ListenerWD - After find element --> By.cssSelector: .contact-item-detailed_card__50dTS
20:47:36.792  INFO  manager.ListenerWD - Before find element --> By.cssSelector: .contact-item-detailed_card__50dTS
20:47:36.800  INFO  manager.ListenerWD - After find element --> By.cssSelector: .contact-item-detailed_card__50dTS
20:47:36.832  INFO  manager.ListenerWD - Before find element --> By.cssSelector: .contact-item-detailed_card__50dTS
20:47:36.844  INFO  manager.ListenerWD - After find element --> By.cssSelector: .contact-item-detailed_card__50dTS
20:47:36.876  INFO  manager.ListenerWD - Before find element --> By.cssSelector: .contact-item-detailed_card__50dTS
20:47:36.883  INFO  manager.ListenerWD - After find element --> By.cssSelector: .contact-item-detailed_card__50dTS
20:47:36.915  INFO  manager.ListenerWD - Before find element --> By.cssSelector: .contact-item-detailed_card__50dTS
20:47:36.927  INFO  manager.ListenerWD - After find element --> By.cssSelector: .contact-item-detailed_card__50dTS
20:47:36.969  INFO  manager.ListenerWD - Before find element --> By.cssSelector: .contact-item-detailed_card__50dTS
20:47:36.984  INFO  manager.ListenerWD - After find element --> By.cssSelector: .contact-item-detailed_card__50dTS
20:47:37.025  INFO  manager.ListenerWD - Before find element --> By.cssSelector: .contact-item-detailed_card__50dTS
20:47:37.035  INFO  manager.ListenerWD - After find element --> By.cssSelector: .contact-item-detailed_card__50dTS
20:47:37.071  INFO  manager.ListenerWD - Before find element --> By.cssSelector: .contact-item-detailed_card__50dTS
20:47:37.080  INFO  manager.ListenerWD - After find element --> By.cssSelector: .contact-item-detailed_card__50dTS
20:47:37.120  INFO  manager.ListenerWD - Before find element --> By.cssSelector: .contact-item-detailed_card__50dTS
20:47:37.131  INFO  manager.ListenerWD - After find element --> By.cssSelector: .contact-item-detailed_card__50dTS
20:47:37.141  INFO  tests.TestBase - Checked, if a contact was created by name,phone number and email
20:47:37.144  INFO  tests.TestBase - The name of starts method is --->addContactSuccessRequiredFields
20:47:37.144  INFO  manager.ListenerWD - Before find elements --> By.xpath: //button[text()='Sign Out']
20:47:37.156  INFO  manager.ListenerWD - After find elements --> By.xpath: //button[text()='Sign Out']
20:47:37.156  INFO  manager.ListenerWD - List size is --> 1
20:47:37.157  INFO  tests.TestBase - Tests start with data : Contact(name=Leo1148, lastName=Shamos, email=leo1148@gmail.ru, address=NY, phone=575757571148, description=null)
20:47:37.157  INFO  manager.ListenerWD - Before find element --> By.cssSelector: a[href='/add']
20:47:37.170  INFO  manager.ListenerWD - After find element --> By.cssSelector: a[href='/add']
20:47:37.207  INFO  manager.ListenerWD - Before find element --> By.cssSelector: input[placeholder='Name']
20:47:37.218  INFO  manager.ListenerWD - After find element --> By.cssSelector: input[placeholder='Name']
20:47:37.303  INFO  manager.ListenerWD - Before find element --> By.cssSelector: input[placeholder='Last Name']
20:47:37.313  INFO  manager.ListenerWD - After find element --> By.cssSelector: input[placeholder='Last Name']
20:47:37.407  INFO  manager.ListenerWD - Before find element --> By.cssSelector: input[placeholder='Phone']
20:47:37.415  INFO  manager.ListenerWD - After find element --> By.cssSelector: input[placeholder='Phone']
20:47:37.500  INFO  manager.ListenerWD - Before find element --> By.cssSelector: input[placeholder='email']
20:47:37.509  INFO  manager.ListenerWD - After find element --> By.cssSelector: input[placeholder='email']
20:47:37.593  INFO  manager.ListenerWD - Before find element --> By.cssSelector: input[placeholder='Address']
20:47:37.600  INFO  manager.ListenerWD - After find element --> By.cssSelector: input[placeholder='Address']
20:47:37.670  INFO  manager.ListenerWD - Before find element --> By.cssSelector: input[placeholder='description']
20:47:37.679  INFO  manager.ListenerWD - After find element --> By.cssSelector: input[placeholder='description']
20:47:37.738  INFO  manager.ListenerWD - Before find element --> By.xpath: //b[text()='Save']
20:47:37.750  INFO  manager.ListenerWD - After find element --> By.xpath: //b[text()='Save']
20:47:37.784  INFO  manager.ListenerWD - Before find elements --> By.cssSelector: h2
20:47:38.297  INFO  manager.ListenerWD - After find elements --> By.cssSelector: h2
20:47:38.297  INFO  manager.ListenerWD - List size is --> 19
20:47:38.509  INFO  manager.ListenerWD - Before find elements --> By.cssSelector: h3
20:47:38.574  INFO  manager.ListenerWD - After find elements --> By.cssSelector: h3
20:47:38.574  INFO  manager.ListenerWD - List size is --> 19
20:47:38.797  INFO  manager.ListenerWD - Before find elements --> By.cssSelector: .contact-item_card__2SOIM
20:47:38.853  INFO  manager.ListenerWD - After find elements --> By.cssSelector: .contact-item_card__2SOIM
20:47:38.853  INFO  manager.ListenerWD - List size is --> 19
20:47:38.890  INFO  manager.ListenerWD - Before find element --> By.cssSelector: .contact-item-detailed_card__50dTS
20:47:38.899  INFO  manager.ListenerWD - After find element --> By.cssSelector: .contact-item-detailed_card__50dTS
20:47:38.945  INFO  manager.ListenerWD - Before find element --> By.cssSelector: .contact-item-detailed_card__50dTS
20:47:38.955  INFO  manager.ListenerWD - After find element --> By.cssSelector: .contact-item-detailed_card__50dTS
20:47:39.004  INFO  manager.ListenerWD - Before find element --> By.cssSelector: .contact-item-detailed_card__50dTS
20:47:39.018  INFO  manager.ListenerWD - After find element --> By.cssSelector: .contact-item-detailed_card__50dTS
20:47:39.067  INFO  manager.ListenerWD - Before find element --> By.cssSelector: .contact-item-detailed_card__50dTS
20:47:39.083  INFO  manager.ListenerWD - After find element --> By.cssSelector: .contact-item-detailed_card__50dTS
20:47:39.129  INFO  manager.ListenerWD - Before find element --> By.cssSelector: .contact-item-detailed_card__50dTS
20:47:39.143  INFO  manager.ListenerWD - After find element --> By.cssSelector: .contact-item-detailed_card__50dTS
20:47:39.181  INFO  manager.ListenerWD - Before find element --> By.cssSelector: .contact-item-detailed_card__50dTS
20:47:39.192  INFO  manager.ListenerWD - After find element --> By.cssSelector: .contact-item-detailed_card__50dTS
20:47:39.225  INFO  manager.ListenerWD - Before find element --> By.cssSelector: .contact-item-detailed_card__50dTS
20:47:39.233  INFO  manager.ListenerWD - After find element --> By.cssSelector: .contact-item-detailed_card__50dTS
20:47:39.269  INFO  manager.ListenerWD - Before find element --> By.cssSelector: .contact-item-detailed_card__50dTS
20:47:39.278  INFO  manager.ListenerWD - After find element --> By.cssSelector: .contact-item-detailed_card__50dTS
20:47:39.315  INFO  manager.ListenerWD - Before find element --> By.cssSelector: .contact-item-detailed_card__50dTS
20:47:39.325  INFO  manager.ListenerWD - After find element --> By.cssSelector: .contact-item-detailed_card__50dTS
20:47:39.364  INFO  manager.ListenerWD - Before find element --> By.cssSelector: .contact-item-detailed_card__50dTS
20:47:39.376  INFO  manager.ListenerWD - After find element --> By.cssSelector: .contact-item-detailed_card__50dTS
20:47:39.417  INFO  manager.ListenerWD - Before find element --> By.cssSelector: .contact-item-detailed_card__50dTS
20:47:39.429  INFO  manager.ListenerWD - After find element --> By.cssSelector: .contact-item-detailed_card__50dTS
20:47:39.465  INFO  manager.ListenerWD - Before find element --> By.cssSelector: .contact-item-detailed_card__50dTS
20:47:39.475  INFO  manager.ListenerWD - After find element --> By.cssSelector: .contact-item-detailed_card__50dTS
20:47:39.508  INFO  manager.ListenerWD - Before find element --> By.cssSelector: .contact-item-detailed_card__50dTS
20:47:39.516  INFO  manager.ListenerWD - After find element --> By.cssSelector: .contact-item-detailed_card__50dTS
20:47:39.557  INFO  manager.ListenerWD - Before find element --> By.cssSelector: .contact-item-detailed_card__50dTS
20:47:39.571  INFO  manager.ListenerWD - After find element --> By.cssSelector: .contact-item-detailed_card__50dTS
20:47:39.622  INFO  manager.ListenerWD - Before find element --> By.cssSelector: .contact-item-detailed_card__50dTS
20:47:39.632  INFO  manager.ListenerWD - After find element --> By.cssSelector: .contact-item-detailed_card__50dTS
20:47:39.675  INFO  manager.ListenerWD - Before find element --> By.cssSelector: .contact-item-detailed_card__50dTS
20:47:39.689  INFO  manager.ListenerWD - After find element --> By.cssSelector: .contact-item-detailed_card__50dTS
20:47:39.728  INFO  manager.ListenerWD - Before find element --> By.cssSelector: .contact-item-detailed_card__50dTS
20:47:39.743  INFO  manager.ListenerWD - After find element --> By.cssSelector: .contact-item-detailed_card__50dTS
20:47:39.777  INFO  manager.ListenerWD - Before find element --> By.cssSelector: .contact-item-detailed_card__50dTS
20:47:39.792  INFO  manager.ListenerWD - After find element --> By.cssSelector: .contact-item-detailed_card__50dTS
20:47:39.836  INFO  manager.ListenerWD - Before find element --> By.cssSelector: .contact-item-detailed_card__50dTS
20:47:39.848  INFO  manager.ListenerWD - After find element --> By.cssSelector: .contact-item-detailed_card__50dTS
20:47:39.860  INFO  tests.TestBase - Checked, if a contact was created by name,phone number and email
20:47:39.861  INFO  tests.TestBase - The name of starts method is --->addNewContactWrongAddress
20:47:39.861  INFO  manager.ListenerWD - Before find elements --> By.xpath: //button[text()='Sign Out']
20:47:39.876  INFO  manager.ListenerWD - After find elements --> By.xpath: //button[text()='Sign Out']
20:47:39.876  INFO  manager.ListenerWD - List size is --> 1
20:47:39.877  INFO  manager.ListenerWD - Before find element --> By.cssSelector: a[href='/add']
20:47:39.892  INFO  manager.ListenerWD - After find element --> By.cssSelector: a[href='/add']
20:47:39.927  INFO  manager.ListenerWD - Before find element --> By.cssSelector: input[placeholder='Name']
20:47:39.943  INFO  manager.ListenerWD - After find element --> By.cssSelector: input[placeholder='Name']
20:47:40.030  INFO  manager.ListenerWD - Before find element --> By.cssSelector: input[placeholder='Last Name']
20:47:40.039  INFO  manager.ListenerWD - After find element --> By.cssSelector: input[placeholder='Last Name']
20:47:40.120  INFO  manager.ListenerWD - Before find element --> By.cssSelector: input[placeholder='Phone']
20:47:40.128  INFO  manager.ListenerWD - After find element --> By.cssSelector: input[placeholder='Phone']
20:47:40.221  INFO  manager.ListenerWD - Before find element --> By.cssSelector: input[placeholder='email']
20:47:40.228  INFO  manager.ListenerWD - After find element --> By.cssSelector: input[placeholder='email']
20:47:40.310  INFO  manager.ListenerWD - Before find element --> By.cssSelector: input[placeholder='Address']
20:47:40.318  INFO  manager.ListenerWD - After find element --> By.cssSelector: input[placeholder='Address']
20:47:40.408  INFO  manager.ListenerWD - Before find element --> By.cssSelector: input[placeholder='description']
20:47:40.420  INFO  manager.ListenerWD - After find element --> By.cssSelector: input[placeholder='description']
20:47:40.524  INFO  manager.ListenerWD - Before find element --> By.xpath: //b[text()='Save']
20:47:40.531  INFO  manager.ListenerWD - After find element --> By.xpath: //b[text()='Save']
20:47:40.560  INFO  manager.ListenerWD - Before find elements --> By.cssSelector: a.active[href='/add']
20:47:40.572  INFO  manager.ListenerWD - After find elements --> By.cssSelector: a.active[href='/add']
20:47:40.573  INFO  manager.ListenerWD - List size is --> 1
20:47:40.573  INFO  tests.TestBase - The name of starts method is --->addNewContactWrongEmail
20:47:40.574  INFO  manager.ListenerWD - Before find elements --> By.xpath: //button[text()='Sign Out']
20:47:40.595  INFO  manager.ListenerWD - After find elements --> By.xpath: //button[text()='Sign Out']
20:47:40.596  INFO  manager.ListenerWD - List size is --> 1
20:47:40.596  INFO  manager.ListenerWD - Before find element --> By.cssSelector: a[href='/add']
20:47:40.604  INFO  manager.ListenerWD - After find element --> By.cssSelector: a[href='/add']
20:47:40.636  INFO  manager.ListenerWD - Before find element --> By.cssSelector: input[placeholder='Name']
20:47:40.650  INFO  manager.ListenerWD - After find element --> By.cssSelector: input[placeholder='Name']
20:47:40.747  INFO  manager.ListenerWD - Before find element --> By.cssSelector: input[placeholder='Last Name']
20:47:40.756  INFO  manager.ListenerWD - After find element --> By.cssSelector: input[placeholder='Last Name']
20:47:40.819  INFO  manager.ListenerWD - Before find element --> By.cssSelector: input[placeholder='Phone']
20:47:40.827  INFO  manager.ListenerWD - After find element --> By.cssSelector: input[placeholder='Phone']
20:47:40.894  INFO  manager.ListenerWD - Before find element --> By.cssSelector: input[placeholder='email']
20:47:40.902  INFO  manager.ListenerWD - After find element --> By.cssSelector: input[placeholder='email']
20:47:40.977  INFO  manager.ListenerWD - Before find element --> By.cssSelector: input[placeholder='Address']
20:47:40.987  INFO  manager.ListenerWD - After find element --> By.cssSelector: input[placeholder='Address']
20:47:41.053  INFO  manager.ListenerWD - Before find element --> By.cssSelector: input[placeholder='description']
20:47:41.062  INFO  manager.ListenerWD - After find element --> By.cssSelector: input[placeholder='description']
20:47:41.131  INFO  manager.ListenerWD - Before find element --> By.xpath: //b[text()='Save']
20:47:41.141  INFO  manager.ListenerWD - After find element --> By.xpath: //b[text()='Save']
20:47:41.162  INFO  manager.ListenerWD - Before find elements --> By.cssSelector: a.active[href='/add']
20:47:41.174  INFO  manager.ListenerWD - After find elements --> By.cssSelector: a.active[href='/add']
20:47:41.174  INFO  manager.ListenerWD - List size is --> 1
20:47:41.189  INFO  manager.ListenerWD - The have a 'problem'
20:47:41.189  INFO  manager.ListenerWD - **********************
20:47:41.190  INFO  manager.ListenerWD - Method method-->alert
20:47:41.190  INFO  manager.ListenerWD - **********************
20:47:41.191  INFO  manager.ListenerWD - InvocationTargetException getTargetException() org.openqa.selenium.NoAlertPresentException: no such alert
  (Session info: chrome=109.0.5414.120)
Build info: version: '4.7.1', revision: 'c6795baf1a3'
System info: os.name: 'Windows 10', os.arch: 'amd64', os.version: '10.0', java.version: '11.0.17'
Driver info: org.openqa.selenium.chrome.ChromeDriver
Command: [534af433a3be9e8863d0b7ed40aac7c9, getAlertText {}]
Capabilities {acceptInsecureCerts: false, browserName: chrome, browserVersion: 109.0.5414.120, chrome: {chromedriverVersion: 108.0.5359.71 (1e0e3868ee06..., userDataDir: C:\Users\Marina\AppData\Loc...}, goog:chromeOptions: {debuggerAddress: localhost:50986}, networkConnectionEnabled: false, pageLoadStrategy: normal, platformName: WINDOWS, proxy: Proxy(), se:cdp: ws://localhost:50986/devtoo..., se:cdpVersion: 109.0.5414.120, setWindowRect: true, strictFileInteractability: false, timeouts: {implicit: 0, pageLoad: 300000, script: 30000}, unhandledPromptBehavior: dismiss and notify, webauthn:extension:credBlob: true, webauthn:extension:largeBlob: true, webauthn:virtualAuthenticators: true}
Session ID: 534af433a3be9e8863d0b7ed40aac7c9
20:47:41.192  INFO  manager.ListenerWD - **********************
20:47:41.192  INFO  manager.ListenerWD - Object targetorg.openqa.selenium.remote.RemoteWebDriver$RemoteTargetLocator@6b6def36
20:47:41.192  INFO  manager.ListenerWD - **********************
20:47:41.707  INFO  tests.TestBase - The name of starts method is --->addNewContactWrongLastName
20:47:41.707  INFO  manager.ListenerWD - Before find elements --> By.xpath: //button[text()='Sign Out']
20:47:41.719  INFO  manager.ListenerWD - After find elements --> By.xpath: //button[text()='Sign Out']
20:47:41.719  INFO  manager.ListenerWD - List size is --> 1
20:47:41.720  INFO  manager.ListenerWD - Before find element --> By.cssSelector: a[href='/add']
20:47:41.733  INFO  manager.ListenerWD - After find element --> By.cssSelector: a[href='/add']
20:47:41.759  INFO  manager.ListenerWD - Before find element --> By.cssSelector: input[placeholder='Name']
20:47:41.769  INFO  manager.ListenerWD - After find element --> By.cssSelector: input[placeholder='Name']
20:47:41.847  INFO  manager.ListenerWD - Before find element --> By.cssSelector: input[placeholder='Last Name']
20:47:41.857  INFO  manager.ListenerWD - After find element --> By.cssSelector: input[placeholder='Last Name']
20:47:41.926  INFO  manager.ListenerWD - Before find element --> By.cssSelector: input[placeholder='Phone']
20:47:41.935  INFO  manager.ListenerWD - After find element --> By.cssSelector: input[placeholder='Phone']
20:47:42.007  INFO  manager.ListenerWD - Before find element --> By.cssSelector: input[placeholder='email']
20:47:42.014  INFO  manager.ListenerWD - After find element --> By.cssSelector: input[placeholder='email']
20:47:42.080  INFO  manager.ListenerWD - Before find element --> By.cssSelector: input[placeholder='Address']
20:47:42.088  INFO  manager.ListenerWD - After find element --> By.cssSelector: input[placeholder='Address']
20:47:42.178  INFO  manager.ListenerWD - Before find element --> By.cssSelector: input[placeholder='description']
20:47:42.189  INFO  manager.ListenerWD - After find element --> By.cssSelector: input[placeholder='description']
20:47:42.291  INFO  manager.ListenerWD - Before find element --> By.xpath: //b[text()='Save']
20:47:42.300  INFO  manager.ListenerWD - After find element --> By.xpath: //b[text()='Save']
20:47:42.316  INFO  manager.ListenerWD - Before find elements --> By.cssSelector: a.active[href='/add']
20:47:42.326  INFO  manager.ListenerWD - After find elements --> By.cssSelector: a.active[href='/add']
20:47:42.326  INFO  manager.ListenerWD - List size is --> 1
20:47:42.326  INFO  tests.TestBase - Status code 400, message not received: last name must not be empty => Bug report
20:47:42.326  INFO  tests.TestBase - The name of starts method is --->addNewContactWrongName
20:47:42.327  INFO  manager.ListenerWD - Before find elements --> By.xpath: //button[text()='Sign Out']
20:47:42.334  INFO  manager.ListenerWD - After find elements --> By.xpath: //button[text()='Sign Out']
20:47:42.334  INFO  manager.ListenerWD - List size is --> 1
20:47:42.336  INFO  tests.TestBase - Tests start with data : Contact(name=null, lastName=Shamos, email=marina@gmail.com, address=Canberra, phone=777777711111, description=wrong name)
20:47:42.336  INFO  manager.ListenerWD - Before find element --> By.cssSelector: a[href='/add']
20:47:42.345  INFO  manager.ListenerWD - After find element --> By.cssSelector: a[href='/add']
20:47:42.365  INFO  manager.ListenerWD - Before find element --> By.cssSelector: input[placeholder='Name']
20:47:42.374  INFO  manager.ListenerWD - After find element --> By.cssSelector: input[placeholder='Name']
20:47:42.426  INFO  manager.ListenerWD - Before find element --> By.cssSelector: input[placeholder='Last Name']
20:47:42.433  INFO  manager.ListenerWD - After find element --> By.cssSelector: input[placeholder='Last Name']
20:47:42.516  INFO  manager.ListenerWD - Before find element --> By.cssSelector: input[placeholder='Phone']
20:47:42.525  INFO  manager.ListenerWD - After find element --> By.cssSelector: input[placeholder='Phone']
20:47:42.595  INFO  manager.ListenerWD - Before find element --> By.cssSelector: input[placeholder='email']
20:47:42.602  INFO  manager.ListenerWD - After find element --> By.cssSelector: input[placeholder='email']
20:47:42.675  INFO  manager.ListenerWD - Before find element --> By.cssSelector: input[placeholder='Address']
20:47:42.682  INFO  manager.ListenerWD - After find element --> By.cssSelector: input[placeholder='Address']
20:47:42.749  INFO  manager.ListenerWD - Before find element --> By.cssSelector: input[placeholder='description']
20:47:42.756  INFO  manager.ListenerWD - After find element --> By.cssSelector: input[placeholder='description']
20:47:52.825  INFO  manager.ListenerWD - Before find element --> By.xpath: //b[text()='Save']
20:47:52.853  INFO  manager.ListenerWD - After find element --> By.xpath: //b[text()='Save']
20:47:52.894  INFO  manager.ListenerWD - Before find elements --> By.cssSelector: a.active[href='/add']
20:47:52.908  INFO  manager.ListenerWD - After find elements --> By.cssSelector: a.active[href='/add']
20:47:52.908  INFO  manager.ListenerWD - List size is --> 1
20:47:52.909  INFO  tests.TestBase - Status code 400, message not received: mane must not be empty => Bug report
20:47:52.909  INFO  tests.TestBase - The name of starts method is --->addNewContactWrongPhone
20:47:52.910  INFO  manager.ListenerWD - Before find elements --> By.xpath: //button[text()='Sign Out']
20:47:52.922  INFO  manager.ListenerWD - After find elements --> By.xpath: //button[text()='Sign Out']
20:47:52.922  INFO  manager.ListenerWD - List size is --> 1
20:47:52.922  INFO  manager.ListenerWD - Before find element --> By.cssSelector: a[href='/add']
20:47:52.936  INFO  manager.ListenerWD - After find element --> By.cssSelector: a[href='/add']
20:47:52.963  INFO  manager.ListenerWD - Before find element --> By.cssSelector: input[placeholder='Name']
20:47:52.972  INFO  manager.ListenerWD - After find element --> By.cssSelector: input[placeholder='Name']
20:47:53.041  INFO  manager.ListenerWD - Before find element --> By.cssSelector: input[placeholder='Last Name']
20:47:53.049  INFO  manager.ListenerWD - After find element --> By.cssSelector: input[placeholder='Last Name']
20:47:53.114  INFO  manager.ListenerWD - Before find element --> By.cssSelector: input[placeholder='Phone']
20:47:53.122  INFO  manager.ListenerWD - After find element --> By.cssSelector: input[placeholder='Phone']
20:47:53.180  INFO  manager.ListenerWD - Before find element --> By.cssSelector: input[placeholder='email']
20:47:53.190  INFO  manager.ListenerWD - After find element --> By.cssSelector: input[placeholder='email']
20:47:53.258  INFO  manager.ListenerWD - Before find element --> By.cssSelector: input[placeholder='Address']
20:47:53.265  INFO  manager.ListenerWD - After find element --> By.cssSelector: input[placeholder='Address']
20:47:53.326  INFO  manager.ListenerWD - Before find element --> By.cssSelector: input[placeholder='description']
20:47:53.332  INFO  manager.ListenerWD - After find element --> By.cssSelector: input[placeholder='description']
20:47:53.394  INFO  manager.ListenerWD - Before find element --> By.xpath: //b[text()='Save']
20:47:53.402  INFO  manager.ListenerWD - After find element --> By.xpath: //b[text()='Save']
20:47:53.419  INFO  manager.ListenerWD - Before find elements --> By.cssSelector: a.active[href='/add']
20:47:53.427  INFO  manager.ListenerWD - After find elements --> By.cssSelector: a.active[href='/add']
20:47:53.427  INFO  manager.ListenerWD - List size is --> 1
20:47:53.434  INFO  manager.ListenerWD - The have a 'problem'
20:47:53.434  INFO  manager.ListenerWD - **********************
20:47:53.434  INFO  manager.ListenerWD - Method method-->alert
20:47:53.434  INFO  manager.ListenerWD - **********************
20:47:53.434  INFO  manager.ListenerWD - InvocationTargetException getTargetException() org.openqa.selenium.NoAlertPresentException: no such alert
  (Session info: chrome=109.0.5414.120)
Build info: version: '4.7.1', revision: 'c6795baf1a3'
System info: os.name: 'Windows 10', os.arch: 'amd64', os.version: '10.0', java.version: '11.0.17'
Driver info: org.openqa.selenium.chrome.ChromeDriver
Command: [534af433a3be9e8863d0b7ed40aac7c9, getAlertText {}]
Capabilities {acceptInsecureCerts: false, browserName: chrome, browserVersion: 109.0.5414.120, chrome: {chromedriverVersion: 108.0.5359.71 (1e0e3868ee06..., userDataDir: C:\Users\Marina\AppData\Loc...}, goog:chromeOptions: {debuggerAddress: localhost:50986}, networkConnectionEnabled: false, pageLoadStrategy: normal, platformName: WINDOWS, proxy: Proxy(), se:cdp: ws://localhost:50986/devtoo..., se:cdpVersion: 109.0.5414.120, setWindowRect: true, strictFileInteractability: false, timeouts: {implicit: 0, pageLoad: 300000, script: 30000}, unhandledPromptBehavior: dismiss and notify, webauthn:extension:credBlob: true, webauthn:extension:largeBlob: true, webauthn:virtualAuthenticators: true}
Session ID: 534af433a3be9e8863d0b7ed40aac7c9
20:47:53.434  INFO  manager.ListenerWD - **********************
20:47:53.435  INFO  manager.ListenerWD - Object targetorg.openqa.selenium.remote.RemoteWebDriver$RemoteTargetLocator@100eeedc
20:47:53.435  INFO  manager.ListenerWD - **********************
