17:23:22.428  INFO  manager.ApplicationManager - All tests star in Chrome Browser
17:23:24.166  INFO  manager.ApplicationManager - Current Url -->https://telranedu.web.app/home
17:23:24.170  INFO  manager.ListenerTNG - onStart---Nopackage
17:23:24.191  INFO  tests.TestBase - The name of starts method is --->registrationSuccess
17:23:24.192  INFO  manager.ListenerWD - Before find elements --> By.xpath: //button[text()='Sign Out']
17:23:29.269  INFO  manager.ListenerWD - After find elements --> By.xpath: //button[text()='Sign Out']
17:23:29.271  INFO  manager.ListenerWD - List size is --> 0
17:23:29.272  INFO  manager.ListenerTNG - onTestStart---registrationSuccess
17:23:29.273  INFO  tests.TestBase - Registration with valid data: 'random email: dsa@gmail.com & password: Qq12345$'
17:23:29.278  INFO  manager.ListenerWD - Before find element --> By.cssSelector: a[href='/login']
17:23:29.296  INFO  manager.ListenerWD - After find element --> By.cssSelector: a[href='/login']
17:23:29.316  INFO  manager.ListenerWD - Before find element --> By.cssSelector: a[href='/login']
17:23:29.329  INFO  manager.ListenerWD - After find element --> By.cssSelector: a[href='/login']
17:23:29.365  INFO  manager.ListenerWD - Before find element --> By.name: email
17:23:29.382  INFO  manager.ListenerWD - After find element --> By.name: email
17:23:29.469  INFO  manager.ListenerWD - Before find element --> By.name: password
17:23:29.481  INFO  manager.ListenerWD - After find element --> By.name: password
17:23:29.542  INFO  manager.ListenerWD - Before find element --> By.cssSelector: [name='registration']
17:23:29.555  INFO  manager.ListenerWD - After find element --> By.cssSelector: [name='registration']
17:23:29.575  INFO  manager.ListenerWD - Before find elements --> By.xpath: //button[text()='Sign Out']
17:23:31.395  INFO  manager.ListenerWD - After find elements --> By.xpath: //button[text()='Sign Out']
17:23:31.395  INFO  manager.ListenerWD - List size is --> 1
17:23:31.398  INFO  tests.TestBase - registration success
17:23:31.399  INFO  manager.ListenerTNG - onFinish---Nopackage
