21:23:55.715  INFO  manager.ApplicationManager - All tests star in Chrome Browser
21:23:57.326  INFO  manager.ApplicationManager - Current Url -->https://telranedu.web.app/home
21:23:57.330  INFO  manager.ListenerTNG - onStart---Gradle test
21:23:57.352  INFO  tests.TestBase - The name of starts method is --->loginWrongPassword
21:23:57.354  INFO  manager.ListenerWD - Before find elements --> By.xpath: //button[text()='Sign Out']
21:24:02.407  INFO  manager.ListenerWD - After find elements --> By.xpath: //button[text()='Sign Out']
21:24:02.409  INFO  manager.ListenerWD - List size is --> 0
21:24:02.410  INFO  manager.ListenerTNG - onTestStart---loginWrongPassword
21:24:02.411  INFO  tests.TestBase - Login with valid email: dsa@gmail.com & invalid password: 'Qq12'
21:24:02.415  INFO  manager.ListenerWD - Before find element --> By.cssSelector: a[href='/login']
21:24:02.439  INFO  manager.ListenerWD - After find element --> By.cssSelector: a[href='/login']
21:24:02.461  INFO  manager.ListenerWD - Before find element --> By.cssSelector: a[href='/login']
21:24:02.473  INFO  manager.ListenerWD - After find element --> By.cssSelector: a[href='/login']
21:24:02.512  INFO  manager.ListenerWD - Before find element --> By.name: email
21:24:02.532  INFO  manager.ListenerWD - After find element --> By.name: email
21:24:02.615  INFO  manager.ListenerWD - Before find element --> By.name: password
21:24:02.628  INFO  manager.ListenerWD - After find element --> By.name: password
21:24:02.692  INFO  manager.ListenerWD - Before find element --> By.cssSelector: [name='login']
21:24:02.705  INFO  manager.ListenerWD - After find element --> By.cssSelector: [name='login']
21:24:02.725  INFO  manager.ListenerWD - Before find elements --> By.xpath: //button[text()='Sign Out']
21:24:03.801  INFO  manager.ListenerWD - After find elements --> By.xpath: //button[text()='Sign Out']
21:24:03.801  INFO  manager.ListenerWD - List size is --> 0
21:24:03.831  INFO  tests.TestBase - Error message is: 'Wrong email or password'
21:24:03.836  INFO  manager.ListenerTNG - onFinish---Gradle test
