20:58:11.093  INFO  manager.ApplicationManager - All tests star in Chrome Browser
20:58:13.006  INFO  manager.ApplicationManager - Current Url -->https://telranedu.web.app/home
20:58:13.013  INFO  manager.ListenerTNG - onStart---Gradle test
20:58:13.032  INFO  tests.TestBase - The name of starts method is --->loginSuccess
20:58:13.033  INFO  manager.ListenerWD - Before find elements --> By.xpath: //button[text()='Sign Out']
20:58:18.096  INFO  manager.ListenerWD - After find elements --> By.xpath: //button[text()='Sign Out']
20:58:18.100  INFO  manager.ListenerWD - List size is --> 0
20:58:18.101  INFO  manager.ListenerTNG - onTestStart---loginSuccess
20:58:18.101  INFO  tests.TestBase - Login with valid data: email: dsa@gmail.com & password: Qq12345$
20:58:18.125  INFO  manager.ListenerWD - Before find element --> By.cssSelector: a[href='/l']
20:58:23.178  INFO  manager.ListenerWD - The have a 'problem'
20:58:23.178  INFO  manager.ListenerWD - **********************
20:58:23.179  INFO  manager.ListenerWD - Method method-->findElement
20:58:23.179  INFO  manager.ListenerWD - **********************
20:58:23.182  INFO  manager.ListenerWD - InvocationTargetException getTargetException() org.openqa.selenium.NoSuchElementException: no such element: Unable to locate element: {"method":"css selector","selector":"a[href='/l']"}
  (Session info: chrome=109.0.5414.120)
For documentation on this error, please visit: https://selenium.dev/exceptions/#no_such_element
Build info: version: '4.7.1', revision: 'c6795baf1a3'
System info: os.name: 'Windows 10', os.arch: 'amd64', os.version: '10.0', java.version: '11.0.17'
Driver info: org.openqa.selenium.chrome.ChromeDriver
Command: [923746c9b712f20911a05049bfbd68c8, findElement {using=css selector, value=a[href='/l']}]
Capabilities {acceptInsecureCerts: false, browserName: chrome, browserVersion: 109.0.5414.120, chrome: {chromedriverVersion: 108.0.5359.71 (1e0e3868ee06..., userDataDir: C:\Users\Marina\AppData\Loc...}, goog:chromeOptions: {debuggerAddress: localhost:51099}, networkConnectionEnabled: false, pageLoadStrategy: normal, platformName: WINDOWS, proxy: Proxy(), se:cdp: ws://localhost:51099/devtoo..., se:cdpVersion: 109.0.5414.120, setWindowRect: true, strictFileInteractability: false, timeouts: {implicit: 0, pageLoad: 300000, script: 30000}, unhandledPromptBehavior: dismiss and notify, webauthn:extension:credBlob: true, webauthn:extension:largeBlob: true, webauthn:virtualAuthenticators: true}
Session ID: 923746c9b712f20911a05049bfbd68c8
20:58:23.182  INFO  manager.ListenerWD - **********************
20:58:23.183  INFO  manager.ListenerWD - Object targetChromeDriver: chrome on WINDOWS (923746c9b712f20911a05049bfbd68c8)
20:58:23.183  INFO  manager.ListenerWD - **********************
20:58:23.192  INFO  manager.ListenerWD - Screen with error is --->src/test/screenshots/screen-761.png
20:58:23.530  INFO  manager.ListenerTNG - onTestFailure---loginSuccess
20:58:23.531  INFO  manager.ListenerTNG - onFinish---Gradle test
