22:11:48.354  INFO  manager.ApplicationManager - All tests star in Chrome Browser
22:11:50.135  INFO  manager.ApplicationManager - Current Url -->https://telranedu.web.app/home
22:11:50.154  INFO  tests.TestBase - The name of starts method is --->addContactSuccessAllFields
22:11:50.155  INFO  manager.ListenerWD - Before find elements --> By.xpath: //button[text()='Sign Out']
22:11:55.197  INFO  manager.ListenerWD - After find elements --> By.xpath: //button[text()='Sign Out']
22:11:55.199  INFO  manager.ListenerWD - List size is --> 0
22:11:55.203  INFO  manager.ListenerWD - Before find element --> By.cssSelector: a[href='/login']
22:11:55.221  INFO  manager.ListenerWD - After find element --> By.cssSelector: a[href='/login']
22:11:55.242  INFO  manager.ListenerWD - Before find element --> By.cssSelector: a[href='/login']
22:11:55.257  INFO  manager.ListenerWD - After find element --> By.cssSelector: a[href='/login']
22:11:55.298  INFO  manager.ListenerWD - Before find element --> By.name: email
22:11:55.319  INFO  manager.ListenerWD - After find element --> By.name: email
22:11:55.405  INFO  manager.ListenerWD - Before find element --> By.name: password
22:11:55.417  INFO  manager.ListenerWD - After find element --> By.name: password
22:11:55.480  INFO  manager.ListenerWD - Before find element --> By.cssSelector: [name='login']
22:11:55.492  INFO  manager.ListenerWD - After find element --> By.cssSelector: [name='login']
22:11:55.529  INFO  tests.TestBase - Tests start with data : Contact(name=Marina1019, lastName=Shamos, email=marina1019@gmail.com, address=Canberra, phone=77777771019, description=Friend)
22:11:55.529  INFO  manager.ListenerWD - Before find element --> By.cssSelector: a[href='/add']
22:11:56.535  INFO  manager.ListenerWD - After find element --> By.cssSelector: a[href='/add']
22:11:56.559  INFO  manager.ListenerWD - Before find element --> By.cssSelector: input[placeholder='Name']
22:11:56.573  INFO  manager.ListenerWD - After find element --> By.cssSelector: input[placeholder='Name']
22:11:56.638  INFO  manager.ListenerWD - Before find element --> By.cssSelector: input[placeholder='Last Name']
22:11:56.650  INFO  manager.ListenerWD - After find element --> By.cssSelector: input[placeholder='Last Name']
22:11:56.714  INFO  manager.ListenerWD - Before find element --> By.cssSelector: input[placeholder='Phone']
22:11:56.727  INFO  manager.ListenerWD - After find element --> By.cssSelector: input[placeholder='Phone']
22:11:56.792  INFO  manager.ListenerWD - Before find element --> By.cssSelector: input[placeholder='email']
22:11:56.803  INFO  manager.ListenerWD - After find element --> By.cssSelector: input[placeholder='email']
22:11:56.880  INFO  manager.ListenerWD - Before find element --> By.cssSelector: input[placeholder='Address']
22:11:56.891  INFO  manager.ListenerWD - After find element --> By.cssSelector: input[placeholder='Address']
22:11:56.952  INFO  manager.ListenerWD - Before find element --> By.cssSelector: input[placeholder='description']
22:11:56.965  INFO  manager.ListenerWD - After find element --> By.cssSelector: input[placeholder='description']
22:11:57.025  INFO  manager.ListenerWD - Before find element --> By.xpath: //b[text()='Save']
22:11:57.036  INFO  manager.ListenerWD - After find element --> By.xpath: //b[text()='Save']
22:11:57.056  INFO  manager.ListenerWD - Before find elements --> By.cssSelector: h2
22:11:57.751  INFO  manager.ListenerWD - After find elements --> By.cssSelector: h2
22:11:57.751  INFO  manager.ListenerWD - List size is --> 30
22:11:57.926  INFO  manager.ListenerWD - Before find elements --> By.cssSelector: h3
22:11:58.024  INFO  manager.ListenerWD - After find elements --> By.cssSelector: h3
22:11:58.025  INFO  manager.ListenerWD - List size is --> 30
22:11:58.227  INFO  manager.ListenerWD - Before find elements --> By.cssSelector: .contact-item_card__2SOIM
22:11:58.317  INFO  manager.ListenerWD - After find elements --> By.cssSelector: .contact-item_card__2SOIM
22:11:58.317  INFO  manager.ListenerWD - List size is --> 30
22:11:58.345  INFO  manager.ListenerWD - Before find element --> By.cssSelector: .contact-item-detailed_card__50dTS
22:11:58.356  INFO  manager.ListenerWD - After find element --> By.cssSelector: .contact-item-detailed_card__50dTS
22:11:58.386  INFO  manager.ListenerWD - Before find element --> By.cssSelector: .contact-item-detailed_card__50dTS
22:11:58.393  INFO  manager.ListenerWD - After find element --> By.cssSelector: .contact-item-detailed_card__50dTS
22:11:58.419  INFO  manager.ListenerWD - Before find element --> By.cssSelector: .contact-item-detailed_card__50dTS
22:11:58.427  INFO  manager.ListenerWD - After find element --> By.cssSelector: .contact-item-detailed_card__50dTS
22:11:58.455  INFO  manager.ListenerWD - Before find element --> By.cssSelector: .contact-item-detailed_card__50dTS
22:11:58.462  INFO  manager.ListenerWD - After find element --> By.cssSelector: .contact-item-detailed_card__50dTS
22:11:58.488  INFO  manager.ListenerWD - Before find element --> By.cssSelector: .contact-item-detailed_card__50dTS
22:11:58.496  INFO  manager.ListenerWD - After find element --> By.cssSelector: .contact-item-detailed_card__50dTS
22:11:58.531  INFO  manager.ListenerWD - Before find element --> By.cssSelector: .contact-item-detailed_card__50dTS
22:11:58.542  INFO  manager.ListenerWD - After find element --> By.cssSelector: .contact-item-detailed_card__50dTS
22:11:58.574  INFO  manager.ListenerWD - Before find element --> By.cssSelector: .contact-item-detailed_card__50dTS
22:11:58.584  INFO  manager.ListenerWD - After find element --> By.cssSelector: .contact-item-detailed_card__50dTS
22:11:58.621  INFO  manager.ListenerWD - Before find element --> By.cssSelector: .contact-item-detailed_card__50dTS
22:11:58.633  INFO  manager.ListenerWD - After find element --> By.cssSelector: .contact-item-detailed_card__50dTS
22:11:58.670  INFO  manager.ListenerWD - Before find element --> By.cssSelector: .contact-item-detailed_card__50dTS
22:11:58.681  INFO  manager.ListenerWD - After find element --> By.cssSelector: .contact-item-detailed_card__50dTS
22:11:58.707  INFO  manager.ListenerWD - Before find element --> By.cssSelector: .contact-item-detailed_card__50dTS
22:11:58.716  INFO  manager.ListenerWD - After find element --> By.cssSelector: .contact-item-detailed_card__50dTS
22:11:58.744  INFO  manager.ListenerWD - Before find element --> By.cssSelector: .contact-item-detailed_card__50dTS
22:11:58.752  INFO  manager.ListenerWD - After find element --> By.cssSelector: .contact-item-detailed_card__50dTS
22:11:58.781  INFO  manager.ListenerWD - Before find element --> By.cssSelector: .contact-item-detailed_card__50dTS
22:11:58.788  INFO  manager.ListenerWD - After find element --> By.cssSelector: .contact-item-detailed_card__50dTS
22:11:58.816  INFO  manager.ListenerWD - Before find element --> By.cssSelector: .contact-item-detailed_card__50dTS
22:11:58.823  INFO  manager.ListenerWD - After find element --> By.cssSelector: .contact-item-detailed_card__50dTS
22:11:58.852  INFO  manager.ListenerWD - Before find element --> By.cssSelector: .contact-item-detailed_card__50dTS
22:11:58.862  INFO  manager.ListenerWD - After find element --> By.cssSelector: .contact-item-detailed_card__50dTS
22:11:58.891  INFO  manager.ListenerWD - Before find element --> By.cssSelector: .contact-item-detailed_card__50dTS
22:11:58.899  INFO  manager.ListenerWD - After find element --> By.cssSelector: .contact-item-detailed_card__50dTS
22:11:58.931  INFO  manager.ListenerWD - Before find element --> By.cssSelector: .contact-item-detailed_card__50dTS
22:11:58.940  INFO  manager.ListenerWD - After find element --> By.cssSelector: .contact-item-detailed_card__50dTS
22:11:58.969  INFO  manager.ListenerWD - Before find element --> By.cssSelector: .contact-item-detailed_card__50dTS
22:11:58.978  INFO  manager.ListenerWD - After find element --> By.cssSelector: .contact-item-detailed_card__50dTS
22:11:59.006  INFO  manager.ListenerWD - Before find element --> By.cssSelector: .contact-item-detailed_card__50dTS
22:11:59.014  INFO  manager.ListenerWD - After find element --> By.cssSelector: .contact-item-detailed_card__50dTS
22:11:59.040  INFO  manager.ListenerWD - Before find element --> By.cssSelector: .contact-item-detailed_card__50dTS
22:11:59.049  INFO  manager.ListenerWD - After find element --> By.cssSelector: .contact-item-detailed_card__50dTS
22:11:59.078  INFO  manager.ListenerWD - Before find element --> By.cssSelector: .contact-item-detailed_card__50dTS
22:11:59.086  INFO  manager.ListenerWD - After find element --> By.cssSelector: .contact-item-detailed_card__50dTS
22:11:59.117  INFO  manager.ListenerWD - Before find element --> By.cssSelector: .contact-item-detailed_card__50dTS
22:11:59.124  INFO  manager.ListenerWD - After find element --> By.cssSelector: .contact-item-detailed_card__50dTS
22:11:59.152  INFO  manager.ListenerWD - Before find element --> By.cssSelector: .contact-item-detailed_card__50dTS
22:11:59.161  INFO  manager.ListenerWD - After find element --> By.cssSelector: .contact-item-detailed_card__50dTS
22:11:59.167  INFO  tests.TestBase - Checked, if a contact was created by name,phone number and email
22:11:59.170  INFO  tests.TestBase - The name of starts method is --->addContactSuccessRequiredFields
22:11:59.170  INFO  manager.ListenerWD - Before find elements --> By.xpath: //button[text()='Sign Out']
22:11:59.178  INFO  manager.ListenerWD - After find elements --> By.xpath: //button[text()='Sign Out']
22:11:59.178  INFO  manager.ListenerWD - List size is --> 1
22:11:59.179  INFO  tests.TestBase - Tests start with data : Contact(name=Leo1192, lastName=Shamos, email=leo1192@gmail.ru, address=NY, phone=575757571192, description=null)
22:11:59.179  INFO  manager.ListenerWD - Before find element --> By.cssSelector: a[href='/add']
22:11:59.187  INFO  manager.ListenerWD - After find element --> By.cssSelector: a[href='/add']
22:11:59.205  INFO  manager.ListenerWD - Before find element --> By.cssSelector: input[placeholder='Name']
22:11:59.213  INFO  manager.ListenerWD - After find element --> By.cssSelector: input[placeholder='Name']
22:11:59.282  INFO  manager.ListenerWD - Before find element --> By.cssSelector: input[placeholder='Last Name']
22:11:59.288  INFO  manager.ListenerWD - After find element --> By.cssSelector: input[placeholder='Last Name']
22:11:59.351  INFO  manager.ListenerWD - Before find element --> By.cssSelector: input[placeholder='Phone']
22:11:59.358  INFO  manager.ListenerWD - After find element --> By.cssSelector: input[placeholder='Phone']
22:11:59.425  INFO  manager.ListenerWD - Before find element --> By.cssSelector: input[placeholder='email']
22:11:59.434  INFO  manager.ListenerWD - After find element --> By.cssSelector: input[placeholder='email']
22:11:59.495  INFO  manager.ListenerWD - Before find element --> By.cssSelector: input[placeholder='Address']
22:11:59.502  INFO  manager.ListenerWD - After find element --> By.cssSelector: input[placeholder='Address']
22:11:59.559  INFO  manager.ListenerWD - Before find element --> By.cssSelector: input[placeholder='description']
22:11:59.567  INFO  manager.ListenerWD - After find element --> By.cssSelector: input[placeholder='description']
22:11:59.612  INFO  manager.ListenerWD - Before find element --> By.xpath: //b[text()='Save']
22:11:59.620  INFO  manager.ListenerWD - After find element --> By.xpath: //b[text()='Save']
22:11:59.642  INFO  manager.ListenerWD - Before find elements --> By.cssSelector: h2
22:12:00.144  INFO  manager.ListenerWD - After find elements --> By.cssSelector: h2
22:12:00.144  INFO  manager.ListenerWD - List size is --> 31
22:12:00.412  INFO  manager.ListenerWD - Before find elements --> By.cssSelector: h3
22:12:00.515  INFO  manager.ListenerWD - After find elements --> By.cssSelector: h3
22:12:00.515  INFO  manager.ListenerWD - List size is --> 31
22:12:00.847  INFO  manager.ListenerWD - Before find elements --> By.cssSelector: .contact-item_card__2SOIM
22:12:00.918  INFO  manager.ListenerWD - After find elements --> By.cssSelector: .contact-item_card__2SOIM
22:12:00.918  INFO  manager.ListenerWD - List size is --> 31
22:12:00.950  INFO  manager.ListenerWD - Before find element --> By.cssSelector: .contact-item-detailed_card__50dTS
22:12:00.958  INFO  manager.ListenerWD - After find element --> By.cssSelector: .contact-item-detailed_card__50dTS
22:12:00.993  INFO  manager.ListenerWD - Before find element --> By.cssSelector: .contact-item-detailed_card__50dTS
22:12:01.001  INFO  manager.ListenerWD - After find element --> By.cssSelector: .contact-item-detailed_card__50dTS
22:12:01.041  INFO  manager.ListenerWD - Before find element --> By.cssSelector: .contact-item-detailed_card__50dTS
22:12:01.052  INFO  manager.ListenerWD - After find element --> By.cssSelector: .contact-item-detailed_card__50dTS
22:12:01.094  INFO  manager.ListenerWD - Before find element --> By.cssSelector: .contact-item-detailed_card__50dTS
22:12:01.103  INFO  manager.ListenerWD - After find element --> By.cssSelector: .contact-item-detailed_card__50dTS
22:12:01.140  INFO  manager.ListenerWD - Before find element --> By.cssSelector: .contact-item-detailed_card__50dTS
22:12:01.151  INFO  manager.ListenerWD - After find element --> By.cssSelector: .contact-item-detailed_card__50dTS
22:12:01.183  INFO  manager.ListenerWD - Before find element --> By.cssSelector: .contact-item-detailed_card__50dTS
22:12:01.190  INFO  manager.ListenerWD - After find element --> By.cssSelector: .contact-item-detailed_card__50dTS
22:12:01.216  INFO  manager.ListenerWD - Before find element --> By.cssSelector: .contact-item-detailed_card__50dTS
22:12:01.224  INFO  manager.ListenerWD - After find element --> By.cssSelector: .contact-item-detailed_card__50dTS
22:12:01.251  INFO  manager.ListenerWD - Before find element --> By.cssSelector: .contact-item-detailed_card__50dTS
22:12:01.258  INFO  manager.ListenerWD - After find element --> By.cssSelector: .contact-item-detailed_card__50dTS
22:12:01.290  INFO  manager.ListenerWD - Before find element --> By.cssSelector: .contact-item-detailed_card__50dTS
22:12:01.300  INFO  manager.ListenerWD - After find element --> By.cssSelector: .contact-item-detailed_card__50dTS
22:12:01.333  INFO  manager.ListenerWD - Before find element --> By.cssSelector: .contact-item-detailed_card__50dTS
22:12:01.342  INFO  manager.ListenerWD - After find element --> By.cssSelector: .contact-item-detailed_card__50dTS
22:12:01.373  INFO  manager.ListenerWD - Before find element --> By.cssSelector: .contact-item-detailed_card__50dTS
22:12:01.384  INFO  manager.ListenerWD - After find element --> By.cssSelector: .contact-item-detailed_card__50dTS
22:12:01.425  INFO  manager.ListenerWD - Before find element --> By.cssSelector: .contact-item-detailed_card__50dTS
22:12:01.434  INFO  manager.ListenerWD - After find element --> By.cssSelector: .contact-item-detailed_card__50dTS
22:12:01.463  INFO  manager.ListenerWD - Before find element --> By.cssSelector: .contact-item-detailed_card__50dTS
22:12:01.471  INFO  manager.ListenerWD - After find element --> By.cssSelector: .contact-item-detailed_card__50dTS
22:12:01.498  INFO  manager.ListenerWD - Before find element --> By.cssSelector: .contact-item-detailed_card__50dTS
22:12:01.505  INFO  manager.ListenerWD - After find element --> By.cssSelector: .contact-item-detailed_card__50dTS
22:12:01.533  INFO  manager.ListenerWD - Before find element --> By.cssSelector: .contact-item-detailed_card__50dTS
22:12:01.540  INFO  manager.ListenerWD - After find element --> By.cssSelector: .contact-item-detailed_card__50dTS
22:12:01.567  INFO  manager.ListenerWD - Before find element --> By.cssSelector: .contact-item-detailed_card__50dTS
22:12:01.574  INFO  manager.ListenerWD - After find element --> By.cssSelector: .contact-item-detailed_card__50dTS
22:12:01.603  INFO  manager.ListenerWD - Before find element --> By.cssSelector: .contact-item-detailed_card__50dTS
22:12:01.609  INFO  manager.ListenerWD - After find element --> By.cssSelector: .contact-item-detailed_card__50dTS
22:12:01.636  INFO  manager.ListenerWD - Before find element --> By.cssSelector: .contact-item-detailed_card__50dTS
22:12:01.644  INFO  manager.ListenerWD - After find element --> By.cssSelector: .contact-item-detailed_card__50dTS
22:12:01.679  INFO  manager.ListenerWD - Before find element --> By.cssSelector: .contact-item-detailed_card__50dTS
22:12:01.688  INFO  manager.ListenerWD - After find element --> By.cssSelector: .contact-item-detailed_card__50dTS
22:12:01.723  INFO  manager.ListenerWD - Before find element --> By.cssSelector: .contact-item-detailed_card__50dTS
22:12:01.733  INFO  manager.ListenerWD - After find element --> By.cssSelector: .contact-item-detailed_card__50dTS
22:12:01.771  INFO  manager.ListenerWD - Before find element --> By.cssSelector: .contact-item-detailed_card__50dTS
22:12:01.781  INFO  manager.ListenerWD - After find element --> By.cssSelector: .contact-item-detailed_card__50dTS
22:12:01.812  INFO  manager.ListenerWD - Before find element --> By.cssSelector: .contact-item-detailed_card__50dTS
22:12:01.820  INFO  manager.ListenerWD - After find element --> By.cssSelector: .contact-item-detailed_card__50dTS
22:12:01.853  INFO  manager.ListenerWD - Before find element --> By.cssSelector: .contact-item-detailed_card__50dTS
22:12:01.862  INFO  manager.ListenerWD - After find element --> By.cssSelector: .contact-item-detailed_card__50dTS
22:12:01.893  INFO  manager.ListenerWD - Before find element --> By.cssSelector: .contact-item-detailed_card__50dTS
22:12:01.903  INFO  manager.ListenerWD - After find element --> By.cssSelector: .contact-item-detailed_card__50dTS
22:12:01.936  INFO  manager.ListenerWD - Before find element --> By.cssSelector: .contact-item-detailed_card__50dTS
22:12:01.949  INFO  manager.ListenerWD - After find element --> By.cssSelector: .contact-item-detailed_card__50dTS
22:12:01.987  INFO  manager.ListenerWD - Before find element --> By.cssSelector: .contact-item-detailed_card__50dTS
22:12:02.002  INFO  manager.ListenerWD - After find element --> By.cssSelector: .contact-item-detailed_card__50dTS
22:12:02.041  INFO  manager.ListenerWD - Before find element --> By.cssSelector: .contact-item-detailed_card__50dTS
22:12:02.052  INFO  manager.ListenerWD - After find element --> By.cssSelector: .contact-item-detailed_card__50dTS
22:12:02.088  INFO  manager.ListenerWD - Before find element --> By.cssSelector: .contact-item-detailed_card__50dTS
22:12:02.095  INFO  manager.ListenerWD - After find element --> By.cssSelector: .contact-item-detailed_card__50dTS
22:12:02.132  INFO  manager.ListenerWD - Before find element --> By.cssSelector: .contact-item-detailed_card__50dTS
22:12:02.139  INFO  manager.ListenerWD - After find element --> By.cssSelector: .contact-item-detailed_card__50dTS
22:12:02.169  INFO  manager.ListenerWD - Before find element --> By.cssSelector: .contact-item-detailed_card__50dTS
22:12:02.175  INFO  manager.ListenerWD - After find element --> By.cssSelector: .contact-item-detailed_card__50dTS
22:12:02.214  INFO  manager.ListenerWD - Before find element --> By.cssSelector: .contact-item-detailed_card__50dTS
22:12:02.224  INFO  manager.ListenerWD - After find element --> By.cssSelector: .contact-item-detailed_card__50dTS
22:12:02.232  INFO  tests.TestBase - Checked, if a contact was created by name,phone number and email
22:12:02.233  INFO  tests.TestBase - The name of starts method is --->addNewContactWrongAddress
22:12:02.233  INFO  manager.ListenerWD - Before find elements --> By.xpath: //button[text()='Sign Out']
22:12:02.241  INFO  manager.ListenerWD - After find elements --> By.xpath: //button[text()='Sign Out']
22:12:02.241  INFO  manager.ListenerWD - List size is --> 1
22:12:02.242  INFO  manager.ListenerWD - Before find element --> By.cssSelector: a[href='/add']
22:12:02.249  INFO  manager.ListenerWD - After find element --> By.cssSelector: a[href='/add']
22:12:02.266  INFO  manager.ListenerWD - Before find element --> By.cssSelector: input[placeholder='Name']
22:12:02.277  INFO  manager.ListenerWD - After find element --> By.cssSelector: input[placeholder='Name']
22:12:02.353  INFO  manager.ListenerWD - Before find element --> By.cssSelector: input[placeholder='Last Name']
22:12:02.360  INFO  manager.ListenerWD - After find element --> By.cssSelector: input[placeholder='Last Name']
22:12:02.419  INFO  manager.ListenerWD - Before find element --> By.cssSelector: input[placeholder='Phone']
22:12:02.425  INFO  manager.ListenerWD - After find element --> By.cssSelector: input[placeholder='Phone']
22:12:02.486  INFO  manager.ListenerWD - Before find element --> By.cssSelector: input[placeholder='email']
22:12:02.492  INFO  manager.ListenerWD - After find element --> By.cssSelector: input[placeholder='email']
22:12:02.555  INFO  manager.ListenerWD - Before find element --> By.cssSelector: input[placeholder='Address']
22:12:02.562  INFO  manager.ListenerWD - After find element --> By.cssSelector: input[placeholder='Address']
22:12:02.619  INFO  manager.ListenerWD - Before find element --> By.cssSelector: input[placeholder='description']
22:12:02.626  INFO  manager.ListenerWD - After find element --> By.cssSelector: input[placeholder='description']
22:12:02.688  INFO  manager.ListenerWD - Before find element --> By.xpath: //b[text()='Save']
22:12:02.695  INFO  manager.ListenerWD - After find element --> By.xpath: //b[text()='Save']
22:12:02.715  INFO  manager.ListenerWD - Before find elements --> By.cssSelector: a.active[href='/add']
22:12:02.723  INFO  manager.ListenerWD - After find elements --> By.cssSelector: a.active[href='/add']
22:12:02.723  INFO  manager.ListenerWD - List size is --> 1
22:12:02.724  INFO  tests.TestBase - The name of starts method is --->addNewContactWrongEmail
22:12:02.724  INFO  manager.ListenerWD - Before find elements --> By.xpath: //button[text()='Sign Out']
22:12:02.730  INFO  manager.ListenerWD - After find elements --> By.xpath: //button[text()='Sign Out']
22:12:02.731  INFO  manager.ListenerWD - List size is --> 1
22:12:02.731  INFO  manager.ListenerWD - Before find element --> By.cssSelector: a[href='/add']
22:12:02.739  INFO  manager.ListenerWD - After find element --> By.cssSelector: a[href='/add']
22:12:02.758  INFO  manager.ListenerWD - Before find element --> By.cssSelector: input[placeholder='Name']
22:12:02.766  INFO  manager.ListenerWD - After find element --> By.cssSelector: input[placeholder='Name']
22:12:02.834  INFO  manager.ListenerWD - Before find element --> By.cssSelector: input[placeholder='Last Name']
22:12:02.841  INFO  manager.ListenerWD - After find element --> By.cssSelector: input[placeholder='Last Name']
22:12:02.893  INFO  manager.ListenerWD - Before find element --> By.cssSelector: input[placeholder='Phone']
22:12:02.900  INFO  manager.ListenerWD - After find element --> By.cssSelector: input[placeholder='Phone']
22:12:02.950  INFO  manager.ListenerWD - Before find element --> By.cssSelector: input[placeholder='email']
22:12:02.956  INFO  manager.ListenerWD - After find element --> By.cssSelector: input[placeholder='email']
22:12:03.004  INFO  manager.ListenerWD - Before find element --> By.cssSelector: input[placeholder='Address']
22:12:03.011  INFO  manager.ListenerWD - After find element --> By.cssSelector: input[placeholder='Address']
22:12:03.065  INFO  manager.ListenerWD - Before find element --> By.cssSelector: input[placeholder='description']
22:12:03.071  INFO  manager.ListenerWD - After find element --> By.cssSelector: input[placeholder='description']
22:12:03.122  INFO  manager.ListenerWD - Before find element --> By.xpath: //b[text()='Save']
22:12:03.129  INFO  manager.ListenerWD - After find element --> By.xpath: //b[text()='Save']
22:12:03.143  INFO  manager.ListenerWD - Before find elements --> By.cssSelector: a.active[href='/add']
22:12:03.150  INFO  manager.ListenerWD - After find elements --> By.cssSelector: a.active[href='/add']
22:12:03.150  INFO  manager.ListenerWD - List size is --> 1
22:12:03.161  INFO  manager.ListenerWD - We have a 'problem'
22:12:03.161  INFO  manager.ListenerWD - **********************
22:12:03.161  INFO  manager.ListenerWD - Method method-->alert
22:12:03.161  INFO  manager.ListenerWD - **********************
22:12:03.162  INFO  manager.ListenerWD - InvocationTargetException getTargetException() org.openqa.selenium.NoAlertPresentException: no such alert
  (Session info: chrome=109.0.5414.120)
Build info: version: '4.7.1', revision: 'c6795baf1a3'
System info: os.name: 'Windows 10', os.arch: 'amd64', os.version: '10.0', java.version: '11.0.17'
Driver info: org.openqa.selenium.chrome.ChromeDriver
Command: [285c3ee3bfeeb481fc65d65c49fd11b5, getAlertText {}]
Capabilities {acceptInsecureCerts: false, browserName: chrome, browserVersion: 109.0.5414.120, chrome: {chromedriverVersion: 108.0.5359.71 (1e0e3868ee06..., userDataDir: C:\Users\Marina\AppData\Loc...}, goog:chromeOptions: {debuggerAddress: localhost:57164}, networkConnectionEnabled: false, pageLoadStrategy: normal, platformName: WINDOWS, proxy: Proxy(), se:cdp: ws://localhost:57164/devtoo..., se:cdpVersion: 109.0.5414.120, setWindowRect: true, strictFileInteractability: false, timeouts: {implicit: 0, pageLoad: 300000, script: 30000}, unhandledPromptBehavior: dismiss and notify, webauthn:extension:credBlob: true, webauthn:extension:largeBlob: true, webauthn:virtualAuthenticators: true}
Session ID: 285c3ee3bfeeb481fc65d65c49fd11b5
22:12:03.162  INFO  manager.ListenerWD - **********************
22:12:03.162  INFO  manager.ListenerWD - Object targetorg.openqa.selenium.remote.RemoteWebDriver$RemoteTargetLocator@5c9a4f3b
22:12:03.162  INFO  manager.ListenerWD - **********************
22:12:03.694  INFO  tests.TestBase - The name of starts method is --->addNewContactWrongLastName
22:12:03.696  INFO  manager.ListenerWD - Before find elements --> By.xpath: //button[text()='Sign Out']
22:12:03.705  INFO  manager.ListenerWD - After find elements --> By.xpath: //button[text()='Sign Out']
22:12:03.705  INFO  manager.ListenerWD - List size is --> 1
22:12:03.705  INFO  manager.ListenerWD - Before find element --> By.cssSelector: a[href='/add']
22:12:03.715  INFO  manager.ListenerWD - After find element --> By.cssSelector: a[href='/add']
22:12:03.735  INFO  manager.ListenerWD - Before find element --> By.cssSelector: input[placeholder='Name']
22:12:03.742  INFO  manager.ListenerWD - After find element --> By.cssSelector: input[placeholder='Name']
22:12:03.799  INFO  manager.ListenerWD - Before find element --> By.cssSelector: input[placeholder='Last Name']
22:12:03.816  INFO  manager.ListenerWD - After find element --> By.cssSelector: input[placeholder='Last Name']
22:12:03.870  INFO  manager.ListenerWD - Before find element --> By.cssSelector: input[placeholder='Phone']
22:12:03.876  INFO  manager.ListenerWD - After find element --> By.cssSelector: input[placeholder='Phone']
22:12:03.927  INFO  manager.ListenerWD - Before find element --> By.cssSelector: input[placeholder='email']
22:12:03.934  INFO  manager.ListenerWD - After find element --> By.cssSelector: input[placeholder='email']
22:12:03.991  INFO  manager.ListenerWD - Before find element --> By.cssSelector: input[placeholder='Address']
22:12:04.000  INFO  manager.ListenerWD - After find element --> By.cssSelector: input[placeholder='Address']
22:12:04.066  INFO  manager.ListenerWD - Before find element --> By.cssSelector: input[placeholder='description']
22:12:04.073  INFO  manager.ListenerWD - After find element --> By.cssSelector: input[placeholder='description']
22:12:04.137  INFO  manager.ListenerWD - Before find element --> By.xpath: //b[text()='Save']
22:12:04.146  INFO  manager.ListenerWD - After find element --> By.xpath: //b[text()='Save']
22:12:04.164  INFO  manager.ListenerWD - Before find elements --> By.cssSelector: a.active[href='/add']
22:12:04.173  INFO  manager.ListenerWD - After find elements --> By.cssSelector: a.active[href='/add']
22:12:04.173  INFO  manager.ListenerWD - List size is --> 1
22:12:04.173  INFO  tests.TestBase - Status code 400, message not received: last name must not be empty => Bug report
22:12:04.174  INFO  tests.TestBase - The name of starts method is --->addNewContactWrongName
22:12:04.174  INFO  manager.ListenerWD - Before find elements --> By.xpath: //button[text()='Sign Out']
22:12:04.184  INFO  manager.ListenerWD - After find elements --> By.xpath: //button[text()='Sign Out']
22:12:04.184  INFO  manager.ListenerWD - List size is --> 1
22:12:04.185  INFO  tests.TestBase - Tests start with data : Contact(name=null, lastName=Shamos, email=marina@gmail.com, address=Canberra, phone=777777711111, description=wrong name)
22:12:04.185  INFO  manager.ListenerWD - Before find element --> By.cssSelector: a[href='/add']
22:12:04.195  INFO  manager.ListenerWD - After find element --> By.cssSelector: a[href='/add']
22:12:04.215  INFO  manager.ListenerWD - Before find element --> By.cssSelector: input[placeholder='Name']
22:12:04.224  INFO  manager.ListenerWD - After find element --> By.cssSelector: input[placeholder='Name']
22:12:04.265  INFO  manager.ListenerWD - Before find element --> By.cssSelector: input[placeholder='Last Name']
22:12:04.271  INFO  manager.ListenerWD - After find element --> By.cssSelector: input[placeholder='Last Name']
22:12:04.328  INFO  manager.ListenerWD - Before find element --> By.cssSelector: input[placeholder='Phone']
22:12:04.336  INFO  manager.ListenerWD - After find element --> By.cssSelector: input[placeholder='Phone']
22:12:04.387  INFO  manager.ListenerWD - Before find element --> By.cssSelector: input[placeholder='email']
22:12:04.393  INFO  manager.ListenerWD - After find element --> By.cssSelector: input[placeholder='email']
22:12:04.444  INFO  manager.ListenerWD - Before find element --> By.cssSelector: input[placeholder='Address']
22:12:04.451  INFO  manager.ListenerWD - After find element --> By.cssSelector: input[placeholder='Address']
22:12:04.501  INFO  manager.ListenerWD - Before find element --> By.cssSelector: input[placeholder='description']
22:12:04.507  INFO  manager.ListenerWD - After find element --> By.cssSelector: input[placeholder='description']
22:12:14.557  INFO  manager.ListenerWD - Before find element --> By.xpath: //b[text()='Save']
22:12:14.567  INFO  manager.ListenerWD - After find element --> By.xpath: //b[text()='Save']
22:12:14.582  INFO  manager.ListenerWD - Before find elements --> By.cssSelector: a.active[href='/add']
22:12:14.590  INFO  manager.ListenerWD - After find elements --> By.cssSelector: a.active[href='/add']
22:12:14.590  INFO  manager.ListenerWD - List size is --> 1
22:12:14.590  INFO  tests.TestBase - Status code 400, message not received: mane must not be empty => Bug report
22:12:14.590  INFO  tests.TestBase - The name of starts method is --->addNewContactWrongPhone
22:12:14.591  INFO  manager.ListenerWD - Before find elements --> By.xpath: //button[text()='Sign Out']
22:12:14.598  INFO  manager.ListenerWD - After find elements --> By.xpath: //button[text()='Sign Out']
22:12:14.598  INFO  manager.ListenerWD - List size is --> 1
22:12:14.598  INFO  manager.ListenerWD - Before find element --> By.cssSelector: a[href='/add']
22:12:14.607  INFO  manager.ListenerWD - After find element --> By.cssSelector: a[href='/add']
22:12:14.625  INFO  manager.ListenerWD - Before find element --> By.cssSelector: input[placeholder='Name']
22:12:14.633  INFO  manager.ListenerWD - After find element --> By.cssSelector: input[placeholder='Name']
22:12:14.686  INFO  manager.ListenerWD - Before find element --> By.cssSelector: input[placeholder='Last Name']
22:12:14.692  INFO  manager.ListenerWD - After find element --> By.cssSelector: input[placeholder='Last Name']
22:12:14.750  INFO  manager.ListenerWD - Before find element --> By.cssSelector: input[placeholder='Phone']
22:12:14.757  INFO  manager.ListenerWD - After find element --> By.cssSelector: input[placeholder='Phone']
22:12:14.810  INFO  manager.ListenerWD - Before find element --> By.cssSelector: input[placeholder='email']
22:12:14.817  INFO  manager.ListenerWD - After find element --> By.cssSelector: input[placeholder='email']
22:12:14.873  INFO  manager.ListenerWD - Before find element --> By.cssSelector: input[placeholder='Address']
22:12:14.881  INFO  manager.ListenerWD - After find element --> By.cssSelector: input[placeholder='Address']
22:12:14.935  INFO  manager.ListenerWD - Before find element --> By.cssSelector: input[placeholder='description']
22:12:14.942  INFO  manager.ListenerWD - After find element --> By.cssSelector: input[placeholder='description']
22:12:14.994  INFO  manager.ListenerWD - Before find element --> By.xpath: //b[text()='Save']
22:12:15.000  INFO  manager.ListenerWD - After find element --> By.xpath: //b[text()='Save']
22:12:15.012  INFO  manager.ListenerWD - Before find elements --> By.cssSelector: a.active[href='/add']
22:12:15.018  INFO  manager.ListenerWD - After find elements --> By.cssSelector: a.active[href='/add']
22:12:15.018  INFO  manager.ListenerWD - List size is --> 1
22:12:15.022  INFO  manager.ListenerWD - We have a 'problem'
22:12:15.022  INFO  manager.ListenerWD - **********************
22:12:15.022  INFO  manager.ListenerWD - Method method-->alert
22:12:15.022  INFO  manager.ListenerWD - **********************
22:12:15.022  INFO  manager.ListenerWD - InvocationTargetException getTargetException() org.openqa.selenium.NoAlertPresentException: no such alert
  (Session info: chrome=109.0.5414.120)
Build info: version: '4.7.1', revision: 'c6795baf1a3'
System info: os.name: 'Windows 10', os.arch: 'amd64', os.version: '10.0', java.version: '11.0.17'
Driver info: org.openqa.selenium.chrome.ChromeDriver
Command: [285c3ee3bfeeb481fc65d65c49fd11b5, getAlertText {}]
Capabilities {acceptInsecureCerts: false, browserName: chrome, browserVersion: 109.0.5414.120, chrome: {chromedriverVersion: 108.0.5359.71 (1e0e3868ee06..., userDataDir: C:\Users\Marina\AppData\Loc...}, goog:chromeOptions: {debuggerAddress: localhost:57164}, networkConnectionEnabled: false, pageLoadStrategy: normal, platformName: WINDOWS, proxy: Proxy(), se:cdp: ws://localhost:57164/devtoo..., se:cdpVersion: 109.0.5414.120, setWindowRect: true, strictFileInteractability: false, timeouts: {implicit: 0, pageLoad: 300000, script: 30000}, unhandledPromptBehavior: dismiss and notify, webauthn:extension:credBlob: true, webauthn:extension:largeBlob: true, webauthn:virtualAuthenticators: true}
Session ID: 285c3ee3bfeeb481fc65d65c49fd11b5
22:12:15.022  INFO  manager.ListenerWD - **********************
22:12:15.022  INFO  manager.ListenerWD - Object targetorg.openqa.selenium.remote.RemoteWebDriver$RemoteTargetLocator@ca2be53
22:12:15.022  INFO  manager.ListenerWD - **********************
