18:45:02.411  INFO  manager.ApplicationManager - All tests star in Chrome Browser
18:45:04.256  INFO  manager.ApplicationManager - Current Url -->https://telranedu.web.app/home
18:45:04.261  INFO  manager.ListenerTNG - onStart---Nopackage
18:45:04.280  INFO  tests.TestBase - The name of starts method is --->registrationSuccess
18:45:04.281  INFO  manager.ListenerWD - Before find elements --> By.xpath: //button[text()='Sign Out']
18:45:09.342  INFO  manager.ListenerWD - After find elements --> By.xpath: //button[text()='Sign Out']
18:45:09.346  INFO  manager.ListenerWD - List size is --> 0
18:45:09.347  INFO  manager.ListenerTNG - onTestStart---registrationSuccess
18:45:09.347  INFO  tests.TestBase - Registration with valid data: 'random email: dsa@gmail.com & password: Qq12345$'
18:45:09.352  INFO  manager.ListenerWD - Before find element --> By.cssSelector: a[href='/login']
18:45:09.370  INFO  manager.ListenerWD - After find element --> By.cssSelector: a[href='/login']
18:45:09.387  INFO  manager.ListenerWD - Before find element --> By.cssSelector: a[href='/login']
18:45:09.397  INFO  manager.ListenerWD - After find element --> By.cssSelector: a[href='/login']
18:45:09.434  INFO  manager.ListenerWD - Before find element --> By.name: email
18:45:09.452  INFO  manager.ListenerWD - After find element --> By.name: email
18:45:09.541  INFO  manager.ListenerWD - Before find element --> By.name: password
18:45:09.552  INFO  manager.ListenerWD - After find element --> By.name: password
18:45:09.616  INFO  manager.ListenerWD - Before find element --> By.cssSelector: [name='registration']
18:45:09.631  INFO  manager.ListenerWD - After find element --> By.cssSelector: [name='registration']
18:45:09.653  INFO  manager.ListenerWD - Before find elements --> By.xpath: //button[text()='Sign Out']
18:45:10.654  INFO  manager.ListenerWD - After find elements --> By.xpath: //button[text()='Sign Out']
18:45:10.655  INFO  manager.ListenerWD - List size is --> 1
18:45:10.657  INFO  tests.TestBase - registration success
18:45:10.660  INFO  manager.ListenerTNG - onFinish---Nopackage
