20:59:24.280  INFO  manager.ApplicationManager - All tests star in Chrome Browser
20:59:26.265  INFO  manager.ApplicationManager - Current Url -->https://telranedu.web.app/home
20:59:26.271  INFO  manager.ListenerTNG - onStart---Gradle test
20:59:26.294  INFO  tests.TestBase - The name of starts method is --->loginSuccess
20:59:26.296  INFO  manager.ListenerWD - Before find elements --> By.xpath: //button[text()='Sign Out']
20:59:31.359  INFO  manager.ListenerWD - After find elements --> By.xpath: //button[text()='Sign Out']
20:59:31.365  INFO  manager.ListenerWD - List size is --> 0
20:59:31.367  INFO  manager.ListenerTNG - onTestStart---loginSuccess
20:59:31.368  INFO  tests.TestBase - Login with valid data: email: dsa@gmail.com & password: Qq12345$
20:59:31.391  INFO  manager.ListenerWD - Before find element --> By.cssSelector: a[href='/login']
20:59:31.420  INFO  manager.ListenerWD - After find element --> By.cssSelector: a[href='/login']
20:59:31.472  INFO  manager.ListenerWD - Before find element --> By.name: email
20:59:31.496  INFO  manager.ListenerWD - After find element --> By.name: email
20:59:31.615  INFO  manager.ListenerWD - Before find element --> By.name: password
20:59:31.629  INFO  manager.ListenerWD - After find element --> By.name: password
20:59:31.705  INFO  manager.ListenerWD - Before find element --> By.cssSelector: [name='login']
20:59:31.721  INFO  manager.ListenerWD - After find element --> By.cssSelector: [name='login']
20:59:31.751  INFO  manager.ListenerWD - Before find elements --> By.xpath: //button[text()='Sign Out']
20:59:32.837  INFO  manager.ListenerWD - After find elements --> By.xpath: //button[text()='Sign Out']
20:59:32.837  INFO  manager.ListenerWD - List size is --> 1
20:59:32.840  INFO  tests.TestBase - Tests success
20:59:32.841  INFO  manager.ListenerTNG - onTestSuccess---loginSuccess
20:59:32.845  INFO  manager.ListenerTNG - onFinish---Gradle test
